"../../../AI_ThirdPerson/Content/Geometry/Meshes/CubeMaterial.uasset" 0
"../../../AI_ThirdPerson/Content/Geometry/Meshes/1M_Cube_Chamfer.uasset" 1
"../../../AI_ThirdPerson/Content/Joachim/UI/HUD.uasset" 2
"../../../AI_ThirdPerson/Content/MixamoAnimPack/MixamoGame.uasset" 3
"../../../AI_ThirdPerson/Content/MixamoAnimPack/Mixamo_Goblin/Anims/Mixamo_Goblin_Skeleton.uasset" 4
"../../../AI_ThirdPerson/Content/MixamoAnimPack/Mixamo_Goblin/Anims/Mixamo_Goblin_jump.uasset" 5
"../../../AI_ThirdPerson/Content/MixamoAnimPack/Mixamo_Goblin/Anims/Mixamo_Goblin_Running_Jump.uasset" 6
"../../../AI_ThirdPerson/Content/MixamoAnimPack/Mixamo_Goblin/Anims/Mixamo_Goblin_Sword_slash.uasset" 7
"../../../AI_ThirdPerson/Content/MixamoAnimPack/Mixamo_Goblin/Anims/Mixamo_Goblin_idle.uasset" 8
"../../../AI_ThirdPerson/Content/MixamoAnimPack/Mixamo_Goblin/Anims/Mixamo_Goblin_Run.uasset" 9
"../../../AI_ThirdPerson/Content/MixamoAnimPack/Mixamo_Goblin/Anims/Mixamo_Goblin_Walk.uasset" 10
"../../../AI_ThirdPerson/Content/MixamoAnimPack/Mixamo_Goblin/Anims/MixamoBlend_Goblin_1D.uasset" 11
"../../../AI_ThirdPerson/Content/MixamoAnimPack/MixamoCharacter_Master.uasset" 12
"../../../AI_ThirdPerson/Content/MixamoAnimPack/Mixamo_Goblin/Anims/MixamoAnimBP_Goblin.uasset" 13
"../../../AI_ThirdPerson/Content/MixamoAnimPack/Mixamo_Goblin/Materials/goblin_diffuse.uasset" 14
"../../../AI_ThirdPerson/Content/MixamoAnimPack/Mixamo_Goblin/Materials/goblin_mask.uasset" 15
"../../../AI_ThirdPerson/Content/MixamoAnimPack/Mixamo_Goblin/Materials/goblin_normal.uasset" 16
"../../../AI_ThirdPerson/Content/MixamoAnimPack/Mixamo_Goblin/Materials/Goblin_mat.uasset" 17
"../../../AI_ThirdPerson/Content/MixamoAnimPack/Mixamo_Goblin/Mesh/Mixamo_Goblin.uasset" 18
"../../../AI_ThirdPerson/Content/MixamoAnimPack/Mixamo_Goblin/Mixamo_Goblin.uasset" 19
"../../../AI_ThirdPerson/Content/MixamoAnimPack/Mixamo_Goblin/Anims/Mixamo_Goblin_Shooting.uasset" 20
"../../../AI_ThirdPerson/Content/MixamoAnimPack/Mixamo_Goblin/Materials/goblin_specular.uasset" 21
"../../../AI_ThirdPerson/Content/MixamoAnimPack/Mixamo_Goblin/Mesh/Goblin_PhysicsAsset.uasset" 22
"../../../AI_ThirdPerson/Content/MixamoAnimPack/Mixamo_Kachujin/Anims/Kachujin_G_Rosales_Skeleton.uasset" 23
"../../../AI_ThirdPerson/Content/MixamoAnimPack/Mixamo_Kachujin/Anims/Kachujin_G_Rosales_jump.uasset" 24
"../../../AI_ThirdPerson/Content/MixamoAnimPack/Mixamo_Kachujin/Anims/Kachujin_G_Rosales_Running_Jump.uasset" 25
"../../../AI_ThirdPerson/Content/MixamoAnimPack/Mixamo_Kachujin/Anims/Kachujin_G_Rosales_Sword_Swing.uasset" 26
"../../../AI_ThirdPerson/Content/MixamoAnimPack/Mixamo_Kachujin/Anims/Kachujin_G_Rosales_idle.uasset" 27
"../../../AI_ThirdPerson/Content/MixamoAnimPack/Mixamo_Kachujin/Anims/Kachujin_G_Rosales_Run.uasset" 28
"../../../AI_ThirdPerson/Content/MixamoAnimPack/Mixamo_Kachujin/Anims/Kachujin_G_Rosales_Walk.uasset" 29
"../../../AI_ThirdPerson/Content/MixamoAnimPack/Mixamo_Kachujin/Anims/MixamoBlend_Kachujin_1D.uasset" 30
"../../../AI_ThirdPerson/Content/MixamoAnimPack/Mixamo_Kachujin/Anims/MixamoAnimBP_Kachujin.uasset" 31
"../../../AI_ThirdPerson/Content/MixamoAnimPack/Mixamo_Kachujin/Materials/Kachujin_diffuse.uasset" 32
"../../../AI_ThirdPerson/Content/MixamoAnimPack/Mixamo_Kachujin/Materials/Kachujin_Mask.uasset" 33
"../../../AI_ThirdPerson/Content/MixamoAnimPack/Mixamo_Kachujin/Materials/Kachujin_normal.uasset" 34
"../../../AI_ThirdPerson/Content/MixamoAnimPack/Mixamo_Kachujin/Materials/Kachujin_Mat.uasset" 35
"../../../AI_ThirdPerson/Content/MixamoAnimPack/Mixamo_Kachujin/Mesh/Kachujin_G_Rosales_Physics.uasset" 36
"../../../AI_ThirdPerson/Content/MixamoAnimPack/Mixamo_Kachujin/Mesh/Kachujin_G_Rosales.uasset" 37
"../../../AI_ThirdPerson/Content/MixamoAnimPack/Mixamo_Kachujin/Mixamo_Kachujin.uasset" 38
"../../../AI_ThirdPerson/Content/MixamoAnimPack/Mixamo_Kachujin/Anims/Kachujin_G_Rosales_Shooting.uasset" 39
"../../../AI_ThirdPerson/Content/MixamoAnimPack/Mixamo_Kachujin/Materials/Kachujin_specular.uasset" 40
"../../../AI_ThirdPerson/Content/ThirdPerson/Meshes/RampMaterial.uasset" 41
"../../../AI_ThirdPerson/Content/ThirdPerson/Meshes/Ramp_StaticMesh.uasset" 42
"../../../Engine/Content/EditorBlueprintResources/StandardMacros.uasset" 43
"../../../AI_ThirdPerson/Content/Joachim/BP/ThirdPersonCharacter.uasset" 44
"../../../AI_ThirdPerson/Content/ThirdPersonBP/Blueprints/ThirdPersonGameMode.uasset" 45
"../../../Engine/Content/Functions/Engine_MaterialFunctions01/Opacity/CameraDepthFade.uasset" 46
"../../../Engine/Content/EngineMaterials/T_Default_Material_Grid_M.uasset" 47
"../../../Engine/Content/EngineMaterials/T_Default_Material_Grid_N.uasset" 48
"../../../Engine/Content/EngineMaterials/DefaultMaterial.uasset" 49
"../../../Engine/Content/BasicShapes/Cone.uasset" 50
"../../../Engine/Content/EngineMaterials/WorldGridMaterial.uasset" 51
"../../../Engine/Content/BasicShapes/Plane.uasset" 52
"../../../Engine/Content/BasicShapes/Sphere.uasset" 53
"../../../Engine/Content/EditorLandscapeResources/DataLayer.uasset" 54
"../../../Engine/Content/EditorMaterials/GizmoMaterial.uasset" 55
"../../../Engine/Content/EditorMaterials/MAT_Groups_Toggle.uasset" 56
"../../../Engine/Content/EditorMaterials/MAT_Groups_Visibility.uasset" 57
"../../../Engine/Content/EditorMaterials/PreviewShadowIndicator.uasset" 58
"../../../Engine/Content/EditorMaterials/PreviewShadowIndicatorMaterial.uasset" 59
"../../../Engine/Content/EditorMaterials/MatineeGroups/MAT_ColorTrack.uasset" 60
"../../../Engine/Content/EditorMaterials/MatineeGroups/MAT_Groups_Anim.uasset" 61
"../../../Engine/Content/EditorMaterials/MatineeGroups/MAT_Groups_AudioMaster.uasset" 62
"../../../Engine/Content/EditorMaterials/MatineeGroups/MAT_Groups_Director.uasset" 63
"../../../Engine/Content/EditorMaterials/MatineeGroups/MAT_Groups_Event.uasset" 64
"../../../Engine/Content/EditorMaterials/MatineeGroups/MAT_Groups_Fade.uasset" 65
"../../../Engine/Content/EditorMaterials/MatineeGroups/MAT_Groups_Float.uasset" 66
"../../../Engine/Content/EditorMaterials/MatineeGroups/MAT_Groups_Move.uasset" 67
"../../../Engine/Content/EditorMaterials/MatineeGroups/MAT_Groups_Slomo.uasset" 68
"../../../Engine/Content/EditorMaterials/MatineeGroups/MAT_Groups_Sound.uasset" 69
"../../../Engine/Content/EditorMaterials/MatineeGroups/MAT_Groups_Vector.uasset" 70
"../../../Engine/Content/EditorMaterials/ParticleSystems/PSysThumbnail_NoImage.uasset" 71
"../../../Engine/Content/EditorMaterials/ParticleSystems/PSysThumbnail_OOD.uasset" 72
"../../../Engine/Content/EditorMaterials/Camera/CineMat.uasset" 73
"../../../Engine/Content/EditorMaterials/Camera/MI_CineMat_Rig.uasset" 74
"../../../Engine/Content/EditorMeshes/Camera/SM_CraneRig_Arm.uasset" 75
"../../../Engine/Content/EditorMeshes/Camera/SM_CraneRig_Base.uasset" 76
"../../../Engine/Content/EditorMeshes/Camera/SM_CraneRig_Body.uasset" 77
"../../../Engine/Content/EditorMeshes/Camera/SM_CraneRig_Mount.uasset" 78
"../../../Engine/Content/EditorMeshes/Camera/SM_RailRig_Mount.uasset" 79
"../../../Engine/Content/EditorMeshes/Camera/SM_RailRig_Track.uasset" 80
"../../../Engine/Content/EditorMeshes/ColorCalibrator/M_ChromeBall.uasset" 81
"../../../Engine/Content/EditorMeshes/ColorCalibrator/M_ClearCoat.uasset" 82
"../../../Engine/Content/EditorMeshes/ColorCalibrator/M_ClearCoatBlack.uasset" 83
"../../../Engine/Content/EditorMeshes/ColorCalibrator/Color_checker.uasset" 84
"../../../Engine/Content/EditorMeshes/ColorCalibrator/M_ColorGrid.uasset" 85
"../../../Engine/Content/EditorMeshes/ColorCalibrator/M_GreyBall.uasset" 86
"../../../Engine/Content/EditorMeshes/ColorCalibrator/SM_ColorCalibrator.uasset" 87
"../../../Engine/Content/EditorResources/BSPVertex.uasset" 88
"../../../Engine/Content/EditorResources/EmptyActor.uasset" 89
"../../../Engine/Content/EditorResources/S_Actor.uasset" 90
"../../../Engine/Content/EditorResources/S_Trigger.uasset" 91
"../../../Engine/Content/EditorResources/LightIcons/S_LightError.uasset" 92
"../../../Engine/Content/EditorResources/SequenceRecorder/Countdown.uasset" 93
"../../../Engine/Content/EditorResources/SequenceRecorder/RecordingIndicator.uasset" 94
"../../../Engine/Content/EditorSounds/Notifications/CompileFailed.uasset" 95
"../../../Engine/Content/EditorSounds/Notifications/CompileFailed_Cue.uasset" 96
"../../../Engine/Content/EditorSounds/Notifications/CompileSuccess.uasset" 97
"../../../Engine/Content/EditorSounds/Notifications/CompileStart_Cue.uasset" 98
"../../../Engine/Content/EditorSounds/Notifications/CompileSuccess_Cue.uasset" 99
"../../../Engine/Content/EngineDamageTypes/DmgTypeBP_Environmental.uasset" 100
"../../../Engine/Content/EngineDebugMaterials/HeatmapGradient.uasset" 101
"../../../Engine/Content/EngineDebugMaterials/BoneWeightMaterial.uasset" 102
"../../../Engine/Content/EngineDebugMaterials/ClothMaterial.uasset" 103
"../../../Engine/Content/EngineDebugMaterials/ClothMaterial_WF.uasset" 104
"../../../Engine/Content/EngineDebugMaterials/DebugEditorMaterial.uasset" 105
"../../../Engine/Content/EngineDebugMaterials/DebugMeshMaterial.uasset" 106
"../../../Engine/Content/EngineDebugMaterials/GeomMaterial.uasset" 107
"../../../Engine/Content/EngineFonts/Faces/RobotoBold.uasset" 108
"../../../Engine/Content/EngineFonts/Faces/RobotoBoldItalic.uasset" 109
"../../../Engine/Content/EngineFonts/Faces/RobotoItalic.uasset" 110
"../../../Engine/Content/EngineFonts/Faces/RobotoLight.uasset" 111
"../../../Engine/Content/EngineFonts/Faces/RobotoRegular.uasset" 112
"../../../Engine/Content/EngineFonts/Roboto.uasset" 113
"../../../Engine/Content/EngineFonts/Faces/RobotoTiny.uasset" 114
"../../../Engine/Content/EngineFonts/RobotoTiny.uasset" 115
"../../../Engine/Content/EngineMaterials/DefaultBloomKernel.uasset" 116
"../../../Engine/Content/EngineMaterials/DefaultBokeh.uasset" 117
"../../../Engine/Content/EngineMaterials/DefaultDiffuse.uasset" 118
"../../../Engine/Content/EngineMaterials/DefaultDeferredDecalMaterial.uasset" 119
"../../../Engine/Content/EngineMaterials/DefaultLightFunctionMaterial.uasset" 120
"../../../Engine/Content/EngineMaterials/DefaultPhysicalMaterial.uasset" 121
"../../../Engine/Content/Functions/Engine_MaterialFunctions02/Utility/BreakOutFloat2Components.uasset" 122
"../../../Engine/Content/EngineMaterials/DefaultPostProcessMaterial.uasset" 123
"../../../Engine/Content/EngineFonts/RobotoDistanceField.uasset" 124
"../../../Engine/Content/EngineMaterials/DefaultTextMaterialOpaque.uasset" 125
"../../../Engine/Content/EngineMaterials/DefaultWhiteGrid.uasset" 126
"../../../Engine/Content/EngineMaterials/EditorBrushMaterial.uasset" 127
"../../../Engine/Content/EngineMaterials/Good64x64TilingNoiseHighFreq.uasset" 128
"../../../Engine/Content/EngineMaterials/MiniFont.uasset" 129
"../../../Engine/Content/EngineMaterials/InvalidLightmapSettings.uasset" 130
"../../../Engine/Content/EngineMaterials/M_InvalidLightmapSettings.uasset" 131
"../../../Engine/Content/Functions/Engine_MaterialFunctions02/WorldPositionOffset/CameraOffset.uasset" 132
"../../../Engine/Content/EngineMaterials/PhAT_JointLimitMaterial.uasset" 133
"../../../Engine/Content/EngineMaterials/PreintegratedSkinBRDF.uasset" 134
"../../../Engine/Content/EngineMaterials/RemoveSurfaceMaterial.uasset" 135
"../../../Engine/Content/EngineMaterials/WeightMapPlaceholderTexture.uasset" 136
"../../../Engine/Content/EngineResources/WhiteSquareTexture.uasset" 137
"../../../Engine/Content/EngineMaterials/Widget3DPassThrough.uasset" 138
"../../../Engine/Content/EngineMaterials/Widget3DPassThrough_Masked.uasset" 139
"../../../Engine/Content/EngineMaterials/Widget3DPassThrough_Opaque.uasset" 140
"../../../Engine/Content/EngineMaterials/Widget3DPassThrough_Masked_OneSided.uasset" 141
"../../../Engine/Content/EngineMaterials/Widget3DPassThrough_Opaque_OneSided.uasset" 142
"../../../Engine/Content/EngineMaterials/Widget3DPassThrough_Translucent.uasset" 143
"../../../Engine/Content/EngineMaterials/Widget3DPassThrough_Translucent_OneSided.uasset" 144
"../../../Engine/Content/EngineMeshes/Cube.uasset" 145
"../../../Engine/Content/EngineMeshes/Cylinder.uasset" 146
"../../../Engine/Content/EngineMeshes/Sphere.uasset" 147
"../../../Engine/Content/EngineResources/Black.uasset" 148
"../../../Engine/Content/EngineResources/DefaultTexture.uasset" 149
"../../../Engine/Content/EngineResources/DefaultTextureCube.uasset" 150
"../../../Engine/Content/EngineResources/GradientTexture0.uasset" 151
"../../../Engine/Content/EngineSounds/Master.uasset" 152
"../../../Engine/Content/Functions/Engine_MaterialFunctions01/Shading/ConvertFromDiffSpec.uasset" 153
"../../../Engine/Content/Functions/Engine_MaterialFunctions01/Shading/PowerToRoughness.uasset" 154
"../../../Engine/Content/Maps/Templates/Thumbnails/Default.uasset" 155
"../../../Engine/Content/Maps/Templates/Thumbnails/VR-Basic.uasset" 156
"../../../Engine/Content/MobileResources/T_MobileControls_texture.uasset" 157
"../../../Engine/Content/MobileResources/T_MobileMenu2.uasset" 158
"../../../Engine/Content/MobileResources/HUD/AnalogHat.uasset" 159
"../../../Engine/Content/MobileResources/HUD/VirtualJoystick_Background.uasset" 160
"../../../Engine/Content/MobileResources/HUD/VirtualJoystick_Thumb.uasset" 161
"../../../Engine/Content/MobileResources/HUD/DefaultVirtualJoysticks.uasset" 162
"../../../Engine/Content/MobileResources/HUD/LeftVirtualJoystickOnly.uasset" 163
"../../../Engine/Content/MobileResources/HUD/MobileHUDButton1_off.uasset" 164
"../../../Engine/Content/MobileResources/HUD/MobileHUDButton1_on.uasset" 165
"../../../Engine/Content/MobileResources/HUD/MobileHUDButton2_off.uasset" 166
"../../../Engine/Content/MobileResources/HUD/MobileHUDButton2_on.uasset" 167
"../../../Engine/Content/MobileResources/HUD/MobileHUDButton3.uasset" 168
"../../../Engine/Content/MobileResources/HUD/MobileHUDButtonFire.uasset" 169
"../../../Engine/Content/MobileResources/HUD/MobileHUDDirectionPad.uasset" 170
"../../../Engine/Content/MobileResources/HUD/MobileHUDDirectionPad2.uasset" 171
"../../../Engine/Content/MobileResources/HUD/MobileHUDDirectionPad3.uasset" 172
"../../../Engine/Content/MobileResources/HUD/MobileHUDDirectionStick.uasset" 173
"../../../Engine/Content/MobileResources/HUD/T_Castle_ThumbstickInner.uasset" 174
"../../../Engine/Content/MobileResources/HUD/T_Castle_ThumbstickOutter.uasset" 175
"../../../Engine/Content/Tutorial/ContentIntroCurve.uasset" 176
"../../../Engine/Content/Tutorial/Basics/TutorialAssets/icon_tab_Levels_40x.uasset" 177
"../../../Engine/Content/Tutorial/BlueprintTutorials/TutorialAssets/BlueprintInterface_64x.uasset" 178
"../../../Engine/Content/Tutorial/BlueprintTutorials/TutorialAssets/BlueprintMacroLibrary_64x.uasset" 179
"../../../Engine/Content/Tutorial/BlueprintTutorials/TutorialAssets/Blueprint_64x.uasset" 180
"../../../Engine/Content/Tutorial/BlueprintTutorials/TutorialAssets/Tutorial_BP_Interface.uasset" 181
"../../../Engine/Content/Tutorial/Foliage/TutorialAssets/Foliage.uasset" 182
"../../../Engine/Content/Tutorial/Landscape/TutorialAssets/Landscape.uasset" 183
"../../../Engine/Content/Tutorial/Mobile/TutorialAssets/android_Icon.uasset" 184
"../../../Engine/Content/Tutorial/Paper2D/TutorialAssets/Paper2DFlipbook_TutorialIcon.uasset" 185
"../../../Engine/Content/Tutorial/Paper2D/TutorialAssets/Paper2DSprite_TutorialIcon.uasset" 186
"../../../Engine/Content/Tutorial/SubEditors/TutorialAssets/icon_Editor_Preferences_General_40x.uasset" 187
"../../../Engine/Content/Tutorial/SubEditors/TutorialAssets/icon_ShowSkeletalMeshes_40x.uasset" 188
"../../../Engine/Content/Tutorial/SubEditors/TutorialAssets/TutorialMaterial.uasset" 189
"../../../Engine/Content/Tutorial/SubEditors/TutorialAssets/T_SmokeSubUV_8X8.uasset" 190
"../../../Engine/Content/Tutorial/SubEditors/TutorialAssets/T_soft_smoke.uasset" 191
"../../../Engine/Content/Tutorial/SubEditors/TutorialAssets/M_smoke_subUV_blackbody.uasset" 192
"../../../Engine/Content/Tutorial/SubEditors/TutorialAssets/TutorialParticleSystem.uasset" 193
"../../../Engine/Content/VREditor/Devices/Generic/GenericHMDMaterial.uasset" 194
"../../../Engine/Content/VREditor/Devices/Generic/GenericHMD.uasset" 195
"../../../Engine/Content/VREditor/FloatingText/LineMaterial.uasset" 196
"../../../Engine/Content/VREditor/FloatingText/JointSphere.uasset" 197
"../../../Engine/Content/VREditor/FloatingText/LineSegmentCylinder.uasset" 198
"../../../Engine/Content/VREditor/Fonts/VRText_RobotoLarge.uasset" 199
"../../../Engine/Content/VREditor/Fonts/VRTextMaterial.uasset" 200
"../../../Engine/Content/VREditor/Fonts/TranslucentVRTextMaterial.uasset" 201
"../../../Engine/Content/VREditor/LaserPointer/CursorPointer.uasset" 202
"../../../Engine/Content/VREditor/LaserPointer/VR_LaserPower_01.uasset" 203
"../../../Engine/Content/VREditor/TransformGizmo/TransformGizmoMaterial.uasset" 204
"../../../Engine/Content/VREditor/LaserPointer/HoverMaterial.uasset" 205
"../../../Engine/Content/VREditor/TransformGizmo/TranslucentTransformGizmoMaterial.uasset" 206
"../../../Engine/Content/VREditor/LaserPointer/TranslucentHoverMaterial.uasset" 207
"../../../Engine/Content/VREditor/LaserPointer/HoverMesh.uasset" 208
"../../../Engine/Content/VREditor/LaserPointer/LaserPointerMaterial.uasset" 209
"../../../Engine/Content/VREditor/LaserPointer/LaserPointerMaterialInst.uasset" 210
"../../../Engine/Content/VREditor/LaserPointer/TranslucentLaserPointerMaterialInst.uasset" 211
"../../../Engine/Content/VREditor/LaserPointer/LaserPointerMesh.uasset" 212
"../../../Engine/Content/VREditor/LaserPointer/LaserPointerMesh_End.uasset" 213
"../../../Engine/Content/VREditor/LaserPointer/LaserPointerMesh_Start.uasset" 214
"../../../Engine/Content/Functions/Engine_MaterialFunctions02/Utility/BreakOutFloat3Components.uasset" 215
"../../../Engine/Content/Functions/Engine_MaterialFunctions02/Math/Transform3x3Matrix.uasset" 216
"../../../Engine/Content/Functions/Engine_MaterialFunctions02/SplitComponents.uasset" 217
"../../../Engine/Content/Functions/Engine_MaterialFunctions02/Utility/MakeFloat3.uasset" 218
"../../../Engine/Content/VREditor/SnapGrid/SnapGridMaterial.uasset" 219
"../../../Engine/Content/VREditor/SnapGrid/SnapGridPlaneMesh.uasset" 220
"../../../Engine/Content/VREditor/Sounds/VR_teleport.uasset" 221
"../../../Engine/Content/VREditor/Sounds/UI/Click_on_Button_Cue.uasset" 222
"../../../Engine/Content/VREditor/Sounds/UI/Dockable_Window_Close.uasset" 223
"../../../Engine/Content/VREditor/Sounds/UI/Dockable_Window_Drop.uasset" 224
"../../../Engine/Content/VREditor/Sounds/UI/Dockable_Window_Open.uasset" 225
"../../../Engine/Content/VREditor/Sounds/UI/Dockable_Window_Pick_Up.uasset" 226
"../../../Engine/Content/VREditor/Sounds/UI/Drop_Item_From_ContentBrowser.uasset" 227
"../../../Engine/Content/VREditor/Sounds/UI/Floating_UI_Open-001.uasset" 228
"../../../Engine/Content/VREditor/Sounds/UI/Gizmo_Handle_Clicked.uasset" 229
"../../../Engine/Content/VREditor/Sounds/UI/Object_PickUp.uasset" 230
"../../../Engine/Content/VREditor/Sounds/UI/Object_Snaps_To_Another_Actor.uasset" 231
"../../../Engine/Content/VREditor/Sounds/UI/Object_Snaps_To_Grid.uasset" 232
"../../../Engine/Content/VREditor/Sounds/UI/Radial_Menu_FadeOut.uasset" 233
"../../../Engine/Content/VREditor/Sounds/UI/Scaling_Down.uasset" 234
"../../../Engine/Content/VREditor/Sounds/UI/Scaling_Up.uasset" 235
"../../../Engine/Content/VREditor/Sounds/UI/Selection_Changes.uasset" 236
"../../../Engine/Content/VREditor/Sounds/UI/Teleport_Mode_Entered.uasset" 237
"../../../Engine/Content/VREditor/Teleport/TeleportDirectionMaterial.uasset" 238
"../../../Engine/Content/VREditor/Teleport/TeleportDirectionMaterial_Inst.uasset" 239
"../../../Engine/Content/VREditor/Teleport/TeleportDirectionMesh.uasset" 240
"../../../Engine/Content/VREditor/TransformGizmo/BoundingBoxCorner.uasset" 241
"../../../Engine/Content/VREditor/TransformGizmo/BoundingBoxEdge.uasset" 242
"../../../Engine/Content/VREditor/TransformGizmo/PlaneTranslationHandle.uasset" 243
"../../../Engine/Content/VREditor/TransformGizmo/RotationHandleFull.uasset" 244
"../../../Engine/Content/VREditor/TransformGizmo/RotationHandleIndicator.uasset" 245
"../../../Engine/Content/VREditor/TransformGizmo/RotationHandleQuarter.uasset" 246
"../../../Engine/Content/VREditor/TransformGizmo/Main.uasset" 247
"../../../Engine/Content/VREditor/TransformGizmo/Xray.uasset" 248
"../../../Engine/Content/VREditor/TransformGizmo/SM_Dialog_Close.uasset" 249
"../../../Engine/Content/VREditor/TransformGizmo/SM_Dialog_Move.uasset" 250
"../../../Engine/Content/VREditor/TransformGizmo/SM_Sequencer_Key.uasset" 251
"../../../Engine/Content/VREditor/TransformGizmo/SM_Sequencer_Node.uasset" 252
"../../../Engine/Content/VREditor/TransformGizmo/StartRotationHandleIndicator.uasset" 253
"../../../Engine/Content/VREditor/TransformGizmo/TranslucentTransformGizmoMaterial_Inst.uasset" 254
"../../../Engine/Content/VREditor/TransformGizmo/TransformGizmoFreeRotation.uasset" 255
"../../../Engine/Content/VREditor/TransformGizmo/TransformGizmoMaterial_Inst.uasset" 256
"../../../Engine/Content/VREditor/TransformGizmo/TranslateArrowHandle.uasset" 257
"../../../Engine/Content/VREditor/TransformGizmo/UniformScaleHandle.uasset" 258
"../../../Engine/Content/VREditor/UI/KeyDiskMaterial.uasset" 259
"../../../Engine/Content/VREditor/UI/DiscMaterial.uasset" 260
"../../../Engine/Content/VREditor/UI/SM_Radial_Disk.uasset" 261
"../../../Engine/Content/Functions/Engine_MaterialFunctions01/Gradient/RadialGradient.uasset" 262
"../../../Engine/Content/VREditor/WorldMovementGrid/SimpleGrid.uasset" 263
"../../../Engine/Content/VREditor/WorldMovementGrid/GridMaterial.uasset" 264
"../../../Engine/Content/Functions/Engine_MaterialFunctions01/Density/ExponentialDensity.uasset" 265
"../../../Engine/Content/VREditor/WorldMovementGrid/GridPostProcess.uasset" 266
"../../../Engine/Content/EditorLandscapeResources/FlattenHeightMat.uasset" 267
"../../../Engine/Content/VREditor/WorldMovementGrid/PlaneMesh.uasset" 268
"../../../Engine/Plugins/2D/Paper2D/Content/PlaceholderTextures/DummySpriteTexture.uasset" 269
"../../../Engine/Plugins/2D/Paper2D/Content/DummySprite.uasset" 270
"../../../Engine/Plugins/2D/Paper2D/Content/DefaultPaperTerrainMaterial.uasset" 271
"../../../Engine/Plugins/2D/Paper2D/Content/DefaultSpriteMaterial.uasset" 272
"../../../Engine/Plugins/2D/Paper2D/Content/MaskedUnlitSpriteMaterial.uasset" 273
"../../../Engine/Plugins/2D/Paper2D/Content/OpaqueUnlitSpriteMaterial.uasset" 274
"../../../Engine/Plugins/Media/MediaCompositing/Content/DefaultMediaPlaneMaterial.uasset" 275
"../../../Engine/Content/Functions/Engine_MaterialFunctions02/Utility/MakeFloat4.uasset" 276
"../../../Engine/Plugins/Runtime/AppleARKit/Content/ARKitCameraMaterial.uasset" 277
"../../../Engine/Plugins/Runtime/Oculus/OculusVR/Content/Textures/GearVRController_AO.uasset" 278
"../../../Engine/Plugins/Runtime/Oculus/OculusVR/Content/Textures/GearVRController_Color.uasset" 279
"../../../Engine/Plugins/Runtime/Oculus/OculusVR/Content/Textures/GearVRController_Normal.uasset" 280
"../../../Engine/Plugins/Runtime/Oculus/OculusVR/Content/Materials/GearVRControllerMaterial.uasset" 281
"../../../Engine/Plugins/Runtime/Oculus/OculusVR/Content/Meshes/GearVrController.uasset" 282
"../../../AI_ThirdPerson/Content/Joachim/BP/AIBlackboard.uasset" 283
"../../../Engine/Content/EditorMaterials/TargetIcon.uasset" 284
"../../../AI_ThirdPerson/Content/Joachim/BP/PatrolVectors.uasset" 285
"../../../AI_ThirdPerson/Content/Joachim/BP/IncrementWaypointTask.uasset" 286
"../../../AI_ThirdPerson/Content/Joachim/BP/PredefinedPointService.uasset" 287
"../../../AI_ThirdPerson/Content/Joachim/BP/PatrolLoop.uasset" 288
"../../../AI_ThirdPerson/Content/Joachim/BP/SensePlayerService.uasset" 289
"../../../AI_ThirdPerson/Content/Joachim/BP/PatrolPath.uasset" 290
"../../../AI_ThirdPerson/Content/Joachim/BP/FindRandomPointService.uasset" 291
"../../../AI_ThirdPerson/Content/Joachim/BP/RandomPoint.uasset" 292
"../../../AI_ThirdPerson/Content/Joachim/BP/PatrolEnum.uasset" 293
"../../../AI_ThirdPerson/Content/Joachim/BP/AI_Controller.uasset" 294
"../../../AI_ThirdPerson/Content/Joachim/BP/StopLogicAndReturnTask.uasset" 295
"../../../AI_ThirdPerson/Content/Joachim/BP/SeePlayer.uasset" 296
"../../../AI_ThirdPerson/Content/Joachim/BP/AI_Bot.uasset" 297
"../../../Engine/Content/BasicShapes/BasicShapeMaterial.uasset" 298
"../../../AI_ThirdPerson/Content/Joachim/MTL/GreenButtonMTL.uasset" 299
"../../../AI_ThirdPerson/Content/Joachim/MTL/RedButtonMTL.uasset" 300
"../../../Engine/Content/BasicShapes/Cube.uasset" 301
"../../../AI_ThirdPerson/Content/Joachim/BP/BP_Door.uasset" 302
"../../../AI_ThirdPerson/Content/Joachim/BP/BP_MovingPlatform.uasset" 303
"../../../Engine/Content/EngineSky/C_Sky_Cloud_Color.uasset" 304
"../../../Engine/Content/EngineSky/C_Sky_Horizon_Color.uasset" 305
"../../../Engine/Content/EngineSky/C_Sky_Zenith_Color.uasset" 306
"../../../Engine/Content/EngineSky/T_Sky_Blue.uasset" 307
"../../../Engine/Content/EngineSky/T_Sky_Clouds_M.uasset" 308
"../../../Engine/Content/EngineSky/T_Sky_Stars.uasset" 309
"../../../Engine/Content/EngineSky/M_Sky_Panning_Clouds2.uasset" 310
"../../../Engine/Content/EngineSky/SM_SkySphere.uasset" 311
"../../../Engine/Content/EngineSky/BP_Sky_Sphere.uasset" 312
"../../../AI_ThirdPerson/Content/Joachim/MTL/StreetLamp.uasset" 313
"../../../Engine/Content/BasicShapes/Cylinder.uasset" 314
"../../../AI_ThirdPerson/Content/Joachim/BP/StreetLamp.uasset" 315
"../../../AI_ThirdPerson/Content/Joachim/MAP/WitchHunt_BuiltData.uasset" 316
"../../../AI_ThirdPerson/Content/Joachim/MTL/Asphalt.uasset" 317
"../../../AI_ThirdPerson/Content/Joachim/MTL/Asphalt2.uasset" 318
"../../../AI_ThirdPerson/Content/Joachim/MTL/Camera1Feed.uasset" 319
"../../../AI_ThirdPerson/Content/Joachim/MTL/Camera1Feed_Mat.uasset" 320
"../../../AI_ThirdPerson/Content/Joachim/MTL/Camera2Feed.uasset" 321
"../../../AI_ThirdPerson/Content/Joachim/MTL/Camera2Feed_Mat.uasset" 322
"../../../AI_ThirdPerson/Content/Joachim/MTL/Camera3Feed.uasset" 323
"../../../AI_ThirdPerson/Content/Joachim/MTL/Camera3Feed_Mat.uasset" 324
"../../../Engine/Content/EditorResources/MatineeCam_D.uasset" 325
"../../../Engine/Content/EditorMaterials/MatineeCam_mat.uasset" 326
"../../../Engine/Content/EditorMeshes/MatineeCam_SM.uasset" 327
"../../../AI_ThirdPerson/Content/Geometry/Meshes/1M_Cube.uasset" 328
"../../../AI_ThirdPerson/Content/Geometry/Meshes/TemplateFloor.uasset" 329
"../../../AI_ThirdPerson/Content/ThirdPerson/Meshes/Bump_StaticMesh.uasset" 330
"../../../AI_ThirdPerson/Content/ThirdPerson/Meshes/LeftArm_StaticMesh.uasset" 331
"../../../AI_ThirdPerson/Content/ThirdPerson/Meshes/Linear_Stair_StaticMesh.uasset" 332
"../../../AI_ThirdPerson/Content/ThirdPerson/Meshes/RightArm_StaticMesh.uasset" 333
"../../../AI_ThirdPerson/Content/Joachim/MAP/WitchHunt.umap" 334
"../../../Engine/Content/Maps/Entry.umap" 335
