Log file open, 02/21/18 08:13:11
LogWindows: Failed to load 'aqProf.dll' (GetLastError=126)
LogWindows: File 'aqProf.dll' does not exist
LogWindows: Failed to load 'VtuneApi.dll' (GetLastError=126)
LogWindows: File 'VtuneApi.dll' does not exist
LogWindows: Failed to load 'VtuneApi32e.dll' (GetLastError=126)
LogWindows: File 'VtuneApi32e.dll' does not exist
LogInit: Display: Running engine for game: AITree
LogPlatformFile: Not using cached read wrapper
LogInit: Display: RandInit(-802330715) SRandInit(-802330715).
LogInit: Read version file with build ID '3709383'
LogInit: Overriding engine version to CL 3832480, compatible CL 3709383
LogInit: Registered custom module enumerator with build ID '3709383'
LogTaskGraph: Started task graph with 5 named threads and 14 total threads with 3 sets of task threads.
LogStats: Stats thread started at 0.188684
LogD3D11RHI: Aftermath initialized
LogPluginManager: Mounting plugin Paper2D
LogPluginManager: Mounting plugin LightPropagationVolume
LogPluginManager: Mounting plugin CodeLiteSourceCodeAccess
LogPluginManager: Mounting plugin GitSourceControl
LogPluginManager: Mounting plugin KDevelopSourceCodeAccess
LogPluginManager: Mounting plugin NullSourceCodeAccess
LogPluginManager: Mounting plugin PerforceSourceControl
LogPluginManager: Mounting plugin SubversionSourceControl
LogPluginManager: Mounting plugin UObjectPlugin
LogPluginManager: Mounting plugin VisualStudioCodeSourceCodeAccess
LogPluginManager: Mounting plugin VisualStudioSourceCodeAccess
LogPluginManager: Mounting plugin XCodeSourceCodeAccess
LogPluginManager: Mounting plugin AssetManagerEditor
LogPluginManager: Mounting plugin AudioCapture
LogPluginManager: Mounting plugin FacialAnimation
LogPluginManager: Mounting plugin GameplayTagsEditor
LogPluginManager: Mounting plugin MobileLauncherProfileWizard
LogPluginManager: Mounting plugin PluginBrowser
LogPluginManager: Mounting plugin SpeedTreeImporter
LogPluginManager: Mounting plugin AlembicImporter
LogPluginManager: Mounting plugin CharacterAI
LogPluginManager: Mounting plugin HTML5Networking
LogPluginManager: Mounting plugin AndroidMedia
LogPluginManager: Mounting plugin AvfMedia
LogPluginManager: Mounting plugin ImgMedia
LogPluginManager: Mounting plugin MediaCompositing
LogPluginManager: Mounting plugin MediaPlayerEditor
LogPluginManager: Mounting plugin WmfMedia
LogPluginManager: Mounting plugin TcpMessaging
LogPluginManager: Mounting plugin UdpMessaging
LogPluginManager: Mounting plugin ActorSequence
LogPluginManager: Mounting plugin LevelSequenceEditor
LogPluginManager: Mounting plugin MatineeToLevelSequence
LogPluginManager: Mounting plugin OnlineSubsystemGooglePlay
LogPluginManager: Mounting plugin OnlineSubsystemIOS
LogPluginManager: Mounting plugin OnlineSubsystem
LogPluginManager: Mounting plugin OnlineSubsystemNull
LogPluginManager: Mounting plugin OnlineSubsystemUtils
LogPluginManager: Mounting plugin AndroidDeviceProfileSelector
LogPluginManager: Mounting plugin AndroidMoviePlayer
LogPluginManager: Mounting plugin AndroidPermission
LogPluginManager: Mounting plugin AppleARKit
LogPluginManager: Mounting plugin AppleMoviePlayer
LogPluginManager: Mounting plugin ArchVisCharacter
LogPluginManager: Mounting plugin CableComponent
LogPluginManager: Mounting plugin CustomMeshComponent
LogPluginManager: Mounting plugin ExampleDeviceProfileSelector
LogPluginManager: Mounting plugin GoogleCloudMessaging
LogPluginManager: Mounting plugin ImmediatePhysics
LogPluginManager: Mounting plugin IOSDeviceProfileSelector
LogPluginManager: Mounting plugin LinuxDeviceProfileSelector
LogPluginManager: Mounting plugin LocationServicesBPLibrary
LogPluginManager: Mounting plugin MobilePatchingUtils
LogPluginManager: Mounting plugin OculusVR
LogPluginManager: Plugin shader directory ../../../Engine/Plugins/Runtime/Oculus/OculusVR/Shaders found
LogPluginManager: Mapping shader source directory ../../../Engine/Plugins/Runtime/Oculus/OculusVR/Shaders to virtual directory /Plugin/OculusVR
LogPluginManager: Mounting plugin PhysXVehicles
LogPluginManager: Mounting plugin ProceduralMeshComponent
LogPluginManager: Mounting plugin RuntimePhysXCooking
LogPluginManager: Mounting plugin SteamVR
LogPluginManager: Mounting plugin WindowsMoviePlayer
LogModuleManager: Warning: Module file ../../../../../UNREAL/AITree/Binaries/Win64/UE4Editor-AITree-398.dll is missing. This is likely a stale module that must be recompiled.
LogModuleManager: Display: Found up-to-date module file ../../../Engine/Plugins/2D/Paper2D/Binaries/Win64/UE4Editor-Paper2D.dll (API version 3709383).
LogModuleManager: Display: Found up-to-date module file ../../../Engine/Plugins/2D/Paper2D/Binaries/Win64/UE4Editor-Paper2DEditor.dll (API version 3709383).
LogModuleManager: Display: Found up-to-date module file ../../../Engine/Plugins/2D/Paper2D/Binaries/Win64/UE4Editor-PaperSpriteSheetImporter.dll (API version 3709383).
LogModuleManager: Display: Found up-to-date module file ../../../Engine/Plugins/2D/Paper2D/Binaries/Win64/UE4Editor-PaperTiledImporter.dll (API version 3709383).
LogModuleManager: Display: Found up-to-date module file ../../../Engine/Plugins/2D/Paper2D/Binaries/Win64/UE4Editor-SmartSnapping.dll (API version 3709383).
LogModuleManager: Display: Found up-to-date module file ../../../Engine/Plugins/Blendables/LightPropagationVolume/Binaries/Win64/UE4Editor-LightPropagationVolumeRuntime.dll (API version 3709383).
LogModuleManager: Display: Found up-to-date module file ../../../Engine/Plugins/Blendables/LightPropagationVolume/Binaries/Win64/UE4Editor-LightPropagationVolumeEditor.dll (API version 3709383).
LogModuleManager: Display: Found up-to-date module file ../../../Engine/Plugins/Developer/GitSourceControl/Binaries/Win64/UE4Editor-GitSourceControl.dll (API version 3709383).
LogModuleManager: Display: Found up-to-date module file ../../../Engine/Plugins/Developer/PerforceSourceControl/Binaries/Win64/UE4Editor-PerforceSourceControl.dll (API version 3709383).
LogModuleManager: Display: Found up-to-date module file ../../../Engine/Plugins/Developer/SubversionSourceControl/Binaries/Win64/UE4Editor-SubversionSourceControl.dll (API version 3709383).
LogModuleManager: Display: Found up-to-date module file ../../../Engine/Plugins/Developer/UObjectPlugin/Binaries/Win64/UE4Editor-UObjectPlugin.dll (API version 3709383).
LogModuleManager: Display: Found up-to-date module file ../../../Engine/Plugins/Developer/VisualStudioCodeSourceCodeAccess/Binaries/Win64/UE4Editor-VisualStudioCodeSourceCodeAccess.dll (API version 3709383).
LogModuleManager: Display: Found up-to-date module file ../../../Engine/Plugins/Developer/VisualStudioSourceCodeAccess/Binaries/Win64/UE4Editor-VisualStudioSourceCodeAccess.dll (API version 3709383).
LogModuleManager: Display: Found up-to-date module file ../../../Engine/Plugins/Editor/AssetManagerEditor/Binaries/Win64/UE4Editor-AssetManagerEditor.dll (API version 3709383).
LogModuleManager: Display: Found up-to-date module file ../../../Engine/Plugins/Editor/AudioCapture/Binaries/Win64/UE4Editor-AudioCapture.dll (API version 3709383).
LogModuleManager: Display: Found up-to-date module file ../../../Engine/Plugins/Editor/FacialAnimation/Binaries/Win64/UE4Editor-FacialAnimation.dll (API version 3709383).
LogModuleManager: Display: Found up-to-date module file ../../../Engine/Plugins/Editor/FacialAnimation/Binaries/Win64/UE4Editor-FacialAnimationEditor.dll (API version 3709383).
LogModuleManager: Display: Found up-to-date module file ../../../Engine/Plugins/Editor/GameplayTagsEditor/Binaries/Win64/UE4Editor-GameplayTagsEditor.dll (API version 3709383).
LogModuleManager: Display: Found up-to-date module file ../../../Engine/Plugins/Editor/MobileLauncherProfileWizard/Binaries/Win64/UE4Editor-MobileLauncherProfileWizard.dll (API version 3709383).
LogModuleManager: Display: Found up-to-date module file ../../../Engine/Plugins/Editor/PluginBrowser/Binaries/Win64/UE4Editor-PluginBrowser.dll (API version 3709383).
LogModuleManager: Display: Found up-to-date module file ../../../Engine/Plugins/Editor/SpeedTreeImporter/Binaries/Win64/UE4Editor-SpeedTreeImporter.dll (API version 3709383).
LogModuleManager: Display: Found up-to-date module file ../../../Engine/Plugins/Experimental/AlembicImporter/Binaries/Win64/UE4Editor-AlembicImporter.dll (API version 3709383).
LogModuleManager: Display: Found up-to-date module file ../../../Engine/Plugins/Experimental/AlembicImporter/Binaries/Win64/UE4Editor-AlembicLibrary.dll (API version 3709383).
LogModuleManager: Display: Found up-to-date module file ../../../Engine/Plugins/Experimental/CharacterAI/Binaries/Win64/UE4Editor-CharacterAI.dll (API version 3709383).
LogModuleManager: Display: Found up-to-date module file ../../../Engine/Plugins/Experimental/HTML5Networking/Binaries/Win64/UE4Editor-HTML5Networking.dll (API version 3709383).
LogModuleManager: Display: Found up-to-date module file ../../../Engine/Plugins/Media/AndroidMedia/Binaries/Win64/UE4Editor-AndroidMediaEditor.dll (API version 3709383).
LogModuleManager: Display: Found up-to-date module file ../../../Engine/Plugins/Media/AndroidMedia/Binaries/Win64/UE4Editor-AndroidMediaFactory.dll (API version 3709383).
LogModuleManager: Display: Found up-to-date module file ../../../Engine/Plugins/Media/AvfMedia/Binaries/Win64/UE4Editor-AvfMediaEditor.dll (API version 3709383).
LogModuleManager: Display: Found up-to-date module file ../../../Engine/Plugins/Media/AvfMedia/Binaries/Win64/UE4Editor-AvfMediaFactory.dll (API version 3709383).
LogModuleManager: Display: Found up-to-date module file ../../../Engine/Plugins/Media/AvfMedia/Binaries/Win64/UE4Editor-AvfMediaFactory.dll (API version 3709383).
LogModuleManager: Display: Found up-to-date module file ../../../Engine/Plugins/Media/ImgMedia/Binaries/Win64/UE4Editor-ImgMedia.dll (API version 3709383).
LogModuleManager: Display: Found up-to-date module file ../../../Engine/Plugins/Media/ImgMedia/Binaries/Win64/UE4Editor-ImgMediaEditor.dll (API version 3709383).
LogModuleManager: Display: Found up-to-date module file ../../../Engine/Plugins/Media/ImgMedia/Binaries/Win64/UE4Editor-ImgMediaFactory.dll (API version 3709383).
LogModuleManager: Display: Found up-to-date module file ../../../Engine/Plugins/Media/ImgMedia/Binaries/Win64/UE4Editor-ImgMediaFactory.dll (API version 3709383).
LogModuleManager: Display: Found up-to-date module file ../../../Engine/Plugins/Media/ImgMedia/Binaries/Win64/UE4Editor-OpenExrWrapper.dll (API version 3709383).
LogModuleManager: Display: Found up-to-date module file ../../../Engine/Plugins/Media/MediaCompositing/Binaries/Win64/UE4Editor-MediaCompositing.dll (API version 3709383).
LogModuleManager: Display: Found up-to-date module file ../../../Engine/Plugins/Media/MediaCompositing/Binaries/Win64/UE4Editor-MediaCompositingEditor.dll (API version 3709383).
LogModuleManager: Display: Found up-to-date module file ../../../Engine/Plugins/Media/MediaPlayerEditor/Binaries/Win64/UE4Editor-MediaPlayerEditor.dll (API version 3709383).
LogModuleManager: Display: Found up-to-date module file ../../../Engine/Plugins/Media/WmfMedia/Binaries/Win64/UE4Editor-WmfMedia.dll (API version 3709383).
LogModuleManager: Display: Found up-to-date module file ../../../Engine/Plugins/Media/WmfMedia/Binaries/Win64/UE4Editor-WmfMediaEditor.dll (API version 3709383).
LogModuleManager: Display: Found up-to-date module file ../../../Engine/Plugins/Media/WmfMedia/Binaries/Win64/UE4Editor-WmfMediaFactory.dll (API version 3709383).
LogModuleManager: Display: Found up-to-date module file ../../../Engine/Plugins/Media/WmfMedia/Binaries/Win64/UE4Editor-WmfMediaFactory.dll (API version 3709383).
LogModuleManager: Display: Found up-to-date module file ../../../Engine/Plugins/Messaging/TcpMessaging/Binaries/Win64/UE4Editor-TcpMessaging.dll (API version 3709383).
LogModuleManager: Display: Found up-to-date module file ../../../Engine/Plugins/Messaging/UdpMessaging/Binaries/Win64/UE4Editor-UdpMessaging.dll (API version 3709383).
LogModuleManager: Display: Found up-to-date module file ../../../Engine/Plugins/MovieScene/ActorSequence/Binaries/Win64/UE4Editor-ActorSequence.dll (API version 3709383).
LogModuleManager: Display: Found up-to-date module file ../../../Engine/Plugins/MovieScene/LevelSequenceEditor/Binaries/Win64/UE4Editor-LevelSequenceEditor.dll (API version 3709383).
LogModuleManager: Display: Found up-to-date module file ../../../Engine/Plugins/MovieScene/MatineeToLevelSequence/Binaries/Win64/UE4Editor-MatineeToLevelSequence.dll (API version 3709383).
LogModuleManager: Display: Found up-to-date module file ../../../Engine/Plugins/Online/OnlineSubsystem/Binaries/Win64/UE4Editor-OnlineSubsystem.dll (API version 3709383).
LogModuleManager: Display: Found up-to-date module file ../../../Engine/Plugins/Online/OnlineSubsystemNull/Binaries/Win64/UE4Editor-OnlineSubsystemNull.dll (API version 3709383).
LogModuleManager: Display: Found up-to-date module file ../../../Engine/Plugins/Online/OnlineSubsystemUtils/Binaries/Win64/UE4Editor-OnlineSubsystemUtils.dll (API version 3709383).
LogModuleManager: Display: Found up-to-date module file ../../../Engine/Plugins/Online/OnlineSubsystemUtils/Binaries/Win64/UE4Editor-OnlineBlueprintSupport.dll (API version 3709383).
LogModuleManager: Display: Found up-to-date module file ../../../Engine/Plugins/Runtime/AndroidDeviceProfileSelector/Binaries/Win64/UE4Editor-AndroidDeviceProfileSelector.dll (API version 3709383).
LogModuleManager: Display: Found up-to-date module file ../../../Engine/Plugins/Runtime/AndroidPermission/Binaries/Win64/UE4Editor-AndroidPermission.dll (API version 3709383).
LogModuleManager: Display: Found up-to-date module file ../../../Engine/Plugins/Runtime/AppleARKit/Binaries/Win64/UE4Editor-AppleARKit.dll (API version 3709383).
LogModuleManager: Display: Found up-to-date module file ../../../Engine/Plugins/Runtime/ArchVisCharacter/Binaries/Win64/UE4Editor-ArchVisCharacter.dll (API version 3709383).
LogModuleManager: Display: Found up-to-date module file ../../../Engine/Plugins/Runtime/CableComponent/Binaries/Win64/UE4Editor-CableComponent.dll (API version 3709383).
LogModuleManager: Display: Found up-to-date module file ../../../Engine/Plugins/Runtime/CustomMeshComponent/Binaries/Win64/UE4Editor-CustomMeshComponent.dll (API version 3709383).
LogModuleManager: Display: Found up-to-date module file ../../../Engine/Plugins/Runtime/ExampleDeviceProfileSelector/Binaries/Win64/UE4Editor-ExampleDeviceProfileSelector.dll (API version 3709383).
LogModuleManager: Display: Found up-to-date module file ../../../Engine/Plugins/Runtime/ImmediatePhysics/Binaries/Win64/UE4Editor-ImmediatePhysics.dll (API version 3709383).
LogModuleManager: Display: Found up-to-date module file ../../../Engine/Plugins/Runtime/ImmediatePhysics/Binaries/Win64/UE4Editor-ImmediatePhysicsEditor.dll (API version 3709383).
LogModuleManager: Display: Found up-to-date module file ../../../Engine/Plugins/Runtime/LocationServicesBPLibrary/Binaries/Win64/UE4Editor-LocationServicesBPLibrary.dll (API version 3709383).
LogModuleManager: Display: Found up-to-date module file ../../../Engine/Plugins/Runtime/MobilePatchingUtils/Binaries/Win64/UE4Editor-MobilePatchingUtils.dll (API version 3709383).
LogModuleManager: Display: Found up-to-date module file ../../../Engine/Plugins/Runtime/Oculus/OculusVR/Binaries/Win64/UE4Editor-OculusHMD.dll (API version 3709383).
LogModuleManager: Display: Found up-to-date module file ../../../Engine/Plugins/Runtime/Oculus/OculusVR/Binaries/Win64/UE4Editor-OculusInput.dll (API version 3709383).
LogModuleManager: Display: Found up-to-date module file ../../../Engine/Plugins/Runtime/Oculus/OculusVR/Binaries/Win64/UE4Editor-OculusEditor.dll (API version 3709383).
LogModuleManager: Display: Found up-to-date module file ../../../Engine/Plugins/Runtime/PhysXVehicles/Binaries/Win64/UE4Editor-PhysXVehicles.dll (API version 3709383).
LogModuleManager: Display: Found up-to-date module file ../../../Engine/Plugins/Runtime/PhysXVehicles/Binaries/Win64/UE4Editor-PhysXVehiclesEditor.dll (API version 3709383).
LogModuleManager: Display: Found up-to-date module file ../../../Engine/Plugins/Runtime/ProceduralMeshComponent/Binaries/Win64/UE4Editor-ProceduralMeshComponent.dll (API version 3709383).
LogModuleManager: Display: Found up-to-date module file ../../../Engine/Plugins/Runtime/ProceduralMeshComponent/Binaries/Win64/UE4Editor-ProceduralMeshComponentEditor.dll (API version 3709383).
LogModuleManager: Display: Found up-to-date module file ../../../Engine/Plugins/Runtime/RuntimePhysXCooking/Binaries/Win64/UE4Editor-RuntimePhysXCooking.dll (API version 3709383).
LogModuleManager: Display: Found up-to-date module file ../../../Engine/Plugins/Runtime/Steam/SteamVR/Binaries/Win64/UE4Editor-SteamVR.dll (API version 3709383).
LogModuleManager: Display: Found up-to-date module file ../../../Engine/Plugins/Runtime/Steam/SteamVR/Binaries/Win64/UE4Editor-SteamVRController.dll (API version 3709383).
LogModuleManager: Display: Found up-to-date module file ../../../Engine/Plugins/Runtime/WindowsMoviePlayer/Binaries/Win64/UE4Editor-WindowsMoviePlayer.dll (API version 3709383).
LogInit: Warning: Incompatible or missing module: UE4Editor-AITree.dll
Running D:/EpicGames/UE_4.18/Engine/Binaries/DotNET/UnrealBuildTool.exe AITree Development Win64 -project="D:/UNREAL/AITree/AITree.uproject" -editorrecompile -progress -NoHotReloadFromIDE
Using 'git status' to determine working set for adaptive non-unity build.
Creating makefile for AITree (no existing makefile)
@progress push 5%
Parsing headers for AITreeEditor
  Running UnrealHeaderTool "D:\UNREAL\AITree\AITree.uproject" "D:\UNREAL\AITree\Intermediate\Build\Win64\AITreeEditor\Development\AITreeEditor.uhtmanifest" -LogCmds="loginit warning, logexit warning, logdatabase error" -Unattended -WarningsAsErrors -installed
Reflection code generated for AITreeEditor in 7.4364184 seconds
@progress pop
Performing 9 actions (4 in parallel)
[2/9] Resource ModuleVersionResource.rc.inl
[3/9] Resource PCLaunch.rc
SharedPCH.Engine.cpp
AITree.init.gen.cpp
AITree.cpp
AI_Drawable_HUD.gen.cpp
AI_Drawable_HUD.cpp
[8/9] Link UE4Editor-AITree.dll
[9/9] Link UE4Editor-AITree.lib
   Creating library D:\UNREAL\AITree\Intermediate\Build\Win64\UE4Editor\Development\UE4Editor-AITree.lib and object D:\UNREAL\AITree\Intermediate\Build\Win64\UE4Editor\Development\UE4Editor-AITree.exp
   Creating library D:\UNREAL\AITree\Intermediate\Build\Win64\UE4Editor\Development\UE4Editor-AITree.suppressed.lib and object D:\UNREAL\AITree\Intermediate\Build\Win64\UE4Editor\Development\UE4Editor-AITree.suppressed.exp
Total build time: 38.01 seconds (Local executor: 26.89 seconds)
LogModuleManager: Display: Found up-to-date module file ../../../../../UNREAL/AITree/Binaries/Win64/UE4Editor-AITree.dll (API version 3709383).
LogModuleManager: Display: Found up-to-date module file ../../../Engine/Plugins/2D/Paper2D/Binaries/Win64/UE4Editor-Paper2D.dll (API version 3709383).
LogModuleManager: Display: Found up-to-date module file ../../../Engine/Plugins/2D/Paper2D/Binaries/Win64/UE4Editor-Paper2DEditor.dll (API version 3709383).
LogModuleManager: Display: Found up-to-date module file ../../../Engine/Plugins/2D/Paper2D/Binaries/Win64/UE4Editor-PaperSpriteSheetImporter.dll (API version 3709383).
LogModuleManager: Display: Found up-to-date module file ../../../Engine/Plugins/2D/Paper2D/Binaries/Win64/UE4Editor-PaperTiledImporter.dll (API version 3709383).
LogModuleManager: Display: Found up-to-date module file ../../../Engine/Plugins/2D/Paper2D/Binaries/Win64/UE4Editor-SmartSnapping.dll (API version 3709383).
LogModuleManager: Display: Found up-to-date module file ../../../Engine/Plugins/Blendables/LightPropagationVolume/Binaries/Win64/UE4Editor-LightPropagationVolumeRuntime.dll (API version 3709383).
LogModuleManager: Display: Found up-to-date module file ../../../Engine/Plugins/Blendables/LightPropagationVolume/Binaries/Win64/UE4Editor-LightPropagationVolumeEditor.dll (API version 3709383).
LogModuleManager: Display: Found up-to-date module file ../../../Engine/Plugins/Developer/GitSourceControl/Binaries/Win64/UE4Editor-GitSourceControl.dll (API version 3709383).
LogModuleManager: Display: Found up-to-date module file ../../../Engine/Plugins/Developer/PerforceSourceControl/Binaries/Win64/UE4Editor-PerforceSourceControl.dll (API version 3709383).
LogModuleManager: Display: Found up-to-date module file ../../../Engine/Plugins/Developer/SubversionSourceControl/Binaries/Win64/UE4Editor-SubversionSourceControl.dll (API version 3709383).
LogModuleManager: Display: Found up-to-date module file ../../../Engine/Plugins/Developer/UObjectPlugin/Binaries/Win64/UE4Editor-UObjectPlugin.dll (API version 3709383).
LogModuleManager: Display: Found up-to-date module file ../../../Engine/Plugins/Developer/VisualStudioCodeSourceCodeAccess/Binaries/Win64/UE4Editor-VisualStudioCodeSourceCodeAccess.dll (API version 3709383).
LogModuleManager: Display: Found up-to-date module file ../../../Engine/Plugins/Developer/VisualStudioSourceCodeAccess/Binaries/Win64/UE4Editor-VisualStudioSourceCodeAccess.dll (API version 3709383).
LogModuleManager: Display: Found up-to-date module file ../../../Engine/Plugins/Editor/AssetManagerEditor/Binaries/Win64/UE4Editor-AssetManagerEditor.dll (API version 3709383).
LogModuleManager: Display: Found up-to-date module file ../../../Engine/Plugins/Editor/AudioCapture/Binaries/Win64/UE4Editor-AudioCapture.dll (API version 3709383).
LogModuleManager: Display: Found up-to-date module file ../../../Engine/Plugins/Editor/FacialAnimation/Binaries/Win64/UE4Editor-FacialAnimation.dll (API version 3709383).
LogModuleManager: Display: Found up-to-date module file ../../../Engine/Plugins/Editor/FacialAnimation/Binaries/Win64/UE4Editor-FacialAnimationEditor.dll (API version 3709383).
LogModuleManager: Display: Found up-to-date module file ../../../Engine/Plugins/Editor/GameplayTagsEditor/Binaries/Win64/UE4Editor-GameplayTagsEditor.dll (API version 3709383).
LogModuleManager: Display: Found up-to-date module file ../../../Engine/Plugins/Editor/MobileLauncherProfileWizard/Binaries/Win64/UE4Editor-MobileLauncherProfileWizard.dll (API version 3709383).
LogModuleManager: Display: Found up-to-date module file ../../../Engine/Plugins/Editor/PluginBrowser/Binaries/Win64/UE4Editor-PluginBrowser.dll (API version 3709383).
LogModuleManager: Display: Found up-to-date module file ../../../Engine/Plugins/Editor/SpeedTreeImporter/Binaries/Win64/UE4Editor-SpeedTreeImporter.dll (API version 3709383).
LogModuleManager: Display: Found up-to-date module file ../../../Engine/Plugins/Experimental/AlembicImporter/Binaries/Win64/UE4Editor-AlembicImporter.dll (API version 3709383).
LogModuleManager: Display: Found up-to-date module file ../../../Engine/Plugins/Experimental/AlembicImporter/Binaries/Win64/UE4Editor-AlembicLibrary.dll (API version 3709383).
LogModuleManager: Display: Found up-to-date module file ../../../Engine/Plugins/Experimental/CharacterAI/Binaries/Win64/UE4Editor-CharacterAI.dll (API version 3709383).
LogModuleManager: Display: Found up-to-date module file ../../../Engine/Plugins/Experimental/HTML5Networking/Binaries/Win64/UE4Editor-HTML5Networking.dll (API version 3709383).
LogModuleManager: Display: Found up-to-date module file ../../../Engine/Plugins/Media/AndroidMedia/Binaries/Win64/UE4Editor-AndroidMediaEditor.dll (API version 3709383).
LogModuleManager: Display: Found up-to-date module file ../../../Engine/Plugins/Media/AndroidMedia/Binaries/Win64/UE4Editor-AndroidMediaFactory.dll (API version 3709383).
LogModuleManager: Display: Found up-to-date module file ../../../Engine/Plugins/Media/AvfMedia/Binaries/Win64/UE4Editor-AvfMediaEditor.dll (API version 3709383).
LogModuleManager: Display: Found up-to-date module file ../../../Engine/Plugins/Media/AvfMedia/Binaries/Win64/UE4Editor-AvfMediaFactory.dll (API version 3709383).
LogModuleManager: Display: Found up-to-date module file ../../../Engine/Plugins/Media/AvfMedia/Binaries/Win64/UE4Editor-AvfMediaFactory.dll (API version 3709383).
LogModuleManager: Display: Found up-to-date module file ../../../Engine/Plugins/Media/ImgMedia/Binaries/Win64/UE4Editor-ImgMedia.dll (API version 3709383).
LogModuleManager: Display: Found up-to-date module file ../../../Engine/Plugins/Media/ImgMedia/Binaries/Win64/UE4Editor-ImgMediaEditor.dll (API version 3709383).
LogModuleManager: Display: Found up-to-date module file ../../../Engine/Plugins/Media/ImgMedia/Binaries/Win64/UE4Editor-ImgMediaFactory.dll (API version 3709383).
LogModuleManager: Display: Found up-to-date module file ../../../Engine/Plugins/Media/ImgMedia/Binaries/Win64/UE4Editor-ImgMediaFactory.dll (API version 3709383).
LogModuleManager: Display: Found up-to-date module file ../../../Engine/Plugins/Media/ImgMedia/Binaries/Win64/UE4Editor-OpenExrWrapper.dll (API version 3709383).
LogModuleManager: Display: Found up-to-date module file ../../../Engine/Plugins/Media/MediaCompositing/Binaries/Win64/UE4Editor-MediaCompositing.dll (API version 3709383).
LogModuleManager: Display: Found up-to-date module file ../../../Engine/Plugins/Media/MediaCompositing/Binaries/Win64/UE4Editor-MediaCompositingEditor.dll (API version 3709383).
LogModuleManager: Display: Found up-to-date module file ../../../Engine/Plugins/Media/MediaPlayerEditor/Binaries/Win64/UE4Editor-MediaPlayerEditor.dll (API version 3709383).
LogModuleManager: Display: Found up-to-date module file ../../../Engine/Plugins/Media/WmfMedia/Binaries/Win64/UE4Editor-WmfMedia.dll (API version 3709383).
LogModuleManager: Display: Found up-to-date module file ../../../Engine/Plugins/Media/WmfMedia/Binaries/Win64/UE4Editor-WmfMediaEditor.dll (API version 3709383).
LogModuleManager: Display: Found up-to-date module file ../../../Engine/Plugins/Media/WmfMedia/Binaries/Win64/UE4Editor-WmfMediaFactory.dll (API version 3709383).
LogModuleManager: Display: Found up-to-date module file ../../../Engine/Plugins/Media/WmfMedia/Binaries/Win64/UE4Editor-WmfMediaFactory.dll (API version 3709383).
LogModuleManager: Display: Found up-to-date module file ../../../Engine/Plugins/Messaging/TcpMessaging/Binaries/Win64/UE4Editor-TcpMessaging.dll (API version 3709383).
LogModuleManager: Display: Found up-to-date module file ../../../Engine/Plugins/Messaging/UdpMessaging/Binaries/Win64/UE4Editor-UdpMessaging.dll (API version 3709383).
LogModuleManager: Display: Found up-to-date module file ../../../Engine/Plugins/MovieScene/ActorSequence/Binaries/Win64/UE4Editor-ActorSequence.dll (API version 3709383).
LogModuleManager: Display: Found up-to-date module file ../../../Engine/Plugins/MovieScene/LevelSequenceEditor/Binaries/Win64/UE4Editor-LevelSequenceEditor.dll (API version 3709383).
LogModuleManager: Display: Found up-to-date module file ../../../Engine/Plugins/MovieScene/MatineeToLevelSequence/Binaries/Win64/UE4Editor-MatineeToLevelSequence.dll (API version 3709383).
LogModuleManager: Display: Found up-to-date module file ../../../Engine/Plugins/Online/OnlineSubsystem/Binaries/Win64/UE4Editor-OnlineSubsystem.dll (API version 3709383).
LogModuleManager: Display: Found up-to-date module file ../../../Engine/Plugins/Online/OnlineSubsystemNull/Binaries/Win64/UE4Editor-OnlineSubsystemNull.dll (API version 3709383).
LogModuleManager: Display: Found up-to-date module file ../../../Engine/Plugins/Online/OnlineSubsystemUtils/Binaries/Win64/UE4Editor-OnlineSubsystemUtils.dll (API version 3709383).
LogModuleManager: Display: Found up-to-date module file ../../../Engine/Plugins/Online/OnlineSubsystemUtils/Binaries/Win64/UE4Editor-OnlineBlueprintSupport.dll (API version 3709383).
LogModuleManager: Display: Found up-to-date module file ../../../Engine/Plugins/Runtime/AndroidDeviceProfileSelector/Binaries/Win64/UE4Editor-AndroidDeviceProfileSelector.dll (API version 3709383).
LogModuleManager: Display: Found up-to-date module file ../../../Engine/Plugins/Runtime/AndroidPermission/Binaries/Win64/UE4Editor-AndroidPermission.dll (API version 3709383).
LogModuleManager: Display: Found up-to-date module file ../../../Engine/Plugins/Runtime/AppleARKit/Binaries/Win64/UE4Editor-AppleARKit.dll (API version 3709383).
LogModuleManager: Display: Found up-to-date module file ../../../Engine/Plugins/Runtime/ArchVisCharacter/Binaries/Win64/UE4Editor-ArchVisCharacter.dll (API version 3709383).
LogModuleManager: Display: Found up-to-date module file ../../../Engine/Plugins/Runtime/CableComponent/Binaries/Win64/UE4Editor-CableComponent.dll (API version 3709383).
LogModuleManager: Display: Found up-to-date module file ../../../Engine/Plugins/Runtime/CustomMeshComponent/Binaries/Win64/UE4Editor-CustomMeshComponent.dll (API version 3709383).
LogModuleManager: Display: Found up-to-date module file ../../../Engine/Plugins/Runtime/ExampleDeviceProfileSelector/Binaries/Win64/UE4Editor-ExampleDeviceProfileSelector.dll (API version 3709383).
LogModuleManager: Display: Found up-to-date module file ../../../Engine/Plugins/Runtime/ImmediatePhysics/Binaries/Win64/UE4Editor-ImmediatePhysics.dll (API version 3709383).
LogModuleManager: Display: Found up-to-date module file ../../../Engine/Plugins/Runtime/ImmediatePhysics/Binaries/Win64/UE4Editor-ImmediatePhysicsEditor.dll (API version 3709383).
LogModuleManager: Display: Found up-to-date module file ../../../Engine/Plugins/Runtime/LocationServicesBPLibrary/Binaries/Win64/UE4Editor-LocationServicesBPLibrary.dll (API version 3709383).
LogModuleManager: Display: Found up-to-date module file ../../../Engine/Plugins/Runtime/MobilePatchingUtils/Binaries/Win64/UE4Editor-MobilePatchingUtils.dll (API version 3709383).
LogModuleManager: Display: Found up-to-date module file ../../../Engine/Plugins/Runtime/Oculus/OculusVR/Binaries/Win64/UE4Editor-OculusHMD.dll (API version 3709383).
LogModuleManager: Display: Found up-to-date module file ../../../Engine/Plugins/Runtime/Oculus/OculusVR/Binaries/Win64/UE4Editor-OculusInput.dll (API version 3709383).
LogModuleManager: Display: Found up-to-date module file ../../../Engine/Plugins/Runtime/Oculus/OculusVR/Binaries/Win64/UE4Editor-OculusEditor.dll (API version 3709383).
LogModuleManager: Display: Found up-to-date module file ../../../Engine/Plugins/Runtime/PhysXVehicles/Binaries/Win64/UE4Editor-PhysXVehicles.dll (API version 3709383).
LogModuleManager: Display: Found up-to-date module file ../../../Engine/Plugins/Runtime/PhysXVehicles/Binaries/Win64/UE4Editor-PhysXVehiclesEditor.dll (API version 3709383).
LogModuleManager: Display: Found up-to-date module file ../../../Engine/Plugins/Runtime/ProceduralMeshComponent/Binaries/Win64/UE4Editor-ProceduralMeshComponent.dll (API version 3709383).
LogModuleManager: Display: Found up-to-date module file ../../../Engine/Plugins/Runtime/ProceduralMeshComponent/Binaries/Win64/UE4Editor-ProceduralMeshComponentEditor.dll (API version 3709383).
LogModuleManager: Display: Found up-to-date module file ../../../Engine/Plugins/Runtime/RuntimePhysXCooking/Binaries/Win64/UE4Editor-RuntimePhysXCooking.dll (API version 3709383).
LogModuleManager: Display: Found up-to-date module file ../../../Engine/Plugins/Runtime/Steam/SteamVR/Binaries/Win64/UE4Editor-SteamVR.dll (API version 3709383).
LogModuleManager: Display: Found up-to-date module file ../../../Engine/Plugins/Runtime/Steam/SteamVR/Binaries/Win64/UE4Editor-SteamVRController.dll (API version 3709383).
LogModuleManager: Display: Found up-to-date module file ../../../Engine/Plugins/Runtime/WindowsMoviePlayer/Binaries/Win64/UE4Editor-WindowsMoviePlayer.dll (API version 3709383).
LogInit: Using libcurl 7.47.1
LogInit:  - built for x86_64-pc-win32
LogInit:  - supports SSL with OpenSSL/1.0.2g
LogInit:  - supports HTTP deflate (compression) using libz 1.2.8
LogInit:  - other features:
LogInit:      CURL_VERSION_SSL
LogInit:      CURL_VERSION_LIBZ
LogInit:      CURL_VERSION_IPV6
LogInit:      CURL_VERSION_ASYNCHDNS
LogInit:      CURL_VERSION_LARGEFILE
LogInit:      CURL_VERSION_IDN
LogInit:  CurlRequestOptions (configurable via config and command line):
LogInit:  - bVerifyPeer = false  - Libcurl will NOT verify peer certificate
LogInit:  - bUseHttpProxy = false  - Libcurl will NOT use HTTP proxy
LogInit:  - bDontReuseConnections = false  - Libcurl will reuse connections
LogInit:  - CertBundlePath = nullptr  - Libcurl will use whatever was configured at build time.
LogInit: Build: ++UE4+Release-4.18-CL-3832480
LogInit: Engine Version: 4.18.3-3832480+++UE4+Release-4.18
LogInit: Compatible Engine Version: 4.18.0-3709383+++UE4+Release-4.18
LogInit: Net CL: 3709383
LogDevObjectVersion: Number of dev versions registered: 16
LogDevObjectVersion:   Dev-Blueprints (B0D832E4-1F89-4F0D-ACCF-7EB736FD4AA2): 10
LogDevObjectVersion:   Dev-Build (E1C64328-A22C-4D53-A36C-8E866417BD8C): 0
LogDevObjectVersion:   Dev-Core (375EC13C-06E4-48FB-B500-84F0262A717E): 2
LogDevObjectVersion:   Dev-Editor (E4B068ED-F494-42E9-A231-DA0B2E46BB41): 20
LogDevObjectVersion:   Dev-Framework (CFFC743F-43B0-4480-9391-14DF171D2073): 30
LogDevObjectVersion:   Dev-Mobile (B02B49B5-BB20-44E9-A304-32B752E40360): 0
LogDevObjectVersion:   Dev-Networking (A4E4105C-59A1-49B5-A7C5-40C4547EDFEE): 0
LogDevObjectVersion:   Dev-Online (39C831C9-5AE6-47DC-9A44-9C173E1C8E7C): 0
LogDevObjectVersion:   Dev-Physics (78F01B33-EBEA-4F98-B9B4-84EACCB95AA2): 0
LogDevObjectVersion:   Dev-Platform (6631380F-2D4D-43E0-8009-CF276956A95A): 0
LogDevObjectVersion:   Dev-Rendering (12F88B9F-8875-4AFC-A67C-D90C383ABD29): 20
LogDevObjectVersion:   Dev-Sequencer (7B5AE74C-D270-4C10-A958-57980B212A5A): 4
LogDevObjectVersion:   Dev-VR (D7296918-1DD6-4BDD-9DE2-64A83CC13884): 0
LogDevObjectVersion:   Dev-LoadTimes (C2A15278-BFE7-4AFE-6C17-90FF531DF755): 1
LogDevObjectVersion:   Private-Geometry (6EACA3D4-40EC-4CC1-B786-8BED09428FC5): 1
LogDevObjectVersion:   Dev-AnimPhys (29E575DD-E0A3-4627-9D10-D276232CDCEA): 12
LogInit: Compiled (64-bit): Jan 12 2018 02:04:55
LogInit: Compiled with Visual C++: 19.00.24215.01
LogInit: Build Configuration: Development
LogInit: Branch Name: ++UE4+Release-4.18
LogInit: Command line:  
LogInit: Base directory: D:/EpicGames/UE_4.18/Engine/Binaries/Win64/
LogInit: Installed Engine Build: 1
LogInit: Presizing for max 8388607 objects, including 0 objects not considered by GC, pre-allocating 0 bytes for permanent pool.
LogInit: Object subsystem initialized
[2018.02.21-07.13.54:532][  0]LogInit: Selected Device Profile: [Windows]
[2018.02.21-07.13.54:532][  0]LogInit: Applying CVar settings loaded from the selected device profile: [Windows]
[2018.02.21-07.13.54:561][  0]LogInit: Computer: KRS6-STUD-PC017
[2018.02.21-07.13.54:561][  0]LogInit: User: Administrator
[2018.02.21-07.13.54:561][  0]LogInit: CPU Page size=4096, Cores=4
[2018.02.21-07.13.54:561][  0]LogInit: High frequency timer resolution =3.328127 MHz
[2018.02.21-07.13.54:561][  0]LogMemory: Memory total: Physical=15.9GB (16GB approx)
[2018.02.21-07.13.54:561][  0]LogMemory: Platform Memory Stats for Windows
[2018.02.21-07.13.54:561][  0]LogMemory: Process Physical Memory: 279.63 MB used, 279.63 MB peak
[2018.02.21-07.13.54:561][  0]LogMemory: Process Virtual Memory: 270.96 MB used, 270.96 MB peak
[2018.02.21-07.13.54:561][  0]LogMemory: Physical Memory: 5285.08 MB used,  11019.71 MB free, 16304.79 MB total
[2018.02.21-07.13.54:561][  0]LogMemory: Virtual Memory: 730.80 MB used,  11019.71 MB free, 134217728.00 MB total
[2018.02.21-07.13.54:868][  0]LogInit: Using OS detected language (en-GB).
[2018.02.21-07.13.54:868][  0]LogInit: Using OS detected locale (en-GB).
[2018.02.21-07.13.54:871][  0]LogTextLocalizationManager: No specific localization for 'en-GB' exists, so the 'en' localization will be used.
[2018.02.21-07.13.55:234][  0]LogInit: Setting process to per monitor DPI aware
[2018.02.21-07.13.55:475][  0]LogD3D11RHI: D3D11 adapters:
[2018.02.21-07.13.55:543][  0]LogD3D11RHI:    0. 'NVIDIA GeForce GTX 1070' (Feature Level 11_0)
[2018.02.21-07.13.55:543][  0]LogD3D11RHI:       8096/0/8152 MB DedicatedVideo/DedicatedSystem/SharedSystem, Outputs:2, VendorId:0x10de
[2018.02.21-07.13.55:545][  0]LogD3D11RHI:    1. 'Microsoft Basic Render Driver' (Feature Level 11_0)
[2018.02.21-07.13.55:545][  0]LogD3D11RHI:       0/0/8152 MB DedicatedVideo/DedicatedSystem/SharedSystem, Outputs:0, VendorId:0x1414
[2018.02.21-07.13.55:545][  0]LogD3D11RHI: Chosen D3D11 Adapter: 0
[2018.02.21-07.13.55:550][  0]LogD3D11RHI: Creating new Direct3DDevice
[2018.02.21-07.13.55:550][  0]LogD3D11RHI:     GPU DeviceId: 0x1b81 (for the marketing name, search the web for "GPU Device Id")
[2018.02.21-07.13.55:550][  0]LogWindows: EnumDisplayDevices:
[2018.02.21-07.13.55:550][  0]LogWindows:    0. 'NVIDIA GeForce GTX 1070' (P:1 D:1)
[2018.02.21-07.13.55:551][  0]LogWindows:    1. 'NVIDIA GeForce GTX 1070' (P:0 D:1)
[2018.02.21-07.13.55:551][  0]LogWindows:    2. 'NVIDIA GeForce GTX 1070' (P:0 D:0)
[2018.02.21-07.13.55:551][  0]LogWindows:    3. 'NVIDIA GeForce GTX 1070' (P:0 D:0)
[2018.02.21-07.13.55:551][  0]LogWindows: DebugString: GetVideoDriverDetailsInvalid PrimaryIsNotTheChoosenAdapter GetVideoDriverDetailsInvalid PrimaryIsNotTheChoosenAdapter GetVideoDriverDetailsInvalid PrimaryIsNotTheChoosenAdapter GetVideoDriverDetailsInvalid PrimaryIsNotTheChoosenAdapter FoundDriverCount:0 
[2018.02.21-07.13.55:551][  0]LogD3D11RHI:     Adapter Name: NVIDIA GeForce GTX 1070
[2018.02.21-07.13.55:551][  0]LogD3D11RHI:   Driver Version: Unknown (internal:Unknown, unified:Unknown)
[2018.02.21-07.13.55:551][  0]LogD3D11RHI:      Driver Date: Unknown
[2018.02.21-07.13.55:551][  0]LogRHI: Texture pool is 5667 MB (70% of 8096 MB)
[2018.02.21-07.13.55:572][  0]LogD3D11RHI: Async texture creation enabled
[2018.02.21-07.13.55:594][  0]LogD3D11RHI: GPU Timing Frequency: 1000.000000 (Debug: 2 1)
[2018.02.21-07.13.55:680][  0]LogShaderCompilers: Guid format shader working directory is 26 characters bigger than the processId version (../../../../../UNREAL/AITree/Intermediate/Shaders/WorkingDirectory/8064/).
[2018.02.21-07.13.55:680][  0]LogShaderCompilers: Cleaned the shader compiler working directory 'C:/Users/Administrator/AppData/Local/Temp/UnrealShaderWorkingDir/B3DB195C40858F04E237749BF937202B/'.
[2018.02.21-07.13.55:680][  0]LogShaderCompilers: Display: Using Local Shader Compiler.
[2018.02.21-07.13.56:495][  0]LogTemp: Display: Loaded TP AllDesktopTargetPlatform
[2018.02.21-07.13.56:532][  0]LogTemp: Display: Loaded TP MacClientTargetPlatform
[2018.02.21-07.13.56:567][  0]LogTemp: Display: Loaded TP MacNoEditorTargetPlatform
[2018.02.21-07.13.56:612][  0]LogTemp: Display: Loaded TP MacServerTargetPlatform
[2018.02.21-07.13.56:651][  0]LogTemp: Display: Loaded TP MacTargetPlatform
[2018.02.21-07.13.56:695][  0]LogTemp: Display: Loaded TP WindowsClientTargetPlatform
[2018.02.21-07.13.56:734][  0]LogTemp: Display: Loaded TP WindowsNoEditorTargetPlatform
[2018.02.21-07.13.56:771][  0]LogTemp: Display: Loaded TP WindowsServerTargetPlatform
[2018.02.21-07.13.56:804][  0]LogTemp: Display: Loaded TP WindowsTargetPlatform
[2018.02.21-07.13.56:845][  0]LogTemp: Display: Loaded TP Android_ASTCTargetPlatform
[2018.02.21-07.13.56:881][  0]LogTemp: Display: Loaded TP Android_ATCTargetPlatform
[2018.02.21-07.13.56:922][  0]LogTemp: Display: Loaded TP Android_DXTTargetPlatform
[2018.02.21-07.13.56:960][  0]LogTemp: Display: Loaded TP Android_ETC1TargetPlatform
[2018.02.21-07.13.56:999][  0]LogTemp: Display: Loaded TP Android_ETC2TargetPlatform
[2018.02.21-07.13.57:072][  0]LogTemp: Display: Loaded TP Android_MultiTargetPlatform
[2018.02.21-07.13.57:072][  0]LogTemp: Display: Loaded TP Android_PVRTCTargetPlatform
[2018.02.21-07.13.57:115][  0]LogTemp: Display: Loaded TP AndroidTargetPlatform
[2018.02.21-07.13.57:143][  0]LogTemp: Display: Loaded TP HTML5TargetPlatform
[2018.02.21-07.13.57:221][  0]LogTemp: Display: Loaded TP IOSTargetPlatform
[2018.02.21-07.13.57:243][  0]LogTemp: Display: Loaded TP TVOSTargetPlatform
[2018.02.21-07.13.57:285][  0]LogTemp: Display: Loaded TP LinuxClientTargetPlatform
[2018.02.21-07.13.57:323][  0]LogTemp: Display: Loaded TP LinuxNoEditorTargetPlatform
[2018.02.21-07.13.57:360][  0]LogTemp: Display: Loaded TP LinuxServerTargetPlatform
[2018.02.21-07.13.57:402][  0]LogTemp: Display: Loaded TP LinuxTargetPlatform
[2018.02.21-07.13.57:402][  0]LogTargetPlatformManager: Display: Building Assets For Windows
[2018.02.21-07.13.57:808][  0]LogDerivedDataCache: Display: Max Cache Size: 512 MB
[2018.02.21-07.13.57:875][  0]LogDerivedDataCache: Loaded boot cache 0.07s 78MB C:/Users/Administrator/AppData/Local/UnrealEngine/4.18/DerivedDataCache/Boot.ddc.
[2018.02.21-07.13.57:875][  0]LogDerivedDataCache: Display: Loaded Boot cache: C:/Users/Administrator/AppData/Local/UnrealEngine/4.18/DerivedDataCache/Boot.ddc
[2018.02.21-07.13.57:875][  0]LogDerivedDataCache: FDerivedDataBackendGraph:  Pak pak cache file ../../../../../UNREAL/AITree/DerivedDataCache/DDC.ddp not found, will not use a pak cache.
[2018.02.21-07.13.57:875][  0]LogDerivedDataCache: Unable to find inner node Pak for hierarchical cache Hierarchy.
[2018.02.21-07.13.57:875][  0]LogDerivedDataCache: FDerivedDataBackendGraph:  CompressedPak pak cache file ../../../../../UNREAL/AITree/DerivedDataCache/Compressed.ddp not found, will not use a pak cache.
[2018.02.21-07.13.57:875][  0]LogDerivedDataCache: Unable to find inner node CompressedPak for hierarchical cache Hierarchy.
[2018.02.21-07.13.57:894][  0]LogDerivedDataCache: Display: Pak cache opened for reading ../../../Engine/DerivedDataCache/Compressed.ddp.
[2018.02.21-07.13.57:906][  0]LogDerivedDataCache: Using Local data cache path C:/Users/Administrator/AppData/Local/UnrealEngine/Common/DerivedDataCache: Writable
[2018.02.21-07.13.57:914][  0]LogMaterial: Verifying Global Shaders for PCD3D_SM5
[2018.02.21-07.13.57:914][  0]LogSlate: Using Freetype 2.6.0
[2018.02.21-07.13.57:915][  0]LogSlate: SlateFontCache - WITH_FREETYPE: 1, WITH_HARFBUZZ: 1
[2018.02.21-07.13.57:915][  0]LogSlate: SlateFontCache - WITH_FREETYPE: 1, WITH_HARFBUZZ: 1
[2018.02.21-07.13.58:383][  0]LogInit: Selected Device Profile: [Windows]
[2018.02.21-07.13.58:689][  0]LogSimplygon: Simplygon DLL not present - disabling.
[2018.02.21-07.13.58:717][  0]LogMeshReduction: Using SimplygonSwarm for distributed automatic mesh merging
[2018.02.21-07.13.58:717][  0]LogMeshReduction: Using QuadricMeshReduction for automatic static mesh reduction
[2018.02.21-07.13.58:717][  0]LogMeshReduction: No automatic skeletal mesh reduction module available
[2018.02.21-07.13.58:717][  0]LogMeshReduction: No automatic mesh merging module available
[2018.02.21-07.13.58:717][  0]LogMeshMerging: No automatic mesh merging module available
[2018.02.21-07.13.58:748][  0]LogNetVersion: AITree , NetCL: 3709383, EngineNetVer: 2, GameNetVer: 0 (Checksum: 3313755417)
[2018.02.21-07.13.58:883][  0]LogAssetRegistry: FAssetRegistry took 0.0258 seconds to start up
[2018.02.21-07.13.59:278][  0]LogPackageLocalizationCache: Processed 7 localized package path(s) for 2 prioritized culture(s) in 0.070162 seconds
[2018.02.21-07.13.59:285][  0]LogUObjectArray: 35870 objects as part of root set at end of initial load.
[2018.02.21-07.13.59:285][  0]LogUObjectAllocator: 7363696 out of 0 bytes used by permanent object pool.
[2018.02.21-07.13.59:285][  0]LogUObjectArray: CloseDisregardForGC: 0/0 objects in disregard for GC pool
[2018.02.21-07.13.59:317][  0]LogInit: WinSock: version 1.1 (2.2), MaxSocks=32767, MaxUdp=65467
[2018.02.21-07.14.01:550][  0]LogTcpMessaging: Initializing TcpMessaging bridge
[2018.02.21-07.14.01:583][  0]LogUdpMessaging: Initializing bridge on interface 0.0.0.0:0 to multicast group 230.0.0.1:6666.
[2018.02.21-07.14.10:312][  0]LogMaterial: Uniform references updated for custom material expression Custom.
[2018.02.21-07.14.10:661][  0]SourceControl: Source control is disabled
[2018.02.21-07.14.10:661][  0]SourceControl: Source control is disabled
[2018.02.21-07.14.10:705][  0]SourceControl: Source control is disabled
[2018.02.21-07.14.10:745][  0]SourceControl: Source control is disabled
[2018.02.21-07.14.11:347][  0]LogAndroidPermission: UAndroidPermissionCallbackProxy::GetInstance
[2018.02.21-07.14.11:548][  0]LogOcInput: OculusInput pre-init called
[2018.02.21-07.14.11:751][  0]LogEngine: Initializing Engine...
[2018.02.21-07.14.11:753][  0]LogHMD: Failed to initialize OpenVR with code 110
[2018.02.21-07.14.11:937][  0]LogStats: UGameplayTagsManager::ConstructGameplayTagTree: Construct from data asset -  0.000 s
[2018.02.21-07.14.11:937][  0]LogStats: UGameplayTagsManager::ConstructGameplayTagTree: GameplayTagTreeChangedEvent.Broadcast -  0.000 s
[2018.02.21-07.14.12:039][  0]LogAIModule: Creating AISystem for world Untitled
[2018.02.21-07.14.12:048][  0]LogInit: XAudio2 using 'InFocus HDD-4 (NVIDIA High Definition Audio)' : 2 channels at 48 kHz using 16 bits per sample (channel mask 0x3)
[2018.02.21-07.14.12:140][  0]LogInit: FAudioDevice initialized.
[2018.02.21-07.14.12:228][  0]LogDerivedDataCache: Saved boot cache 0.09s 78MB C:/Users/Administrator/AppData/Local/UnrealEngine/4.18/DerivedDataCache/Boot.ddc.
[2018.02.21-07.14.12:237][  0]LogInit: Texture streaming: Enabled
[2018.02.21-07.14.12:304][  0]LogEngineSessionManager: EngineSessionManager initialized
[2018.02.21-07.14.12:406][  0]LogInit: Transaction tracking system initialized
[2018.02.21-07.14.12:634][  0]BlueprintLog: New page: Editor Load
[2018.02.21-07.14.13:308][  0]LocalizationService: Localization service is disabled
[2018.02.21-07.14.13:876][  0]LogConsoleResponse: Display: 
[2018.02.21-07.14.14:018][  0]LogCook: Display: Max memory allowance for cook 16384mb min free memory 0mb
[2018.02.21-07.14.14:018][  0]LogCook: Display: Mobile HDR setting 1
[2018.02.21-07.14.14:018][  0]LogGameplayTags: Display: UGameplayTagsManager::DoneAddingNativeTags. DelegateIsBound: 0
[2018.02.21-07.14.14:874][  0]LogFileCache: Scanning file cache for directory 'D:/UNREAL/AITree/Content/' took 0.02s
[2018.02.21-07.14.14:908][  0]SourceControl: Source control is disabled
[2018.02.21-07.14.14:981][  0]LogWindowsTextInputMethodSystem: Display: IME system now deactivated.
[2018.02.21-07.14.15:015][  0]LogSlate: Took 0.000272 seconds to synchronously load lazily loaded font '../../../Engine/Content/Slate/Fonts/Roboto-Regular.ttf' (155K)
[2018.02.21-07.14.49:043][  0]LogWindowsTextInputMethodSystem: Display: IME system now deactivated.
[2018.02.21-07.14.49:048][  0]LogWindowsTextInputMethodSystem: Display: IME system now deactivated.
[2018.02.21-07.14.49:052][  0]Cmd: MAP LOAD FILE="../../../../../UNREAL/AITree/Content/ThirdPersonBP/Maps/ThirdPersonExampleMap.umap" TEMPLATE=0 SHOWPROGRESS=1 FEATURELEVEL=3
[2018.02.21-07.14.49:053][  0]LightingResults: New page: Lighting Build
[2018.02.21-07.14.49:685][  0]MapCheck: New page: Map Check
[2018.02.21-07.14.49:685][  0]LightingResults: New page: Lighting Build
[2018.02.21-07.14.50:212][  0]LogLinker: Warning: Can't find file '/Game/ThirdPersonBP/Maps/ThirdPersonExampleMap_BuiltData'
[2018.02.21-07.14.50:212][  0]LogLinker: Warning: Can't find file for asset '/Game/ThirdPersonBP/Maps/ThirdPersonExampleMap_BuiltData' while loading ../../../../../UNREAL/AITree/Content/ThirdPersonBP/Maps/ThirdPersonExampleMap.umap.
[2018.02.21-07.14.50:213][  0]LoadErrors: Error: /Game/ThirdPersonBP/Maps/ThirdPersonExampleMap : Can't find file for asset. /Game/ThirdPersonBP/Maps/ThirdPersonExampleMap_BuiltData
[2018.02.21-07.14.50:217][  0]LogLinker: Warning: Can't find file '/Game/ThirdPersonBP/Maps/ThirdPersonExampleMap_BuiltData'
[2018.02.21-07.14.50:217][  0]LogLinker: Warning: Can't find file for asset '/Game/ThirdPersonBP/Maps/ThirdPersonExampleMap_BuiltData' while loading ../../../../../UNREAL/AITree/Content/ThirdPersonBP/Maps/ThirdPersonExampleMap.umap.
[2018.02.21-07.14.50:217][  0]LoadErrors: Error: /Game/ThirdPersonBP/Maps/ThirdPersonExampleMap : Can't find file for asset. /Game/ThirdPersonBP/Maps/ThirdPersonExampleMap_BuiltData
[2018.02.21-07.14.50:220][  0]LogLinker: Warning: Can't find file '/Game/ThirdPersonBP/Maps/ThirdPersonExampleMap_BuiltData'
[2018.02.21-07.14.50:220][  0]LogLinker: Warning: Can't find file for asset '/Game/ThirdPersonBP/Maps/ThirdPersonExampleMap_BuiltData' while loading NULL.
[2018.02.21-07.14.50:220][  0]LogLinker: Warning: Can't find file '/Game/ThirdPersonBP/Maps/ThirdPersonExampleMap_BuiltData'
[2018.02.21-07.14.50:220][  0]LogLinker: Warning: Can't find file for asset '/Game/ThirdPersonBP/Maps/ThirdPersonExampleMap_BuiltData' while loading NULL.
[2018.02.21-07.14.50:326][  0]LogLinker: Warning: Can't find file '/Game/ThirdPersonBP/Maps/ThirdPersonExampleMap_BuiltData'
[2018.02.21-07.14.50:326][  0]LoadErrors: Failed to load /Game/ThirdPersonBP/Maps/ThirdPersonExampleMap_BuiltData.ThirdPersonExampleMap_BuiltData Referenced by PersistentLevel
[2018.02.21-07.14.50:327][  0]LogLinker: Warning: Can't find file for asset '/Game/ThirdPersonBP/Maps/ThirdPersonExampleMap_BuiltData' while loading NULL.
[2018.02.21-07.14.50:327][  0]LoadErrors: Failed to load /Game/ThirdPersonBP/Maps/ThirdPersonExampleMap_BuiltData.ThirdPersonExampleMap_BuiltData Referenced by PersistentLevel
[2018.02.21-07.14.53:414][  0]LogTexture: Display: Building textures: goblin_diffuse (AutoDXT, 2048X2048)
[2018.02.21-07.14.53:414][  0]LogTexture: Display: Building textures: goblin_mask (AutoDXT, 2048X2048)
[2018.02.21-07.14.53:414][  0]LogTexture: Display: Building textures: goblin_normal (BC5, 2048X2048)
[2018.02.21-07.14.53:416][  0]LogMaterial: Missing cached shader map for material Goblin_mat, compiling. 
[2018.02.21-07.14.53:638][  0]LogAnimationCompression: Building Anim DDC data for AnimSequence /Game/MixamoAnimPack/Mixamo_Goblin/Anims/Mixamo_Goblin_Sword_slash.Mixamo_Goblin_Sword_slash
[2018.02.21-07.14.53:647][  0]LogAnimationCompression: Recompressing (AnimSequence /Game/MixamoAnimPack/Mixamo_Goblin/Anims/Mixamo_Goblin_Sword_slash.Mixamo_Goblin_Sword_slash) using current/default (AnimCompress_RemoveLinearKeys_31) bFirstRecompressUsingCurrentOrDefault(1) bTryAlternateCompressor(0) IsCompressedDataValid(0)
[2018.02.21-07.14.53:695][  0]LogAnimationCompression: Building Anim DDC data for AnimSequence /Game/MixamoAnimPack/Mixamo_Goblin/Anims/Mixamo_Goblin_idle.Mixamo_Goblin_idle
[2018.02.21-07.14.53:695][  0]LogAnimationCompression: Recompressing (AnimSequence /Game/MixamoAnimPack/Mixamo_Goblin/Anims/Mixamo_Goblin_idle.Mixamo_Goblin_idle) using current/default (AnimCompress_RemoveLinearKeys_22) bFirstRecompressUsingCurrentOrDefault(1) bTryAlternateCompressor(0) IsCompressedDataValid(0)
[2018.02.21-07.14.53:847][  0]LogAnimationCompression: Building Anim DDC data for AnimSequence /Game/MixamoAnimPack/Mixamo_Goblin/Anims/Mixamo_Goblin_Run.Mixamo_Goblin_Run
[2018.02.21-07.14.53:848][  0]LogAnimationCompression: Recompressing (AnimSequence /Game/MixamoAnimPack/Mixamo_Goblin/Anims/Mixamo_Goblin_Run.Mixamo_Goblin_Run) using current/default (AnimCompress_RemoveLinearKeys_28) bFirstRecompressUsingCurrentOrDefault(1) bTryAlternateCompressor(0) IsCompressedDataValid(0)
[2018.02.21-07.14.53:883][  0]LogAnimationCompression: Building Anim DDC data for AnimSequence /Game/MixamoAnimPack/Mixamo_Goblin/Anims/Mixamo_Goblin_Walk.Mixamo_Goblin_Walk
[2018.02.21-07.14.53:883][  0]LogAnimationCompression: Recompressing (AnimSequence /Game/MixamoAnimPack/Mixamo_Goblin/Anims/Mixamo_Goblin_Walk.Mixamo_Goblin_Walk) using current/default (AnimCompress_RemoveLinearKeys_32) bFirstRecompressUsingCurrentOrDefault(1) bTryAlternateCompressor(0) IsCompressedDataValid(0)
[2018.02.21-07.14.54:164][  0]LogAIModule: Creating AISystem for world ThirdPersonExampleMap
[2018.02.21-07.14.54:195][  0]LogEditorServer: Finished looking for orphan Actors (0.000 secs)
[2018.02.21-07.14.54:209][  0]Cmd: MAP CHECKDEP NOCLEARLOG
[2018.02.21-07.14.54:263][  0]MapCheck: Map check complete: 0 Error(s), 0 Warning(s), took 54.186ms to complete.
[2018.02.21-07.14.54:263][  0]LogFileHelpers: Loading map 'ThirdPersonExampleMap' took 5.211
[2018.02.21-07.14.54:669][  0]LogStats: Warning: MetaData mismatch. Did you assign a stat to two groups? New //STATGROUP_Threads//SplashScreenThread///Thread_3984_0///####STATCAT_Advanced#### old //STATGROUP_Threads//SplashScreenThread///Thread_964_0///####STATCAT_Advanced####
[2018.02.21-07.14.54:669][  0]LogCollectionManager: Loaded 0 collections in 0.000818 seconds
[2018.02.21-07.14.54:768][  0]LogFileCache: Scanning file cache for directory 'D:/UNREAL/AITree/Saved/Collections/' took 0.01s
[2018.02.21-07.14.54:768][  0]LogFileCache: Scanning file cache for directory 'D:/UNREAL/AITree/Content/Developers/Administrator/Collections/' took 0.01s
[2018.02.21-07.14.54:768][  0]LogFileCache: Scanning file cache for directory 'D:/UNREAL/AITree/Content/Collections/' took 0.01s
[2018.02.21-07.14.54:768][  0]LogCollectionManager: Rebuilt the GUID cache for 0 collections in 0.000001 seconds
[2018.02.21-07.14.54:780][  0]LogContentBrowser: Native class hierarchy populated in 0.0118 seconds. Added 2364 classes and 521 folders.
[2018.02.21-07.14.54:847][  0]LogContentBrowser: Native class hierarchy updated for 'WidgetCarousel' in 0.0007 seconds. Added 0 classes and 0 folders.
[2018.02.21-07.14.54:893][  0]LogContentBrowser: Native class hierarchy updated for 'AddContentDialog' in 0.0006 seconds. Added 0 classes and 0 folders.
[2018.02.21-07.14.54:943][  0]LogContentBrowser: Native class hierarchy updated for 'SceneOutliner' in 0.0006 seconds. Added 1 classes and 2 folders.
[2018.02.21-07.14.55:034][  0]LogSlate: Took 0.000302 seconds to synchronously load lazily loaded font '../../../Engine/Content/Slate/Fonts/Roboto-Bold.ttf' (160K)
[2018.02.21-07.14.55:040][  0]LogSlate: Took 0.000322 seconds to synchronously load lazily loaded font '../../../Engine/Content/Editor/Slate/Fonts/FontAwesome.ttf' (139K)
[2018.02.21-07.14.55:203][  0]LogRenderer: Reallocating scene render targets to support 1152x696 Format 10 NumSamples 1 (Frame:1).
[2018.02.21-07.14.55:476][  0]LogContentBrowser: Native class hierarchy updated for 'HierarchicalLODOutliner' in 0.0006 seconds. Added 1 classes and 2 folders.
[2018.02.21-07.14.55:476][  0]LogLoad: (Engine Initialization) Total time: 105.50 seconds
[2018.02.21-07.14.55:476][  0]LogLoad: (Engine Initialization) Total Blueprint compile time: 0.00 seconds
[2018.02.21-07.14.55:476][  0]LogExternalProfiler: Found external profiler: VSPerf
[2018.02.21-07.14.55:476][  0]LogExternalProfiler: Using external profiler: VSPerf
[2018.02.21-07.14.55:506][  0]LogContentStreaming: Texture pool size now 1000 MB
[2018.02.21-07.14.55:571][  0]LogSlate: Took 0.000299 seconds to synchronously load lazily loaded font '../../../Engine/Content/Slate/Fonts/Roboto-Light.ttf' (159K)
[2018.02.21-07.14.55:630][  1]LogAssetRegistry: Asset discovery search completed in 56.7690 seconds
[2018.02.21-07.14.55:633][  1]LogCollectionManager: Rebuilt the object cache for 0 collections in 0.000000 seconds (found 0 objects)
[2018.02.21-07.14.55:633][  1]LogCollectionManager: Fixed up redirectors for 0 collections in 0.000078 seconds (updated 0 objects)
[2018.02.21-07.14.56:523][ 63]LogSlate: Took 0.000262 seconds to synchronously load lazily loaded font '../../../Engine/Content/Slate/Fonts/Roboto-Light.ttf' (159K)
[2018.02.21-07.15.02:397][704]LogTemp: Repeating last play command: Selected Viewport
[2018.02.21-07.15.02:522][704]LogBlueprintUserMessages: Early PlayInEditor Detection: Level '/Game/ThirdPersonBP/Maps/ThirdPersonExampleMap.ThirdPersonExampleMap:PersistentLevel' has LevelScriptBlueprint '/Game/ThirdPersonBP/Maps/ThirdPersonExampleMap.ThirdPersonExampleMap:PersistentLevel.ThirdPersonExampleMap' with GeneratedClass '/Game/ThirdPersonBP/Maps/ThirdPersonExampleMap.ThirdPersonExampleMap_C' with ClassGeneratedBy '/Game/ThirdPersonBP/Maps/ThirdPersonExampleMap.ThirdPersonExampleMap:PersistentLevel.ThirdPersonExampleMap'
[2018.02.21-07.15.02:522][704]LogPlayLevel: PlayLevel: No blueprints needed recompiling
[2018.02.21-07.15.02:523][704]PIE: New page: PIE session: ThirdPersonExampleMap (21 Feb 2018 09:15:02)
[2018.02.21-07.15.02:523][704]LogPlayLevel: Creating play world package: /Game/ThirdPersonBP/Maps/UEDPIE_0_ThirdPersonExampleMap
[2018.02.21-07.15.02:558][704]LogPlayLevel: PIE: StaticDuplicateObject took: (0.034311s)
[2018.02.21-07.15.02:558][704]LogAIModule: Creating AISystem for world ThirdPersonExampleMap
[2018.02.21-07.15.02:558][704]LogPlayLevel: PIE: World Init took: (0.000725s)
[2018.02.21-07.15.02:559][704]LogPlayLevel: PIE: Created PIE world by copying editor world from /Game/ThirdPersonBP/Maps/ThirdPersonExampleMap.ThirdPersonExampleMap to /Game/ThirdPersonBP/Maps/UEDPIE_0_ThirdPersonExampleMap.ThirdPersonExampleMap (0.035349s)
[2018.02.21-07.15.02:572][704]LogInit: XAudio2 using 'InFocus HDD-4 (NVIDIA High Definition Audio)' : 2 channels at 48 kHz using 16 bits per sample (channel mask 0x3)
[2018.02.21-07.15.02:578][704]LogInit: FAudioDevice initialized.
[2018.02.21-07.15.02:621][704]LogLoad: Game class is 'ThirdPersonGameMode_C'
[2018.02.21-07.15.02:640][704]LogWorld: Bringing World /Game/ThirdPersonBP/Maps/UEDPIE_0_ThirdPersonExampleMap.ThirdPersonExampleMap up for play (max tick rate 0) at 2018.02.21-08.15.02
[2018.02.21-07.15.02:670][704]LogWorld: Bringing up level for play took: 0.047375
[2018.02.21-07.15.02:702][704]LogContentBrowser: Native class hierarchy updated for 'MovieSceneCapture' in 0.0004 seconds. Added 11 classes and 0 folders.
[2018.02.21-07.15.02:704][704]PIE: Play in editor start time for /Game/ThirdPersonBP/Maps/UEDPIE_0_ThirdPersonExampleMap 0.247
[2018.02.21-07.15.02:704][704]LogBlueprintUserMessages: Late PlayInEditor Detection: Level '/Game/ThirdPersonBP/Maps/ThirdPersonExampleMap.ThirdPersonExampleMap:PersistentLevel' has LevelScriptBlueprint '/Game/ThirdPersonBP/Maps/ThirdPersonExampleMap.ThirdPersonExampleMap:PersistentLevel.ThirdPersonExampleMap' with GeneratedClass '/Game/ThirdPersonBP/Maps/ThirdPersonExampleMap.ThirdPersonExampleMap_C' with ClassGeneratedBy '/Game/ThirdPersonBP/Maps/ThirdPersonExampleMap.ThirdPersonExampleMap:PersistentLevel.ThirdPersonExampleMap'
[2018.02.21-07.15.02:774][705]LogCharacterMovement: Warning: GetSimulationTimeStep() - Max iterations 8 hit while remaining time 0.057212 > MaxSimulationTimeStep (0.050) for 'ThirdPersonCharacter_167', movement 'Walking'
[2018.02.21-07.15.14:209][ 71]LogBlueprintUserMessages: Early EndPlayMap Detection: Level '/Game/ThirdPersonBP/Maps/ThirdPersonExampleMap.ThirdPersonExampleMap:PersistentLevel' has LevelScriptBlueprint '/Game/ThirdPersonBP/Maps/ThirdPersonExampleMap.ThirdPersonExampleMap:PersistentLevel.ThirdPersonExampleMap' with GeneratedClass '/Game/ThirdPersonBP/Maps/ThirdPersonExampleMap.ThirdPersonExampleMap_C' with ClassGeneratedBy '/Game/ThirdPersonBP/Maps/ThirdPersonExampleMap.ThirdPersonExampleMap:PersistentLevel.ThirdPersonExampleMap'
[2018.02.21-07.15.14:244][ 71]LogBlueprintUserMessages: Late EndPlayMap Detection: Level '/Game/ThirdPersonBP/Maps/ThirdPersonExampleMap.ThirdPersonExampleMap:PersistentLevel' has LevelScriptBlueprint '/Game/ThirdPersonBP/Maps/ThirdPersonExampleMap.ThirdPersonExampleMap:PersistentLevel.ThirdPersonExampleMap' with GeneratedClass '/Game/ThirdPersonBP/Maps/ThirdPersonExampleMap.ThirdPersonExampleMap_C' with ClassGeneratedBy '/Game/ThirdPersonBP/Maps/ThirdPersonExampleMap.ThirdPersonExampleMap:PersistentLevel.ThirdPersonExampleMap'
[2018.02.21-07.15.38:605][887]LogSlate: Took 0.000191 seconds to synchronously load lazily loaded font '../../../Engine/Content/Slate/Fonts/Roboto-Light.ttf' (159K)
[2018.02.21-07.15.48:163][978]LogContentBrowser: Native class hierarchy updated for 'BlueprintGraph' in 0.0007 seconds. Added 116 classes and 0 folders.
[2018.02.21-07.15.48:769][978]LogSlate: Took 0.000291 seconds to synchronously load lazily loaded font '../../../Engine/Content/Slate/Fonts/Roboto-Regular.ttf' (155K)
[2018.02.21-07.15.48:821][978]LogSlate: Took 0.000261 seconds to synchronously load lazily loaded font '../../../Engine/Content/Editor/Slate/Fonts/Roboto-BoldCondensed.ttf' (158K)
[2018.02.21-07.15.48:857][979]LogSlate: Took 0.000243 seconds to synchronously load lazily loaded font '../../../Engine/Content/Editor/Slate/Fonts/Roboto-Italic.ttf' (157K)
[2018.02.21-08.27.07:231][983]Cmd: QUIT_EDITOR
[2018.02.21-08.27.07:652][983]LogWindowsTextInputMethodSystem: Display: IME system now deactivated.
[2018.02.21-08.27.07:661][983]LogExit: Preparing to exit.
[2018.02.21-08.27.08:026][983]LogDirectoryWatcher: A directory notification for 'D:/UNREAL/AITree/Content/' was aborted.
[2018.02.21-08.27.08:059][983]LogExit: Editor shut down
[2018.02.21-08.27.08:069][983]LogExit: Transaction tracking system shut down
[2018.02.21-08.27.08:255][983]LogDirectoryWatcher: A directory notification for '../../../Engine/Content/' was aborted.
[2018.02.21-08.27.08:255][983]LogDirectoryWatcher: A directory notification for '../../../../../UNREAL/AITree/Content/' was aborted.
[2018.02.21-08.27.08:255][983]LogDirectoryWatcher: A directory notification for '../../../Engine/Plugins/2D/Paper2D/Content/' was aborted.
[2018.02.21-08.27.08:255][983]LogDirectoryWatcher: A directory notification for '../../../Engine/Plugins/Media/MediaCompositing/Content/' was aborted.
[2018.02.21-08.27.08:255][983]LogDirectoryWatcher: A directory notification for '../../../Engine/Plugins/Runtime/AppleARKit/Content/' was aborted.
[2018.02.21-08.27.08:255][983]LogDirectoryWatcher: A directory notification for '../../../Engine/Plugins/Runtime/Oculus/OculusVR/Content/' was aborted.
[2018.02.21-08.27.08:255][983]LogDirectoryWatcher: A directory notification for '../../../Engine/Plugins/Runtime/Steam/SteamVR/Content/' was aborted.
[2018.02.21-08.27.08:334][983]LogExit: Object subsystem successfully closed.
[2018.02.21-08.27.08:356][983]LogD3D11RHI: Shutdown
[2018.02.21-08.27.08:357][983]LogD3D11RHI: CleanupD3DDevice
[2018.02.21-08.27.08:359][983]LogD3D11RHI: ~FD3D11DynamicRHI
[2018.02.21-08.27.08:369][983]LogModuleManager: Shutting down and abandoning module BlueprintGraph (554)
[2018.02.21-08.27.08:369][983]LogModuleManager: Shutting down and abandoning module MovieSceneCapture (552)
[2018.02.21-08.27.08:369][983]LogModuleManager: Shutting down and abandoning module HierarchicalLODOutliner (550)
[2018.02.21-08.27.08:369][983]LogModuleManager: Shutting down and abandoning module SceneOutliner (548)
[2018.02.21-08.27.08:369][983]LogModuleManager: Shutting down and abandoning module AddContentDialog (546)
[2018.02.21-08.27.08:369][983]LogDirectoryWatcher: A directory notification for 'D:/EpicGames/UE_4.18/FeaturePacks/' was aborted.
[2018.02.21-08.27.08:370][983]LogModuleManager: Shutting down and abandoning module WidgetCarousel (545)
[2018.02.21-08.27.08:370][983]LogModuleManager: Shutting down and abandoning module EditorWidgets (542)
[2018.02.21-08.27.08:370][983]LogModuleManager: Shutting down and abandoning module CollectionManager (540)
[2018.02.21-08.27.08:370][983]LogDirectoryWatcher: A directory notification for 'D:/UNREAL/AITree/Content/Collections/' was aborted.
[2018.02.21-08.27.08:370][983]LogDirectoryWatcher: A directory notification for 'D:/UNREAL/AITree/Content/Developers/Administrator/Collections/' was aborted.
[2018.02.21-08.27.08:370][983]LogDirectoryWatcher: A directory notification for 'D:/UNREAL/AITree/Saved/Collections/' was aborted.
[2018.02.21-08.27.08:370][983]LogModuleManager: Shutting down and abandoning module StatsViewer (538)
[2018.02.21-08.27.08:370][983]LogModuleManager: Shutting down and abandoning module FoliageEdit (536)
[2018.02.21-08.27.08:370][983]LogModuleManager: Shutting down and abandoning module LandscapeEditor (534)
[2018.02.21-08.27.08:370][983]LogModuleManager: Shutting down and abandoning module MeshPaintMode (532)
[2018.02.21-08.27.08:370][983]LogModuleManager: Shutting down and abandoning module SceneDepthPickerMode (530)
[2018.02.21-08.27.08:370][983]LogModuleManager: Shutting down and abandoning module ActorPickerMode (528)
[2018.02.21-08.27.08:370][983]LogModuleManager: Shutting down and abandoning module GeometryMode (526)
[2018.02.21-08.27.08:370][983]LogModuleManager: Shutting down and abandoning module TextureAlignMode (524)
[2018.02.21-08.27.08:370][983]LogModuleManager: Shutting down and abandoning module BspMode (522)
[2018.02.21-08.27.08:370][983]LogModuleManager: Shutting down and abandoning module PIEPreviewDeviceProfileSelector (520)
[2018.02.21-08.27.08:370][983]LogModuleManager: Shutting down and abandoning module HardwareSurvey (518)
[2018.02.21-08.27.08:370][983]LogModuleManager: Shutting down and abandoning module SequenceRecorderSections (516)
[2018.02.21-08.27.08:371][983]LogModuleManager: Shutting down and abandoning module AutomationWorker (514)
[2018.02.21-08.27.08:371][983]LogModuleManager: Shutting down and abandoning module MatineeToLevelSequence (512)
[2018.02.21-08.27.08:371][983]LogModuleManager: Shutting down and abandoning module LevelSequenceEditor (510)
[2018.02.21-08.27.08:371][983]LogModuleManager: Shutting down and abandoning module PlacementMode (509)
[2018.02.21-08.27.08:371][983]LogModuleManager: Shutting down and abandoning module WmfMediaFactory (506)
[2018.02.21-08.27.08:371][983]LogModuleManager: Shutting down and abandoning module WmfMediaEditor (504)
[2018.02.21-08.27.08:371][983]LogModuleManager: Shutting down and abandoning module OpenExrWrapper (502)
[2018.02.21-08.27.08:371][983]LogModuleManager: Shutting down and abandoning module ImgMediaFactory (500)
[2018.02.21-08.27.08:371][983]LogModuleManager: Shutting down and abandoning module ImgMediaEditor (498)
[2018.02.21-08.27.08:371][983]LogModuleManager: Shutting down and abandoning module AvfMediaFactory (496)
[2018.02.21-08.27.08:371][983]LogModuleManager: Shutting down and abandoning module AvfMediaEditor (494)
[2018.02.21-08.27.08:371][983]LogModuleManager: Shutting down and abandoning module AndroidMediaFactory (492)
[2018.02.21-08.27.08:371][983]LogModuleManager: Shutting down and abandoning module AndroidMediaEditor (490)
[2018.02.21-08.27.08:371][983]LogModuleManager: Shutting down and abandoning module CharacterAI (488)
[2018.02.21-08.27.08:371][983]LogModuleManager: Shutting down and abandoning module AudioCapture (486)
[2018.02.21-08.27.08:371][983]LogModuleManager: Shutting down and abandoning module SequenceRecorder (485)
[2018.02.21-08.27.08:371][983]LogModuleManager: Shutting down and abandoning module SmartSnapping (482)
[2018.02.21-08.27.08:371][983]LogModuleManager: Shutting down and abandoning module SessionServices (480)
[2018.02.21-08.27.08:371][983]LogModuleManager: Shutting down and abandoning module ViewportSnapping (478)
[2018.02.21-08.27.08:371][983]LogModuleManager: Shutting down and abandoning module ViewportInteraction (476)
[2018.02.21-08.27.08:371][983]LogModuleManager: Shutting down and abandoning module ClothPainter (474)
[2018.02.21-08.27.08:371][983]LogModuleManager: Shutting down and abandoning module SkeletalMeshEditor (473)
[2018.02.21-08.27.08:371][983]LogModuleManager: Shutting down and abandoning module LogVisualizer (470)
[2018.02.21-08.27.08:371][983]LogModuleManager: Shutting down and abandoning module IntroTutorials (468)
[2018.02.21-08.27.08:371][983]LogModuleManager: Shutting down and abandoning module GameProjectGeneration (467)
[2018.02.21-08.27.08:371][983]LogModuleManager: Shutting down and abandoning module IOSPlatformEditor (464)
[2018.02.21-08.27.08:371][983]LogModuleManager: Shutting down and abandoning module HTML5PlatformEditor (462)
[2018.02.21-08.27.08:371][983]LogModuleManager: Shutting down and abandoning module AndroidPlatformEditor (460)
[2018.02.21-08.27.08:371][983]LogModuleManager: Shutting down and abandoning module AndroidDeviceDetection (459)
[2018.02.21-08.27.09:282][983]LogModuleManager: Shutting down and abandoning module WindowsPlatformEditor (456)
[2018.02.21-08.27.09:282][983]LogModuleManager: Shutting down and abandoning module IOSRuntimeSettings (454)
[2018.02.21-08.27.09:282][983]LogModuleManager: Shutting down and abandoning module AndroidRuntimeSettings (452)
[2018.02.21-08.27.09:282][983]LogModuleManager: Shutting down and abandoning module InputBindingEditor (450)
[2018.02.21-08.27.09:282][983]LogModuleManager: Shutting down and abandoning module MergeActors (448)
[2018.02.21-08.27.09:282][983]LogModuleManager: Shutting down and abandoning module SizeMap (446)
[2018.02.21-08.27.09:282][983]LogModuleManager: Shutting down and abandoning module TreeMap (444)
[2018.02.21-08.27.09:282][983]LogModuleManager: Shutting down and abandoning module ReferenceViewer (442)
[2018.02.21-08.27.09:282][983]LogModuleManager: Shutting down and abandoning module LocalizationDashboard (440)
[2018.02.21-08.27.09:282][983]LogModuleManager: Shutting down and abandoning module LocalizationService (439)
[2018.02.21-08.27.09:282][983]LogModuleManager: Shutting down and abandoning module HardwareTargeting (436)
[2018.02.21-08.27.09:282][983]LogModuleManager: Shutting down and abandoning module DeviceProfileEditor (434)
[2018.02.21-08.27.09:282][983]LogModuleManager: Shutting down and abandoning module UndoHistory (432)
[2018.02.21-08.27.09:282][983]LogModuleManager: Shutting down and abandoning module XmlParser (430)
[2018.02.21-08.27.09:282][983]LogModuleManager: Shutting down and abandoning module Blutility (428)
[2018.02.21-08.27.09:282][983]LogModuleManager: Shutting down and abandoning module ProjectSettingsViewer (426)
[2018.02.21-08.27.09:282][983]LogModuleManager: Shutting down and abandoning module ProjectTargetPlatformEditor (425)
[2018.02.21-08.27.09:282][983]LogModuleManager: Shutting down and abandoning module EditorSettingsViewer (422)
[2018.02.21-08.27.09:282][983]LogModuleManager: Shutting down and abandoning module SettingsEditor (420)
[2018.02.21-08.27.09:282][983]LogModuleManager: Shutting down and abandoning module ProjectLauncher (418)
[2018.02.21-08.27.09:282][983]LogModuleManager: Shutting down and abandoning module SessionFrontend (416)
[2018.02.21-08.27.09:282][983]LogModuleManager: Shutting down and abandoning module ProfilerClient (414)
[2018.02.21-08.27.09:282][983]LogModuleManager: Shutting down and abandoning module DeviceManager (412)
[2018.02.21-08.27.09:282][983]LogModuleManager: Shutting down and abandoning module TargetDeviceServices (411)
[2018.02.21-08.27.09:346][983]LogModuleManager: Shutting down and abandoning module AutomationController (408)
[2018.02.21-08.27.09:346][983]LogModuleManager: Shutting down and abandoning module AutomationWindow (406)
[2018.02.21-08.27.09:346][983]LogModuleManager: Shutting down and abandoning module Layers (404)
[2018.02.21-08.27.09:346][983]LogModuleManager: Shutting down and abandoning module ComponentVisualizers (402)
[2018.02.21-08.27.09:346][983]LogModuleManager: Shutting down and abandoning module DetailCustomizations (400)
[2018.02.21-08.27.09:346][983]LogModuleManager: Shutting down and abandoning module PackagesDialog (398)
[2018.02.21-08.27.09:346][983]LogModuleManager: Shutting down and abandoning module Persona (396)
[2018.02.21-08.27.09:346][983]LogModuleManager: Shutting down and abandoning module AdvancedPreviewScene (395)
[2018.02.21-08.27.09:346][983]LogModuleManager: Shutting down and abandoning module AnimGraph (393)
[2018.02.21-08.27.09:346][983]LogModuleManager: Shutting down and abandoning module Kismet (390)
[2018.02.21-08.27.09:351][983]LogModuleManager: Shutting down and abandoning module ClassViewer (388)
[2018.02.21-08.27.09:352][983]LogModuleManager: Shutting down and abandoning module Toolbox (386)
[2018.02.21-08.27.09:352][983]LogModuleManager: Shutting down and abandoning module ModuleUI (384)
[2018.02.21-08.27.09:352][983]LogModuleManager: Shutting down and abandoning module MovieSceneTools (382)
[2018.02.21-08.27.09:352][983]LogModuleManager: Shutting down and abandoning module OutputLog (380)
[2018.02.21-08.27.09:352][983]LogModuleManager: Shutting down and abandoning module GammaUI (378)
[2018.02.21-08.27.09:352][983]LogModuleManager: Shutting down and abandoning module Documentation (376)
[2018.02.21-08.27.09:352][983]LogModuleManager: Shutting down and abandoning module MovieSceneTracks (374)
[2018.02.21-08.27.09:352][983]LogModuleManager: Shutting down and abandoning module MovieScene (372)
[2018.02.21-08.27.09:352][983]LogModuleManager: Shutting down and abandoning module StreamingPauseRendering (370)
[2018.02.21-08.27.09:352][983]LogModuleManager: Shutting down and abandoning module LauncherPlatform (368)
[2018.02.21-08.27.09:352][983]LogModuleManager: Shutting down and abandoning module AnalyticsET (366)
[2018.02.21-08.27.09:352][983]LogModuleManager: Shutting down and abandoning module PortalServices (364)
[2018.02.21-08.27.09:352][983]LogModuleManager: Shutting down and abandoning module PortalRpc (362)
[2018.02.21-08.27.09:352][983]LogModuleManager: Shutting down and abandoning module MessagingRpc (360)
[2018.02.21-08.27.09:352][983]LogModuleManager: Shutting down and abandoning module AIModule (358)
[2018.02.21-08.27.09:352][983]LogModuleManager: Shutting down and abandoning module GameplayDebugger (357)
[2018.02.21-08.27.09:352][983]LogModuleManager: Shutting down and abandoning module AITestSuite (355)
[2018.02.21-08.27.09:352][983]LogModuleManager: Shutting down and abandoning module ProfilerService (352)
[2018.02.21-08.27.09:556][983]LogModuleManager: Shutting down and abandoning module TaskGraph (350)
[2018.02.21-08.27.09:556][983]LogModuleManager: Shutting down and abandoning module SteamVRController (348)
[2018.02.21-08.27.09:556][983]LogModuleManager: Shutting down and abandoning module ProceduralMeshComponentEditor (346)
[2018.02.21-08.27.09:556][983]LogModuleManager: Shutting down and abandoning module ProceduralMeshComponent (344)
[2018.02.21-08.27.09:556][983]LogModuleManager: Shutting down and abandoning module OculusInput (342)
[2018.02.21-08.27.09:556][983]LogModuleManager: Shutting down and abandoning module MobilePatchingUtils (340)
[2018.02.21-08.27.09:556][983]LogModuleManager: Shutting down and abandoning module CustomMeshComponent (338)
[2018.02.21-08.27.09:556][983]LogModuleManager: Shutting down and abandoning module CableComponent (336)
[2018.02.21-08.27.09:556][983]LogModuleManager: Shutting down and abandoning module ArchVisCharacter (334)
[2018.02.21-08.27.09:557][983]LogModuleManager: Shutting down and abandoning module AndroidPermission (332)
[2018.02.21-08.27.09:557][983]LogModuleManager: Shutting down and abandoning module ActorSequence (328)
[2018.02.21-08.27.09:557][983]LogModuleManager: Shutting down and abandoning module MediaPlayerEditor (326)
[2018.02.21-08.27.09:557][983]LogModuleManager: Shutting down and abandoning module MediaCompositingEditor (324)
[2018.02.21-08.27.09:557][983]LogModuleManager: Shutting down and abandoning module MediaCompositing (322)
[2018.02.21-08.27.09:557][983]LogModuleManager: Shutting down and abandoning module HTML5Networking (320)
[2018.02.21-08.27.09:557][983]LogModuleManager: Shutting down and abandoning module AlembicImporter (318)
[2018.02.21-08.27.09:557][983]LogModuleManager: Shutting down and abandoning module AlembicLibrary (317)
[2018.02.21-08.27.09:557][983]LogModuleManager: Shutting down and abandoning module GeometryCache (316)
[2018.02.21-08.27.09:557][983]LogModuleManager: Shutting down and abandoning module GeometryCacheEd (315)
[2018.02.21-08.27.09:557][983]LogModuleManager: Shutting down and abandoning module SpeedTreeImporter (310)
[2018.02.21-08.27.09:557][983]LogModuleManager: Shutting down and abandoning module PluginBrowser (308)
[2018.02.21-08.27.09:557][983]LogModuleManager: Shutting down and abandoning module MobileLauncherProfileWizard (306)
[2018.02.21-08.27.09:557][983]LogModuleManager: Shutting down and abandoning module VisualStudioSourceCodeAccess (304)
[2018.02.21-08.27.09:557][983]LogModuleManager: Shutting down and abandoning module VisualStudioCodeSourceCodeAccess (302)
[2018.02.21-08.27.09:557][983]LogModuleManager: Shutting down and abandoning module UObjectPlugin (300)
[2018.02.21-08.27.09:557][983]LogModuleManager: Shutting down and abandoning module SubversionSourceControl (298)
[2018.02.21-08.27.09:557][983]LogModuleManager: Shutting down and abandoning module PerforceSourceControl (296)
[2018.02.21-08.27.09:557][983]LogModuleManager: Shutting down and abandoning module GitSourceControl (294)
[2018.02.21-08.27.09:557][983]LogModuleManager: Shutting down and abandoning module SourceControl (293)
[2018.02.21-08.27.09:557][983]LogModuleManager: Shutting down and abandoning module LightPropagationVolumeEditor (290)
[2018.02.21-08.27.09:557][983]LogModuleManager: Shutting down and abandoning module PaperTiledImporter (288)
[2018.02.21-08.27.09:557][983]LogModuleManager: Shutting down and abandoning module PaperSpriteSheetImporter (286)
[2018.02.21-08.27.09:557][983]LogModuleManager: Shutting down and abandoning module Paper2DEditor (284)
[2018.02.21-08.27.09:557][983]LogModuleManager: Shutting down and abandoning module MeshPaint (283)
[2018.02.21-08.27.09:557][983]LogModuleManager: Shutting down and abandoning module LevelEditor (281)
[2018.02.21-08.27.09:558][983]LogModuleManager: Shutting down and abandoning module PixelInspectorModule (280)
[2018.02.21-08.27.09:558][983]LogModuleManager: Shutting down and abandoning module MainFrame (278)
[2018.02.21-08.27.09:558][983]LogModuleManager: Shutting down and abandoning module HotReload (277)
[2018.02.21-08.27.09:558][983]LogDirectoryWatcher: A directory notification for 'D:/UNREAL/AITree/Binaries/Win64' was aborted.
[2018.02.21-08.27.09:559][983]LogModuleManager: Shutting down and abandoning module AITree (272)
[2018.02.21-08.27.09:559][983]LogModuleManager: Shutting down and abandoning module RuntimePhysXCooking (270)
[2018.02.21-08.27.09:559][983]LogModuleManager: Shutting down and abandoning module PhysXVehiclesEditor (268)
[2018.02.21-08.27.09:559][983]LogModuleManager: Shutting down and abandoning module PhysXVehicles (266)
[2018.02.21-08.27.09:559][983]LogModuleManager: Shutting down and abandoning module OculusEditor (264)
[2018.02.21-08.27.09:559][983]LogModuleManager: Shutting down and abandoning module LocationServicesBPLibrary (262)
[2018.02.21-08.27.09:559][983]LogModuleManager: Shutting down and abandoning module ImmediatePhysicsEditor (260)
[2018.02.21-08.27.09:559][983]LogModuleManager: Shutting down and abandoning module ImmediatePhysics (258)
[2018.02.21-08.27.09:559][983]LogModuleManager: Shutting down and abandoning module UdpMessaging (256)
[2018.02.21-08.27.09:659][983]LogModuleManager: Shutting down and abandoning module TcpMessaging (254)
[2018.02.21-08.27.09:760][983]LogModuleManager: Shutting down and abandoning module GameplayTagsEditor (252)
[2018.02.21-08.27.09:760][983]LogModuleManager: Shutting down and abandoning module FacialAnimationEditor (250)
[2018.02.21-08.27.09:760][983]LogModuleManager: Shutting down and abandoning module FacialAnimation (248)
[2018.02.21-08.27.09:760][983]LogModuleManager: Shutting down and abandoning module AssetManagerEditor (246)
[2018.02.21-08.27.09:760][983]LogModuleManager: Shutting down and abandoning module GraphEditor (245)
[2018.02.21-08.27.09:760][983]LogModuleManager: Shutting down and abandoning module ContentBrowser (243)
[2018.02.21-08.27.09:761][983]LogModuleManager: Shutting down and abandoning module LightPropagationVolumeRuntime (240)
[2018.02.21-08.27.09:761][983]LogModuleManager: Shutting down and abandoning module Paper2D (238)
[2018.02.21-08.27.09:762][983]LogModuleManager: Shutting down and abandoning module WindowsMoviePlayer (236)
[2018.02.21-08.27.09:762][983]LogModuleManager: Shutting down and abandoning module WmfMedia (234)
[2018.02.21-08.27.09:763][983]LogModuleManager: Shutting down and abandoning module ImgMedia (232)
[2018.02.21-08.27.09:763][983]LogModuleManager: Shutting down and abandoning module PacketHandler (230)
[2018.02.21-08.27.09:763][983]LogModuleManager: Shutting down and abandoning module ClothingSystemEditor (228)
[2018.02.21-08.27.09:763][983]LogModuleManager: Shutting down and abandoning module ClothingSystemRuntime (226)
[2018.02.21-08.27.09:763][983]LogModuleManager: Shutting down and abandoning module MediaAssets (224)
[2018.02.21-08.27.09:763][983]LogModuleManager: Shutting down and abandoning module Media (223)
[2018.02.21-08.27.09:769][983]LogModuleManager: Shutting down and abandoning module Overlay (220)
[2018.02.21-08.27.09:769][983]LogModuleManager: Shutting down and abandoning module OverlayEditor (219)
[2018.02.21-08.27.09:769][983]LogModuleManager: Shutting down and abandoning module VREditor (216)
[2018.02.21-08.27.09:769][983]LogModuleManager: Shutting down and abandoning module StringTableEditor (214)
[2018.02.21-08.27.09:769][983]LogModuleManager: Shutting down and abandoning module GameplayTasksEditor (212)
[2018.02.21-08.27.09:769][983]LogModuleManager: Shutting down and abandoning module BehaviorTreeEditor (210)
[2018.02.21-08.27.09:769][983]LogModuleManager: Shutting down and abandoning module FunctionalTesting (208)
[2018.02.21-08.27.09:769][983]LogModuleManager: Shutting down and abandoning module CollisionAnalyzer (206)
[2018.02.21-08.27.09:770][983]LogModuleManager: Shutting down and abandoning module WorkspaceMenuStructure (205)
[2018.02.21-08.27.09:770][983]LogModuleManager: Shutting down and abandoning module UMG (202)
[2018.02.21-08.27.09:770][983]LogModuleManager: Shutting down and abandoning module UMGEditor (201)
[2018.02.21-08.27.09:770][983]LogModuleManager: Shutting down and abandoning module Sequencer (200)
[2018.02.21-08.27.09:770][983]LogModuleManager: Shutting down and abandoning module MessageLog (197)
[2018.02.21-08.27.09:770][983]LogModuleManager: Shutting down and abandoning module SlateReflector (192)
[2018.02.21-08.27.09:770][983]LogModuleManager: Shutting down and abandoning module Slate (190)
[2018.02.21-08.27.09:770][983]LogModuleManager: Shutting down and abandoning module EditorStyle (188)
[2018.02.21-08.27.09:773][983]LogModuleManager: Shutting down and abandoning module MRMesh (186)
[2018.02.21-08.27.09:773][983]LogModuleManager: Shutting down and abandoning module SourceCodeAccess (184)
[2018.02.21-08.27.09:773][983]LogModuleManager: Shutting down and abandoning module HeadMountedDisplay (182)
[2018.02.21-08.27.09:773][983]LogModuleManager: Shutting down and abandoning module XAudio2 (180)
[2018.02.21-08.27.09:773][983]LogModuleManager: Shutting down and abandoning module Networking (178)
[2018.02.21-08.27.09:773][983]LogModuleManager: Shutting down and abandoning module Core (174)
[2018.02.21-08.27.09:774][983]LogModuleManager: Shutting down and abandoning module LevelSequence (170)
[2018.02.21-08.27.09:774][983]LogModuleManager: Shutting down and abandoning module DirectoryWatcher (168)
[2018.02.21-08.27.09:776][983]LogModuleManager: Shutting down and abandoning module KismetCompiler (166)
[2018.02.21-08.27.09:776][983]LogModuleManager: Shutting down and abandoning module MeshUtilities (164)
[2018.02.21-08.27.09:776][983]LogModuleManager: Shutting down and abandoning module MeshMergeUtilities (163)
[2018.02.21-08.27.09:776][983]LogModuleManager: Shutting down and abandoning module MeshReductionInterface (162)
[2018.02.21-08.27.09:776][983]LogModuleManager: Shutting down and abandoning module SimplygonSwarm (161)
[2018.02.21-08.27.09:776][983]LogModuleManager: Shutting down and abandoning module SimplygonMeshReduction (159)
[2018.02.21-08.27.09:776][983]LogModuleManager: Shutting down and abandoning module QuadricMeshReduction (157)
[2018.02.21-08.27.09:776][983]LogModuleManager: Shutting down and abandoning module MaterialBaking (153)
[2018.02.21-08.27.09:777][983]LogModuleManager: Shutting down and abandoning module DerivedDataCache (150)
[2018.02.21-08.27.09:846][983]LogDerivedDataCache: Shutdown
[2018.02.21-08.27.09:846][983]LogModuleManager: Shutting down and abandoning module TargetPlatform (148)
[2018.02.21-08.27.09:846][983]LogModuleManager: Shutting down and abandoning module VulkanShaderFormat (147)
[2018.02.21-08.27.09:846][983]LogModuleManager: Shutting down and abandoning module ShaderFormatVectorVM (145)
[2018.02.21-08.27.09:846][983]LogModuleManager: Shutting down and abandoning module ShaderFormatOpenGL (143)
[2018.02.21-08.27.09:846][983]LogModuleManager: Shutting down and abandoning module ShaderFormatD3D (141)
[2018.02.21-08.27.09:846][983]LogModuleManager: Shutting down and abandoning module MetalShaderFormat (139)
[2018.02.21-08.27.09:846][983]LogModuleManager: Shutting down and abandoning module TextureFormatUncompressed (137)
[2018.02.21-08.27.09:846][983]LogModuleManager: Shutting down and abandoning module TextureFormatPVR (135)
[2018.02.21-08.27.09:847][983]LogModuleManager: Shutting down and abandoning module TextureFormatDXT (133)
[2018.02.21-08.27.09:847][983]LogModuleManager: Shutting down and abandoning module TextureFormatIntelISPCTexComp (131)
[2018.02.21-08.27.09:847][983]LogModuleManager: Shutting down and abandoning module TextureFormatASTC (129)
[2018.02.21-08.27.09:847][983]LogModuleManager: Shutting down and abandoning module ImageWrapper (128)
[2018.02.21-08.27.09:847][983]LogModuleManager: Shutting down and abandoning module TextureFormatAndroid (125)
[2018.02.21-08.27.09:847][983]LogModuleManager: Shutting down and abandoning module AudioFormatOpus (123)
[2018.02.21-08.27.09:847][983]LogModuleManager: Shutting down and abandoning module AudioFormatOgg (121)
[2018.02.21-08.27.09:847][983]LogModuleManager: Shutting down and abandoning module AudioFormatADPCM (119)
[2018.02.21-08.27.09:847][983]LogModuleManager: Shutting down and abandoning module LinuxTargetPlatform (117)
[2018.02.21-08.27.09:847][983]LogModuleManager: Shutting down and abandoning module LinuxServerTargetPlatform (115)
[2018.02.21-08.27.09:847][983]LogModuleManager: Shutting down and abandoning module LinuxNoEditorTargetPlatform (113)
[2018.02.21-08.27.09:847][983]LogModuleManager: Shutting down and abandoning module LinuxClientTargetPlatform (111)
[2018.02.21-08.27.09:847][983]LogModuleManager: Shutting down and abandoning module TVOSTargetPlatform (109)
[2018.02.21-08.27.09:848][983]LogModuleManager: Shutting down and abandoning module Messaging (107)
[2018.02.21-08.27.09:848][983]LogModuleManager: Shutting down and abandoning module IOSTargetPlatform (105)
[2018.02.21-08.27.09:848][983]LogModuleManager: Shutting down and abandoning module HTML5TargetPlatform (103)
[2018.02.21-08.27.09:848][983]LogModuleManager: Shutting down and abandoning module AndroidTargetPlatform (101)
[2018.02.21-08.27.09:848][983]LogModuleManager: Shutting down and abandoning module Android_PVRTCTargetPlatform (99)
[2018.02.21-08.27.09:848][983]LogModuleManager: Shutting down and abandoning module Android_MultiTargetPlatform (97)
[2018.02.21-08.27.09:848][983]LogModuleManager: Shutting down and abandoning module Android_ETC2TargetPlatform (95)
[2018.02.21-08.27.09:848][983]LogModuleManager: Shutting down and abandoning module Android_ETC1TargetPlatform (93)
[2018.02.21-08.27.09:848][983]LogModuleManager: Shutting down and abandoning module Android_DXTTargetPlatform (91)
[2018.02.21-08.27.09:848][983]LogModuleManager: Shutting down and abandoning module Android_ATCTargetPlatform (89)
[2018.02.21-08.27.09:848][983]LogModuleManager: Shutting down and abandoning module Android_ASTCTargetPlatform (87)
[2018.02.21-08.27.09:848][983]LogModuleManager: Shutting down and abandoning module WindowsTargetPlatform (85)
[2018.02.21-08.27.09:848][983]LogModuleManager: Shutting down and abandoning module WindowsServerTargetPlatform (83)
[2018.02.21-08.27.09:848][983]LogModuleManager: Shutting down and abandoning module WindowsNoEditorTargetPlatform (81)
[2018.02.21-08.27.09:848][983]LogModuleManager: Shutting down and abandoning module WindowsClientTargetPlatform (79)
[2018.02.21-08.27.09:849][983]LogModuleManager: Shutting down and abandoning module MacTargetPlatform (77)
[2018.02.21-08.27.09:849][983]LogModuleManager: Shutting down and abandoning module MacServerTargetPlatform (75)
[2018.02.21-08.27.09:849][983]LogModuleManager: Shutting down and abandoning module MacNoEditorTargetPlatform (73)
[2018.02.21-08.27.09:849][983]LogModuleManager: Shutting down and abandoning module MacClientTargetPlatform (71)
[2018.02.21-08.27.09:849][983]LogModuleManager: Shutting down and abandoning module AllDesktopTargetPlatform (69)
[2018.02.21-08.27.09:849][983]LogModuleManager: Shutting down and abandoning module InputCore (66)
[2018.02.21-08.27.09:849][983]LogModuleManager: Shutting down and abandoning module Settings (64)
[2018.02.21-08.27.09:849][983]LogModuleManager: Shutting down and abandoning module PhysXCooking (62)
[2018.02.21-08.27.09:849][983]LogModuleManager: Shutting down and abandoning module SteamVR (60)
[2018.02.21-08.27.09:849][983]LogModuleManager: Shutting down and abandoning module OculusHMD (58)
[2018.02.21-08.27.09:849][983]LogModuleManager: Shutting down and abandoning module ExampleDeviceProfileSelector (56)
[2018.02.21-08.27.09:849][983]LogModuleManager: Shutting down and abandoning module AppleARKit (54)
[2018.02.21-08.27.09:849][983]LogModuleManager: Shutting down and abandoning module AugmentedReality (53)
[2018.02.21-08.27.09:850][983]LogModuleManager: Shutting down and abandoning module OnlineBlueprintSupport (50)
[2018.02.21-08.27.09:850][983]LogModuleManager: Shutting down and abandoning module OnlineSubsystem (46)
[2018.02.21-08.27.09:850][983]LogModuleManager: Shutting down and abandoning module XMPP (45)
[2018.02.21-08.27.09:850][983]LogModuleManager: Shutting down and abandoning module HTTP (43)
[2018.02.21-08.27.09:850][983]LogHttp: Display: Http module shutting down, but needs to wait on 1 outstanding Http requests:
[2018.02.21-08.27.09:850][983]LogHttp: Display: 	verb=[POST] url=[https://datarouter.ol.epicgames.com/datarouter/api/v1/public/data?SessionID=%7BA2E8947B-4DA0-1FAA-8688-8EAEA95F631F%7D&AppID=UEEditor.Rocket.Release&AppVersion=4.18.3-3832480%2B%2B%2BUE4%2BRelease-4.18&UserID=65dc0b2f43c9697eb3588fb3cf94a870%7C9199c58080e3449ba1957d1b52e6e9dc%7C91b33581-f624-4fea-a08b-9f1f41c6ccca&AppEnvironment=datacollector-binary&UploadType=eteventstream] status=Processing
[2018.02.21-08.27.09:857][983]LogModuleManager: Shutting down and abandoning module SSL (42)
[2018.02.21-08.27.09:860][983]LogModuleManager: Shutting down and abandoning module DesktopPlatform (38)
[2018.02.21-08.27.09:860][983]LogModuleManager: Shutting down and abandoning module AnimationModifiers (36)
[2018.02.21-08.27.09:860][983]LogModuleManager: Shutting down and abandoning module PropertyEditor (35)
[2018.02.21-08.27.09:861][983]LogModuleManager: Shutting down and abandoning module AudioEditor (32)
[2018.02.21-08.27.09:861][983]LogModuleManager: Shutting down and abandoning module TextureCompressor (30)
[2018.02.21-08.27.09:861][983]LogModuleManager: Shutting down and abandoning module ShaderCore (28)
[2018.02.21-08.27.09:861][983]LogModuleManager: Shutting down and abandoning module Landscape (26)
[2018.02.21-08.27.09:861][983]LogModuleManager: Shutting down and abandoning module SlateRHIRenderer (24)
[2018.02.21-08.27.09:864][983]LogModuleManager: Shutting down and abandoning module OpenGLDrv (22)
[2018.02.21-08.27.09:864][983]LogModuleManager: Shutting down and abandoning module D3D11RHI (20)
[2018.02.21-08.27.09:864][983]LogModuleManager: Shutting down and abandoning module AnimGraphRuntime (18)
[2018.02.21-08.27.09:864][983]LogModuleManager: Shutting down and abandoning module Renderer (16)
[2018.02.21-08.27.09:864][983]LogModuleManager: Shutting down and abandoning module Engine (14)
[2018.02.21-08.27.09:864][983]LogModuleManager: Shutting down and abandoning module CoreUObject (12)
[2018.02.21-08.27.09:865][983]LogModuleManager: Shutting down and abandoning module NetworkFile (10)
[2018.02.21-08.27.09:865][983]LogModuleManager: Shutting down and abandoning module CookedIterativeFile (8)
[2018.02.21-08.27.09:865][983]LogModuleManager: Shutting down and abandoning module StreamingFile (6)
[2018.02.21-08.27.09:865][983]LogModuleManager: Shutting down and abandoning module SandboxFile (4)
[2018.02.21-08.27.09:865][983]LogModuleManager: Shutting down and abandoning module PakFile (2)
[2018.02.21-08.27.09:883][983]LogExit: Exiting.
[2018.02.21-08.27.09:908][983]Log file closed, 02/21/18 09:27:09
