Log file open, 02/21/18 10:46:40
LogWindows: Failed to load 'aqProf.dll' (GetLastError=126)
LogWindows: File 'aqProf.dll' does not exist
LogWindows: Failed to load 'VtuneApi.dll' (GetLastError=126)
LogWindows: File 'VtuneApi.dll' does not exist
LogWindows: Failed to load 'VtuneApi32e.dll' (GetLastError=126)
LogWindows: File 'VtuneApi32e.dll' does not exist
LogInit: Display: Running engine for game: AI_Behaviour
LogPlatformFile: Not using cached read wrapper
LogInit: Display: RandInit(-214813468) SRandInit(-214813468).
LogInit: Read version file with build ID '3709383'
LogInit: Overriding engine version to CL 3832480, compatible CL 3709383
LogInit: Registered custom module enumerator with build ID '3709383'
LogTaskGraph: Started task graph with 5 named threads and 14 total threads with 3 sets of task threads.
LogStats: Stats thread started at 0.184442
LogD3D11RHI: Aftermath initialized
LogPluginManager: Mounting plugin Paper2D
LogPluginManager: Mounting plugin LightPropagationVolume
LogPluginManager: Mounting plugin CodeLiteSourceCodeAccess
LogPluginManager: Mounting plugin GitSourceControl
LogPluginManager: Mounting plugin KDevelopSourceCodeAccess
LogPluginManager: Mounting plugin NullSourceCodeAccess
LogPluginManager: Mounting plugin PerforceSourceControl
LogPluginManager: Mounting plugin SubversionSourceControl
LogPluginManager: Mounting plugin UObjectPlugin
LogPluginManager: Mounting plugin VisualStudioCodeSourceCodeAccess
LogPluginManager: Mounting plugin VisualStudioSourceCodeAccess
LogPluginManager: Mounting plugin XCodeSourceCodeAccess
LogPluginManager: Mounting plugin AssetManagerEditor
LogPluginManager: Mounting plugin AudioCapture
LogPluginManager: Mounting plugin FacialAnimation
LogPluginManager: Mounting plugin GameplayTagsEditor
LogPluginManager: Mounting plugin MobileLauncherProfileWizard
LogPluginManager: Mounting plugin PluginBrowser
LogPluginManager: Mounting plugin SpeedTreeImporter
LogPluginManager: Mounting plugin AlembicImporter
LogPluginManager: Mounting plugin CharacterAI
LogPluginManager: Mounting plugin HTML5Networking
LogPluginManager: Mounting plugin AndroidMedia
LogPluginManager: Mounting plugin AvfMedia
LogPluginManager: Mounting plugin ImgMedia
LogPluginManager: Mounting plugin MediaCompositing
LogPluginManager: Mounting plugin MediaPlayerEditor
LogPluginManager: Mounting plugin WmfMedia
LogPluginManager: Mounting plugin TcpMessaging
LogPluginManager: Mounting plugin UdpMessaging
LogPluginManager: Mounting plugin ActorSequence
LogPluginManager: Mounting plugin LevelSequenceEditor
LogPluginManager: Mounting plugin MatineeToLevelSequence
LogPluginManager: Mounting plugin OnlineSubsystemGooglePlay
LogPluginManager: Mounting plugin OnlineSubsystemIOS
LogPluginManager: Mounting plugin OnlineSubsystem
LogPluginManager: Mounting plugin OnlineSubsystemNull
LogPluginManager: Mounting plugin OnlineSubsystemUtils
LogPluginManager: Mounting plugin AndroidDeviceProfileSelector
LogPluginManager: Mounting plugin AndroidMoviePlayer
LogPluginManager: Mounting plugin AndroidPermission
LogPluginManager: Mounting plugin AppleARKit
LogPluginManager: Mounting plugin AppleMoviePlayer
LogPluginManager: Mounting plugin ArchVisCharacter
LogPluginManager: Mounting plugin CableComponent
LogPluginManager: Mounting plugin CustomMeshComponent
LogPluginManager: Mounting plugin ExampleDeviceProfileSelector
LogPluginManager: Mounting plugin GoogleCloudMessaging
LogPluginManager: Mounting plugin ImmediatePhysics
LogPluginManager: Mounting plugin IOSDeviceProfileSelector
LogPluginManager: Mounting plugin LinuxDeviceProfileSelector
LogPluginManager: Mounting plugin LocationServicesBPLibrary
LogPluginManager: Mounting plugin MobilePatchingUtils
LogPluginManager: Mounting plugin OculusVR
LogPluginManager: Plugin shader directory ../../../Engine/Plugins/Runtime/Oculus/OculusVR/Shaders found
LogPluginManager: Mapping shader source directory ../../../Engine/Plugins/Runtime/Oculus/OculusVR/Shaders to virtual directory /Plugin/OculusVR
LogPluginManager: Mounting plugin PhysXVehicles
LogPluginManager: Mounting plugin ProceduralMeshComponent
LogPluginManager: Mounting plugin RuntimePhysXCooking
LogPluginManager: Mounting plugin SteamVR
LogPluginManager: Mounting plugin WindowsMoviePlayer
LogModuleManager: Display: Found up-to-date module file ../../../../../UNREAL/AI_Behaviour/Binaries/Win64/UE4Editor-AI_Behaviour.dll (API version 3709383).
LogModuleManager: Display: Found up-to-date module file ../../../Engine/Plugins/2D/Paper2D/Binaries/Win64/UE4Editor-Paper2D.dll (API version 3709383).
LogModuleManager: Display: Found up-to-date module file ../../../Engine/Plugins/2D/Paper2D/Binaries/Win64/UE4Editor-Paper2DEditor.dll (API version 3709383).
LogModuleManager: Display: Found up-to-date module file ../../../Engine/Plugins/2D/Paper2D/Binaries/Win64/UE4Editor-PaperSpriteSheetImporter.dll (API version 3709383).
LogModuleManager: Display: Found up-to-date module file ../../../Engine/Plugins/2D/Paper2D/Binaries/Win64/UE4Editor-PaperTiledImporter.dll (API version 3709383).
LogModuleManager: Display: Found up-to-date module file ../../../Engine/Plugins/2D/Paper2D/Binaries/Win64/UE4Editor-SmartSnapping.dll (API version 3709383).
LogModuleManager: Display: Found up-to-date module file ../../../Engine/Plugins/Blendables/LightPropagationVolume/Binaries/Win64/UE4Editor-LightPropagationVolumeRuntime.dll (API version 3709383).
LogModuleManager: Display: Found up-to-date module file ../../../Engine/Plugins/Blendables/LightPropagationVolume/Binaries/Win64/UE4Editor-LightPropagationVolumeEditor.dll (API version 3709383).
LogModuleManager: Display: Found up-to-date module file ../../../Engine/Plugins/Developer/GitSourceControl/Binaries/Win64/UE4Editor-GitSourceControl.dll (API version 3709383).
LogModuleManager: Display: Found up-to-date module file ../../../Engine/Plugins/Developer/PerforceSourceControl/Binaries/Win64/UE4Editor-PerforceSourceControl.dll (API version 3709383).
LogModuleManager: Display: Found up-to-date module file ../../../Engine/Plugins/Developer/SubversionSourceControl/Binaries/Win64/UE4Editor-SubversionSourceControl.dll (API version 3709383).
LogModuleManager: Display: Found up-to-date module file ../../../Engine/Plugins/Developer/UObjectPlugin/Binaries/Win64/UE4Editor-UObjectPlugin.dll (API version 3709383).
LogModuleManager: Display: Found up-to-date module file ../../../Engine/Plugins/Developer/VisualStudioCodeSourceCodeAccess/Binaries/Win64/UE4Editor-VisualStudioCodeSourceCodeAccess.dll (API version 3709383).
LogModuleManager: Display: Found up-to-date module file ../../../Engine/Plugins/Developer/VisualStudioSourceCodeAccess/Binaries/Win64/UE4Editor-VisualStudioSourceCodeAccess.dll (API version 3709383).
LogModuleManager: Display: Found up-to-date module file ../../../Engine/Plugins/Editor/AssetManagerEditor/Binaries/Win64/UE4Editor-AssetManagerEditor.dll (API version 3709383).
LogModuleManager: Display: Found up-to-date module file ../../../Engine/Plugins/Editor/AudioCapture/Binaries/Win64/UE4Editor-AudioCapture.dll (API version 3709383).
LogModuleManager: Display: Found up-to-date module file ../../../Engine/Plugins/Editor/FacialAnimation/Binaries/Win64/UE4Editor-FacialAnimation.dll (API version 3709383).
LogModuleManager: Display: Found up-to-date module file ../../../Engine/Plugins/Editor/FacialAnimation/Binaries/Win64/UE4Editor-FacialAnimationEditor.dll (API version 3709383).
LogModuleManager: Display: Found up-to-date module file ../../../Engine/Plugins/Editor/GameplayTagsEditor/Binaries/Win64/UE4Editor-GameplayTagsEditor.dll (API version 3709383).
LogModuleManager: Display: Found up-to-date module file ../../../Engine/Plugins/Editor/MobileLauncherProfileWizard/Binaries/Win64/UE4Editor-MobileLauncherProfileWizard.dll (API version 3709383).
LogModuleManager: Display: Found up-to-date module file ../../../Engine/Plugins/Editor/PluginBrowser/Binaries/Win64/UE4Editor-PluginBrowser.dll (API version 3709383).
LogModuleManager: Display: Found up-to-date module file ../../../Engine/Plugins/Editor/SpeedTreeImporter/Binaries/Win64/UE4Editor-SpeedTreeImporter.dll (API version 3709383).
LogModuleManager: Display: Found up-to-date module file ../../../Engine/Plugins/Experimental/AlembicImporter/Binaries/Win64/UE4Editor-AlembicImporter.dll (API version 3709383).
LogModuleManager: Display: Found up-to-date module file ../../../Engine/Plugins/Experimental/AlembicImporter/Binaries/Win64/UE4Editor-AlembicLibrary.dll (API version 3709383).
LogModuleManager: Display: Found up-to-date module file ../../../Engine/Plugins/Experimental/CharacterAI/Binaries/Win64/UE4Editor-CharacterAI.dll (API version 3709383).
LogModuleManager: Display: Found up-to-date module file ../../../Engine/Plugins/Experimental/HTML5Networking/Binaries/Win64/UE4Editor-HTML5Networking.dll (API version 3709383).
LogModuleManager: Display: Found up-to-date module file ../../../Engine/Plugins/Media/AndroidMedia/Binaries/Win64/UE4Editor-AndroidMediaEditor.dll (API version 3709383).
LogModuleManager: Display: Found up-to-date module file ../../../Engine/Plugins/Media/AndroidMedia/Binaries/Win64/UE4Editor-AndroidMediaFactory.dll (API version 3709383).
LogModuleManager: Display: Found up-to-date module file ../../../Engine/Plugins/Media/AvfMedia/Binaries/Win64/UE4Editor-AvfMediaEditor.dll (API version 3709383).
LogModuleManager: Display: Found up-to-date module file ../../../Engine/Plugins/Media/AvfMedia/Binaries/Win64/UE4Editor-AvfMediaFactory.dll (API version 3709383).
LogModuleManager: Display: Found up-to-date module file ../../../Engine/Plugins/Media/AvfMedia/Binaries/Win64/UE4Editor-AvfMediaFactory.dll (API version 3709383).
LogModuleManager: Display: Found up-to-date module file ../../../Engine/Plugins/Media/ImgMedia/Binaries/Win64/UE4Editor-ImgMedia.dll (API version 3709383).
LogModuleManager: Display: Found up-to-date module file ../../../Engine/Plugins/Media/ImgMedia/Binaries/Win64/UE4Editor-ImgMediaEditor.dll (API version 3709383).
LogModuleManager: Display: Found up-to-date module file ../../../Engine/Plugins/Media/ImgMedia/Binaries/Win64/UE4Editor-ImgMediaFactory.dll (API version 3709383).
LogModuleManager: Display: Found up-to-date module file ../../../Engine/Plugins/Media/ImgMedia/Binaries/Win64/UE4Editor-ImgMediaFactory.dll (API version 3709383).
LogModuleManager: Display: Found up-to-date module file ../../../Engine/Plugins/Media/ImgMedia/Binaries/Win64/UE4Editor-OpenExrWrapper.dll (API version 3709383).
LogModuleManager: Display: Found up-to-date module file ../../../Engine/Plugins/Media/MediaCompositing/Binaries/Win64/UE4Editor-MediaCompositing.dll (API version 3709383).
LogModuleManager: Display: Found up-to-date module file ../../../Engine/Plugins/Media/MediaCompositing/Binaries/Win64/UE4Editor-MediaCompositingEditor.dll (API version 3709383).
LogModuleManager: Display: Found up-to-date module file ../../../Engine/Plugins/Media/MediaPlayerEditor/Binaries/Win64/UE4Editor-MediaPlayerEditor.dll (API version 3709383).
LogModuleManager: Display: Found up-to-date module file ../../../Engine/Plugins/Media/WmfMedia/Binaries/Win64/UE4Editor-WmfMedia.dll (API version 3709383).
LogModuleManager: Display: Found up-to-date module file ../../../Engine/Plugins/Media/WmfMedia/Binaries/Win64/UE4Editor-WmfMediaEditor.dll (API version 3709383).
LogModuleManager: Display: Found up-to-date module file ../../../Engine/Plugins/Media/WmfMedia/Binaries/Win64/UE4Editor-WmfMediaFactory.dll (API version 3709383).
LogModuleManager: Display: Found up-to-date module file ../../../Engine/Plugins/Media/WmfMedia/Binaries/Win64/UE4Editor-WmfMediaFactory.dll (API version 3709383).
LogModuleManager: Display: Found up-to-date module file ../../../Engine/Plugins/Messaging/TcpMessaging/Binaries/Win64/UE4Editor-TcpMessaging.dll (API version 3709383).
LogModuleManager: Display: Found up-to-date module file ../../../Engine/Plugins/Messaging/UdpMessaging/Binaries/Win64/UE4Editor-UdpMessaging.dll (API version 3709383).
LogModuleManager: Display: Found up-to-date module file ../../../Engine/Plugins/MovieScene/ActorSequence/Binaries/Win64/UE4Editor-ActorSequence.dll (API version 3709383).
LogModuleManager: Display: Found up-to-date module file ../../../Engine/Plugins/MovieScene/LevelSequenceEditor/Binaries/Win64/UE4Editor-LevelSequenceEditor.dll (API version 3709383).
LogModuleManager: Display: Found up-to-date module file ../../../Engine/Plugins/MovieScene/MatineeToLevelSequence/Binaries/Win64/UE4Editor-MatineeToLevelSequence.dll (API version 3709383).
LogModuleManager: Display: Found up-to-date module file ../../../Engine/Plugins/Online/OnlineSubsystem/Binaries/Win64/UE4Editor-OnlineSubsystem.dll (API version 3709383).
LogModuleManager: Display: Found up-to-date module file ../../../Engine/Plugins/Online/OnlineSubsystemNull/Binaries/Win64/UE4Editor-OnlineSubsystemNull.dll (API version 3709383).
LogModuleManager: Display: Found up-to-date module file ../../../Engine/Plugins/Online/OnlineSubsystemUtils/Binaries/Win64/UE4Editor-OnlineSubsystemUtils.dll (API version 3709383).
LogModuleManager: Display: Found up-to-date module file ../../../Engine/Plugins/Online/OnlineSubsystemUtils/Binaries/Win64/UE4Editor-OnlineBlueprintSupport.dll (API version 3709383).
LogModuleManager: Display: Found up-to-date module file ../../../Engine/Plugins/Runtime/AndroidDeviceProfileSelector/Binaries/Win64/UE4Editor-AndroidDeviceProfileSelector.dll (API version 3709383).
LogModuleManager: Display: Found up-to-date module file ../../../Engine/Plugins/Runtime/AndroidPermission/Binaries/Win64/UE4Editor-AndroidPermission.dll (API version 3709383).
LogModuleManager: Display: Found up-to-date module file ../../../Engine/Plugins/Runtime/AppleARKit/Binaries/Win64/UE4Editor-AppleARKit.dll (API version 3709383).
LogModuleManager: Display: Found up-to-date module file ../../../Engine/Plugins/Runtime/ArchVisCharacter/Binaries/Win64/UE4Editor-ArchVisCharacter.dll (API version 3709383).
LogModuleManager: Display: Found up-to-date module file ../../../Engine/Plugins/Runtime/CableComponent/Binaries/Win64/UE4Editor-CableComponent.dll (API version 3709383).
LogModuleManager: Display: Found up-to-date module file ../../../Engine/Plugins/Runtime/CustomMeshComponent/Binaries/Win64/UE4Editor-CustomMeshComponent.dll (API version 3709383).
LogModuleManager: Display: Found up-to-date module file ../../../Engine/Plugins/Runtime/ExampleDeviceProfileSelector/Binaries/Win64/UE4Editor-ExampleDeviceProfileSelector.dll (API version 3709383).
LogModuleManager: Display: Found up-to-date module file ../../../Engine/Plugins/Runtime/ImmediatePhysics/Binaries/Win64/UE4Editor-ImmediatePhysics.dll (API version 3709383).
LogModuleManager: Display: Found up-to-date module file ../../../Engine/Plugins/Runtime/ImmediatePhysics/Binaries/Win64/UE4Editor-ImmediatePhysicsEditor.dll (API version 3709383).
LogModuleManager: Display: Found up-to-date module file ../../../Engine/Plugins/Runtime/LocationServicesBPLibrary/Binaries/Win64/UE4Editor-LocationServicesBPLibrary.dll (API version 3709383).
LogModuleManager: Display: Found up-to-date module file ../../../Engine/Plugins/Runtime/MobilePatchingUtils/Binaries/Win64/UE4Editor-MobilePatchingUtils.dll (API version 3709383).
LogModuleManager: Display: Found up-to-date module file ../../../Engine/Plugins/Runtime/Oculus/OculusVR/Binaries/Win64/UE4Editor-OculusHMD.dll (API version 3709383).
LogModuleManager: Display: Found up-to-date module file ../../../Engine/Plugins/Runtime/Oculus/OculusVR/Binaries/Win64/UE4Editor-OculusInput.dll (API version 3709383).
LogModuleManager: Display: Found up-to-date module file ../../../Engine/Plugins/Runtime/Oculus/OculusVR/Binaries/Win64/UE4Editor-OculusEditor.dll (API version 3709383).
LogModuleManager: Display: Found up-to-date module file ../../../Engine/Plugins/Runtime/PhysXVehicles/Binaries/Win64/UE4Editor-PhysXVehicles.dll (API version 3709383).
LogModuleManager: Display: Found up-to-date module file ../../../Engine/Plugins/Runtime/PhysXVehicles/Binaries/Win64/UE4Editor-PhysXVehiclesEditor.dll (API version 3709383).
LogModuleManager: Display: Found up-to-date module file ../../../Engine/Plugins/Runtime/ProceduralMeshComponent/Binaries/Win64/UE4Editor-ProceduralMeshComponent.dll (API version 3709383).
LogModuleManager: Display: Found up-to-date module file ../../../Engine/Plugins/Runtime/ProceduralMeshComponent/Binaries/Win64/UE4Editor-ProceduralMeshComponentEditor.dll (API version 3709383).
LogModuleManager: Display: Found up-to-date module file ../../../Engine/Plugins/Runtime/RuntimePhysXCooking/Binaries/Win64/UE4Editor-RuntimePhysXCooking.dll (API version 3709383).
LogModuleManager: Display: Found up-to-date module file ../../../Engine/Plugins/Runtime/Steam/SteamVR/Binaries/Win64/UE4Editor-SteamVR.dll (API version 3709383).
LogModuleManager: Display: Found up-to-date module file ../../../Engine/Plugins/Runtime/Steam/SteamVR/Binaries/Win64/UE4Editor-SteamVRController.dll (API version 3709383).
LogModuleManager: Display: Found up-to-date module file ../../../Engine/Plugins/Runtime/WindowsMoviePlayer/Binaries/Win64/UE4Editor-WindowsMoviePlayer.dll (API version 3709383).
LogInit: Using libcurl 7.47.1
LogInit:  - built for x86_64-pc-win32
LogInit:  - supports SSL with OpenSSL/1.0.2g
LogInit:  - supports HTTP deflate (compression) using libz 1.2.8
LogInit:  - other features:
LogInit:      CURL_VERSION_SSL
LogInit:      CURL_VERSION_LIBZ
LogInit:      CURL_VERSION_IPV6
LogInit:      CURL_VERSION_ASYNCHDNS
LogInit:      CURL_VERSION_LARGEFILE
LogInit:      CURL_VERSION_IDN
LogInit:  CurlRequestOptions (configurable via config and command line):
LogInit:  - bVerifyPeer = false  - Libcurl will NOT verify peer certificate
LogInit:  - bUseHttpProxy = false  - Libcurl will NOT use HTTP proxy
LogInit:  - bDontReuseConnections = false  - Libcurl will reuse connections
LogInit:  - CertBundlePath = nullptr  - Libcurl will use whatever was configured at build time.
LogInit: Build: ++UE4+Release-4.18-CL-3832480
LogInit: Engine Version: 4.18.3-3832480+++UE4+Release-4.18
LogInit: Compatible Engine Version: 4.18.0-3709383+++UE4+Release-4.18
LogInit: Net CL: 3709383
LogDevObjectVersion: Number of dev versions registered: 16
LogDevObjectVersion:   Dev-Blueprints (B0D832E4-1F89-4F0D-ACCF-7EB736FD4AA2): 10
LogDevObjectVersion:   Dev-Build (E1C64328-A22C-4D53-A36C-8E866417BD8C): 0
LogDevObjectVersion:   Dev-Core (375EC13C-06E4-48FB-B500-84F0262A717E): 2
LogDevObjectVersion:   Dev-Editor (E4B068ED-F494-42E9-A231-DA0B2E46BB41): 20
LogDevObjectVersion:   Dev-Framework (CFFC743F-43B0-4480-9391-14DF171D2073): 30
LogDevObjectVersion:   Dev-Mobile (B02B49B5-BB20-44E9-A304-32B752E40360): 0
LogDevObjectVersion:   Dev-Networking (A4E4105C-59A1-49B5-A7C5-40C4547EDFEE): 0
LogDevObjectVersion:   Dev-Online (39C831C9-5AE6-47DC-9A44-9C173E1C8E7C): 0
LogDevObjectVersion:   Dev-Physics (78F01B33-EBEA-4F98-B9B4-84EACCB95AA2): 0
LogDevObjectVersion:   Dev-Platform (6631380F-2D4D-43E0-8009-CF276956A95A): 0
LogDevObjectVersion:   Dev-Rendering (12F88B9F-8875-4AFC-A67C-D90C383ABD29): 20
LogDevObjectVersion:   Dev-Sequencer (7B5AE74C-D270-4C10-A958-57980B212A5A): 4
LogDevObjectVersion:   Dev-VR (D7296918-1DD6-4BDD-9DE2-64A83CC13884): 0
LogDevObjectVersion:   Dev-LoadTimes (C2A15278-BFE7-4AFE-6C17-90FF531DF755): 1
LogDevObjectVersion:   Private-Geometry (6EACA3D4-40EC-4CC1-B786-8BED09428FC5): 1
LogDevObjectVersion:   Dev-AnimPhys (29E575DD-E0A3-4627-9D10-D276232CDCEA): 12
LogInit: Compiled (64-bit): Jan 12 2018 02:04:55
LogInit: Compiled with Visual C++: 19.00.24215.01
LogInit: Build Configuration: Development
LogInit: Branch Name: ++UE4+Release-4.18
LogInit: Command line:  
LogInit: Base directory: D:/EpicGames/UE_4.18/Engine/Binaries/Win64/
LogInit: Installed Engine Build: 1
LogInit: Presizing for max 8388607 objects, including 0 objects not considered by GC, pre-allocating 0 bytes for permanent pool.
LogInit: Object subsystem initialized
[2018.02.21-09.46.41:884][  0]LogInit: Selected Device Profile: [Windows]
[2018.02.21-09.46.41:884][  0]LogInit: Applying CVar settings loaded from the selected device profile: [Windows]
[2018.02.21-09.46.41:891][  0]LogInit: Computer: KRS6-STUD-PC017
[2018.02.21-09.46.41:891][  0]LogInit: User: Administrator
[2018.02.21-09.46.41:891][  0]LogInit: CPU Page size=4096, Cores=4
[2018.02.21-09.46.41:891][  0]LogInit: High frequency timer resolution =3.328127 MHz
[2018.02.21-09.46.41:892][  0]LogMemory: Memory total: Physical=15.9GB (16GB approx)
[2018.02.21-09.46.41:892][  0]LogMemory: Platform Memory Stats for Windows
[2018.02.21-09.46.41:892][  0]LogMemory: Process Physical Memory: 273.85 MB used, 273.85 MB peak
[2018.02.21-09.46.41:892][  0]LogMemory: Process Virtual Memory: 270.13 MB used, 270.13 MB peak
[2018.02.21-09.46.41:892][  0]LogMemory: Physical Memory: 5134.05 MB used,  11170.73 MB free, 16304.79 MB total
[2018.02.21-09.46.41:892][  0]LogMemory: Virtual Memory: 678.49 MB used,  11170.73 MB free, 134217728.00 MB total
[2018.02.21-09.46.41:989][  0]LogInit: Using OS detected language (en-GB).
[2018.02.21-09.46.41:989][  0]LogInit: Using OS detected locale (en-GB).
[2018.02.21-09.46.41:991][  0]LogTextLocalizationManager: No specific localization for 'en-GB' exists, so the 'en' localization will be used.
[2018.02.21-09.46.42:344][  0]LogInit: Setting process to per monitor DPI aware
[2018.02.21-09.46.42:591][  0]LogD3D11RHI: D3D11 adapters:
[2018.02.21-09.46.42:639][  0]LogD3D11RHI:    0. 'NVIDIA GeForce GTX 1070' (Feature Level 11_0)
[2018.02.21-09.46.42:639][  0]LogD3D11RHI:       8096/0/8152 MB DedicatedVideo/DedicatedSystem/SharedSystem, Outputs:2, VendorId:0x10de
[2018.02.21-09.46.42:641][  0]LogD3D11RHI:    1. 'Microsoft Basic Render Driver' (Feature Level 11_0)
[2018.02.21-09.46.42:641][  0]LogD3D11RHI:       0/0/8152 MB DedicatedVideo/DedicatedSystem/SharedSystem, Outputs:0, VendorId:0x1414
[2018.02.21-09.46.42:641][  0]LogD3D11RHI: Chosen D3D11 Adapter: 0
[2018.02.21-09.46.42:647][  0]LogD3D11RHI: Creating new Direct3DDevice
[2018.02.21-09.46.42:647][  0]LogD3D11RHI:     GPU DeviceId: 0x1b81 (for the marketing name, search the web for "GPU Device Id")
[2018.02.21-09.46.42:647][  0]LogWindows: EnumDisplayDevices:
[2018.02.21-09.46.42:647][  0]LogWindows:    0. 'NVIDIA GeForce GTX 1070' (P:1 D:1)
[2018.02.21-09.46.42:647][  0]LogWindows:    1. 'NVIDIA GeForce GTX 1070' (P:0 D:1)
[2018.02.21-09.46.42:647][  0]LogWindows:    2. 'NVIDIA GeForce GTX 1070' (P:0 D:0)
[2018.02.21-09.46.42:647][  0]LogWindows:    3. 'NVIDIA GeForce GTX 1070' (P:0 D:0)
[2018.02.21-09.46.42:647][  0]LogWindows: DebugString: GetVideoDriverDetailsInvalid PrimaryIsNotTheChoosenAdapter GetVideoDriverDetailsInvalid PrimaryIsNotTheChoosenAdapter GetVideoDriverDetailsInvalid PrimaryIsNotTheChoosenAdapter GetVideoDriverDetailsInvalid PrimaryIsNotTheChoosenAdapter FoundDriverCount:0 
[2018.02.21-09.46.42:647][  0]LogD3D11RHI:     Adapter Name: NVIDIA GeForce GTX 1070
[2018.02.21-09.46.42:647][  0]LogD3D11RHI:   Driver Version: Unknown (internal:Unknown, unified:Unknown)
[2018.02.21-09.46.42:647][  0]LogD3D11RHI:      Driver Date: Unknown
[2018.02.21-09.46.42:647][  0]LogRHI: Texture pool is 5667 MB (70% of 8096 MB)
[2018.02.21-09.46.42:665][  0]LogD3D11RHI: Async texture creation enabled
[2018.02.21-09.46.42:680][  0]LogD3D11RHI: GPU Timing Frequency: 1000.000000 (Debug: 2 1)
[2018.02.21-09.46.42:765][  0]LogShaderCompilers: Guid format shader working directory is 20 characters bigger than the processId version (../../../../../UNREAL/AI_Behaviour/Intermediate/Shaders/WorkingDirectory/6264/).
[2018.02.21-09.46.42:765][  0]LogShaderCompilers: Cleaned the shader compiler working directory 'C:/Users/Administrator/AppData/Local/Temp/UnrealShaderWorkingDir/47C320D747E3403F9EC23181FA29144E/'.
[2018.02.21-09.46.42:765][  0]LogShaderCompilers: Display: Using Local Shader Compiler.
[2018.02.21-09.46.43:522][  0]LogTemp: Display: Loaded TP AllDesktopTargetPlatform
[2018.02.21-09.46.43:563][  0]LogTemp: Display: Loaded TP MacClientTargetPlatform
[2018.02.21-09.46.43:602][  0]LogTemp: Display: Loaded TP MacNoEditorTargetPlatform
[2018.02.21-09.46.43:640][  0]LogTemp: Display: Loaded TP MacServerTargetPlatform
[2018.02.21-09.46.43:679][  0]LogTemp: Display: Loaded TP MacTargetPlatform
[2018.02.21-09.46.43:719][  0]LogTemp: Display: Loaded TP WindowsClientTargetPlatform
[2018.02.21-09.46.43:758][  0]LogTemp: Display: Loaded TP WindowsNoEditorTargetPlatform
[2018.02.21-09.46.43:798][  0]LogTemp: Display: Loaded TP WindowsServerTargetPlatform
[2018.02.21-09.46.43:828][  0]LogTemp: Display: Loaded TP WindowsTargetPlatform
[2018.02.21-09.46.43:870][  0]LogTemp: Display: Loaded TP Android_ASTCTargetPlatform
[2018.02.21-09.46.43:911][  0]LogTemp: Display: Loaded TP Android_ATCTargetPlatform
[2018.02.21-09.46.43:948][  0]LogTemp: Display: Loaded TP Android_DXTTargetPlatform
[2018.02.21-09.46.43:986][  0]LogTemp: Display: Loaded TP Android_ETC1TargetPlatform
[2018.02.21-09.46.44:024][  0]LogTemp: Display: Loaded TP Android_ETC2TargetPlatform
[2018.02.21-09.46.44:099][  0]LogTemp: Display: Loaded TP Android_MultiTargetPlatform
[2018.02.21-09.46.44:099][  0]LogTemp: Display: Loaded TP Android_PVRTCTargetPlatform
[2018.02.21-09.46.44:136][  0]LogTemp: Display: Loaded TP AndroidTargetPlatform
[2018.02.21-09.46.44:163][  0]LogTemp: Display: Loaded TP HTML5TargetPlatform
[2018.02.21-09.46.44:236][  0]LogTemp: Display: Loaded TP IOSTargetPlatform
[2018.02.21-09.46.44:255][  0]LogTemp: Display: Loaded TP TVOSTargetPlatform
[2018.02.21-09.46.44:292][  0]LogTemp: Display: Loaded TP LinuxClientTargetPlatform
[2018.02.21-09.46.44:330][  0]LogTemp: Display: Loaded TP LinuxNoEditorTargetPlatform
[2018.02.21-09.46.44:367][  0]LogTemp: Display: Loaded TP LinuxServerTargetPlatform
[2018.02.21-09.46.44:406][  0]LogTemp: Display: Loaded TP LinuxTargetPlatform
[2018.02.21-09.46.44:406][  0]LogTargetPlatformManager: Display: Building Assets For Windows
[2018.02.21-09.46.44:726][  0]LogDerivedDataCache: Display: Max Cache Size: 512 MB
[2018.02.21-09.46.44:790][  0]LogDerivedDataCache: Loaded boot cache 0.06s 78MB C:/Users/Administrator/AppData/Local/UnrealEngine/4.18/DerivedDataCache/Boot.ddc.
[2018.02.21-09.46.44:790][  0]LogDerivedDataCache: Display: Loaded Boot cache: C:/Users/Administrator/AppData/Local/UnrealEngine/4.18/DerivedDataCache/Boot.ddc
[2018.02.21-09.46.44:791][  0]LogDerivedDataCache: FDerivedDataBackendGraph:  Pak pak cache file ../../../../../UNREAL/AI_Behaviour/DerivedDataCache/DDC.ddp not found, will not use a pak cache.
[2018.02.21-09.46.44:791][  0]LogDerivedDataCache: Unable to find inner node Pak for hierarchical cache Hierarchy.
[2018.02.21-09.46.44:791][  0]LogDerivedDataCache: FDerivedDataBackendGraph:  CompressedPak pak cache file ../../../../../UNREAL/AI_Behaviour/DerivedDataCache/Compressed.ddp not found, will not use a pak cache.
[2018.02.21-09.46.44:791][  0]LogDerivedDataCache: Unable to find inner node CompressedPak for hierarchical cache Hierarchy.
[2018.02.21-09.46.44:805][  0]LogDerivedDataCache: Display: Pak cache opened for reading ../../../Engine/DerivedDataCache/Compressed.ddp.
[2018.02.21-09.46.44:818][  0]LogDerivedDataCache: Using Local data cache path C:/Users/Administrator/AppData/Local/UnrealEngine/Common/DerivedDataCache: Writable
[2018.02.21-09.46.44:826][  0]LogMaterial: Verifying Global Shaders for PCD3D_SM5
[2018.02.21-09.46.44:827][  0]LogSlate: Using Freetype 2.6.0
[2018.02.21-09.46.44:827][  0]LogSlate: SlateFontCache - WITH_FREETYPE: 1, WITH_HARFBUZZ: 1
[2018.02.21-09.46.44:827][  0]LogSlate: SlateFontCache - WITH_FREETYPE: 1, WITH_HARFBUZZ: 1
[2018.02.21-09.46.45:146][  0]LogInit: Selected Device Profile: [Windows]
[2018.02.21-09.46.45:392][  0]LogSimplygon: Simplygon DLL not present - disabling.
[2018.02.21-09.46.45:419][  0]LogMeshReduction: Using SimplygonSwarm for distributed automatic mesh merging
[2018.02.21-09.46.45:419][  0]LogMeshReduction: Using QuadricMeshReduction for automatic static mesh reduction
[2018.02.21-09.46.45:419][  0]LogMeshReduction: No automatic skeletal mesh reduction module available
[2018.02.21-09.46.45:419][  0]LogMeshReduction: No automatic mesh merging module available
[2018.02.21-09.46.45:419][  0]LogMeshMerging: No automatic mesh merging module available
[2018.02.21-09.46.45:452][  0]LogNetVersion: AI_Behaviour , NetCL: 3709383, EngineNetVer: 2, GameNetVer: 0 (Checksum: 3887751288)
[2018.02.21-09.46.45:593][  0]LogAssetRegistry: FAssetRegistry took 0.0272 seconds to start up
[2018.02.21-09.46.46:003][  0]LogPackageLocalizationCache: Processed 7 localized package path(s) for 2 prioritized culture(s) in 0.076204 seconds
[2018.02.21-09.46.46:007][  0]LogUObjectArray: 35870 objects as part of root set at end of initial load.
[2018.02.21-09.46.46:007][  0]LogUObjectAllocator: 7363696 out of 0 bytes used by permanent object pool.
[2018.02.21-09.46.46:007][  0]LogUObjectArray: CloseDisregardForGC: 0/0 objects in disregard for GC pool
[2018.02.21-09.46.46:040][  0]LogInit: WinSock: version 1.1 (2.2), MaxSocks=32767, MaxUdp=65467
[2018.02.21-09.46.48:177][  0]LogTcpMessaging: Initializing TcpMessaging bridge
[2018.02.21-09.46.48:210][  0]LogUdpMessaging: Initializing bridge on interface 0.0.0.0:0 to multicast group 230.0.0.1:6666.
[2018.02.21-09.46.48:781][  0]LogMaterial: Uniform references updated for custom material expression Custom.
[2018.02.21-09.46.49:099][  0]SourceControl: Source control is disabled
[2018.02.21-09.46.49:099][  0]SourceControl: Source control is disabled
[2018.02.21-09.46.49:136][  0]SourceControl: Source control is disabled
[2018.02.21-09.46.49:176][  0]SourceControl: Source control is disabled
[2018.02.21-09.46.49:760][  0]LogAndroidPermission: UAndroidPermissionCallbackProxy::GetInstance
[2018.02.21-09.46.49:948][  0]LogOcInput: OculusInput pre-init called
[2018.02.21-09.46.50:141][  0]LogEngine: Initializing Engine...
[2018.02.21-09.46.50:143][  0]LogHMD: Failed to initialize OpenVR with code 110
[2018.02.21-09.46.50:335][  0]LogStats: UGameplayTagsManager::ConstructGameplayTagTree: Construct from data asset -  0.000 s
[2018.02.21-09.46.50:335][  0]LogStats: UGameplayTagsManager::ConstructGameplayTagTree: GameplayTagTreeChangedEvent.Broadcast -  0.000 s
[2018.02.21-09.46.50:436][  0]LogAIModule: Creating AISystem for world Untitled
[2018.02.21-09.46.50:448][  0]LogInit: XAudio2 using 'InFocus HDD-4 (NVIDIA High Definition Audio)' : 2 channels at 48 kHz using 16 bits per sample (channel mask 0x3)
[2018.02.21-09.46.50:468][  0]LogInit: FAudioDevice initialized.
[2018.02.21-09.46.50:554][  0]LogDerivedDataCache: Saved boot cache 0.09s 78MB C:/Users/Administrator/AppData/Local/UnrealEngine/4.18/DerivedDataCache/Boot.ddc.
[2018.02.21-09.46.50:565][  0]LogInit: Texture streaming: Enabled
[2018.02.21-09.46.50:628][  0]LogEngineSessionManager: EngineSessionManager initialized
[2018.02.21-09.46.50:720][  0]LogInit: Transaction tracking system initialized
[2018.02.21-09.46.50:940][  0]BlueprintLog: New page: Editor Load
[2018.02.21-09.46.51:543][  0]LocalizationService: Localization service is disabled
[2018.02.21-09.46.52:055][  0]LogConsoleResponse: Display: 
[2018.02.21-09.46.52:189][  0]LogCook: Display: Max memory allowance for cook 16384mb min free memory 0mb
[2018.02.21-09.46.52:189][  0]LogCook: Display: Mobile HDR setting 1
[2018.02.21-09.46.52:189][  0]LogGameplayTags: Display: UGameplayTagsManager::DoneAddingNativeTags. DelegateIsBound: 0
[2018.02.21-09.46.52:761][  0]LogFileCache: Scanning file cache for directory 'D:/UNREAL/AI_Behaviour/Content/' took 0.01s
[2018.02.21-09.46.53:026][  0]SourceControl: Source control is disabled
[2018.02.21-09.46.53:026][  0]Cmd: MAP LOAD FILE="../../../../../UNREAL/AI_Behaviour/Content/ThirdPersonBP/Maps/ThirdPersonExampleMap.umap" TEMPLATE=0 SHOWPROGRESS=1 FEATURELEVEL=3
[2018.02.21-09.46.53:027][  0]LightingResults: New page: Lighting Build
[2018.02.21-09.46.53:055][  0]MapCheck: New page: Map Check
[2018.02.21-09.46.53:055][  0]LightingResults: New page: Lighting Build
[2018.02.21-09.46.53:376][  0]LogAIModule: Creating AISystem for world ThirdPersonExampleMap
[2018.02.21-09.46.53:384][  0]LogEditorServer: Finished looking for orphan Actors (0.000 secs)
[2018.02.21-09.46.53:395][  0]Cmd: MAP CHECKDEP NOCLEARLOG
[2018.02.21-09.46.53:438][  0]MapCheck: Map check complete: 0 Error(s), 0 Warning(s), took 43.635ms to complete.
[2018.02.21-09.46.53:438][  0]LogFileHelpers: Loading map 'ThirdPersonExampleMap' took 0.412
[2018.02.21-09.46.53:524][  0]LogWindowsTextInputMethodSystem: Display: IME system now deactivated.
[2018.02.21-09.46.53:601][  0]LogCollectionManager: Loaded 0 collections in 0.000709 seconds
[2018.02.21-09.46.53:677][  0]LogFileCache: Scanning file cache for directory 'D:/UNREAL/AI_Behaviour/Saved/Collections/' took 0.01s
[2018.02.21-09.46.53:677][  0]LogFileCache: Scanning file cache for directory 'D:/UNREAL/AI_Behaviour/Content/Developers/Administrator/Collections/' took 0.01s
[2018.02.21-09.46.53:677][  0]LogFileCache: Scanning file cache for directory 'D:/UNREAL/AI_Behaviour/Content/Collections/' took 0.01s
[2018.02.21-09.46.53:677][  0]LogCollectionManager: Rebuilt the GUID cache for 0 collections in 0.000000 seconds
[2018.02.21-09.46.53:686][  0]LogContentBrowser: Native class hierarchy populated in 0.0090 seconds. Added 2364 classes and 521 folders.
[2018.02.21-09.46.53:732][  0]LogContentBrowser: Native class hierarchy updated for 'WidgetCarousel' in 0.0005 seconds. Added 0 classes and 0 folders.
[2018.02.21-09.46.53:763][  0]LogContentBrowser: Native class hierarchy updated for 'AddContentDialog' in 0.0004 seconds. Added 0 classes and 0 folders.
[2018.02.21-09.46.53:796][  0]LogContentBrowser: Native class hierarchy updated for 'SceneOutliner' in 0.0004 seconds. Added 1 classes and 2 folders.
[2018.02.21-09.46.53:868][  0]LogSlate: Took 0.000334 seconds to synchronously load lazily loaded font '../../../Engine/Content/Slate/Fonts/Roboto-Regular.ttf' (155K)
[2018.02.21-09.46.53:870][  0]LogSlate: Took 0.000301 seconds to synchronously load lazily loaded font '../../../Engine/Content/Slate/Fonts/Roboto-Bold.ttf' (160K)
[2018.02.21-09.46.53:875][  0]LogSlate: Took 0.000297 seconds to synchronously load lazily loaded font '../../../Engine/Content/Editor/Slate/Fonts/FontAwesome.ttf' (139K)
[2018.02.21-09.46.53:965][  0]LogRenderer: Reallocating scene render targets to support 1152x556 Format 10 NumSamples 1 (Frame:1).
[2018.02.21-09.46.54:026][  0]LogSlate: Took 0.000270 seconds to synchronously load lazily loaded font '../../../Engine/Content/Slate/Fonts/Roboto-Light.ttf' (159K)
[2018.02.21-09.46.54:155][  0]LogContentBrowser: Native class hierarchy updated for 'HierarchicalLODOutliner' in 0.0005 seconds. Added 1 classes and 2 folders.
[2018.02.21-09.46.54:155][  0]LogLoad: (Engine Initialization) Total time: 14.19 seconds
[2018.02.21-09.46.54:155][  0]LogLoad: (Engine Initialization) Total Blueprint compile time: 0.00 seconds
[2018.02.21-09.46.54:155][  0]LogExternalProfiler: Found external profiler: VSPerf
[2018.02.21-09.46.54:155][  0]LogExternalProfiler: Using external profiler: VSPerf
[2018.02.21-09.46.54:194][  0]LogContentStreaming: Texture pool size now 1000 MB
[2018.02.21-09.46.54:239][  1]LogAssetRegistry: Asset discovery search completed in 8.6694 seconds
[2018.02.21-09.46.54:241][  1]LogCollectionManager: Rebuilt the object cache for 0 collections in 0.000000 seconds (found 0 objects)
[2018.02.21-09.46.54:241][  1]LogCollectionManager: Fixed up redirectors for 0 collections in 0.000050 seconds (updated 0 objects)
[2018.02.21-09.46.57:040][317]LogTemp: Repeating last play command: Selected Viewport
[2018.02.21-09.46.57:061][317]LogBlueprintUserMessages: Early PlayInEditor Detection: Level '/Game/ThirdPersonBP/Maps/ThirdPersonExampleMap.ThirdPersonExampleMap:PersistentLevel' has LevelScriptBlueprint '/Game/ThirdPersonBP/Maps/ThirdPersonExampleMap.ThirdPersonExampleMap:PersistentLevel.ThirdPersonExampleMap' with GeneratedClass '/Game/ThirdPersonBP/Maps/ThirdPersonExampleMap.ThirdPersonExampleMap_C' with ClassGeneratedBy '/Game/ThirdPersonBP/Maps/ThirdPersonExampleMap.ThirdPersonExampleMap:PersistentLevel.ThirdPersonExampleMap'
[2018.02.21-09.46.57:062][317]LogPlayLevel: PlayLevel: No blueprints needed recompiling
[2018.02.21-09.46.57:062][317]PIE: New page: PIE session: ThirdPersonExampleMap (21 Feb 2018 11:46:57)
[2018.02.21-09.46.57:062][317]LogPlayLevel: Creating play world package: /Game/ThirdPersonBP/Maps/UEDPIE_0_ThirdPersonExampleMap
[2018.02.21-09.46.57:084][317]LogPlayLevel: PIE: StaticDuplicateObject took: (0.022024s)
[2018.02.21-09.46.57:085][317]LogAIModule: Creating AISystem for world ThirdPersonExampleMap
[2018.02.21-09.46.57:085][317]LogPlayLevel: PIE: World Init took: (0.000790s)
[2018.02.21-09.46.57:085][317]LogPlayLevel: PIE: Created PIE world by copying editor world from /Game/ThirdPersonBP/Maps/ThirdPersonExampleMap.ThirdPersonExampleMap to /Game/ThirdPersonBP/Maps/UEDPIE_0_ThirdPersonExampleMap.ThirdPersonExampleMap (0.023171s)
[2018.02.21-09.46.57:099][317]LogInit: XAudio2 using 'InFocus HDD-4 (NVIDIA High Definition Audio)' : 2 channels at 48 kHz using 16 bits per sample (channel mask 0x3)
[2018.02.21-09.46.57:104][317]LogInit: FAudioDevice initialized.
[2018.02.21-09.46.57:148][317]LogLoad: Game class is 'ThirdPersonGameMode_C'
[2018.02.21-09.46.57:150][317]LogWorld: Bringing World /Game/ThirdPersonBP/Maps/UEDPIE_0_ThirdPersonExampleMap.ThirdPersonExampleMap up for play (max tick rate 0) at 2018.02.21-10.46.57
[2018.02.21-09.46.57:151][317]LogWorld: Bringing up level for play took: 0.001531
[2018.02.21-09.46.57:180][317]LogContentBrowser: Native class hierarchy updated for 'MovieSceneCapture' in 0.0004 seconds. Added 11 classes and 0 folders.
[2018.02.21-09.46.57:181][317]PIE: Play in editor start time for /Game/ThirdPersonBP/Maps/UEDPIE_0_ThirdPersonExampleMap 0.814
[2018.02.21-09.46.57:181][317]LogBlueprintUserMessages: Late PlayInEditor Detection: Level '/Game/ThirdPersonBP/Maps/ThirdPersonExampleMap.ThirdPersonExampleMap:PersistentLevel' has LevelScriptBlueprint '/Game/ThirdPersonBP/Maps/ThirdPersonExampleMap.ThirdPersonExampleMap:PersistentLevel.ThirdPersonExampleMap' with GeneratedClass '/Game/ThirdPersonBP/Maps/ThirdPersonExampleMap.ThirdPersonExampleMap_C' with ClassGeneratedBy '/Game/ThirdPersonBP/Maps/ThirdPersonExampleMap.ThirdPersonExampleMap:PersistentLevel.ThirdPersonExampleMap'
[2018.02.21-09.46.59:073][536]LogBlueprintUserMessages: Early EndPlayMap Detection: Level '/Game/ThirdPersonBP/Maps/ThirdPersonExampleMap.ThirdPersonExampleMap:PersistentLevel' has LevelScriptBlueprint '/Game/ThirdPersonBP/Maps/ThirdPersonExampleMap.ThirdPersonExampleMap:PersistentLevel.ThirdPersonExampleMap' with GeneratedClass '/Game/ThirdPersonBP/Maps/ThirdPersonExampleMap.ThirdPersonExampleMap_C' with ClassGeneratedBy '/Game/ThirdPersonBP/Maps/ThirdPersonExampleMap.ThirdPersonExampleMap:PersistentLevel.ThirdPersonExampleMap'
[2018.02.21-09.46.59:103][536]LogBlueprintUserMessages: Late EndPlayMap Detection: Level '/Game/ThirdPersonBP/Maps/ThirdPersonExampleMap.ThirdPersonExampleMap:PersistentLevel' has LevelScriptBlueprint '/Game/ThirdPersonBP/Maps/ThirdPersonExampleMap.ThirdPersonExampleMap:PersistentLevel.ThirdPersonExampleMap' with GeneratedClass '/Game/ThirdPersonBP/Maps/ThirdPersonExampleMap.ThirdPersonExampleMap_C' with ClassGeneratedBy '/Game/ThirdPersonBP/Maps/ThirdPersonExampleMap.ThirdPersonExampleMap:PersistentLevel.ThirdPersonExampleMap'
[2018.02.21-09.47.00:491][697]LogSlate: Took 0.000172 seconds to synchronously load lazily loaded font '../../../Engine/Content/Slate/Fonts/Roboto-Light.ttf' (159K)
[2018.02.21-09.52.00:586][915]LogWindows: LaunchFileInExternalEditor D:/UNREAL/AI_Behaviour/Source/AI_Behaviour/DrawHUD.h 
[2018.02.21-09.52.00:729][915]LogWindows: Launch application code for D:/UNREAL/AI_Behaviour/Source/AI_Behaviour/DrawHUD.h : 42
[2018.02.21-09.52.00:729][915]LogWindows: LaunchFileInExternalEditor D:/UNREAL/AI_Behaviour/Source/AI_Behaviour/DrawHUD.cpp 
[2018.02.21-09.52.00:807][915]LogWindows: Launch application code for D:/UNREAL/AI_Behaviour/Source/AI_Behaviour/DrawHUD.cpp : 42
[2018.02.21-09.52.00:807][915]LogVSAccessor: Warning: Couldn't access Visual Studio
[2018.02.21-09.52.00:813][915]LogVSAccessor: Warning: Couldn't access module table
[2018.02.21-09.52.00:813][915]LogVSAccessor: Warning: Couldn't access module table
[2018.02.21-09.52.00:813][915]LogVSAccessor: Warning: Couldn't access module table
[2018.02.21-09.52.00:813][915]LogVSAccessor: Warning: Couldn't access module table
[2018.02.21-09.52.00:813][915]LogVSAccessor: Warning: Couldn't access module table
[2018.02.21-09.52.00:814][915]LogVSAccessor: Warning: Couldn't access module table
[2018.02.21-09.52.00:814][915]LogVSAccessor: Warning: Couldn't access module table
[2018.02.21-09.52.00:814][915]LogVSAccessor: Warning: Couldn't access module table
[2018.02.21-09.52.00:814][915]LogVSAccessor: Warning: Couldn't access module table
[2018.02.21-09.52.00:814][915]LogVSAccessor: Warning: Couldn't access module table
[2018.02.21-09.52.00:814][915]LogVSAccessor: Warning: Couldn't access module table
[2018.02.21-09.52.00:814][915]LogVSAccessor: Warning: Couldn't access module table
[2018.02.21-09.52.00:814][915]LogVSAccessor: Warning: Couldn't access module table
[2018.02.21-09.52.00:815][915]LogVSAccessor: Warning: Couldn't access module table
[2018.02.21-09.52.00:815][915]LogVSAccessor: Warning: Couldn't access module table
[2018.02.21-09.52.00:815][915]LogVSAccessor: Warning: Couldn't access module table
[2018.02.21-09.52.00:815][915]LogVSAccessor: Warning: Couldn't access module table
[2018.02.21-09.52.00:815][915]LogVSAccessor: Warning: Couldn't access module table
[2018.02.21-09.52.00:815][915]LogVSAccessor: Warning: Couldn't access module table
[2018.02.21-09.52.00:815][915]LogVSAccessor: Warning: Couldn't access module table
[2018.02.21-09.52.00:815][915]LogVSAccessor: Warning: Couldn't access module table
[2018.02.21-09.52.00:816][915]LogVSAccessor: Warning: Couldn't access module table
[2018.02.21-09.52.00:816][915]LogVSAccessor: Warning: Couldn't access module table
[2018.02.21-09.52.00:816][915]LogVSAccessor: Warning: Couldn't access module table
[2018.02.21-09.52.00:816][915]LogVSAccessor: Warning: Couldn't access module table
[2018.02.21-09.52.00:816][915]LogVSAccessor: Warning: Couldn't access module table
[2018.02.21-09.52.00:816][915]LogVSAccessor: Warning: Couldn't access module table
[2018.02.21-09.52.00:816][915]LogVSAccessor: Warning: Couldn't access module table
[2018.02.21-09.52.00:816][915]LogVSAccessor: Warning: Couldn't access module table
[2018.02.21-09.52.00:817][915]LogVSAccessor: Warning: Couldn't access module table
[2018.02.21-09.52.00:817][915]LogVSAccessor: Warning: Couldn't access module table
[2018.02.21-09.52.00:817][915]LogVSAccessor: Warning: Couldn't access module table
[2018.02.21-09.52.00:817][915]LogVSAccessor: Warning: Couldn't access module table
[2018.02.21-09.52.00:817][915]LogVSAccessor: Warning: Couldn't access module table
[2018.02.21-09.52.00:817][915]LogVSAccessor: Warning: Couldn't access module table
[2018.02.21-09.52.00:817][915]LogVSAccessor: Warning: Couldn't access module table
[2018.02.21-09.52.00:817][915]LogVSAccessor: Warning: Couldn't access module table
[2018.02.21-09.52.00:817][915]LogVSAccessor: Warning: Couldn't access module table
[2018.02.21-09.52.00:818][915]LogVSAccessor: Warning: Couldn't access module table
[2018.02.21-09.52.00:818][915]LogVSAccessor: Warning: Couldn't access module table
[2018.02.21-09.52.00:818][915]LogVSAccessor: Warning: Couldn't access module table
[2018.02.21-09.52.00:818][915]LogVSAccessor: Warning: Couldn't access module table
[2018.02.21-09.52.00:818][915]LogVSAccessor: Warning: Couldn't access module table
[2018.02.21-09.52.00:818][915]LogVSAccessor: Warning: Couldn't access module table
[2018.02.21-09.52.00:818][915]LogVSAccessor: Warning: Couldn't access module table
[2018.02.21-09.52.00:818][915]LogVSAccessor: Warning: Couldn't access module table
[2018.02.21-09.52.00:818][915]LogVSAccessor: Warning: Couldn't access module table
[2018.02.21-09.52.00:818][915]LogVSAccessor: Warning: Couldn't access module table
[2018.02.21-09.52.00:818][915]LogVSAccessor: Warning: Couldn't access module table
[2018.02.21-09.52.00:818][915]LogVSAccessor: Warning: Couldn't access module table
[2018.02.21-09.52.00:819][915]LogVSAccessor: Warning: Couldn't access module table
[2018.02.21-09.52.00:819][915]LogVSAccessor: Warning: Couldn't access module table
[2018.02.21-09.52.00:819][915]LogVSAccessor: Warning: Couldn't access module table
[2018.02.21-09.52.00:819][915]LogVSAccessor: Warning: Couldn't access module table
[2018.02.21-09.52.00:819][915]LogVSAccessor: Warning: Couldn't access module table
[2018.02.21-09.52.00:819][915]LogVSAccessor: Warning: Couldn't access module table
[2018.02.21-09.52.00:819][915]LogVSAccessor: Warning: Couldn't access module table
[2018.02.21-09.52.00:819][915]LogVSAccessor: Warning: Couldn't access module table
[2018.02.21-09.52.00:819][915]LogVSAccessor: Warning: Couldn't access module table
[2018.02.21-09.52.00:819][915]LogVSAccessor: Warning: Couldn't access module table
[2018.02.21-09.52.00:819][915]LogVSAccessor: Warning: Couldn't access module table
[2018.02.21-09.52.00:819][915]LogVSAccessor: Warning: Couldn't access module table
[2018.02.21-09.52.00:820][915]LogVSAccessor: Warning: Couldn't access module table
[2018.02.21-09.52.00:820][915]LogVSAccessor: Warning: Couldn't access module table
[2018.02.21-09.52.00:820][915]LogVSAccessor: Warning: Couldn't access module table
[2018.02.21-09.52.00:820][915]LogVSAccessor: Warning: Couldn't access module table
[2018.02.21-09.52.00:820][915]LogVSAccessor: Warning: Couldn't access module table
[2018.02.21-09.52.00:820][915]LogVSAccessor: Warning: Couldn't access module table
[2018.02.21-09.52.00:820][915]LogVSAccessor: Warning: Couldn't access module table
[2018.02.21-09.52.00:820][915]LogVSAccessor: Warning: Couldn't access module table
[2018.02.21-09.52.00:820][915]LogVSAccessor: Warning: Couldn't access module table
[2018.02.21-09.52.00:821][915]LogVSAccessor: Warning: Couldn't access module table
[2018.02.21-09.52.00:821][915]LogVSAccessor: Warning: Couldn't access module table
[2018.02.21-09.52.00:821][915]LogVSAccessor: Warning: Couldn't access module table
[2018.02.21-09.52.00:821][915]LogVSAccessor: Warning: Couldn't access module table
[2018.02.21-09.52.00:821][915]LogVSAccessor: Warning: Couldn't access module table
[2018.02.21-09.52.00:821][915]LogVSAccessor: Warning: Couldn't access module table
[2018.02.21-09.52.00:821][915]LogVSAccessor: Warning: Couldn't access module table
[2018.02.21-09.52.00:821][915]LogVSAccessor: Warning: Couldn't access module table
[2018.02.21-09.52.00:821][915]LogVSAccessor: Warning: Couldn't access module table
[2018.02.21-09.52.00:821][915]LogVSAccessor: Warning: Couldn't access module table
[2018.02.21-09.52.00:821][915]LogVSAccessor: Warning: Couldn't access module table
[2018.02.21-09.52.00:821][915]LogVSAccessor: Warning: Couldn't access module table
[2018.02.21-09.52.00:822][915]LogVSAccessor: Warning: Couldn't access module table
[2018.02.21-09.52.00:822][915]LogVSAccessor: Warning: Couldn't access module table
[2018.02.21-09.52.00:827][915]LogVSAccessor: Warning: Couldn't access module table
[2018.02.21-09.52.00:827][915]LogVSAccessor: Warning: Couldn't access module table
[2018.02.21-09.52.00:827][915]LogVSAccessor: Warning: Couldn't access module table
[2018.02.21-09.52.00:827][915]LogVSAccessor: Warning: Couldn't access module table
[2018.02.21-09.52.00:827][915]LogVSAccessor: Warning: Couldn't access module table
[2018.02.21-09.52.00:830][915]LogVSAccessor: Warning: Couldn't access module table
[2018.02.21-09.52.00:861][915]LogVSAccessor: Warning: Couldn't access module table
[2018.02.21-09.52.00:861][915]LogVSAccessor: Warning: Couldn't access module table
[2018.02.21-09.52.00:861][915]LogVSAccessor: Warning: Couldn't access module table
[2018.02.21-09.52.00:861][915]LogVSAccessor: Warning: Couldn't access module table
[2018.02.21-09.52.00:861][915]LogVSAccessor: Warning: Couldn't access module table
[2018.02.21-09.52.00:862][915]LogVSAccessor: Warning: Couldn't access module table
[2018.02.21-09.52.00:865][915]LogVSAccessor: Warning: Couldn't access module table
[2018.02.21-09.52.00:865][915]LogVSAccessor: Warning: Couldn't access module table
[2018.02.21-09.52.00:865][915]LogVSAccessor: Warning: Couldn't access module table
[2018.02.21-09.52.00:865][915]LogVSAccessor: Warning: Couldn't access module table
[2018.02.21-09.52.00:877][915]LogVSAccessor: Warning: Couldn't access module table
[2018.02.21-09.52.00:877][915]LogVSAccessor: Warning: Couldn't access module table
[2018.02.21-09.52.00:888][915]LogVSAccessor: Warning: Couldn't access module table
[2018.02.21-09.52.00:903][915]LogVSAccessor: Warning: Couldn't access module table
[2018.02.21-09.52.00:906][915]LogVSAccessor: Warning: Couldn't access module table
[2018.02.21-09.52.00:906][915]LogVSAccessor: Warning: Couldn't access module table
[2018.02.21-09.52.00:908][915]LogVSAccessor: Warning: Couldn't access module table
[2018.02.21-09.52.00:908][915]LogVSAccessor: Warning: Couldn't access module table
[2018.02.21-09.52.00:908][915]LogVSAccessor: Warning: Couldn't access module table
[2018.02.21-09.59.23:525][419]LogTemp: Repeating last play command: Selected Viewport
[2018.02.21-09.59.23:537][419]LogBlueprintUserMessages: Early PlayInEditor Detection: Level '/Game/ThirdPersonBP/Maps/ThirdPersonExampleMap.ThirdPersonExampleMap:PersistentLevel' has LevelScriptBlueprint '/Game/ThirdPersonBP/Maps/ThirdPersonExampleMap.ThirdPersonExampleMap:PersistentLevel.ThirdPersonExampleMap' with GeneratedClass '/Game/ThirdPersonBP/Maps/ThirdPersonExampleMap.ThirdPersonExampleMap_C' with ClassGeneratedBy '/Game/ThirdPersonBP/Maps/ThirdPersonExampleMap.ThirdPersonExampleMap:PersistentLevel.ThirdPersonExampleMap'
[2018.02.21-09.59.23:538][419]LogPlayLevel: PlayLevel: No blueprints needed recompiling
[2018.02.21-09.59.23:538][419]PIE: New page: PIE session: ThirdPersonExampleMap (21 Feb 2018 11:59:23)
[2018.02.21-09.59.23:538][419]LogPlayLevel: Creating play world package: /Game/ThirdPersonBP/Maps/UEDPIE_0_ThirdPersonExampleMap
[2018.02.21-09.59.23:554][419]LogPlayLevel: PIE: StaticDuplicateObject took: (0.016447s)
[2018.02.21-09.59.23:555][419]LogAIModule: Creating AISystem for world ThirdPersonExampleMap
[2018.02.21-09.59.23:555][419]LogPlayLevel: PIE: World Init took: (0.000760s)
[2018.02.21-09.59.23:555][419]LogPlayLevel: PIE: Created PIE world by copying editor world from /Game/ThirdPersonBP/Maps/ThirdPersonExampleMap.ThirdPersonExampleMap to /Game/ThirdPersonBP/Maps/UEDPIE_0_ThirdPersonExampleMap.ThirdPersonExampleMap (0.017571s)
[2018.02.21-09.59.23:570][419]LogInit: XAudio2 using 'InFocus HDD-4 (NVIDIA High Definition Audio)' : 2 channels at 48 kHz using 16 bits per sample (channel mask 0x3)
[2018.02.21-09.59.23:578][419]LogInit: FAudioDevice initialized.
[2018.02.21-09.59.23:612][419]LogLoad: Game class is 'ThirdPersonGameMode_C'
[2018.02.21-09.59.23:614][419]LogWorld: Bringing World /Game/ThirdPersonBP/Maps/UEDPIE_0_ThirdPersonExampleMap.ThirdPersonExampleMap up for play (max tick rate 0) at 2018.02.21-10.59.23
[2018.02.21-09.59.23:614][419]LogWorld: Bringing up level for play took: 0.001447
[2018.02.21-09.59.23:615][419]PIE: Play in editor start time for /Game/ThirdPersonBP/Maps/UEDPIE_0_ThirdPersonExampleMap -0.724
[2018.02.21-09.59.23:615][419]LogBlueprintUserMessages: Late PlayInEditor Detection: Level '/Game/ThirdPersonBP/Maps/ThirdPersonExampleMap.ThirdPersonExampleMap:PersistentLevel' has LevelScriptBlueprint '/Game/ThirdPersonBP/Maps/ThirdPersonExampleMap.ThirdPersonExampleMap:PersistentLevel.ThirdPersonExampleMap' with GeneratedClass '/Game/ThirdPersonBP/Maps/ThirdPersonExampleMap.ThirdPersonExampleMap_C' with ClassGeneratedBy '/Game/ThirdPersonBP/Maps/ThirdPersonExampleMap.ThirdPersonExampleMap:PersistentLevel.ThirdPersonExampleMap'
[2018.02.21-10.04.41:701][577]LogBlueprintUserMessages: Early EndPlayMap Detection: Level '/Game/ThirdPersonBP/Maps/ThirdPersonExampleMap.ThirdPersonExampleMap:PersistentLevel' has LevelScriptBlueprint '/Game/ThirdPersonBP/Maps/ThirdPersonExampleMap.ThirdPersonExampleMap:PersistentLevel.ThirdPersonExampleMap' with GeneratedClass '/Game/ThirdPersonBP/Maps/ThirdPersonExampleMap.ThirdPersonExampleMap_C' with ClassGeneratedBy '/Game/ThirdPersonBP/Maps/ThirdPersonExampleMap.ThirdPersonExampleMap:PersistentLevel.ThirdPersonExampleMap'
[2018.02.21-10.04.41:735][577]LogBlueprintUserMessages: Late EndPlayMap Detection: Level '/Game/ThirdPersonBP/Maps/ThirdPersonExampleMap.ThirdPersonExampleMap:PersistentLevel' has LevelScriptBlueprint '/Game/ThirdPersonBP/Maps/ThirdPersonExampleMap.ThirdPersonExampleMap:PersistentLevel.ThirdPersonExampleMap' with GeneratedClass '/Game/ThirdPersonBP/Maps/ThirdPersonExampleMap.ThirdPersonExampleMap_C' with ClassGeneratedBy '/Game/ThirdPersonBP/Maps/ThirdPersonExampleMap.ThirdPersonExampleMap:PersistentLevel.ThirdPersonExampleMap'
[2018.02.21-10.07.31:311][646]LogVSAccessor: Warning: Visual Studio is open but could not be queried - it may be blocked by a modal operation
[2018.02.21-10.07.31:312][646]LogVSAccessor: Warning: Couldn't access Visual Studio
[2018.02.21-10.07.31:327][646]Candidate modules for hot reload:
[2018.02.21-10.07.31:327][646]  AI_Behaviour
[2018.02.21-10.07.31:327][646]Launching UnrealBuildTool... [D:/EpicGames/UE_4.18/Engine/Binaries/DotNET/UnrealBuildTool.exe AI_Behaviour -ModuleWithSuffix AI_Behaviour 2791 Win64 Development -editorrecompile -canskiplink "D:/UNREAL/AI_Behaviour/AI_Behaviour.uproject" ]
[2018.02.21-10.07.31:332][646]Warning: Starting HotReload took  0.0s.
[2018.02.21-10.07.49:629][832]CompilerResultsLog: New page: Compilation - 21 Feb 2018 12:07:49
[2018.02.21-10.07.49:629][832]CompilerResultsLog: Using 'git status' to determine working set for adaptive non-unity build.
[2018.02.21-10.07.49:629][832]CompilerResultsLog: Creating makefile for hot reloading AI_Behaviour (game project files are newer)
[2018.02.21-10.07.49:629][832]CompilerResultsLog: Compiling game modules for hot reload
[2018.02.21-10.07.49:629][832]CompilerResultsLog: Parsing headers for AI_BehaviourEditor
[2018.02.21-10.07.49:629][832]CompilerResultsLog:   Running UnrealHeaderTool "D:\UNREAL\AI_Behaviour\AI_Behaviour.uproject" "D:\UNREAL\AI_Behaviour\Intermediate\Build\Win64\AI_BehaviourEditor\Development\AI_BehaviourEditor.uhtmanifest" -LogCmds="loginit warning, logexit warning, logdatabase error" -Unattended -WarningsAsErrors -installed
[2018.02.21-10.07.49:629][832]CompilerResultsLog: Reflection code generated for AI_BehaviourEditor in 9.3388022 seconds
[2018.02.21-10.07.49:629][832]CompilerResultsLog: Performing 4 actions (4 in parallel)
[2018.02.21-10.07.49:629][832]CompilerResultsLog: DrawHUD.cpp
[2018.02.21-10.07.49:629][832]CompilerResultsLog: DrawHUD.gen.cpp
[2018.02.21-10.07.49:629][832]CompilerResultsLog: [3/4] Link UE4Editor-AI_Behaviour-2791.dll
[2018.02.21-10.07.49:629][832]CompilerResultsLog: [4/4] Link UE4Editor-AI_Behaviour-2791.lib
[2018.02.21-10.07.49:629][832]CompilerResultsLog:    Creating library D:\UNREAL\AI_Behaviour\Intermediate\Build\Win64\UE4Editor\Development\UE4Editor-AI_Behaviour-2791.lib and object D:\UNREAL\AI_Behaviour\Intermediate\Build\Win64\UE4Editor\Development\UE4Editor-AI_Behaviour-2791.exp
[2018.02.21-10.07.49:630][832]CompilerResultsLog:    Creating library D:\UNREAL\AI_Behaviour\Intermediate\Build\Win64\UE4Editor\Development\UE4Editor-AI_Behaviour-2791.suppressed.lib and object D:\UNREAL\AI_Behaviour\Intermediate\Build\Win64\UE4Editor\Development\UE4Editor-AI_Behaviour-2791.suppressed.exp
[2018.02.21-10.07.49:630][832]CompilerResultsLog: Total build time: 18.08 seconds (Local executor: 4.42 seconds)
[2018.02.21-10.07.49:630][832]LogMainFrame: MainFrame: Module compiling took 18.318 seconds
[2018.02.21-10.07.49:666][832]LogClass: Could not find existing class DrawHUD in package /Script/AI_Behaviour for HotReload, assuming new class
[2018.02.21-10.07.49:666][832]LogClass: Function drawCA is new.
[2018.02.21-10.07.49:666][832]LogClass: Function drawGOL is new.
[2018.02.21-10.07.49:669][832]LogHotReload: Re-instancing DrawHUD after hot-reload.
[2018.02.21-10.07.49:671][832]LogWindows: Windows GetLastError: The operation completed successfully. (0)
[2018.02.21-10.07.50:271][832]LogWindows: Error: === Critical error: ===
[2018.02.21-10.07.50:271][832]LogWindows: Error: 
[2018.02.21-10.07.50:271][832]LogWindows: Error: Assertion failed: (InOffset & ~0xFFFFF) == 0 [File:D:\Build\++UE4+Release-4.18+Compile\Sync\Engine\Source\Runtime\CoreUObject\Public\UObject/GarbageCollection.h] [Line: 71] 
[2018.02.21-10.07.50:271][832]LogWindows: Error: 
[2018.02.21-10.07.50:271][832]LogWindows: Error: 
[2018.02.21-10.07.50:272][832]LogWindows: Error: 
[2018.02.21-10.07.50:272][832]LogWindows: Error: [Callstack] 0x000000000AD14008 KERNELBASE.dll!UnknownFunction []
[2018.02.21-10.07.50:272][832]LogWindows: Error: [Callstack] 0x00000000F5A076D4 UE4Editor-ApplicationCore.dll!UnknownFunction []
[2018.02.21-10.07.50:272][832]LogWindows: Error: [Callstack] 0x00000000D047330B UE4Editor-Core.dll!UnknownFunction []
[2018.02.21-10.07.50:272][832]LogWindows: Error: [Callstack] 0x00000000D04047F9 UE4Editor-Core.dll!UnknownFunction []
[2018.02.21-10.07.50:272][832]LogWindows: Error: [Callstack] 0x00000000CFE4C83A UE4Editor-CoreUObject.dll!UnknownFunction []
[2018.02.21-10.07.50:272][832]LogWindows: Error: [Callstack] 0x00000000CFE37FB6 UE4Editor-CoreUObject.dll!UnknownFunction []
[2018.02.21-10.07.50:272][832]LogWindows: Error: [Callstack] 0x00000000CFE1E0D1 UE4Editor-CoreUObject.dll!UnknownFunction []
[2018.02.21-10.07.50:272][832]LogWindows: Error: [Callstack] 0x00000000BEABA3C0 UE4Editor-KismetCompiler.dll!UnknownFunction []
[2018.02.21-10.07.50:272][832]LogWindows: Error: [Callstack] 0x00000000CBC89F44 UE4Editor-Kismet.dll!UnknownFunction []
[2018.02.21-10.07.50:272][832]LogWindows: Error: [Callstack] 0x00000000CBC8F5BF UE4Editor-Kismet.dll!UnknownFunction []
[2018.02.21-10.07.50:272][832]LogWindows: Error: [Callstack] 0x00000000CBC316FC UE4Editor-Kismet.dll!UnknownFunction []
[2018.02.21-10.07.50:272][832]LogWindows: Error: [Callstack] 0x00000000C05C633E UE4Editor-UnrealEd.dll!UnknownFunction []
[2018.02.21-10.07.50:272][832]LogWindows: Error: [Callstack] 0x00000000C05C8268 UE4Editor-UnrealEd.dll!UnknownFunction []
[2018.02.21-10.07.50:272][832]LogWindows: Error: [Callstack] 0x00000000C05F6DAC UE4Editor-UnrealEd.dll!UnknownFunction []
[2018.02.21-10.07.50:272][832]LogWindows: Error: [Callstack] 0x00000000B4BACB3F UE4Editor-HotReload.dll!UnknownFunction []
[2018.02.21-10.07.50:272][832]LogWindows: Error: [Callstack] 0x00000000B4BACE05 UE4Editor-HotReload.dll!UnknownFunction []
[2018.02.21-10.07.50:272][832]LogWindows: Error: [Callstack] 0x00000000B4BA4DE6 UE4Editor-HotReload.dll!UnknownFunction []
[2018.02.21-10.07.50:272][832]LogWindows: Error: [Callstack] 0x00000000CFCB9AC5 UE4Editor-CoreUObject.dll!UnknownFunction []
[2018.02.21-10.07.50:272][832]LogWindows: Error: [Callstack] 0x00000000CFFB7D18 UE4Editor-CoreUObject.dll!UnknownFunction []
[2018.02.21-10.07.50:272][832]LogWindows: Error: [Callstack] 0x00000000CFF9B426 UE4Editor-CoreUObject.dll!UnknownFunction []
[2018.02.21-10.07.50:272][832]LogWindows: Error: [Callstack] 0x00000000CFD42547 UE4Editor-CoreUObject.dll!UnknownFunction []
[2018.02.21-10.07.50:272][832]LogWindows: Error: [Callstack] 0x00000000D02AE6C0 UE4Editor-Core.dll!UnknownFunction []
[2018.02.21-10.07.50:272][832]LogWindows: Error: [Callstack] 0x00000000D0502282 UE4Editor-Core.dll!UnknownFunction []
[2018.02.21-10.07.50:272][832]LogWindows: Error: [Callstack] 0x00000000D0501593 UE4Editor-Core.dll!UnknownFunction []
[2018.02.21-10.07.50:272][832]LogWindows: Error: [Callstack] 0x00000000B4BA309F UE4Editor-HotReload.dll!UnknownFunction []
[2018.02.21-10.07.50:272][832]LogWindows: Error: [Callstack] 0x00000000B4BA0434 UE4Editor-HotReload.dll!UnknownFunction []
[2018.02.21-10.07.50:272][832]LogWindows: Error: [Callstack] 0x00000000B4BA0E00 UE4Editor-HotReload.dll!UnknownFunction []
[2018.02.21-10.07.50:272][832]LogWindows: Error: [Callstack] 0x00000000B4BB42DB UE4Editor-HotReload.dll!UnknownFunction []
[2018.02.21-10.07.50:272][832]LogWindows: Error: [Callstack] 0x00000000C01A53DE UE4Editor-UnrealEd.dll!UnknownFunction []
[2018.02.21-10.07.50:272][832]LogWindows: Error: [Callstack] 0x00000000C0A54AC6 UE4Editor-UnrealEd.dll!UnknownFunction []
[2018.02.21-10.07.50:272][832]LogWindows: Error: [Callstack] 0x00000000024B5A26 UE4Editor.exe!UnknownFunction []
[2018.02.21-10.07.50:272][832]LogWindows: Error: [Callstack] 0x00000000024C5430 UE4Editor.exe!UnknownFunction []
[2018.02.21-10.07.50:272][832]LogWindows: Error: [Callstack] 0x00000000024C54AA UE4Editor.exe!UnknownFunction []
[2018.02.21-10.07.50:272][832]LogWindows: Error: [Callstack] 0x00000000024D2379 UE4Editor.exe!UnknownFunction []
[2018.02.21-10.07.50:272][832]LogWindows: Error: [Callstack] 0x00000000024D3D57 UE4Editor.exe!UnknownFunction []
[2018.02.21-10.07.50:272][832]LogWindows: Error: [Callstack] 0x000000000E3D1FE4 KERNEL32.DLL!UnknownFunction []
[2018.02.21-10.07.50:272][832]LogWindows: Error: [Callstack] 0x000000000E96EFC1 ntdll.dll!UnknownFunction []
[2018.02.21-10.07.50:272][832]LogWindows: Error: [Callstack] 0x000000000E96EFC1 ntdll.dll!UnknownFunction []
[2018.02.21-10.07.50:272][832]LogWindows: Error: 
[2018.02.21-10.07.50:278][832]LogExit: Executing StaticShutdownAfterError
[2018.02.21-10.07.50:280][832]LogWindows: FPlatformMisc::RequestExit(1)
[2018.02.21-10.07.50:280][832]Log file closed, 02/21/18 11:07:50
