Log file open, 02/25/18 16:04:17
LogWindows: Failed to load 'aqProf.dll' (GetLastError=126)
LogWindows: File 'aqProf.dll' does not exist
LogWindows: Failed to load 'VSPerf140.dll' (GetLastError=126)
LogWindows: File 'VSPerf140.dll' does not exist
LogWindows: Failed to load 'VtuneApi.dll' (GetLastError=126)
LogWindows: File 'VtuneApi.dll' does not exist
LogWindows: Failed to load 'VtuneApi32e.dll' (GetLastError=126)
LogWindows: File 'VtuneApi32e.dll' does not exist
LogInit: Display: Running engine for game: AI_Behaviour
LogPlatformFile: Not using cached read wrapper
LogInit: Display: RandInit(-1956079894) SRandInit(-1956079894).
LogInit: Read version file with build ID '3709383'
LogInit: Overriding engine version to CL 3832480, compatible CL 3709383
LogInit: Registered custom module enumerator with build ID '3709383'
LogTaskGraph: Started task graph with 5 named threads and 14 total threads with 3 sets of task threads.
LogStats: Stats thread started at 0.218105
LogD3D11RHI: Aftermath initialized
LogPluginManager: Mounting plugin Paper2D
LogPluginManager: Mounting plugin LightPropagationVolume
LogPluginManager: Mounting plugin CodeLiteSourceCodeAccess
LogPluginManager: Mounting plugin GitSourceControl
LogPluginManager: Mounting plugin KDevelopSourceCodeAccess
LogPluginManager: Mounting plugin NullSourceCodeAccess
LogPluginManager: Mounting plugin PerforceSourceControl
LogPluginManager: Mounting plugin SubversionSourceControl
LogPluginManager: Mounting plugin UObjectPlugin
LogPluginManager: Mounting plugin VisualStudioCodeSourceCodeAccess
LogPluginManager: Mounting plugin VisualStudioSourceCodeAccess
LogPluginManager: Mounting plugin XCodeSourceCodeAccess
LogPluginManager: Mounting plugin AssetManagerEditor
LogPluginManager: Mounting plugin AudioCapture
LogPluginManager: Mounting plugin FacialAnimation
LogPluginManager: Mounting plugin GameplayTagsEditor
LogPluginManager: Mounting plugin MobileLauncherProfileWizard
LogPluginManager: Mounting plugin PluginBrowser
LogPluginManager: Mounting plugin SpeedTreeImporter
LogPluginManager: Mounting plugin AlembicImporter
LogPluginManager: Mounting plugin CharacterAI
LogPluginManager: Mounting plugin HTML5Networking
LogPluginManager: Mounting plugin AndroidMedia
LogPluginManager: Mounting plugin AvfMedia
LogPluginManager: Mounting plugin ImgMedia
LogPluginManager: Mounting plugin MediaCompositing
LogPluginManager: Mounting plugin MediaPlayerEditor
LogPluginManager: Mounting plugin WmfMedia
LogPluginManager: Mounting plugin TcpMessaging
LogPluginManager: Mounting plugin UdpMessaging
LogPluginManager: Mounting plugin ActorSequence
LogPluginManager: Mounting plugin LevelSequenceEditor
LogPluginManager: Mounting plugin MatineeToLevelSequence
LogPluginManager: Mounting plugin OnlineSubsystemGooglePlay
LogPluginManager: Mounting plugin OnlineSubsystemIOS
LogPluginManager: Mounting plugin OnlineSubsystem
LogPluginManager: Mounting plugin OnlineSubsystemNull
LogPluginManager: Mounting plugin OnlineSubsystemUtils
LogPluginManager: Mounting plugin AndroidDeviceProfileSelector
LogPluginManager: Mounting plugin AndroidMoviePlayer
LogPluginManager: Mounting plugin AndroidPermission
LogPluginManager: Mounting plugin AppleARKit
LogPluginManager: Mounting plugin AppleMoviePlayer
LogPluginManager: Mounting plugin ArchVisCharacter
LogPluginManager: Mounting plugin CableComponent
LogPluginManager: Mounting plugin CustomMeshComponent
LogPluginManager: Mounting plugin ExampleDeviceProfileSelector
LogPluginManager: Mounting plugin GoogleCloudMessaging
LogPluginManager: Mounting plugin ImmediatePhysics
LogPluginManager: Mounting plugin IOSDeviceProfileSelector
LogPluginManager: Mounting plugin LinuxDeviceProfileSelector
LogPluginManager: Mounting plugin LocationServicesBPLibrary
LogPluginManager: Mounting plugin MobilePatchingUtils
LogPluginManager: Mounting plugin OculusVR
LogPluginManager: Plugin shader directory ../../../Engine/Plugins/Runtime/Oculus/OculusVR/Shaders found
LogPluginManager: Mapping shader source directory ../../../Engine/Plugins/Runtime/Oculus/OculusVR/Shaders to virtual directory /Plugin/OculusVR
LogPluginManager: Mounting plugin PhysXVehicles
LogPluginManager: Mounting plugin ProceduralMeshComponent
LogPluginManager: Mounting plugin RuntimePhysXCooking
LogPluginManager: Mounting plugin SteamVR
LogPluginManager: Mounting plugin WindowsMoviePlayer
LogModuleManager: Display: Found up-to-date module file D:/UNREAL/AI_Behaviour/Binaries/Win64/UE4Editor-AI_Behaviour.dll (API version 3709383).
LogModuleManager: Display: Found up-to-date module file ../../../Engine/Plugins/2D/Paper2D/Binaries/Win64/UE4Editor-Paper2D.dll (API version 3709383).
LogModuleManager: Display: Found up-to-date module file ../../../Engine/Plugins/2D/Paper2D/Binaries/Win64/UE4Editor-Paper2DEditor.dll (API version 3709383).
LogModuleManager: Display: Found up-to-date module file ../../../Engine/Plugins/2D/Paper2D/Binaries/Win64/UE4Editor-PaperSpriteSheetImporter.dll (API version 3709383).
LogModuleManager: Display: Found up-to-date module file ../../../Engine/Plugins/2D/Paper2D/Binaries/Win64/UE4Editor-PaperTiledImporter.dll (API version 3709383).
LogModuleManager: Display: Found up-to-date module file ../../../Engine/Plugins/2D/Paper2D/Binaries/Win64/UE4Editor-SmartSnapping.dll (API version 3709383).
LogModuleManager: Display: Found up-to-date module file ../../../Engine/Plugins/Blendables/LightPropagationVolume/Binaries/Win64/UE4Editor-LightPropagationVolumeRuntime.dll (API version 3709383).
LogModuleManager: Display: Found up-to-date module file ../../../Engine/Plugins/Blendables/LightPropagationVolume/Binaries/Win64/UE4Editor-LightPropagationVolumeEditor.dll (API version 3709383).
LogModuleManager: Display: Found up-to-date module file ../../../Engine/Plugins/Developer/GitSourceControl/Binaries/Win64/UE4Editor-GitSourceControl.dll (API version 3709383).
LogModuleManager: Display: Found up-to-date module file ../../../Engine/Plugins/Developer/PerforceSourceControl/Binaries/Win64/UE4Editor-PerforceSourceControl.dll (API version 3709383).
LogModuleManager: Display: Found up-to-date module file ../../../Engine/Plugins/Developer/SubversionSourceControl/Binaries/Win64/UE4Editor-SubversionSourceControl.dll (API version 3709383).
LogModuleManager: Display: Found up-to-date module file ../../../Engine/Plugins/Developer/UObjectPlugin/Binaries/Win64/UE4Editor-UObjectPlugin.dll (API version 3709383).
LogModuleManager: Display: Found up-to-date module file ../../../Engine/Plugins/Developer/VisualStudioCodeSourceCodeAccess/Binaries/Win64/UE4Editor-VisualStudioCodeSourceCodeAccess.dll (API version 3709383).
LogModuleManager: Display: Found up-to-date module file ../../../Engine/Plugins/Developer/VisualStudioSourceCodeAccess/Binaries/Win64/UE4Editor-VisualStudioSourceCodeAccess.dll (API version 3709383).
LogModuleManager: Display: Found up-to-date module file ../../../Engine/Plugins/Editor/AssetManagerEditor/Binaries/Win64/UE4Editor-AssetManagerEditor.dll (API version 3709383).
LogModuleManager: Display: Found up-to-date module file ../../../Engine/Plugins/Editor/AudioCapture/Binaries/Win64/UE4Editor-AudioCapture.dll (API version 3709383).
LogModuleManager: Display: Found up-to-date module file ../../../Engine/Plugins/Editor/FacialAnimation/Binaries/Win64/UE4Editor-FacialAnimation.dll (API version 3709383).
LogModuleManager: Display: Found up-to-date module file ../../../Engine/Plugins/Editor/FacialAnimation/Binaries/Win64/UE4Editor-FacialAnimationEditor.dll (API version 3709383).
LogModuleManager: Display: Found up-to-date module file ../../../Engine/Plugins/Editor/GameplayTagsEditor/Binaries/Win64/UE4Editor-GameplayTagsEditor.dll (API version 3709383).
LogModuleManager: Display: Found up-to-date module file ../../../Engine/Plugins/Editor/MobileLauncherProfileWizard/Binaries/Win64/UE4Editor-MobileLauncherProfileWizard.dll (API version 3709383).
LogModuleManager: Display: Found up-to-date module file ../../../Engine/Plugins/Editor/PluginBrowser/Binaries/Win64/UE4Editor-PluginBrowser.dll (API version 3709383).
LogModuleManager: Display: Found up-to-date module file ../../../Engine/Plugins/Editor/SpeedTreeImporter/Binaries/Win64/UE4Editor-SpeedTreeImporter.dll (API version 3709383).
LogModuleManager: Display: Found up-to-date module file ../../../Engine/Plugins/Experimental/AlembicImporter/Binaries/Win64/UE4Editor-AlembicImporter.dll (API version 3709383).
LogModuleManager: Display: Found up-to-date module file ../../../Engine/Plugins/Experimental/AlembicImporter/Binaries/Win64/UE4Editor-AlembicLibrary.dll (API version 3709383).
LogModuleManager: Display: Found up-to-date module file ../../../Engine/Plugins/Experimental/CharacterAI/Binaries/Win64/UE4Editor-CharacterAI.dll (API version 3709383).
LogModuleManager: Display: Found up-to-date module file ../../../Engine/Plugins/Experimental/HTML5Networking/Binaries/Win64/UE4Editor-HTML5Networking.dll (API version 3709383).
LogModuleManager: Display: Found up-to-date module file ../../../Engine/Plugins/Media/AndroidMedia/Binaries/Win64/UE4Editor-AndroidMediaEditor.dll (API version 3709383).
LogModuleManager: Display: Found up-to-date module file ../../../Engine/Plugins/Media/AndroidMedia/Binaries/Win64/UE4Editor-AndroidMediaFactory.dll (API version 3709383).
LogModuleManager: Display: Found up-to-date module file ../../../Engine/Plugins/Media/AvfMedia/Binaries/Win64/UE4Editor-AvfMediaEditor.dll (API version 3709383).
LogModuleManager: Display: Found up-to-date module file ../../../Engine/Plugins/Media/AvfMedia/Binaries/Win64/UE4Editor-AvfMediaFactory.dll (API version 3709383).
LogModuleManager: Display: Found up-to-date module file ../../../Engine/Plugins/Media/AvfMedia/Binaries/Win64/UE4Editor-AvfMediaFactory.dll (API version 3709383).
LogModuleManager: Display: Found up-to-date module file ../../../Engine/Plugins/Media/ImgMedia/Binaries/Win64/UE4Editor-ImgMedia.dll (API version 3709383).
LogModuleManager: Display: Found up-to-date module file ../../../Engine/Plugins/Media/ImgMedia/Binaries/Win64/UE4Editor-ImgMediaEditor.dll (API version 3709383).
LogModuleManager: Display: Found up-to-date module file ../../../Engine/Plugins/Media/ImgMedia/Binaries/Win64/UE4Editor-ImgMediaFactory.dll (API version 3709383).
LogModuleManager: Display: Found up-to-date module file ../../../Engine/Plugins/Media/ImgMedia/Binaries/Win64/UE4Editor-ImgMediaFactory.dll (API version 3709383).
LogModuleManager: Display: Found up-to-date module file ../../../Engine/Plugins/Media/ImgMedia/Binaries/Win64/UE4Editor-OpenExrWrapper.dll (API version 3709383).
LogModuleManager: Display: Found up-to-date module file ../../../Engine/Plugins/Media/MediaCompositing/Binaries/Win64/UE4Editor-MediaCompositing.dll (API version 3709383).
LogModuleManager: Display: Found up-to-date module file ../../../Engine/Plugins/Media/MediaCompositing/Binaries/Win64/UE4Editor-MediaCompositingEditor.dll (API version 3709383).
LogModuleManager: Display: Found up-to-date module file ../../../Engine/Plugins/Media/MediaPlayerEditor/Binaries/Win64/UE4Editor-MediaPlayerEditor.dll (API version 3709383).
LogModuleManager: Display: Found up-to-date module file ../../../Engine/Plugins/Media/WmfMedia/Binaries/Win64/UE4Editor-WmfMedia.dll (API version 3709383).
LogModuleManager: Display: Found up-to-date module file ../../../Engine/Plugins/Media/WmfMedia/Binaries/Win64/UE4Editor-WmfMediaEditor.dll (API version 3709383).
LogModuleManager: Display: Found up-to-date module file ../../../Engine/Plugins/Media/WmfMedia/Binaries/Win64/UE4Editor-WmfMediaFactory.dll (API version 3709383).
LogModuleManager: Display: Found up-to-date module file ../../../Engine/Plugins/Media/WmfMedia/Binaries/Win64/UE4Editor-WmfMediaFactory.dll (API version 3709383).
LogModuleManager: Display: Found up-to-date module file ../../../Engine/Plugins/Messaging/TcpMessaging/Binaries/Win64/UE4Editor-TcpMessaging.dll (API version 3709383).
LogModuleManager: Display: Found up-to-date module file ../../../Engine/Plugins/Messaging/UdpMessaging/Binaries/Win64/UE4Editor-UdpMessaging.dll (API version 3709383).
LogModuleManager: Display: Found up-to-date module file ../../../Engine/Plugins/MovieScene/ActorSequence/Binaries/Win64/UE4Editor-ActorSequence.dll (API version 3709383).
LogModuleManager: Display: Found up-to-date module file ../../../Engine/Plugins/MovieScene/LevelSequenceEditor/Binaries/Win64/UE4Editor-LevelSequenceEditor.dll (API version 3709383).
LogModuleManager: Display: Found up-to-date module file ../../../Engine/Plugins/MovieScene/MatineeToLevelSequence/Binaries/Win64/UE4Editor-MatineeToLevelSequence.dll (API version 3709383).
LogModuleManager: Display: Found up-to-date module file ../../../Engine/Plugins/Online/OnlineSubsystem/Binaries/Win64/UE4Editor-OnlineSubsystem.dll (API version 3709383).
LogModuleManager: Display: Found up-to-date module file ../../../Engine/Plugins/Online/OnlineSubsystemNull/Binaries/Win64/UE4Editor-OnlineSubsystemNull.dll (API version 3709383).
LogModuleManager: Display: Found up-to-date module file ../../../Engine/Plugins/Online/OnlineSubsystemUtils/Binaries/Win64/UE4Editor-OnlineSubsystemUtils.dll (API version 3709383).
LogModuleManager: Display: Found up-to-date module file ../../../Engine/Plugins/Online/OnlineSubsystemUtils/Binaries/Win64/UE4Editor-OnlineBlueprintSupport.dll (API version 3709383).
LogModuleManager: Display: Found up-to-date module file ../../../Engine/Plugins/Runtime/AndroidDeviceProfileSelector/Binaries/Win64/UE4Editor-AndroidDeviceProfileSelector.dll (API version 3709383).
LogModuleManager: Display: Found up-to-date module file ../../../Engine/Plugins/Runtime/AndroidPermission/Binaries/Win64/UE4Editor-AndroidPermission.dll (API version 3709383).
LogModuleManager: Display: Found up-to-date module file ../../../Engine/Plugins/Runtime/AppleARKit/Binaries/Win64/UE4Editor-AppleARKit.dll (API version 3709383).
LogModuleManager: Display: Found up-to-date module file ../../../Engine/Plugins/Runtime/ArchVisCharacter/Binaries/Win64/UE4Editor-ArchVisCharacter.dll (API version 3709383).
LogModuleManager: Display: Found up-to-date module file ../../../Engine/Plugins/Runtime/CableComponent/Binaries/Win64/UE4Editor-CableComponent.dll (API version 3709383).
LogModuleManager: Display: Found up-to-date module file ../../../Engine/Plugins/Runtime/CustomMeshComponent/Binaries/Win64/UE4Editor-CustomMeshComponent.dll (API version 3709383).
LogModuleManager: Display: Found up-to-date module file ../../../Engine/Plugins/Runtime/ExampleDeviceProfileSelector/Binaries/Win64/UE4Editor-ExampleDeviceProfileSelector.dll (API version 3709383).
LogModuleManager: Display: Found up-to-date module file ../../../Engine/Plugins/Runtime/ImmediatePhysics/Binaries/Win64/UE4Editor-ImmediatePhysics.dll (API version 3709383).
LogModuleManager: Display: Found up-to-date module file ../../../Engine/Plugins/Runtime/ImmediatePhysics/Binaries/Win64/UE4Editor-ImmediatePhysicsEditor.dll (API version 3709383).
LogModuleManager: Display: Found up-to-date module file ../../../Engine/Plugins/Runtime/LocationServicesBPLibrary/Binaries/Win64/UE4Editor-LocationServicesBPLibrary.dll (API version 3709383).
LogModuleManager: Display: Found up-to-date module file ../../../Engine/Plugins/Runtime/MobilePatchingUtils/Binaries/Win64/UE4Editor-MobilePatchingUtils.dll (API version 3709383).
LogModuleManager: Display: Found up-to-date module file ../../../Engine/Plugins/Runtime/Oculus/OculusVR/Binaries/Win64/UE4Editor-OculusHMD.dll (API version 3709383).
LogModuleManager: Display: Found up-to-date module file ../../../Engine/Plugins/Runtime/Oculus/OculusVR/Binaries/Win64/UE4Editor-OculusInput.dll (API version 3709383).
LogModuleManager: Display: Found up-to-date module file ../../../Engine/Plugins/Runtime/Oculus/OculusVR/Binaries/Win64/UE4Editor-OculusEditor.dll (API version 3709383).
LogModuleManager: Display: Found up-to-date module file ../../../Engine/Plugins/Runtime/PhysXVehicles/Binaries/Win64/UE4Editor-PhysXVehicles.dll (API version 3709383).
LogModuleManager: Display: Found up-to-date module file ../../../Engine/Plugins/Runtime/PhysXVehicles/Binaries/Win64/UE4Editor-PhysXVehiclesEditor.dll (API version 3709383).
LogModuleManager: Display: Found up-to-date module file ../../../Engine/Plugins/Runtime/ProceduralMeshComponent/Binaries/Win64/UE4Editor-ProceduralMeshComponent.dll (API version 3709383).
LogModuleManager: Display: Found up-to-date module file ../../../Engine/Plugins/Runtime/ProceduralMeshComponent/Binaries/Win64/UE4Editor-ProceduralMeshComponentEditor.dll (API version 3709383).
LogModuleManager: Display: Found up-to-date module file ../../../Engine/Plugins/Runtime/RuntimePhysXCooking/Binaries/Win64/UE4Editor-RuntimePhysXCooking.dll (API version 3709383).
LogModuleManager: Display: Found up-to-date module file ../../../Engine/Plugins/Runtime/Steam/SteamVR/Binaries/Win64/UE4Editor-SteamVR.dll (API version 3709383).
LogModuleManager: Display: Found up-to-date module file ../../../Engine/Plugins/Runtime/Steam/SteamVR/Binaries/Win64/UE4Editor-SteamVRController.dll (API version 3709383).
LogModuleManager: Display: Found up-to-date module file ../../../Engine/Plugins/Runtime/WindowsMoviePlayer/Binaries/Win64/UE4Editor-WindowsMoviePlayer.dll (API version 3709383).
LogInit: Using libcurl 7.47.1
LogInit:  - built for x86_64-pc-win32
LogInit:  - supports SSL with OpenSSL/1.0.2g
LogInit:  - supports HTTP deflate (compression) using libz 1.2.8
LogInit:  - other features:
LogInit:      CURL_VERSION_SSL
LogInit:      CURL_VERSION_LIBZ
LogInit:      CURL_VERSION_IPV6
LogInit:      CURL_VERSION_ASYNCHDNS
LogInit:      CURL_VERSION_LARGEFILE
LogInit:      CURL_VERSION_IDN
LogInit:  CurlRequestOptions (configurable via config and command line):
LogInit:  - bVerifyPeer = false  - Libcurl will NOT verify peer certificate
LogInit:  - bUseHttpProxy = false  - Libcurl will NOT use HTTP proxy
LogInit:  - bDontReuseConnections = false  - Libcurl will reuse connections
LogInit:  - CertBundlePath = nullptr  - Libcurl will use whatever was configured at build time.
LogInit: Build: ++UE4+Release-4.18-CL-3832480
LogInit: Engine Version: 4.18.3-3832480+++UE4+Release-4.18
LogInit: Compatible Engine Version: 4.18.0-3709383+++UE4+Release-4.18
LogInit: Net CL: 3709383
LogDevObjectVersion: Number of dev versions registered: 16
LogDevObjectVersion:   Dev-Blueprints (B0D832E4-1F89-4F0D-ACCF-7EB736FD4AA2): 10
LogDevObjectVersion:   Dev-Build (E1C64328-A22C-4D53-A36C-8E866417BD8C): 0
LogDevObjectVersion:   Dev-Core (375EC13C-06E4-48FB-B500-84F0262A717E): 2
LogDevObjectVersion:   Dev-Editor (E4B068ED-F494-42E9-A231-DA0B2E46BB41): 20
LogDevObjectVersion:   Dev-Framework (CFFC743F-43B0-4480-9391-14DF171D2073): 30
LogDevObjectVersion:   Dev-Mobile (B02B49B5-BB20-44E9-A304-32B752E40360): 0
LogDevObjectVersion:   Dev-Networking (A4E4105C-59A1-49B5-A7C5-40C4547EDFEE): 0
LogDevObjectVersion:   Dev-Online (39C831C9-5AE6-47DC-9A44-9C173E1C8E7C): 0
LogDevObjectVersion:   Dev-Physics (78F01B33-EBEA-4F98-B9B4-84EACCB95AA2): 0
LogDevObjectVersion:   Dev-Platform (6631380F-2D4D-43E0-8009-CF276956A95A): 0
LogDevObjectVersion:   Dev-Rendering (12F88B9F-8875-4AFC-A67C-D90C383ABD29): 20
LogDevObjectVersion:   Dev-Sequencer (7B5AE74C-D270-4C10-A958-57980B212A5A): 4
LogDevObjectVersion:   Dev-VR (D7296918-1DD6-4BDD-9DE2-64A83CC13884): 0
LogDevObjectVersion:   Dev-LoadTimes (C2A15278-BFE7-4AFE-6C17-90FF531DF755): 1
LogDevObjectVersion:   Private-Geometry (6EACA3D4-40EC-4CC1-B786-8BED09428FC5): 1
LogDevObjectVersion:   Dev-AnimPhys (29E575DD-E0A3-4627-9D10-D276232CDCEA): 12
LogInit: Compiled (64-bit): Jan 12 2018 02:04:55
LogInit: Compiled with Visual C++: 19.00.24215.01
LogInit: Build Configuration: Development
LogInit: Branch Name: ++UE4+Release-4.18
LogInit: Command line:  
LogInit: Base directory: C:/Program Files/Epic Games/UE_4.18/Engine/Binaries/Win64/
LogInit: Installed Engine Build: 1
LogInit: Presizing for max 8388607 objects, including 0 objects not considered by GC, pre-allocating 0 bytes for permanent pool.
LogInit: Object subsystem initialized
[2018.02.25-15.04.19:775][  0]LogInit: Selected Device Profile: [Windows]
[2018.02.25-15.04.19:775][  0]LogInit: Applying CVar settings loaded from the selected device profile: [Windows]
[2018.02.25-15.04.19:792][  0]LogInit: Computer: MININT-BGCOGT6
[2018.02.25-15.04.19:792][  0]LogInit: User: Administrator
[2018.02.25-15.04.19:792][  0]LogInit: CPU Page size=4096, Cores=4
[2018.02.25-15.04.19:792][  0]LogInit: High frequency timer resolution =2.533208 MHz
[2018.02.25-15.04.19:792][  0]LogMemory: Memory total: Physical=16.0GB (16GB approx)
[2018.02.25-15.04.19:792][  0]LogMemory: Platform Memory Stats for Windows
[2018.02.25-15.04.19:792][  0]LogMemory: Process Physical Memory: 272.38 MB used, 272.38 MB peak
[2018.02.25-15.04.19:792][  0]LogMemory: Process Virtual Memory: 265.89 MB used, 265.89 MB peak
[2018.02.25-15.04.19:792][  0]LogMemory: Physical Memory: 4981.64 MB used,  11351.46 MB free, 16333.10 MB total
[2018.02.25-15.04.19:792][  0]LogMemory: Virtual Memory: 674.28 MB used,  11351.46 MB free, 134217728.00 MB total
[2018.02.25-15.04.20:928][  0]LogInit: Using OS detected language (en-US).
[2018.02.25-15.04.20:928][  0]LogInit: Using OS detected locale (en-US).
[2018.02.25-15.04.20:931][  0]LogTextLocalizationManager: No specific localization for 'en-US' exists, so the 'en' localization will be used.
[2018.02.25-15.04.21:379][  0]LogInit: Setting process to per monitor DPI aware
[2018.02.25-15.04.21:798][  0]LogD3D11RHI: D3D11 adapters:
[2018.02.25-15.04.21:845][  0]LogD3D11RHI:    0. 'NVIDIA GeForce GTX 980M' (Feature Level 11_0)
[2018.02.25-15.04.21:845][  0]LogD3D11RHI:       4061/0/8166 MB DedicatedVideo/DedicatedSystem/SharedSystem, Outputs:1, VendorId:0x10de
[2018.02.25-15.04.21:848][  0]LogD3D11RHI:    1. 'Microsoft Basic Render Driver' (Feature Level 11_0)
[2018.02.25-15.04.21:849][  0]LogD3D11RHI:       0/0/8166 MB DedicatedVideo/DedicatedSystem/SharedSystem, Outputs:0, VendorId:0x1414
[2018.02.25-15.04.21:849][  0]LogD3D11RHI: Chosen D3D11 Adapter: 0
[2018.02.25-15.04.21:855][  0]LogD3D11RHI: Creating new Direct3DDevice
[2018.02.25-15.04.21:855][  0]LogD3D11RHI:     GPU DeviceId: 0x13d7 (for the marketing name, search the web for "GPU Device Id")
[2018.02.25-15.04.21:855][  0]LogWindows: EnumDisplayDevices:
[2018.02.25-15.04.21:855][  0]LogWindows:    0. 'NVIDIA GeForce GTX 980M' (P:1 D:1)
[2018.02.25-15.04.21:855][  0]LogWindows:    1. 'NVIDIA GeForce GTX 980M' (P:0 D:0)
[2018.02.25-15.04.21:855][  0]LogWindows:    2. 'NVIDIA GeForce GTX 980M' (P:0 D:0)
[2018.02.25-15.04.21:855][  0]LogWindows:    3. 'NVIDIA GeForce GTX 980M' (P:0 D:0)
[2018.02.25-15.04.21:855][  0]LogWindows: DebugString: GetVideoDriverDetailsInvalid PrimaryIsNotTheChoosenAdapter GetVideoDriverDetailsInvalid PrimaryIsNotTheChoosenAdapter GetVideoDriverDetailsInvalid PrimaryIsNotTheChoosenAdapter GetVideoDriverDetailsInvalid PrimaryIsNotTheChoosenAdapter FoundDriverCount:0 
[2018.02.25-15.04.21:855][  0]LogD3D11RHI:     Adapter Name: NVIDIA GeForce GTX 980M
[2018.02.25-15.04.21:855][  0]LogD3D11RHI:   Driver Version: Unknown (internal:Unknown, unified:Unknown)
[2018.02.25-15.04.21:855][  0]LogD3D11RHI:      Driver Date: Unknown
[2018.02.25-15.04.21:855][  0]LogRHI: Texture pool is 2843 MB (70% of 4061 MB)
[2018.02.25-15.04.21:880][  0]LogD3D11RHI: Async texture creation enabled
[2018.02.25-15.04.21:892][  0]LogD3D11RHI: GPU Timing Frequency: 1000.000000 (Debug: 2 1)
[2018.02.25-15.04.21:934][  0]LogShaderCompilers: Guid format shader working directory is 31 characters bigger than the processId version (D:/UNREAL/AI_Behaviour/Intermediate/Shaders/WorkingDirectory/12516/).
[2018.02.25-15.04.21:934][  0]LogShaderCompilers: Cleaned the shader compiler working directory 'C:/Users/Administrator/AppData/Local/Temp/UnrealShaderWorkingDir/3C2027EA4AC71977EAFE3F8155B11726/'.
[2018.02.25-15.04.21:934][  0]LogShaderCompilers: Display: Using Local Shader Compiler.
[2018.02.25-15.04.23:028][  0]LogTemp: Display: Loaded TP AllDesktopTargetPlatform
[2018.02.25-15.04.23:087][  0]LogTemp: Display: Loaded TP MacClientTargetPlatform
[2018.02.25-15.04.23:143][  0]LogTemp: Display: Loaded TP MacNoEditorTargetPlatform
[2018.02.25-15.04.23:200][  0]LogTemp: Display: Loaded TP MacServerTargetPlatform
[2018.02.25-15.04.23:266][  0]LogTemp: Display: Loaded TP MacTargetPlatform
[2018.02.25-15.04.23:323][  0]LogTemp: Display: Loaded TP WindowsClientTargetPlatform
[2018.02.25-15.04.23:379][  0]LogTemp: Display: Loaded TP WindowsNoEditorTargetPlatform
[2018.02.25-15.04.23:438][  0]LogTemp: Display: Loaded TP WindowsServerTargetPlatform
[2018.02.25-15.04.23:488][  0]LogTemp: Display: Loaded TP WindowsTargetPlatform
[2018.02.25-15.04.23:552][  0]LogTemp: Display: Loaded TP Android_ASTCTargetPlatform
[2018.02.25-15.04.23:609][  0]LogTemp: Display: Loaded TP Android_ATCTargetPlatform
[2018.02.25-15.04.23:663][  0]LogTemp: Display: Loaded TP Android_DXTTargetPlatform
[2018.02.25-15.04.23:717][  0]LogTemp: Display: Loaded TP Android_ETC1TargetPlatform
[2018.02.25-15.04.23:778][  0]LogTemp: Display: Loaded TP Android_ETC2TargetPlatform
[2018.02.25-15.04.23:892][  0]LogTemp: Display: Loaded TP Android_MultiTargetPlatform
[2018.02.25-15.04.23:892][  0]LogTemp: Display: Loaded TP Android_PVRTCTargetPlatform
[2018.02.25-15.04.23:955][  0]LogTemp: Display: Loaded TP AndroidTargetPlatform
[2018.02.25-15.04.24:000][  0]LogTemp: Display: Loaded TP HTML5TargetPlatform
[2018.02.25-15.04.24:100][  0]LogTemp: Display: Loaded TP IOSTargetPlatform
[2018.02.25-15.04.24:127][  0]LogTemp: Display: Loaded TP TVOSTargetPlatform
[2018.02.25-15.04.24:181][  0]LogTemp: Display: Loaded TP LinuxClientTargetPlatform
[2018.02.25-15.04.24:247][  0]LogTemp: Display: Loaded TP LinuxNoEditorTargetPlatform
[2018.02.25-15.04.24:306][  0]LogTemp: Display: Loaded TP LinuxServerTargetPlatform
[2018.02.25-15.04.24:365][  0]LogTemp: Display: Loaded TP LinuxTargetPlatform
[2018.02.25-15.04.24:365][  0]LogTargetPlatformManager: Display: Building Assets For Windows
[2018.02.25-15.04.25:289][  0]LogDerivedDataCache: Display: Max Cache Size: 512 MB
[2018.02.25-15.04.25:679][  0]LogDerivedDataCache: Loaded boot cache 0.39s 78MB C:/Users/Administrator/AppData/Local/UnrealEngine/4.18/DerivedDataCache/Boot.ddc.
[2018.02.25-15.04.25:679][  0]LogDerivedDataCache: Display: Loaded Boot cache: C:/Users/Administrator/AppData/Local/UnrealEngine/4.18/DerivedDataCache/Boot.ddc
[2018.02.25-15.04.25:679][  0]LogDerivedDataCache: FDerivedDataBackendGraph:  Pak pak cache file D:/UNREAL/AI_Behaviour/DerivedDataCache/DDC.ddp not found, will not use a pak cache.
[2018.02.25-15.04.25:680][  0]LogDerivedDataCache: Unable to find inner node Pak for hierarchical cache Hierarchy.
[2018.02.25-15.04.25:680][  0]LogDerivedDataCache: FDerivedDataBackendGraph:  CompressedPak pak cache file D:/UNREAL/AI_Behaviour/DerivedDataCache/Compressed.ddp not found, will not use a pak cache.
[2018.02.25-15.04.25:680][  0]LogDerivedDataCache: Unable to find inner node CompressedPak for hierarchical cache Hierarchy.
[2018.02.25-15.04.25:696][  0]LogDerivedDataCache: Display: Pak cache opened for reading ../../../Engine/DerivedDataCache/Compressed.ddp.
[2018.02.25-15.04.25:709][  0]LogDerivedDataCache: Using Local data cache path C:/Users/Administrator/AppData/Local/UnrealEngine/Common/DerivedDataCache: Writable
[2018.02.25-15.04.25:720][  0]LogMaterial: Verifying Global Shaders for PCD3D_SM5
[2018.02.25-15.04.25:720][  0]LogSlate: Using Freetype 2.6.0
[2018.02.25-15.04.25:722][  0]LogSlate: SlateFontCache - WITH_FREETYPE: 1, WITH_HARFBUZZ: 1
[2018.02.25-15.04.25:722][  0]LogSlate: SlateFontCache - WITH_FREETYPE: 1, WITH_HARFBUZZ: 1
[2018.02.25-15.04.26:377][  0]LogInit: Selected Device Profile: [Windows]
[2018.02.25-15.04.26:771][  0]LogSimplygon: Simplygon DLL not present - disabling.
[2018.02.25-15.04.26:816][  0]LogMeshReduction: Using SimplygonSwarm for distributed automatic mesh merging
[2018.02.25-15.04.26:816][  0]LogMeshReduction: Using QuadricMeshReduction for automatic static mesh reduction
[2018.02.25-15.04.26:816][  0]LogMeshReduction: No automatic skeletal mesh reduction module available
[2018.02.25-15.04.26:816][  0]LogMeshReduction: No automatic mesh merging module available
[2018.02.25-15.04.26:816][  0]LogMeshMerging: No automatic mesh merging module available
[2018.02.25-15.04.26:845][  0]LogNetVersion: AI_Behaviour , NetCL: 3709383, EngineNetVer: 2, GameNetVer: 0 (Checksum: 3887751288)
[2018.02.25-15.04.27:024][  0]LogAssetRegistry: FAssetRegistry took 0.0258 seconds to start up
[2018.02.25-15.04.27:692][  0]LogPackageLocalizationCache: Processed 7 localized package path(s) for 2 prioritized culture(s) in 0.119332 seconds
[2018.02.25-15.04.27:699][  0]LogUObjectArray: 35870 objects as part of root set at end of initial load.
[2018.02.25-15.04.27:699][  0]LogUObjectAllocator: 7363696 out of 0 bytes used by permanent object pool.
[2018.02.25-15.04.27:699][  0]LogUObjectArray: CloseDisregardForGC: 0/0 objects in disregard for GC pool
[2018.02.25-15.04.27:767][  0]LogInit: WinSock: version 1.1 (2.2), MaxSocks=32767, MaxUdp=65467
[2018.02.25-15.04.31:669][  0]LogTcpMessaging: Initializing TcpMessaging bridge
[2018.02.25-15.04.31:712][  0]LogUdpMessaging: Initializing bridge on interface 0.0.0.0:0 to multicast group 230.0.0.1:6666.
[2018.02.25-15.04.32:606][  0]LogMaterial: Uniform references updated for custom material expression Custom.
[2018.02.25-15.04.33:118][  0]SourceControl: Source control is disabled
[2018.02.25-15.04.33:118][  0]SourceControl: Source control is disabled
[2018.02.25-15.04.33:179][  0]SourceControl: Source control is disabled
[2018.02.25-15.04.33:243][  0]SourceControl: Source control is disabled
[2018.02.25-15.04.34:189][  0]LogAndroidPermission: UAndroidPermissionCallbackProxy::GetInstance
[2018.02.25-15.04.34:488][  0]LogOcInput: OculusInput pre-init called
[2018.02.25-15.04.34:782][  0]LogEngine: Initializing Engine...
[2018.02.25-15.04.34:784][  0]LogHMD: Failed to initialize OpenVR with code 110
[2018.02.25-15.04.35:005][  0]LogStats: UGameplayTagsManager::ConstructGameplayTagTree: Construct from data asset -  0.000 s
[2018.02.25-15.04.35:005][  0]LogStats: UGameplayTagsManager::ConstructGameplayTagTree: GameplayTagTreeChangedEvent.Broadcast -  0.000 s
[2018.02.25-15.04.35:156][  0]LogAIModule: Creating AISystem for world Untitled
[2018.02.25-15.04.35:164][  0]LogInit: XAudio2 using 'Speakers (Realtek High Definition Audio)' : 2 channels at 48 kHz using 32 bits per sample (channel mask 0x3)
[2018.02.25-15.04.35:182][  0]LogInit: FAudioDevice initialized.
[2018.02.25-15.04.35:267][  0]LogDerivedDataCache: Saved boot cache 0.09s 78MB C:/Users/Administrator/AppData/Local/UnrealEngine/4.18/DerivedDataCache/Boot.ddc.
[2018.02.25-15.04.35:283][  0]LogInit: Texture streaming: Enabled
[2018.02.25-15.04.35:394][  0]LogEngineSessionManager: EngineSessionManager initialized
[2018.02.25-15.04.35:547][  0]LogInit: Transaction tracking system initialized
[2018.02.25-15.04.35:923][  0]BlueprintLog: New page: Editor Load
[2018.02.25-15.04.36:973][  0]LocalizationService: Localization service is disabled
[2018.02.25-15.04.37:817][  0]LogConsoleResponse: Display: 
[2018.02.25-15.04.38:072][  0]LogCook: Display: Max memory allowance for cook 16384mb min free memory 0mb
[2018.02.25-15.04.38:072][  0]LogCook: Display: Mobile HDR setting 1
[2018.02.25-15.04.38:072][  0]LogGameplayTags: Display: UGameplayTagsManager::DoneAddingNativeTags. DelegateIsBound: 0
[2018.02.25-15.04.38:961][  0]LogFileCache: Scanning file cache for directory 'D:/UNREAL/AI_Behaviour/Content/' took 0.02s
[2018.02.25-15.04.39:400][  0]SourceControl: Source control is disabled
[2018.02.25-15.04.39:400][  0]Cmd: MAP LOAD FILE="D:/UNREAL/AI_Behaviour/Content/ThirdPersonBP/Maps/ThirdPersonExampleMap.umap" TEMPLATE=0 SHOWPROGRESS=1 FEATURELEVEL=3
[2018.02.25-15.04.39:400][  0]LightingResults: New page: Lighting Build
[2018.02.25-15.04.39:446][  0]MapCheck: New page: Map Check
[2018.02.25-15.04.39:446][  0]LightingResults: New page: Lighting Build
[2018.02.25-15.04.40:554][  0]LogAIModule: Creating AISystem for world ThirdPersonExampleMap
[2018.02.25-15.04.40:564][  0]LogEditorServer: Finished looking for orphan Actors (0.000 secs)
[2018.02.25-15.04.40:579][  0]Cmd: MAP CHECKDEP NOCLEARLOG
[2018.02.25-15.04.40:649][  0]MapCheck: Map check complete: 0 Error(s), 0 Warning(s), took 70.794ms to complete.
[2018.02.25-15.04.40:649][  0]LogFileHelpers: Loading map 'ThirdPersonExampleMap' took 1.250
[2018.02.25-15.04.40:711][  0]LogWindowsTextInputMethodSystem: Display: IME system now deactivated.
[2018.02.25-15.04.40:798][  0]LogCollectionManager: Loaded 0 collections in 0.001481 seconds
[2018.02.25-15.04.40:882][  0]LogFileCache: Scanning file cache for directory 'D:/UNREAL/AI_Behaviour/Saved/Collections/' took 0.01s
[2018.02.25-15.04.40:882][  0]LogFileCache: Scanning file cache for directory 'D:/UNREAL/AI_Behaviour/Content/Developers/Administrator/Collections/' took 0.01s
[2018.02.25-15.04.40:882][  0]LogFileCache: Scanning file cache for directory 'D:/UNREAL/AI_Behaviour/Content/Collections/' took 0.01s
[2018.02.25-15.04.40:882][  0]LogCollectionManager: Rebuilt the GUID cache for 0 collections in 0.000001 seconds
[2018.02.25-15.04.40:891][  0]LogContentBrowser: Native class hierarchy populated in 0.0088 seconds. Added 2364 classes and 521 folders.
[2018.02.25-15.04.40:968][  0]LogContentBrowser: Native class hierarchy updated for 'WidgetCarousel' in 0.0005 seconds. Added 0 classes and 0 folders.
[2018.02.25-15.04.41:083][  0]LogContentBrowser: Native class hierarchy updated for 'AddContentDialog' in 0.0005 seconds. Added 0 classes and 0 folders.
[2018.02.25-15.04.41:131][  0]LogContentBrowser: Native class hierarchy updated for 'SceneOutliner' in 0.0005 seconds. Added 1 classes and 2 folders.
[2018.02.25-15.04.41:237][  0]LogSlate: Took 0.006878 seconds to synchronously load lazily loaded font '../../../Engine/Content/Slate/Fonts/Roboto-Regular.ttf' (155K)
[2018.02.25-15.04.41:242][  0]LogSlate: Took 0.001753 seconds to synchronously load lazily loaded font '../../../Engine/Content/Slate/Fonts/Roboto-Bold.ttf' (160K)
[2018.02.25-15.04.41:249][  0]LogSlate: Took 0.001743 seconds to synchronously load lazily loaded font '../../../Engine/Content/Editor/Slate/Fonts/FontAwesome.ttf' (139K)
[2018.02.25-15.04.41:349][  0]LogRenderer: Reallocating scene render targets to support 888x444 Format 10 NumSamples 1 (Frame:1).
[2018.02.25-15.04.41:555][  0]LogContentBrowser: Native class hierarchy updated for 'HierarchicalLODOutliner' in 0.0007 seconds. Added 1 classes and 2 folders.
[2018.02.25-15.04.41:555][  0]LogLoad: (Engine Initialization) Total time: 26.36 seconds
[2018.02.25-15.04.41:555][  0]LogLoad: (Engine Initialization) Total Blueprint compile time: 0.00 seconds
[2018.02.25-15.04.41:555][  0]LogExternalProfiler: No external profilers were discovered.  External profiling features will not be available.
[2018.02.25-15.04.41:592][  0]LogContentStreaming: Texture pool size now 1000 MB
[2018.02.25-15.04.41:646][  0]LogSlate: Took 0.001740 seconds to synchronously load lazily loaded font '../../../Engine/Content/Slate/Fonts/Roboto-Light.ttf' (159K)
[2018.02.25-15.04.41:679][  1]LogAssetRegistry: Asset discovery search completed in 14.6770 seconds
[2018.02.25-15.04.41:682][  1]LogCollectionManager: Rebuilt the object cache for 0 collections in 0.000000 seconds (found 0 objects)
[2018.02.25-15.04.41:682][  1]LogCollectionManager: Fixed up redirectors for 0 collections in 0.000066 seconds (updated 0 objects)
[2018.02.25-15.04.42:578][ 52]LogSlate: Took 0.000343 seconds to synchronously load lazily loaded font '../../../Engine/Content/Slate/Fonts/Roboto-Light.ttf' (159K)
[2018.02.25-15.04.53:461][704]LogSlate: Took 0.000210 seconds to synchronously load lazily loaded font '../../../Engine/Content/Slate/Fonts/Roboto-Light.ttf' (159K)
[2018.02.25-15.04.53:786][704]LogContentBrowser: Native class hierarchy updated for 'BlueprintGraph' in 0.0008 seconds. Added 116 classes and 0 folders.
[2018.02.25-15.04.55:687][704]LogSlate: Took 0.001908 seconds to synchronously load lazily loaded font '../../../Engine/Content/Editor/Slate/Fonts/Roboto-BoldCondensed.ttf' (158K)
[2018.02.25-15.04.55:751][705]LogSlate: Took 0.001880 seconds to synchronously load lazily loaded font '../../../Engine/Content/Editor/Slate/Fonts/Roboto-Italic.ttf' (157K)
[2018.02.25-15.05.19:205][373]LogVSAccessor: Warning: Couldn't goto line number '0' in 'D:/UNREAL/AI_Behaviour/Source/AI_Behaviour/DrawHUD.h'
[2018.02.25-15.05.19:228][373]LogVSAccessor: Warning: Couldn't goto line number '0' in 'D:/UNREAL/AI_Behaviour/Source/AI_Behaviour/DrawHUD.cpp'
[2018.02.25-15.07.20:970][165]BlueprintLog: New page: Compile DrawHUDBP
[2018.02.25-15.07.23:451][300]LogTemp: Repeating last play command: Selected Viewport
[2018.02.25-15.07.23:513][300]LogBlueprintUserMessages: Early PlayInEditor Detection: Level '/Game/ThirdPersonBP/Maps/ThirdPersonExampleMap.ThirdPersonExampleMap:PersistentLevel' has LevelScriptBlueprint '/Game/ThirdPersonBP/Maps/ThirdPersonExampleMap.ThirdPersonExampleMap:PersistentLevel.ThirdPersonExampleMap' with GeneratedClass '/Game/ThirdPersonBP/Maps/ThirdPersonExampleMap.ThirdPersonExampleMap_C' with ClassGeneratedBy '/Game/ThirdPersonBP/Maps/ThirdPersonExampleMap.ThirdPersonExampleMap:PersistentLevel.ThirdPersonExampleMap'
[2018.02.25-15.07.23:521][300]LogPlayLevel: PlayLevel: No blueprints needed recompiling
[2018.02.25-15.07.23:521][300]PIE: New page: PIE session: ThirdPersonExampleMap (Feb 25, 2018, 5:07:23 PM)
[2018.02.25-15.07.23:521][300]LogPlayLevel: Creating play world package: /Game/ThirdPersonBP/Maps/UEDPIE_0_ThirdPersonExampleMap
[2018.02.25-15.07.23:556][300]LogPlayLevel: PIE: StaticDuplicateObject took: (0.034043s)
[2018.02.25-15.07.23:556][300]LogAIModule: Creating AISystem for world ThirdPersonExampleMap
[2018.02.25-15.07.23:557][300]LogPlayLevel: PIE: World Init took: (0.001146s)
[2018.02.25-15.07.23:557][300]LogPlayLevel: PIE: Created PIE world by copying editor world from /Game/ThirdPersonBP/Maps/ThirdPersonExampleMap.ThirdPersonExampleMap to /Game/ThirdPersonBP/Maps/UEDPIE_0_ThirdPersonExampleMap.ThirdPersonExampleMap (0.035649s)
[2018.02.25-15.07.23:593][300]LogInit: XAudio2 using 'Speakers (Realtek High Definition Audio)' : 2 channels at 48 kHz using 32 bits per sample (channel mask 0x3)
[2018.02.25-15.07.23:607][300]LogInit: FAudioDevice initialized.
[2018.02.25-15.07.23:655][300]LogLoad: Game class is 'ThirdPersonGameMode_C'
[2018.02.25-15.07.23:659][300]LogWorld: Bringing World /Game/ThirdPersonBP/Maps/UEDPIE_0_ThirdPersonExampleMap.ThirdPersonExampleMap up for play (max tick rate 60) at 2018.02.25-16.07.23
[2018.02.25-15.07.23:660][300]LogWorld: Bringing up level for play took: 0.002819
[2018.02.25-15.07.23:724][300]LogContentBrowser: Native class hierarchy updated for 'MovieSceneCapture' in 0.0008 seconds. Added 11 classes and 0 folders.
[2018.02.25-15.07.23:726][300]PIE: Play in editor start time for /Game/ThirdPersonBP/Maps/UEDPIE_0_ThirdPersonExampleMap -0.391
[2018.02.25-15.07.23:727][300]LogBlueprintUserMessages: Late PlayInEditor Detection: Level '/Game/ThirdPersonBP/Maps/ThirdPersonExampleMap.ThirdPersonExampleMap:PersistentLevel' has LevelScriptBlueprint '/Game/ThirdPersonBP/Maps/ThirdPersonExampleMap.ThirdPersonExampleMap:PersistentLevel.ThirdPersonExampleMap' with GeneratedClass '/Game/ThirdPersonBP/Maps/ThirdPersonExampleMap.ThirdPersonExampleMap_C' with ClassGeneratedBy '/Game/ThirdPersonBP/Maps/ThirdPersonExampleMap.ThirdPersonExampleMap:PersistentLevel.ThirdPersonExampleMap'
[2018.02.25-15.07.29:054][616]LogBlueprintUserMessages: [IncrementWaypointTask_C_0] 1
[2018.02.25-15.08.14:506][343]LogBlueprintUserMessages: [IncrementWaypointTask_C_2] 2
[2018.02.25-15.08.26:341][ 52]LogBlueprintUserMessages: [IncrementWaypointTask_C_2] 3
[2018.02.25-15.08.26:808][ 80]LogScriptCore: Warning: Script Msg: Attempted to access index 3 from array 'ArrayOfPatrolPoints' of length 3 in '/Game/ThirdPersonBP/Blueprints/PatrolVectors.PatrolVectors_C'!
[2018.02.25-15.08.27:291][109]LogScriptCore: Warning: Script Msg: Attempted to access index 3 from array 'ArrayOfPatrolPoints' of length 3 in '/Game/ThirdPersonBP/Blueprints/PatrolVectors.PatrolVectors_C'!
[2018.02.25-15.08.27:792][139]LogScriptCore: Warning: Script Msg: Attempted to access index 3 from array 'ArrayOfPatrolPoints' of length 3 in '/Game/ThirdPersonBP/Blueprints/PatrolVectors.PatrolVectors_C'!
[2018.02.25-15.08.28:225][165]LogScriptCore: Warning: Script Msg: Attempted to access index 3 from array 'ArrayOfPatrolPoints' of length 3 in '/Game/ThirdPersonBP/Blueprints/PatrolVectors.PatrolVectors_C'!
[2018.02.25-15.08.28:692][193]LogScriptCore: Warning: Script Msg: Attempted to access index 3 from array 'ArrayOfPatrolPoints' of length 3 in '/Game/ThirdPersonBP/Blueprints/PatrolVectors.PatrolVectors_C'!
[2018.02.25-15.08.29:209][224]LogScriptCore: Warning: Script Msg: Attempted to access index 3 from array 'ArrayOfPatrolPoints' of length 3 in '/Game/ThirdPersonBP/Blueprints/PatrolVectors.PatrolVectors_C'!
[2018.02.25-15.08.29:725][255]LogScriptCore: Warning: Script Msg: Attempted to access index 3 from array 'ArrayOfPatrolPoints' of length 3 in '/Game/ThirdPersonBP/Blueprints/PatrolVectors.PatrolVectors_C'!
[2018.02.25-15.08.30:275][288]LogScriptCore: Warning: Script Msg: Attempted to access index 3 from array 'ArrayOfPatrolPoints' of length 3 in '/Game/ThirdPersonBP/Blueprints/PatrolVectors.PatrolVectors_C'!
[2018.02.25-15.08.30:742][316]LogScriptCore: Warning: Script Msg: Attempted to access index 3 from array 'ArrayOfPatrolPoints' of length 3 in '/Game/ThirdPersonBP/Blueprints/PatrolVectors.PatrolVectors_C'!
[2018.02.25-15.08.31:191][343]LogScriptCore: Warning: Script Msg: Attempted to access index 3 from array 'ArrayOfPatrolPoints' of length 3 in '/Game/ThirdPersonBP/Blueprints/PatrolVectors.PatrolVectors_C'!
[2018.02.25-15.08.31:775][378]LogScriptCore: Warning: Script Msg: Attempted to access index 3 from array 'ArrayOfPatrolPoints' of length 3 in '/Game/ThirdPersonBP/Blueprints/PatrolVectors.PatrolVectors_C'!
[2018.02.25-15.08.32:291][409]LogScriptCore: Warning: Script Msg: Attempted to access index 3 from array 'ArrayOfPatrolPoints' of length 3 in '/Game/ThirdPersonBP/Blueprints/PatrolVectors.PatrolVectors_C'!
[2018.02.25-15.08.32:875][444]LogScriptCore: Warning: Script Msg: Attempted to access index 3 from array 'ArrayOfPatrolPoints' of length 3 in '/Game/ThirdPersonBP/Blueprints/PatrolVectors.PatrolVectors_C'!
[2018.02.25-15.08.33:342][472]LogScriptCore: Warning: Script Msg: Attempted to access index 3 from array 'ArrayOfPatrolPoints' of length 3 in '/Game/ThirdPersonBP/Blueprints/PatrolVectors.PatrolVectors_C'!
[2018.02.25-15.08.33:792][499]LogScriptCore: Warning: Script Msg: Attempted to access index 3 from array 'ArrayOfPatrolPoints' of length 3 in '/Game/ThirdPersonBP/Blueprints/PatrolVectors.PatrolVectors_C'!
[2018.02.25-15.08.34:308][530]LogScriptCore: Warning: Script Msg: Attempted to access index 3 from array 'ArrayOfPatrolPoints' of length 3 in '/Game/ThirdPersonBP/Blueprints/PatrolVectors.PatrolVectors_C'!
[2018.02.25-15.08.34:525][543]LogBlueprintUserMessages: [IncrementWaypointTask_C_2] 0
[2018.02.25-15.08.43:292][ 69]LogBlueprintUserMessages: [IncrementWaypointTask_C_2] 1
[2018.02.25-15.08.46:961][289]LogBlueprintUserMessages: Early EndPlayMap Detection: Level '/Game/ThirdPersonBP/Maps/ThirdPersonExampleMap.ThirdPersonExampleMap:PersistentLevel' has LevelScriptBlueprint '/Game/ThirdPersonBP/Maps/ThirdPersonExampleMap.ThirdPersonExampleMap:PersistentLevel.ThirdPersonExampleMap' with GeneratedClass '/Game/ThirdPersonBP/Maps/ThirdPersonExampleMap.ThirdPersonExampleMap_C' with ClassGeneratedBy '/Game/ThirdPersonBP/Maps/ThirdPersonExampleMap.ThirdPersonExampleMap:PersistentLevel.ThirdPersonExampleMap'
[2018.02.25-15.08.47:001][289]LogBlueprintUserMessages: Late EndPlayMap Detection: Level '/Game/ThirdPersonBP/Maps/ThirdPersonExampleMap.ThirdPersonExampleMap:PersistentLevel' has LevelScriptBlueprint '/Game/ThirdPersonBP/Maps/ThirdPersonExampleMap.ThirdPersonExampleMap:PersistentLevel.ThirdPersonExampleMap' with GeneratedClass '/Game/ThirdPersonBP/Maps/ThirdPersonExampleMap.ThirdPersonExampleMap_C' with ClassGeneratedBy '/Game/ThirdPersonBP/Maps/ThirdPersonExampleMap.ThirdPersonExampleMap:PersistentLevel.ThirdPersonExampleMap'
[2018.02.25-15.08.57:463][914]BlueprintLog: New page: Compile DrawHUDBP
[2018.02.25-15.10.02:220][771]LogSavePackage: Save=202.12ms
[2018.02.25-15.10.02:220][771]LogSavePackage: Moving 'D:/UNREAL/AI_Behaviour/Saved/ThirdPersonExampleMapFCD510DD4AEE86F7A22D1B84B3679464.tmp' to 'D:/UNREAL/AI_Behaviour/Content/ThirdPersonBP/Maps/ThirdPersonExampleMap.umap'
[2018.02.25-15.10.02:222][771]LogSavePackage: Display: Finished SavePackage D:/UNREAL/AI_Behaviour/Content/ThirdPersonBP/Maps/ThirdPersonExampleMap.umap
[2018.02.25-15.10.32:889][548]LogContentBrowser: Native class hierarchy updated for 'SkeletonEditor' in 0.0006 seconds. Added 1 classes and 2 folders.
[2018.02.25-15.10.32:899][548]LogSlate: Took 0.000224 seconds to synchronously load lazily loaded font '../../../Engine/Content/Slate/Fonts/Roboto-Regular.ttf' (155K)
[2018.02.25-15.10.33:228][548]LogActorComponent: RegisterComponentWithWorld: (/Engine/Transient.World_11:PersistentLevel.Actor_0.DebugSkelMeshComponent_0) Already registered. Aborting.
[2018.02.25-15.10.33:673][548]LogContentBrowser: Native class hierarchy updated for 'ClothingSystemEditorInterface' in 0.0005 seconds. Added 1 classes and 0 folders.
[2018.02.25-15.10.33:680][548]LogRenderer: Reallocating scene render targets to support 912x488 Format 10 NumSamples 1 (Frame:1).
[2018.02.25-15.10.33:680][548]LogContentBrowser: Verbose: The majority of assets in the view are of type: AnimSequence
[2018.02.25-15.11.07:895][596]LogActorComponent: RegisterComponentWithWorld: (/Engine/Transient.World_15:PersistentLevel.Actor_1.DebugSkelMeshComponent_2) Already registered. Aborting.
[2018.02.25-15.11.08:536][596]LogContentBrowser: Verbose: The majority of assets in the view are of type: AnimSequence
[2018.02.25-15.16.31:241][832]LogEditorViewport: Clicking on Actor (LMB): PatrolVectors_C (AI_PatrolVectors_0)
[2018.02.25-15.17.07:359][947]LogRenderer: Reallocating scene render targets to support 912x496 Format 10 NumSamples 1 (Frame:9949).
[2018.02.25-15.17.07:400][948]LogRenderer: Reallocating scene render targets to support 912x500 Format 10 NumSamples 1 (Frame:9951).
[2018.02.25-15.17.07:440][949]LogRenderer: Reallocating scene render targets to support 912x504 Format 10 NumSamples 1 (Frame:9953).
[2018.02.25-15.18.52:886][810]LogEditorViewport: Clicking on Actor (LMB): StaticMeshActor (Floor)
[2018.02.25-15.18.54:347][894]LogEditorViewport: Clicking on Actor (LMB): AI_Character_C (AI_Character)
[2018.02.25-15.19.44:019][862]LogEditorViewport: Clicking on Actor (LMB): StaticMeshActor (Floor)
[2018.02.25-15.26.04:248][246]LogSavePackage: Save=206.94ms
[2018.02.25-15.26.04:248][246]LogSavePackage: Moving 'D:/UNREAL/AI_Behaviour/Saved/ThirdPersonExampleMap_Auto1A6A2B9A94FA771768C581EB5574ED898.tmp' to 'D:/UNREAL/AI_Behaviour/Saved/Autosaves/Game/ThirdPersonBP/Maps/ThirdPersonExampleMap_Auto1.umap'
[2018.02.25-15.26.04:250][246]LogSavePackage: Display: Finished SavePackage D:/UNREAL/AI_Behaviour/Saved/Autosaves/Game/ThirdPersonBP/Maps/ThirdPersonExampleMap_Auto1.umap
[2018.02.25-15.26.04:252][246]LogFileHelpers: Editor autosave (incl. sublevels) for '/Game/ThirdPersonBP/Maps/ThirdPersonExampleMap' took 0.258
[2018.02.25-15.26.04:252][246]LogFileHelpers: Editor autosave (incl. sublevels) for all levels took 0.258
[2018.02.25-15.26.04:257][246]OBJ SavePackage: Generating thumbnails for [0] asset(s) in package [/Game/ThirdPersonBP/DrawHUDBP] ([1] browsable assets)...
[2018.02.25-15.26.04:258][246]OBJ SavePackage: Finished generating thumbnails for package [/Game/ThirdPersonBP/DrawHUDBP]
[2018.02.25-15.26.04:258][246]Cmd: OBJ SAVEPACKAGE PACKAGE="/Game/ThirdPersonBP/DrawHUDBP" FILE="D:/UNREAL/AI_Behaviour/Saved/Autosaves/Game/ThirdPersonBP/DrawHUDBP_Auto1.uasset" SILENT=false AUTOSAVING=true
[2018.02.25-15.26.04:269][246]LogSavePackage: Save=8.70ms
[2018.02.25-15.26.04:269][246]LogSavePackage: Moving 'D:/UNREAL/AI_Behaviour/Saved/DrawHUDBP_Auto1A0E1086F42ECB767E9B02EB669DE0F2B.tmp' to 'D:/UNREAL/AI_Behaviour/Saved/Autosaves/Game/ThirdPersonBP/DrawHUDBP_Auto1.uasset'
[2018.02.25-15.26.04:270][246]LogSavePackage: Display: Finished SavePackage D:/UNREAL/AI_Behaviour/Saved/Autosaves/Game/ThirdPersonBP/DrawHUDBP_Auto1.uasset
[2018.02.25-15.26.04:270][246]LogFileHelpers: Auto-saving content packages took 0.013
[2018.02.25-15.28.31:272][851]LogActorComponent: UnregisterComponent: (/Engine/Transient.EditorFloorComp) Not registered. Aborting.
[2018.02.25-15.28.31:399][851]LogActorComponent: UnregisterComponent: (/Engine/Transient.EditorFloorComp) Not registered. Aborting.
[2018.02.25-15.28.31:884][852]Cmd: QUIT_EDITOR
[2018.02.25-15.28.32:608][852]LogWindowsTextInputMethodSystem: Display: IME system now deactivated.
[2018.02.25-15.28.32:619][852]LogExit: Preparing to exit.
[2018.02.25-15.28.33:263][852]LogExit: Editor shut down
[2018.02.25-15.28.33:267][852]LogExit: Transaction tracking system shut down
[2018.02.25-15.28.33:444][852]LogDirectoryWatcher: A directory notification for '../../../Engine/Content/' was aborted.
[2018.02.25-15.28.33:444][852]LogDirectoryWatcher: A directory notification for 'D:/UNREAL/AI_Behaviour/Content/' was aborted.
[2018.02.25-15.28.33:444][852]LogDirectoryWatcher: A directory notification for '../../../Engine/Plugins/2D/Paper2D/Content/' was aborted.
[2018.02.25-15.28.33:444][852]LogDirectoryWatcher: A directory notification for '../../../Engine/Plugins/Media/MediaCompositing/Content/' was aborted.
[2018.02.25-15.28.33:444][852]LogDirectoryWatcher: A directory notification for '../../../Engine/Plugins/Runtime/AppleARKit/Content/' was aborted.
[2018.02.25-15.28.33:444][852]LogDirectoryWatcher: A directory notification for '../../../Engine/Plugins/Runtime/Oculus/OculusVR/Content/' was aborted.
[2018.02.25-15.28.33:444][852]LogDirectoryWatcher: A directory notification for '../../../Engine/Plugins/Runtime/Steam/SteamVR/Content/' was aborted.
[2018.02.25-15.28.33:555][852]LogExit: Object subsystem successfully closed.
[2018.02.25-15.28.33:579][852]LogD3D11RHI: Shutdown
[2018.02.25-15.28.33:579][852]LogD3D11RHI: CleanupD3DDevice
[2018.02.25-15.28.33:582][852]LogD3D11RHI: ~FD3D11DynamicRHI
[2018.02.25-15.28.33:596][852]LogModuleManager: Shutting down and abandoning module AnimationBlueprintEditor (562)
[2018.02.25-15.28.33:596][852]LogModuleManager: Shutting down and abandoning module ClothingSystemEditorInterface (560)
[2018.02.25-15.28.33:596][852]LogModuleManager: Shutting down and abandoning module SkeletonEditor (558)
[2018.02.25-15.28.33:596][852]LogModuleManager: Shutting down and abandoning module AnimationEditor (556)
[2018.02.25-15.28.33:596][852]LogModuleManager: Shutting down and abandoning module MovieSceneCapture (554)
[2018.02.25-15.28.33:596][852]LogModuleManager: Shutting down and abandoning module BlueprintGraph (552)
[2018.02.25-15.28.33:596][852]LogModuleManager: Shutting down and abandoning module HierarchicalLODOutliner (550)
[2018.02.25-15.28.33:596][852]LogModuleManager: Shutting down and abandoning module DesktopPlatform (548)
[2018.02.25-15.28.33:596][852]LogModuleManager: Shutting down and abandoning module SceneOutliner (546)
[2018.02.25-15.28.33:596][852]LogModuleManager: Shutting down and abandoning module AddContentDialog (544)
[2018.02.25-15.28.33:596][852]LogDirectoryWatcher: A directory notification for 'C:/Program Files/Epic Games/UE_4.18/FeaturePacks/' was aborted.
[2018.02.25-15.28.33:598][852]LogModuleManager: Shutting down and abandoning module WidgetCarousel (543)
[2018.02.25-15.28.33:598][852]LogModuleManager: Shutting down and abandoning module EditorWidgets (540)
[2018.02.25-15.28.33:598][852]LogModuleManager: Shutting down and abandoning module CollectionManager (538)
[2018.02.25-15.28.33:598][852]LogDirectoryWatcher: A directory notification for 'D:/UNREAL/AI_Behaviour/Content/Collections/' was aborted.
[2018.02.25-15.28.33:598][852]LogDirectoryWatcher: A directory notification for 'D:/UNREAL/AI_Behaviour/Content/Developers/Administrator/Collections/' was aborted.
[2018.02.25-15.28.33:598][852]LogDirectoryWatcher: A directory notification for 'D:/UNREAL/AI_Behaviour/Saved/Collections/' was aborted.
[2018.02.25-15.28.33:598][852]LogModuleManager: Shutting down and abandoning module StatsViewer (536)
[2018.02.25-15.28.33:598][852]LogModuleManager: Shutting down and abandoning module FoliageEdit (534)
[2018.02.25-15.28.33:598][852]LogModuleManager: Shutting down and abandoning module LandscapeEditor (532)
[2018.02.25-15.28.33:599][852]LogModuleManager: Shutting down and abandoning module MeshPaintMode (530)
[2018.02.25-15.28.33:599][852]LogModuleManager: Shutting down and abandoning module SceneDepthPickerMode (528)
[2018.02.25-15.28.33:599][852]LogModuleManager: Shutting down and abandoning module ActorPickerMode (526)
[2018.02.25-15.28.33:599][852]LogModuleManager: Shutting down and abandoning module GeometryMode (524)
[2018.02.25-15.28.33:599][852]LogModuleManager: Shutting down and abandoning module TextureAlignMode (522)
[2018.02.25-15.28.33:599][852]LogModuleManager: Shutting down and abandoning module BspMode (520)
[2018.02.25-15.28.33:599][852]LogModuleManager: Shutting down and abandoning module PIEPreviewDeviceProfileSelector (518)
[2018.02.25-15.28.33:599][852]LogModuleManager: Shutting down and abandoning module HardwareSurvey (516)
[2018.02.25-15.28.33:599][852]LogModuleManager: Shutting down and abandoning module SequenceRecorderSections (514)
[2018.02.25-15.28.33:599][852]LogModuleManager: Shutting down and abandoning module AutomationWorker (512)
[2018.02.25-15.28.33:599][852]LogModuleManager: Shutting down and abandoning module MatineeToLevelSequence (510)
[2018.02.25-15.28.33:599][852]LogModuleManager: Shutting down and abandoning module LevelSequenceEditor (508)
[2018.02.25-15.28.33:599][852]LogModuleManager: Shutting down and abandoning module PlacementMode (507)
[2018.02.25-15.28.33:599][852]LogModuleManager: Shutting down and abandoning module WmfMediaFactory (504)
[2018.02.25-15.28.33:599][852]LogModuleManager: Shutting down and abandoning module WmfMediaEditor (502)
[2018.02.25-15.28.33:599][852]LogModuleManager: Shutting down and abandoning module OpenExrWrapper (500)
[2018.02.25-15.28.33:599][852]LogModuleManager: Shutting down and abandoning module ImgMediaFactory (498)
[2018.02.25-15.28.33:599][852]LogModuleManager: Shutting down and abandoning module ImgMediaEditor (496)
[2018.02.25-15.28.33:599][852]LogModuleManager: Shutting down and abandoning module AvfMediaFactory (494)
[2018.02.25-15.28.33:599][852]LogModuleManager: Shutting down and abandoning module AvfMediaEditor (492)
[2018.02.25-15.28.33:599][852]LogModuleManager: Shutting down and abandoning module AndroidMediaFactory (490)
[2018.02.25-15.28.33:599][852]LogModuleManager: Shutting down and abandoning module AndroidMediaEditor (488)
[2018.02.25-15.28.33:599][852]LogModuleManager: Shutting down and abandoning module CharacterAI (486)
[2018.02.25-15.28.33:599][852]LogModuleManager: Shutting down and abandoning module AudioCapture (484)
[2018.02.25-15.28.33:599][852]LogModuleManager: Shutting down and abandoning module SequenceRecorder (483)
[2018.02.25-15.28.33:599][852]LogModuleManager: Shutting down and abandoning module SmartSnapping (480)
[2018.02.25-15.28.33:599][852]LogModuleManager: Shutting down and abandoning module SessionServices (478)
[2018.02.25-15.28.33:599][852]LogModuleManager: Shutting down and abandoning module ViewportSnapping (476)
[2018.02.25-15.28.33:599][852]LogModuleManager: Shutting down and abandoning module ViewportInteraction (474)
[2018.02.25-15.28.33:599][852]LogModuleManager: Shutting down and abandoning module ClothPainter (472)
[2018.02.25-15.28.33:599][852]LogModuleManager: Shutting down and abandoning module SkeletalMeshEditor (471)
[2018.02.25-15.28.33:599][852]LogModuleManager: Shutting down and abandoning module LogVisualizer (468)
[2018.02.25-15.28.33:599][852]LogModuleManager: Shutting down and abandoning module IntroTutorials (466)
[2018.02.25-15.28.33:599][852]LogModuleManager: Shutting down and abandoning module GameProjectGeneration (465)
[2018.02.25-15.28.33:599][852]LogModuleManager: Shutting down and abandoning module IOSPlatformEditor (462)
[2018.02.25-15.28.33:599][852]LogModuleManager: Shutting down and abandoning module HTML5PlatformEditor (460)
[2018.02.25-15.28.33:599][852]LogModuleManager: Shutting down and abandoning module AndroidPlatformEditor (458)
[2018.02.25-15.28.33:599][852]LogModuleManager: Shutting down and abandoning module AndroidDeviceDetection (457)
[2018.02.25-15.28.33:878][852]LogModuleManager: Shutting down and abandoning module WindowsPlatformEditor (454)
[2018.02.25-15.28.33:878][852]LogModuleManager: Shutting down and abandoning module IOSRuntimeSettings (452)
[2018.02.25-15.28.33:878][852]LogModuleManager: Shutting down and abandoning module AndroidRuntimeSettings (450)
[2018.02.25-15.28.33:878][852]LogModuleManager: Shutting down and abandoning module InputBindingEditor (448)
[2018.02.25-15.28.33:878][852]LogModuleManager: Shutting down and abandoning module MergeActors (446)
[2018.02.25-15.28.33:878][852]LogModuleManager: Shutting down and abandoning module SizeMap (444)
[2018.02.25-15.28.33:878][852]LogModuleManager: Shutting down and abandoning module TreeMap (442)
[2018.02.25-15.28.33:879][852]LogModuleManager: Shutting down and abandoning module ReferenceViewer (440)
[2018.02.25-15.28.33:879][852]LogModuleManager: Shutting down and abandoning module LocalizationDashboard (438)
[2018.02.25-15.28.33:879][852]LogModuleManager: Shutting down and abandoning module LocalizationService (437)
[2018.02.25-15.28.33:879][852]LogModuleManager: Shutting down and abandoning module HardwareTargeting (434)
[2018.02.25-15.28.33:879][852]LogModuleManager: Shutting down and abandoning module DeviceProfileEditor (432)
[2018.02.25-15.28.33:879][852]LogModuleManager: Shutting down and abandoning module UndoHistory (430)
[2018.02.25-15.28.33:879][852]LogModuleManager: Shutting down and abandoning module XmlParser (428)
[2018.02.25-15.28.33:879][852]LogModuleManager: Shutting down and abandoning module Blutility (426)
[2018.02.25-15.28.33:879][852]LogModuleManager: Shutting down and abandoning module ProjectSettingsViewer (424)
[2018.02.25-15.28.33:879][852]LogModuleManager: Shutting down and abandoning module ProjectTargetPlatformEditor (423)
[2018.02.25-15.28.33:879][852]LogModuleManager: Shutting down and abandoning module EditorSettingsViewer (420)
[2018.02.25-15.28.33:879][852]LogModuleManager: Shutting down and abandoning module SettingsEditor (418)
[2018.02.25-15.28.33:879][852]LogModuleManager: Shutting down and abandoning module ProjectLauncher (416)
[2018.02.25-15.28.33:879][852]LogModuleManager: Shutting down and abandoning module SessionFrontend (414)
[2018.02.25-15.28.33:879][852]LogModuleManager: Shutting down and abandoning module ProfilerClient (412)
[2018.02.25-15.28.33:879][852]LogModuleManager: Shutting down and abandoning module DeviceManager (410)
[2018.02.25-15.28.33:879][852]LogModuleManager: Shutting down and abandoning module TargetDeviceServices (409)
[2018.02.25-15.28.33:945][852]LogModuleManager: Shutting down and abandoning module AutomationController (406)
[2018.02.25-15.28.33:945][852]LogModuleManager: Shutting down and abandoning module AutomationWindow (404)
[2018.02.25-15.28.33:945][852]LogModuleManager: Shutting down and abandoning module Layers (402)
[2018.02.25-15.28.33:945][852]LogModuleManager: Shutting down and abandoning module ComponentVisualizers (400)
[2018.02.25-15.28.33:945][852]LogModuleManager: Shutting down and abandoning module DetailCustomizations (398)
[2018.02.25-15.28.33:945][852]LogModuleManager: Shutting down and abandoning module PackagesDialog (396)
[2018.02.25-15.28.33:945][852]LogModuleManager: Shutting down and abandoning module Persona (394)
[2018.02.25-15.28.33:945][852]LogModuleManager: Shutting down and abandoning module AdvancedPreviewScene (393)
[2018.02.25-15.28.33:945][852]LogModuleManager: Shutting down and abandoning module AnimGraph (391)
[2018.02.25-15.28.33:945][852]LogModuleManager: Shutting down and abandoning module Kismet (388)
[2018.02.25-15.28.33:952][852]LogModuleManager: Shutting down and abandoning module ClassViewer (386)
[2018.02.25-15.28.33:953][852]LogModuleManager: Shutting down and abandoning module Toolbox (384)
[2018.02.25-15.28.33:953][852]LogModuleManager: Shutting down and abandoning module ModuleUI (382)
[2018.02.25-15.28.33:953][852]LogModuleManager: Shutting down and abandoning module MovieSceneTools (380)
[2018.02.25-15.28.33:953][852]LogModuleManager: Shutting down and abandoning module OutputLog (378)
[2018.02.25-15.28.33:953][852]LogModuleManager: Shutting down and abandoning module GammaUI (376)
[2018.02.25-15.28.33:953][852]LogModuleManager: Shutting down and abandoning module Documentation (374)
[2018.02.25-15.28.33:953][852]LogModuleManager: Shutting down and abandoning module MovieSceneTracks (372)
[2018.02.25-15.28.33:953][852]LogModuleManager: Shutting down and abandoning module MovieScene (370)
[2018.02.25-15.28.33:953][852]LogModuleManager: Shutting down and abandoning module StreamingPauseRendering (368)
[2018.02.25-15.28.33:953][852]LogModuleManager: Shutting down and abandoning module LauncherPlatform (366)
[2018.02.25-15.28.33:953][852]LogModuleManager: Shutting down and abandoning module AnalyticsET (364)
[2018.02.25-15.28.33:953][852]LogModuleManager: Shutting down and abandoning module PortalServices (362)
[2018.02.25-15.28.33:953][852]LogModuleManager: Shutting down and abandoning module PortalRpc (360)
[2018.02.25-15.28.33:953][852]LogModuleManager: Shutting down and abandoning module MessagingRpc (358)
[2018.02.25-15.28.33:953][852]LogModuleManager: Shutting down and abandoning module AIModule (356)
[2018.02.25-15.28.33:953][852]LogModuleManager: Shutting down and abandoning module GameplayDebugger (355)
[2018.02.25-15.28.33:953][852]LogModuleManager: Shutting down and abandoning module AITestSuite (353)
[2018.02.25-15.28.33:953][852]LogModuleManager: Shutting down and abandoning module ProfilerService (350)
[2018.02.25-15.28.34:188][852]LogModuleManager: Shutting down and abandoning module TaskGraph (348)
[2018.02.25-15.28.34:188][852]LogModuleManager: Shutting down and abandoning module SteamVRController (346)
[2018.02.25-15.28.34:188][852]LogModuleManager: Shutting down and abandoning module ProceduralMeshComponentEditor (344)
[2018.02.25-15.28.34:188][852]LogModuleManager: Shutting down and abandoning module ProceduralMeshComponent (342)
[2018.02.25-15.28.34:188][852]LogModuleManager: Shutting down and abandoning module OculusInput (340)
[2018.02.25-15.28.34:188][852]LogModuleManager: Shutting down and abandoning module MobilePatchingUtils (338)
[2018.02.25-15.28.34:188][852]LogModuleManager: Shutting down and abandoning module CustomMeshComponent (336)
[2018.02.25-15.28.34:188][852]LogModuleManager: Shutting down and abandoning module CableComponent (334)
[2018.02.25-15.28.34:188][852]LogModuleManager: Shutting down and abandoning module ArchVisCharacter (332)
[2018.02.25-15.28.34:188][852]LogModuleManager: Shutting down and abandoning module AndroidPermission (330)
[2018.02.25-15.28.34:188][852]LogModuleManager: Shutting down and abandoning module ActorSequence (326)
[2018.02.25-15.28.34:188][852]LogModuleManager: Shutting down and abandoning module MediaPlayerEditor (324)
[2018.02.25-15.28.34:189][852]LogModuleManager: Shutting down and abandoning module MediaCompositingEditor (322)
[2018.02.25-15.28.34:189][852]LogModuleManager: Shutting down and abandoning module MediaCompositing (320)
[2018.02.25-15.28.34:189][852]LogModuleManager: Shutting down and abandoning module HTML5Networking (318)
[2018.02.25-15.28.34:189][852]LogModuleManager: Shutting down and abandoning module AlembicImporter (316)
[2018.02.25-15.28.34:189][852]LogModuleManager: Shutting down and abandoning module AlembicLibrary (315)
[2018.02.25-15.28.34:189][852]LogModuleManager: Shutting down and abandoning module GeometryCache (314)
[2018.02.25-15.28.34:189][852]LogModuleManager: Shutting down and abandoning module GeometryCacheEd (313)
[2018.02.25-15.28.34:189][852]LogModuleManager: Shutting down and abandoning module SpeedTreeImporter (308)
[2018.02.25-15.28.34:189][852]LogModuleManager: Shutting down and abandoning module PluginBrowser (306)
[2018.02.25-15.28.34:189][852]LogModuleManager: Shutting down and abandoning module MobileLauncherProfileWizard (304)
[2018.02.25-15.28.34:189][852]LogModuleManager: Shutting down and abandoning module VisualStudioSourceCodeAccess (302)
[2018.02.25-15.28.34:189][852]LogModuleManager: Shutting down and abandoning module VisualStudioCodeSourceCodeAccess (300)
[2018.02.25-15.28.34:189][852]LogModuleManager: Shutting down and abandoning module UObjectPlugin (298)
[2018.02.25-15.28.34:189][852]LogModuleManager: Shutting down and abandoning module SubversionSourceControl (296)
[2018.02.25-15.28.34:189][852]LogModuleManager: Shutting down and abandoning module PerforceSourceControl (294)
[2018.02.25-15.28.34:189][852]LogModuleManager: Shutting down and abandoning module GitSourceControl (292)
[2018.02.25-15.28.34:189][852]LogModuleManager: Shutting down and abandoning module SourceControl (291)
[2018.02.25-15.28.34:189][852]LogModuleManager: Shutting down and abandoning module LightPropagationVolumeEditor (288)
[2018.02.25-15.28.34:189][852]LogModuleManager: Shutting down and abandoning module PaperTiledImporter (286)
[2018.02.25-15.28.34:189][852]LogModuleManager: Shutting down and abandoning module PaperSpriteSheetImporter (284)
[2018.02.25-15.28.34:189][852]LogModuleManager: Shutting down and abandoning module Paper2DEditor (282)
[2018.02.25-15.28.34:189][852]LogModuleManager: Shutting down and abandoning module MeshPaint (281)
[2018.02.25-15.28.34:189][852]LogModuleManager: Shutting down and abandoning module LevelEditor (279)
[2018.02.25-15.28.34:190][852]LogModuleManager: Shutting down and abandoning module PixelInspectorModule (278)
[2018.02.25-15.28.34:190][852]LogModuleManager: Shutting down and abandoning module MainFrame (276)
[2018.02.25-15.28.34:190][852]LogModuleManager: Shutting down and abandoning module HotReload (275)
[2018.02.25-15.28.34:190][852]LogDirectoryWatcher: A directory notification for 'D:/UNREAL/AI_Behaviour/Binaries/Win64' was aborted.
[2018.02.25-15.28.34:191][852]LogModuleManager: Shutting down and abandoning module AI_Behaviour (270)
[2018.02.25-15.28.34:191][852]LogModuleManager: Shutting down and abandoning module RuntimePhysXCooking (268)
[2018.02.25-15.28.34:191][852]LogModuleManager: Shutting down and abandoning module PhysXVehiclesEditor (266)
[2018.02.25-15.28.34:191][852]LogModuleManager: Shutting down and abandoning module PhysXVehicles (264)
[2018.02.25-15.28.34:191][852]LogModuleManager: Shutting down and abandoning module OculusEditor (262)
[2018.02.25-15.28.34:191][852]LogModuleManager: Shutting down and abandoning module LocationServicesBPLibrary (260)
[2018.02.25-15.28.34:191][852]LogModuleManager: Shutting down and abandoning module ImmediatePhysicsEditor (258)
[2018.02.25-15.28.34:191][852]LogModuleManager: Shutting down and abandoning module ImmediatePhysics (256)
[2018.02.25-15.28.34:191][852]LogModuleManager: Shutting down and abandoning module UdpMessaging (254)
[2018.02.25-15.28.34:292][852]LogModuleManager: Shutting down and abandoning module TcpMessaging (252)
[2018.02.25-15.28.34:392][852]LogModuleManager: Shutting down and abandoning module GameplayTagsEditor (250)
[2018.02.25-15.28.34:392][852]LogModuleManager: Shutting down and abandoning module FacialAnimationEditor (248)
[2018.02.25-15.28.34:392][852]LogModuleManager: Shutting down and abandoning module FacialAnimation (246)
[2018.02.25-15.28.34:392][852]LogModuleManager: Shutting down and abandoning module AssetManagerEditor (244)
[2018.02.25-15.28.34:392][852]LogModuleManager: Shutting down and abandoning module GraphEditor (243)
[2018.02.25-15.28.34:392][852]LogModuleManager: Shutting down and abandoning module ContentBrowser (241)
[2018.02.25-15.28.34:393][852]LogModuleManager: Shutting down and abandoning module LightPropagationVolumeRuntime (238)
[2018.02.25-15.28.34:393][852]LogModuleManager: Shutting down and abandoning module Paper2D (236)
[2018.02.25-15.28.34:393][852]LogModuleManager: Shutting down and abandoning module WindowsMoviePlayer (234)
[2018.02.25-15.28.34:393][852]LogModuleManager: Shutting down and abandoning module WmfMedia (232)
[2018.02.25-15.28.34:395][852]LogModuleManager: Shutting down and abandoning module ImgMedia (230)
[2018.02.25-15.28.34:395][852]LogModuleManager: Shutting down and abandoning module PacketHandler (228)
[2018.02.25-15.28.34:395][852]LogModuleManager: Shutting down and abandoning module ClothingSystemEditor (226)
[2018.02.25-15.28.34:395][852]LogModuleManager: Shutting down and abandoning module ClothingSystemRuntime (224)
[2018.02.25-15.28.34:395][852]LogModuleManager: Shutting down and abandoning module MediaAssets (222)
[2018.02.25-15.28.34:395][852]LogModuleManager: Shutting down and abandoning module Media (221)
[2018.02.25-15.28.34:401][852]LogModuleManager: Shutting down and abandoning module Overlay (218)
[2018.02.25-15.28.34:401][852]LogModuleManager: Shutting down and abandoning module OverlayEditor (217)
[2018.02.25-15.28.34:401][852]LogModuleManager: Shutting down and abandoning module VREditor (214)
[2018.02.25-15.28.34:401][852]LogModuleManager: Shutting down and abandoning module StringTableEditor (212)
[2018.02.25-15.28.34:401][852]LogModuleManager: Shutting down and abandoning module GameplayTasksEditor (210)
[2018.02.25-15.28.34:401][852]LogModuleManager: Shutting down and abandoning module BehaviorTreeEditor (208)
[2018.02.25-15.28.34:401][852]LogModuleManager: Shutting down and abandoning module FunctionalTesting (206)
[2018.02.25-15.28.34:401][852]LogModuleManager: Shutting down and abandoning module CollisionAnalyzer (204)
[2018.02.25-15.28.34:401][852]LogModuleManager: Shutting down and abandoning module WorkspaceMenuStructure (203)
[2018.02.25-15.28.34:401][852]LogModuleManager: Shutting down and abandoning module UMG (200)
[2018.02.25-15.28.34:401][852]LogModuleManager: Shutting down and abandoning module UMGEditor (199)
[2018.02.25-15.28.34:401][852]LogModuleManager: Shutting down and abandoning module Sequencer (198)
[2018.02.25-15.28.34:402][852]LogModuleManager: Shutting down and abandoning module MessageLog (195)
[2018.02.25-15.28.34:402][852]LogModuleManager: Shutting down and abandoning module SlateReflector (190)
[2018.02.25-15.28.34:402][852]LogModuleManager: Shutting down and abandoning module Slate (188)
[2018.02.25-15.28.34:402][852]LogModuleManager: Shutting down and abandoning module EditorStyle (186)
[2018.02.25-15.28.34:404][852]LogModuleManager: Shutting down and abandoning module MRMesh (184)
[2018.02.25-15.28.34:404][852]LogModuleManager: Shutting down and abandoning module SourceCodeAccess (182)
[2018.02.25-15.28.34:404][852]LogModuleManager: Shutting down and abandoning module HeadMountedDisplay (180)
[2018.02.25-15.28.34:404][852]LogModuleManager: Shutting down and abandoning module XAudio2 (178)
[2018.02.25-15.28.34:404][852]LogModuleManager: Shutting down and abandoning module Networking (176)
[2018.02.25-15.28.34:404][852]LogModuleManager: Shutting down and abandoning module Core (172)
[2018.02.25-15.28.34:404][852]LogModuleManager: Shutting down and abandoning module LevelSequence (168)
[2018.02.25-15.28.34:404][852]LogModuleManager: Shutting down and abandoning module DirectoryWatcher (166)
[2018.02.25-15.28.34:405][852]LogModuleManager: Shutting down and abandoning module KismetCompiler (164)
[2018.02.25-15.28.34:405][852]LogModuleManager: Shutting down and abandoning module MeshUtilities (162)
[2018.02.25-15.28.34:405][852]LogModuleManager: Shutting down and abandoning module MeshMergeUtilities (161)
[2018.02.25-15.28.34:405][852]LogModuleManager: Shutting down and abandoning module MeshReductionInterface (160)
[2018.02.25-15.28.34:405][852]LogModuleManager: Shutting down and abandoning module SimplygonSwarm (159)
[2018.02.25-15.28.34:405][852]LogModuleManager: Shutting down and abandoning module SimplygonMeshReduction (157)
[2018.02.25-15.28.34:405][852]LogModuleManager: Shutting down and abandoning module QuadricMeshReduction (155)
[2018.02.25-15.28.34:405][852]LogModuleManager: Shutting down and abandoning module MaterialBaking (151)
[2018.02.25-15.28.34:405][852]LogModuleManager: Shutting down and abandoning module DerivedDataCache (148)
[2018.02.25-15.28.34:504][852]LogDerivedDataCache: Shutdown
[2018.02.25-15.28.34:504][852]LogModuleManager: Shutting down and abandoning module TargetPlatform (146)
[2018.02.25-15.28.34:504][852]LogModuleManager: Shutting down and abandoning module VulkanShaderFormat (145)
[2018.02.25-15.28.34:504][852]LogModuleManager: Shutting down and abandoning module ShaderFormatVectorVM (143)
[2018.02.25-15.28.34:504][852]LogModuleManager: Shutting down and abandoning module ShaderFormatOpenGL (141)
[2018.02.25-15.28.34:504][852]LogModuleManager: Shutting down and abandoning module ShaderFormatD3D (139)
[2018.02.25-15.28.34:504][852]LogModuleManager: Shutting down and abandoning module MetalShaderFormat (137)
[2018.02.25-15.28.34:504][852]LogModuleManager: Shutting down and abandoning module TextureFormatUncompressed (135)
[2018.02.25-15.28.34:504][852]LogModuleManager: Shutting down and abandoning module TextureFormatPVR (133)
[2018.02.25-15.28.34:504][852]LogModuleManager: Shutting down and abandoning module TextureFormatDXT (131)
[2018.02.25-15.28.34:504][852]LogModuleManager: Shutting down and abandoning module TextureFormatIntelISPCTexComp (129)
[2018.02.25-15.28.34:505][852]LogModuleManager: Shutting down and abandoning module TextureFormatASTC (127)
[2018.02.25-15.28.34:505][852]LogModuleManager: Shutting down and abandoning module ImageWrapper (126)
[2018.02.25-15.28.34:505][852]LogModuleManager: Shutting down and abandoning module TextureFormatAndroid (123)
[2018.02.25-15.28.34:505][852]LogModuleManager: Shutting down and abandoning module AudioFormatOpus (121)
[2018.02.25-15.28.34:505][852]LogModuleManager: Shutting down and abandoning module AudioFormatOgg (119)
[2018.02.25-15.28.34:505][852]LogModuleManager: Shutting down and abandoning module AudioFormatADPCM (117)
[2018.02.25-15.28.34:505][852]LogModuleManager: Shutting down and abandoning module LinuxTargetPlatform (115)
[2018.02.25-15.28.34:505][852]LogModuleManager: Shutting down and abandoning module LinuxServerTargetPlatform (113)
[2018.02.25-15.28.34:505][852]LogModuleManager: Shutting down and abandoning module LinuxNoEditorTargetPlatform (111)
[2018.02.25-15.28.34:505][852]LogModuleManager: Shutting down and abandoning module LinuxClientTargetPlatform (109)
[2018.02.25-15.28.34:505][852]LogModuleManager: Shutting down and abandoning module TVOSTargetPlatform (107)
[2018.02.25-15.28.34:505][852]LogModuleManager: Shutting down and abandoning module Messaging (105)
[2018.02.25-15.28.34:505][852]LogModuleManager: Shutting down and abandoning module IOSTargetPlatform (103)
[2018.02.25-15.28.34:505][852]LogModuleManager: Shutting down and abandoning module HTML5TargetPlatform (101)
[2018.02.25-15.28.34:505][852]LogModuleManager: Shutting down and abandoning module AndroidTargetPlatform (99)
[2018.02.25-15.28.34:505][852]LogModuleManager: Shutting down and abandoning module Android_PVRTCTargetPlatform (97)
[2018.02.25-15.28.34:505][852]LogModuleManager: Shutting down and abandoning module Android_MultiTargetPlatform (95)
[2018.02.25-15.28.34:505][852]LogModuleManager: Shutting down and abandoning module Android_ETC2TargetPlatform (93)
[2018.02.25-15.28.34:505][852]LogModuleManager: Shutting down and abandoning module Android_ETC1TargetPlatform (91)
[2018.02.25-15.28.34:505][852]LogModuleManager: Shutting down and abandoning module Android_DXTTargetPlatform (89)
[2018.02.25-15.28.34:505][852]LogModuleManager: Shutting down and abandoning module Android_ATCTargetPlatform (87)
[2018.02.25-15.28.34:505][852]LogModuleManager: Shutting down and abandoning module Android_ASTCTargetPlatform (85)
[2018.02.25-15.28.34:505][852]LogModuleManager: Shutting down and abandoning module WindowsTargetPlatform (83)
[2018.02.25-15.28.34:505][852]LogModuleManager: Shutting down and abandoning module WindowsServerTargetPlatform (81)
[2018.02.25-15.28.34:505][852]LogModuleManager: Shutting down and abandoning module WindowsNoEditorTargetPlatform (79)
[2018.02.25-15.28.34:505][852]LogModuleManager: Shutting down and abandoning module WindowsClientTargetPlatform (77)
[2018.02.25-15.28.34:505][852]LogModuleManager: Shutting down and abandoning module MacTargetPlatform (75)
[2018.02.25-15.28.34:505][852]LogModuleManager: Shutting down and abandoning module MacServerTargetPlatform (73)
[2018.02.25-15.28.34:505][852]LogModuleManager: Shutting down and abandoning module MacNoEditorTargetPlatform (71)
[2018.02.25-15.28.34:505][852]LogModuleManager: Shutting down and abandoning module MacClientTargetPlatform (69)
[2018.02.25-15.28.34:505][852]LogModuleManager: Shutting down and abandoning module AllDesktopTargetPlatform (67)
[2018.02.25-15.28.34:505][852]LogModuleManager: Shutting down and abandoning module InputCore (64)
[2018.02.25-15.28.34:505][852]LogModuleManager: Shutting down and abandoning module Settings (62)
[2018.02.25-15.28.34:505][852]LogModuleManager: Shutting down and abandoning module PhysXCooking (60)
[2018.02.25-15.28.34:505][852]LogModuleManager: Shutting down and abandoning module SteamVR (58)
[2018.02.25-15.28.34:505][852]LogModuleManager: Shutting down and abandoning module OculusHMD (56)
[2018.02.25-15.28.34:505][852]LogModuleManager: Shutting down and abandoning module ExampleDeviceProfileSelector (54)
[2018.02.25-15.28.34:505][852]LogModuleManager: Shutting down and abandoning module AppleARKit (52)
[2018.02.25-15.28.34:505][852]LogModuleManager: Shutting down and abandoning module AugmentedReality (51)
[2018.02.25-15.28.34:505][852]LogModuleManager: Shutting down and abandoning module OnlineBlueprintSupport (48)
[2018.02.25-15.28.34:505][852]LogModuleManager: Shutting down and abandoning module OnlineSubsystem (44)
[2018.02.25-15.28.34:505][852]LogModuleManager: Shutting down and abandoning module XMPP (43)
[2018.02.25-15.28.34:505][852]LogModuleManager: Shutting down and abandoning module HTTP (41)
[2018.02.25-15.28.34:505][852]LogHttp: Display: Http module shutting down, but needs to wait on 1 outstanding Http requests:
[2018.02.25-15.28.34:505][852]LogHttp: Display: 	verb=[POST] url=[https://datarouter.ol.epicgames.com/datarouter/api/v1/public/data?SessionID=%7BD9E62097-48D9-E3A1-1A8B-A9B1312BC801%7D&AppID=UEEditor.Rocket.Release&AppVersion=4.18.3-3832480%2B%2B%2BUE4%2BRelease-4.18&UserID=8d224d924242bdea887803a04dc3ad5e%7C9199c58080e3449ba1957d1b52e6e9dc%7Cfeae32b7-8d61-4bd6-a6d8-4e585f3d71a7&AppEnvironment=datacollector-binary&UploadType=eteventstream] status=Processing
[2018.02.25-15.28.34:535][852]LogModuleManager: Shutting down and abandoning module SSL (40)
[2018.02.25-15.28.34:536][852]LogModuleManager: Shutting down and abandoning module AnimationModifiers (36)
[2018.02.25-15.28.34:543][852]LogModuleManager: Shutting down and abandoning module PropertyEditor (35)
[2018.02.25-15.28.34:543][852]LogModuleManager: Shutting down and abandoning module AudioEditor (32)
[2018.02.25-15.28.34:543][852]LogModuleManager: Shutting down and abandoning module TextureCompressor (30)
[2018.02.25-15.28.34:543][852]LogModuleManager: Shutting down and abandoning module ShaderCore (28)
[2018.02.25-15.28.34:543][852]LogModuleManager: Shutting down and abandoning module Landscape (26)
[2018.02.25-15.28.34:543][852]LogModuleManager: Shutting down and abandoning module SlateRHIRenderer (24)
[2018.02.25-15.28.34:545][852]LogModuleManager: Shutting down and abandoning module OpenGLDrv (22)
[2018.02.25-15.28.34:545][852]LogModuleManager: Shutting down and abandoning module D3D11RHI (20)
[2018.02.25-15.28.34:545][852]LogModuleManager: Shutting down and abandoning module AnimGraphRuntime (18)
[2018.02.25-15.28.34:545][852]LogModuleManager: Shutting down and abandoning module Renderer (16)
[2018.02.25-15.28.34:545][852]LogModuleManager: Shutting down and abandoning module Engine (14)
[2018.02.25-15.28.34:545][852]LogModuleManager: Shutting down and abandoning module CoreUObject (12)
[2018.02.25-15.28.34:545][852]LogModuleManager: Shutting down and abandoning module NetworkFile (10)
[2018.02.25-15.28.34:545][852]LogModuleManager: Shutting down and abandoning module CookedIterativeFile (8)
[2018.02.25-15.28.34:545][852]LogModuleManager: Shutting down and abandoning module StreamingFile (6)
[2018.02.25-15.28.34:545][852]LogModuleManager: Shutting down and abandoning module SandboxFile (4)
[2018.02.25-15.28.34:545][852]LogModuleManager: Shutting down and abandoning module PakFile (2)
[2018.02.25-15.28.34:549][852]LogExit: Exiting.
[2018.02.25-15.28.34:559][852]Log file closed, 02/25/18 16:28:34
