Log file open, 02/20/18 14:20:11
LogWindows: Failed to load 'aqProf.dll' (GetLastError=126)
LogWindows: File 'aqProf.dll' does not exist
LogWindows: Failed to load 'VtuneApi.dll' (GetLastError=126)
LogWindows: File 'VtuneApi.dll' does not exist
LogWindows: Failed to load 'VtuneApi32e.dll' (GetLastError=126)
LogWindows: File 'VtuneApi32e.dll' does not exist
LogInit: Display: Running engine for game: AI_Behaviour
LogPlatformFile: Not using cached read wrapper
LogInit: Display: RandInit(-313698998) SRandInit(-313698998).
LogInit: Read version file with build ID '3709383'
LogInit: Overriding engine version to CL 3832480, compatible CL 3709383
LogInit: Registered custom module enumerator with build ID '3709383'
LogTaskGraph: Started task graph with 5 named threads and 14 total threads with 3 sets of task threads.
LogStats: Stats thread started at 0.161639
LogD3D11RHI: Aftermath initialized
LogPluginManager: Mounting plugin Paper2D
LogPluginManager: Mounting plugin LightPropagationVolume
LogPluginManager: Mounting plugin CodeLiteSourceCodeAccess
LogPluginManager: Mounting plugin GitSourceControl
LogPluginManager: Mounting plugin KDevelopSourceCodeAccess
LogPluginManager: Mounting plugin NullSourceCodeAccess
LogPluginManager: Mounting plugin PerforceSourceControl
LogPluginManager: Mounting plugin SubversionSourceControl
LogPluginManager: Mounting plugin UObjectPlugin
LogPluginManager: Mounting plugin VisualStudioCodeSourceCodeAccess
LogPluginManager: Mounting plugin VisualStudioSourceCodeAccess
LogPluginManager: Mounting plugin XCodeSourceCodeAccess
LogPluginManager: Mounting plugin AssetManagerEditor
LogPluginManager: Mounting plugin AudioCapture
LogPluginManager: Mounting plugin FacialAnimation
LogPluginManager: Mounting plugin GameplayTagsEditor
LogPluginManager: Mounting plugin MobileLauncherProfileWizard
LogPluginManager: Mounting plugin PluginBrowser
LogPluginManager: Mounting plugin SpeedTreeImporter
LogPluginManager: Mounting plugin AlembicImporter
LogPluginManager: Mounting plugin CharacterAI
LogPluginManager: Mounting plugin HTML5Networking
LogPluginManager: Mounting plugin AndroidMedia
LogPluginManager: Mounting plugin AvfMedia
LogPluginManager: Mounting plugin ImgMedia
LogPluginManager: Mounting plugin MediaCompositing
LogPluginManager: Mounting plugin MediaPlayerEditor
LogPluginManager: Mounting plugin WmfMedia
LogPluginManager: Mounting plugin TcpMessaging
LogPluginManager: Mounting plugin UdpMessaging
LogPluginManager: Mounting plugin ActorSequence
LogPluginManager: Mounting plugin LevelSequenceEditor
LogPluginManager: Mounting plugin MatineeToLevelSequence
LogPluginManager: Mounting plugin OnlineSubsystemGooglePlay
LogPluginManager: Mounting plugin OnlineSubsystemIOS
LogPluginManager: Mounting plugin OnlineSubsystem
LogPluginManager: Mounting plugin OnlineSubsystemNull
LogPluginManager: Mounting plugin OnlineSubsystemUtils
LogPluginManager: Mounting plugin AndroidDeviceProfileSelector
LogPluginManager: Mounting plugin AndroidMoviePlayer
LogPluginManager: Mounting plugin AndroidPermission
LogPluginManager: Mounting plugin AppleARKit
LogPluginManager: Mounting plugin AppleMoviePlayer
LogPluginManager: Mounting plugin ArchVisCharacter
LogPluginManager: Mounting plugin CableComponent
LogPluginManager: Mounting plugin CustomMeshComponent
LogPluginManager: Mounting plugin ExampleDeviceProfileSelector
LogPluginManager: Mounting plugin GoogleCloudMessaging
LogPluginManager: Mounting plugin ImmediatePhysics
LogPluginManager: Mounting plugin IOSDeviceProfileSelector
LogPluginManager: Mounting plugin LinuxDeviceProfileSelector
LogPluginManager: Mounting plugin LocationServicesBPLibrary
LogPluginManager: Mounting plugin MobilePatchingUtils
LogPluginManager: Mounting plugin OculusVR
LogPluginManager: Plugin shader directory ../../../Engine/Plugins/Runtime/Oculus/OculusVR/Shaders found
LogPluginManager: Mapping shader source directory ../../../Engine/Plugins/Runtime/Oculus/OculusVR/Shaders to virtual directory /Plugin/OculusVR
LogPluginManager: Mounting plugin PhysXVehicles
LogPluginManager: Mounting plugin ProceduralMeshComponent
LogPluginManager: Mounting plugin RuntimePhysXCooking
LogPluginManager: Mounting plugin SteamVR
LogPluginManager: Mounting plugin WindowsMoviePlayer
LogModuleManager: Display: Found up-to-date module file ../../../../../UNREAL/AI_Behaviour/Binaries/Win64/UE4Editor-AI_Behaviour-3636.dll (API version 3709383).
LogModuleManager: Display: Found up-to-date module file ../../../Engine/Plugins/2D/Paper2D/Binaries/Win64/UE4Editor-Paper2D.dll (API version 3709383).
LogModuleManager: Display: Found up-to-date module file ../../../Engine/Plugins/2D/Paper2D/Binaries/Win64/UE4Editor-Paper2DEditor.dll (API version 3709383).
LogModuleManager: Display: Found up-to-date module file ../../../Engine/Plugins/2D/Paper2D/Binaries/Win64/UE4Editor-PaperSpriteSheetImporter.dll (API version 3709383).
LogModuleManager: Display: Found up-to-date module file ../../../Engine/Plugins/2D/Paper2D/Binaries/Win64/UE4Editor-PaperTiledImporter.dll (API version 3709383).
LogModuleManager: Display: Found up-to-date module file ../../../Engine/Plugins/2D/Paper2D/Binaries/Win64/UE4Editor-SmartSnapping.dll (API version 3709383).
LogModuleManager: Display: Found up-to-date module file ../../../Engine/Plugins/Blendables/LightPropagationVolume/Binaries/Win64/UE4Editor-LightPropagationVolumeRuntime.dll (API version 3709383).
LogModuleManager: Display: Found up-to-date module file ../../../Engine/Plugins/Blendables/LightPropagationVolume/Binaries/Win64/UE4Editor-LightPropagationVolumeEditor.dll (API version 3709383).
LogModuleManager: Display: Found up-to-date module file ../../../Engine/Plugins/Developer/GitSourceControl/Binaries/Win64/UE4Editor-GitSourceControl.dll (API version 3709383).
LogModuleManager: Display: Found up-to-date module file ../../../Engine/Plugins/Developer/PerforceSourceControl/Binaries/Win64/UE4Editor-PerforceSourceControl.dll (API version 3709383).
LogModuleManager: Display: Found up-to-date module file ../../../Engine/Plugins/Developer/SubversionSourceControl/Binaries/Win64/UE4Editor-SubversionSourceControl.dll (API version 3709383).
LogModuleManager: Display: Found up-to-date module file ../../../Engine/Plugins/Developer/UObjectPlugin/Binaries/Win64/UE4Editor-UObjectPlugin.dll (API version 3709383).
LogModuleManager: Display: Found up-to-date module file ../../../Engine/Plugins/Developer/VisualStudioCodeSourceCodeAccess/Binaries/Win64/UE4Editor-VisualStudioCodeSourceCodeAccess.dll (API version 3709383).
LogModuleManager: Display: Found up-to-date module file ../../../Engine/Plugins/Developer/VisualStudioSourceCodeAccess/Binaries/Win64/UE4Editor-VisualStudioSourceCodeAccess.dll (API version 3709383).
LogModuleManager: Display: Found up-to-date module file ../../../Engine/Plugins/Editor/AssetManagerEditor/Binaries/Win64/UE4Editor-AssetManagerEditor.dll (API version 3709383).
LogModuleManager: Display: Found up-to-date module file ../../../Engine/Plugins/Editor/AudioCapture/Binaries/Win64/UE4Editor-AudioCapture.dll (API version 3709383).
LogModuleManager: Display: Found up-to-date module file ../../../Engine/Plugins/Editor/FacialAnimation/Binaries/Win64/UE4Editor-FacialAnimation.dll (API version 3709383).
LogModuleManager: Display: Found up-to-date module file ../../../Engine/Plugins/Editor/FacialAnimation/Binaries/Win64/UE4Editor-FacialAnimationEditor.dll (API version 3709383).
LogModuleManager: Display: Found up-to-date module file ../../../Engine/Plugins/Editor/GameplayTagsEditor/Binaries/Win64/UE4Editor-GameplayTagsEditor.dll (API version 3709383).
LogModuleManager: Display: Found up-to-date module file ../../../Engine/Plugins/Editor/MobileLauncherProfileWizard/Binaries/Win64/UE4Editor-MobileLauncherProfileWizard.dll (API version 3709383).
LogModuleManager: Display: Found up-to-date module file ../../../Engine/Plugins/Editor/PluginBrowser/Binaries/Win64/UE4Editor-PluginBrowser.dll (API version 3709383).
LogModuleManager: Display: Found up-to-date module file ../../../Engine/Plugins/Editor/SpeedTreeImporter/Binaries/Win64/UE4Editor-SpeedTreeImporter.dll (API version 3709383).
LogModuleManager: Display: Found up-to-date module file ../../../Engine/Plugins/Experimental/AlembicImporter/Binaries/Win64/UE4Editor-AlembicImporter.dll (API version 3709383).
LogModuleManager: Display: Found up-to-date module file ../../../Engine/Plugins/Experimental/AlembicImporter/Binaries/Win64/UE4Editor-AlembicLibrary.dll (API version 3709383).
LogModuleManager: Display: Found up-to-date module file ../../../Engine/Plugins/Experimental/CharacterAI/Binaries/Win64/UE4Editor-CharacterAI.dll (API version 3709383).
LogModuleManager: Display: Found up-to-date module file ../../../Engine/Plugins/Experimental/HTML5Networking/Binaries/Win64/UE4Editor-HTML5Networking.dll (API version 3709383).
LogModuleManager: Display: Found up-to-date module file ../../../Engine/Plugins/Media/AndroidMedia/Binaries/Win64/UE4Editor-AndroidMediaEditor.dll (API version 3709383).
LogModuleManager: Display: Found up-to-date module file ../../../Engine/Plugins/Media/AndroidMedia/Binaries/Win64/UE4Editor-AndroidMediaFactory.dll (API version 3709383).
LogModuleManager: Display: Found up-to-date module file ../../../Engine/Plugins/Media/AvfMedia/Binaries/Win64/UE4Editor-AvfMediaEditor.dll (API version 3709383).
LogModuleManager: Display: Found up-to-date module file ../../../Engine/Plugins/Media/AvfMedia/Binaries/Win64/UE4Editor-AvfMediaFactory.dll (API version 3709383).
LogModuleManager: Display: Found up-to-date module file ../../../Engine/Plugins/Media/AvfMedia/Binaries/Win64/UE4Editor-AvfMediaFactory.dll (API version 3709383).
LogModuleManager: Display: Found up-to-date module file ../../../Engine/Plugins/Media/ImgMedia/Binaries/Win64/UE4Editor-ImgMedia.dll (API version 3709383).
LogModuleManager: Display: Found up-to-date module file ../../../Engine/Plugins/Media/ImgMedia/Binaries/Win64/UE4Editor-ImgMediaEditor.dll (API version 3709383).
LogModuleManager: Display: Found up-to-date module file ../../../Engine/Plugins/Media/ImgMedia/Binaries/Win64/UE4Editor-ImgMediaFactory.dll (API version 3709383).
LogModuleManager: Display: Found up-to-date module file ../../../Engine/Plugins/Media/ImgMedia/Binaries/Win64/UE4Editor-ImgMediaFactory.dll (API version 3709383).
LogModuleManager: Display: Found up-to-date module file ../../../Engine/Plugins/Media/ImgMedia/Binaries/Win64/UE4Editor-OpenExrWrapper.dll (API version 3709383).
LogModuleManager: Display: Found up-to-date module file ../../../Engine/Plugins/Media/MediaCompositing/Binaries/Win64/UE4Editor-MediaCompositing.dll (API version 3709383).
LogModuleManager: Display: Found up-to-date module file ../../../Engine/Plugins/Media/MediaCompositing/Binaries/Win64/UE4Editor-MediaCompositingEditor.dll (API version 3709383).
LogModuleManager: Display: Found up-to-date module file ../../../Engine/Plugins/Media/MediaPlayerEditor/Binaries/Win64/UE4Editor-MediaPlayerEditor.dll (API version 3709383).
LogModuleManager: Display: Found up-to-date module file ../../../Engine/Plugins/Media/WmfMedia/Binaries/Win64/UE4Editor-WmfMedia.dll (API version 3709383).
LogModuleManager: Display: Found up-to-date module file ../../../Engine/Plugins/Media/WmfMedia/Binaries/Win64/UE4Editor-WmfMediaEditor.dll (API version 3709383).
LogModuleManager: Display: Found up-to-date module file ../../../Engine/Plugins/Media/WmfMedia/Binaries/Win64/UE4Editor-WmfMediaFactory.dll (API version 3709383).
LogModuleManager: Display: Found up-to-date module file ../../../Engine/Plugins/Media/WmfMedia/Binaries/Win64/UE4Editor-WmfMediaFactory.dll (API version 3709383).
LogModuleManager: Display: Found up-to-date module file ../../../Engine/Plugins/Messaging/TcpMessaging/Binaries/Win64/UE4Editor-TcpMessaging.dll (API version 3709383).
LogModuleManager: Display: Found up-to-date module file ../../../Engine/Plugins/Messaging/UdpMessaging/Binaries/Win64/UE4Editor-UdpMessaging.dll (API version 3709383).
LogModuleManager: Display: Found up-to-date module file ../../../Engine/Plugins/MovieScene/ActorSequence/Binaries/Win64/UE4Editor-ActorSequence.dll (API version 3709383).
LogModuleManager: Display: Found up-to-date module file ../../../Engine/Plugins/MovieScene/LevelSequenceEditor/Binaries/Win64/UE4Editor-LevelSequenceEditor.dll (API version 3709383).
LogModuleManager: Display: Found up-to-date module file ../../../Engine/Plugins/MovieScene/MatineeToLevelSequence/Binaries/Win64/UE4Editor-MatineeToLevelSequence.dll (API version 3709383).
LogModuleManager: Display: Found up-to-date module file ../../../Engine/Plugins/Online/OnlineSubsystem/Binaries/Win64/UE4Editor-OnlineSubsystem.dll (API version 3709383).
LogModuleManager: Display: Found up-to-date module file ../../../Engine/Plugins/Online/OnlineSubsystemNull/Binaries/Win64/UE4Editor-OnlineSubsystemNull.dll (API version 3709383).
LogModuleManager: Display: Found up-to-date module file ../../../Engine/Plugins/Online/OnlineSubsystemUtils/Binaries/Win64/UE4Editor-OnlineSubsystemUtils.dll (API version 3709383).
LogModuleManager: Display: Found up-to-date module file ../../../Engine/Plugins/Online/OnlineSubsystemUtils/Binaries/Win64/UE4Editor-OnlineBlueprintSupport.dll (API version 3709383).
LogModuleManager: Display: Found up-to-date module file ../../../Engine/Plugins/Runtime/AndroidDeviceProfileSelector/Binaries/Win64/UE4Editor-AndroidDeviceProfileSelector.dll (API version 3709383).
LogModuleManager: Display: Found up-to-date module file ../../../Engine/Plugins/Runtime/AndroidPermission/Binaries/Win64/UE4Editor-AndroidPermission.dll (API version 3709383).
LogModuleManager: Display: Found up-to-date module file ../../../Engine/Plugins/Runtime/AppleARKit/Binaries/Win64/UE4Editor-AppleARKit.dll (API version 3709383).
LogModuleManager: Display: Found up-to-date module file ../../../Engine/Plugins/Runtime/ArchVisCharacter/Binaries/Win64/UE4Editor-ArchVisCharacter.dll (API version 3709383).
LogModuleManager: Display: Found up-to-date module file ../../../Engine/Plugins/Runtime/CableComponent/Binaries/Win64/UE4Editor-CableComponent.dll (API version 3709383).
LogModuleManager: Display: Found up-to-date module file ../../../Engine/Plugins/Runtime/CustomMeshComponent/Binaries/Win64/UE4Editor-CustomMeshComponent.dll (API version 3709383).
LogModuleManager: Display: Found up-to-date module file ../../../Engine/Plugins/Runtime/ExampleDeviceProfileSelector/Binaries/Win64/UE4Editor-ExampleDeviceProfileSelector.dll (API version 3709383).
LogModuleManager: Display: Found up-to-date module file ../../../Engine/Plugins/Runtime/ImmediatePhysics/Binaries/Win64/UE4Editor-ImmediatePhysics.dll (API version 3709383).
LogModuleManager: Display: Found up-to-date module file ../../../Engine/Plugins/Runtime/ImmediatePhysics/Binaries/Win64/UE4Editor-ImmediatePhysicsEditor.dll (API version 3709383).
LogModuleManager: Display: Found up-to-date module file ../../../Engine/Plugins/Runtime/LocationServicesBPLibrary/Binaries/Win64/UE4Editor-LocationServicesBPLibrary.dll (API version 3709383).
LogModuleManager: Display: Found up-to-date module file ../../../Engine/Plugins/Runtime/MobilePatchingUtils/Binaries/Win64/UE4Editor-MobilePatchingUtils.dll (API version 3709383).
LogModuleManager: Display: Found up-to-date module file ../../../Engine/Plugins/Runtime/Oculus/OculusVR/Binaries/Win64/UE4Editor-OculusHMD.dll (API version 3709383).
LogModuleManager: Display: Found up-to-date module file ../../../Engine/Plugins/Runtime/Oculus/OculusVR/Binaries/Win64/UE4Editor-OculusInput.dll (API version 3709383).
LogModuleManager: Display: Found up-to-date module file ../../../Engine/Plugins/Runtime/Oculus/OculusVR/Binaries/Win64/UE4Editor-OculusEditor.dll (API version 3709383).
LogModuleManager: Display: Found up-to-date module file ../../../Engine/Plugins/Runtime/PhysXVehicles/Binaries/Win64/UE4Editor-PhysXVehicles.dll (API version 3709383).
LogModuleManager: Display: Found up-to-date module file ../../../Engine/Plugins/Runtime/PhysXVehicles/Binaries/Win64/UE4Editor-PhysXVehiclesEditor.dll (API version 3709383).
LogModuleManager: Display: Found up-to-date module file ../../../Engine/Plugins/Runtime/ProceduralMeshComponent/Binaries/Win64/UE4Editor-ProceduralMeshComponent.dll (API version 3709383).
LogModuleManager: Display: Found up-to-date module file ../../../Engine/Plugins/Runtime/ProceduralMeshComponent/Binaries/Win64/UE4Editor-ProceduralMeshComponentEditor.dll (API version 3709383).
LogModuleManager: Display: Found up-to-date module file ../../../Engine/Plugins/Runtime/RuntimePhysXCooking/Binaries/Win64/UE4Editor-RuntimePhysXCooking.dll (API version 3709383).
LogModuleManager: Display: Found up-to-date module file ../../../Engine/Plugins/Runtime/Steam/SteamVR/Binaries/Win64/UE4Editor-SteamVR.dll (API version 3709383).
LogModuleManager: Display: Found up-to-date module file ../../../Engine/Plugins/Runtime/Steam/SteamVR/Binaries/Win64/UE4Editor-SteamVRController.dll (API version 3709383).
LogModuleManager: Display: Found up-to-date module file ../../../Engine/Plugins/Runtime/WindowsMoviePlayer/Binaries/Win64/UE4Editor-WindowsMoviePlayer.dll (API version 3709383).
LogInit: Using libcurl 7.47.1
LogInit:  - built for x86_64-pc-win32
LogInit:  - supports SSL with OpenSSL/1.0.2g
LogInit:  - supports HTTP deflate (compression) using libz 1.2.8
LogInit:  - other features:
LogInit:      CURL_VERSION_SSL
LogInit:      CURL_VERSION_LIBZ
LogInit:      CURL_VERSION_IPV6
LogInit:      CURL_VERSION_ASYNCHDNS
LogInit:      CURL_VERSION_LARGEFILE
LogInit:      CURL_VERSION_IDN
LogInit:  CurlRequestOptions (configurable via config and command line):
LogInit:  - bVerifyPeer = false  - Libcurl will NOT verify peer certificate
LogInit:  - bUseHttpProxy = false  - Libcurl will NOT use HTTP proxy
LogInit:  - bDontReuseConnections = false  - Libcurl will reuse connections
LogInit:  - CertBundlePath = nullptr  - Libcurl will use whatever was configured at build time.
LogInit: Build: ++UE4+Release-4.18-CL-3832480
LogInit: Engine Version: 4.18.3-3832480+++UE4+Release-4.18
LogInit: Compatible Engine Version: 4.18.0-3709383+++UE4+Release-4.18
LogInit: Net CL: 3709383
LogDevObjectVersion: Number of dev versions registered: 16
LogDevObjectVersion:   Dev-Blueprints (B0D832E4-1F89-4F0D-ACCF-7EB736FD4AA2): 10
LogDevObjectVersion:   Dev-Build (E1C64328-A22C-4D53-A36C-8E866417BD8C): 0
LogDevObjectVersion:   Dev-Core (375EC13C-06E4-48FB-B500-84F0262A717E): 2
LogDevObjectVersion:   Dev-Editor (E4B068ED-F494-42E9-A231-DA0B2E46BB41): 20
LogDevObjectVersion:   Dev-Framework (CFFC743F-43B0-4480-9391-14DF171D2073): 30
LogDevObjectVersion:   Dev-Mobile (B02B49B5-BB20-44E9-A304-32B752E40360): 0
LogDevObjectVersion:   Dev-Networking (A4E4105C-59A1-49B5-A7C5-40C4547EDFEE): 0
LogDevObjectVersion:   Dev-Online (39C831C9-5AE6-47DC-9A44-9C173E1C8E7C): 0
LogDevObjectVersion:   Dev-Physics (78F01B33-EBEA-4F98-B9B4-84EACCB95AA2): 0
LogDevObjectVersion:   Dev-Platform (6631380F-2D4D-43E0-8009-CF276956A95A): 0
LogDevObjectVersion:   Dev-Rendering (12F88B9F-8875-4AFC-A67C-D90C383ABD29): 20
LogDevObjectVersion:   Dev-Sequencer (7B5AE74C-D270-4C10-A958-57980B212A5A): 4
LogDevObjectVersion:   Dev-VR (D7296918-1DD6-4BDD-9DE2-64A83CC13884): 0
LogDevObjectVersion:   Dev-LoadTimes (C2A15278-BFE7-4AFE-6C17-90FF531DF755): 1
LogDevObjectVersion:   Private-Geometry (6EACA3D4-40EC-4CC1-B786-8BED09428FC5): 1
LogDevObjectVersion:   Dev-AnimPhys (29E575DD-E0A3-4627-9D10-D276232CDCEA): 12
LogInit: Compiled (64-bit): Jan 12 2018 02:04:55
LogInit: Compiled with Visual C++: 19.00.24215.01
LogInit: Build Configuration: Development
LogInit: Branch Name: ++UE4+Release-4.18
LogInit: Command line: -EpicPortal 
LogInit: Base directory: D:/EpicGames/UE_4.18/Engine/Binaries/Win64/
LogInit: Installed Engine Build: 1
LogInit: Presizing for max 8388607 objects, including 0 objects not considered by GC, pre-allocating 0 bytes for permanent pool.
LogInit: Object subsystem initialized
[2018.02.20-13.20.13:241][  0]LogInit: Selected Device Profile: [Windows]
[2018.02.20-13.20.13:241][  0]LogInit: Applying CVar settings loaded from the selected device profile: [Windows]
[2018.02.20-13.20.13:248][  0]LogInit: Computer: KRS6-STUD-PC017
[2018.02.20-13.20.13:248][  0]LogInit: User: Administrator
[2018.02.20-13.20.13:248][  0]LogInit: CPU Page size=4096, Cores=4
[2018.02.20-13.20.13:248][  0]LogInit: High frequency timer resolution =3.328127 MHz
[2018.02.20-13.20.13:248][  0]LogMemory: Memory total: Physical=15.9GB (16GB approx)
[2018.02.20-13.20.13:248][  0]LogMemory: Platform Memory Stats for Windows
[2018.02.20-13.20.13:248][  0]LogMemory: Process Physical Memory: 275.44 MB used, 275.44 MB peak
[2018.02.20-13.20.13:248][  0]LogMemory: Process Virtual Memory: 272.33 MB used, 272.33 MB peak
[2018.02.20-13.20.13:248][  0]LogMemory: Physical Memory: 5986.55 MB used,  10318.23 MB free, 16304.79 MB total
[2018.02.20-13.20.13:248][  0]LogMemory: Virtual Memory: 680.30 MB used,  10318.23 MB free, 134217728.00 MB total
[2018.02.20-13.20.13:346][  0]LogInit: Using OS detected language (en-GB).
[2018.02.20-13.20.13:346][  0]LogInit: Using OS detected locale (en-GB).
[2018.02.20-13.20.13:349][  0]LogTextLocalizationManager: No specific localization for 'en-GB' exists, so the 'en' localization will be used.
[2018.02.20-13.20.13:712][  0]LogInit: Setting process to per monitor DPI aware
[2018.02.20-13.20.13:963][  0]LogD3D11RHI: D3D11 adapters:
[2018.02.20-13.20.13:996][  0]LogD3D11RHI:    0. 'NVIDIA GeForce GTX 1070' (Feature Level 11_0)
[2018.02.20-13.20.13:996][  0]LogD3D11RHI:       8096/0/8152 MB DedicatedVideo/DedicatedSystem/SharedSystem, Outputs:2, VendorId:0x10de
[2018.02.20-13.20.13:998][  0]LogD3D11RHI:    1. 'Microsoft Basic Render Driver' (Feature Level 11_0)
[2018.02.20-13.20.13:998][  0]LogD3D11RHI:       0/0/8152 MB DedicatedVideo/DedicatedSystem/SharedSystem, Outputs:0, VendorId:0x1414
[2018.02.20-13.20.13:998][  0]LogD3D11RHI: Chosen D3D11 Adapter: 0
[2018.02.20-13.20.14:004][  0]LogD3D11RHI: Creating new Direct3DDevice
[2018.02.20-13.20.14:004][  0]LogD3D11RHI:     GPU DeviceId: 0x1b81 (for the marketing name, search the web for "GPU Device Id")
[2018.02.20-13.20.14:004][  0]LogWindows: EnumDisplayDevices:
[2018.02.20-13.20.14:004][  0]LogWindows:    0. 'NVIDIA GeForce GTX 1070' (P:1 D:1)
[2018.02.20-13.20.14:005][  0]LogWindows:    1. 'NVIDIA GeForce GTX 1070' (P:0 D:1)
[2018.02.20-13.20.14:005][  0]LogWindows:    2. 'NVIDIA GeForce GTX 1070' (P:0 D:0)
[2018.02.20-13.20.14:005][  0]LogWindows:    3. 'NVIDIA GeForce GTX 1070' (P:0 D:0)
[2018.02.20-13.20.14:005][  0]LogWindows: DebugString: GetVideoDriverDetailsInvalid PrimaryIsNotTheChoosenAdapter GetVideoDriverDetailsInvalid PrimaryIsNotTheChoosenAdapter GetVideoDriverDetailsInvalid PrimaryIsNotTheChoosenAdapter GetVideoDriverDetailsInvalid PrimaryIsNotTheChoosenAdapter FoundDriverCount:0 
[2018.02.20-13.20.14:005][  0]LogD3D11RHI:     Adapter Name: NVIDIA GeForce GTX 1070
[2018.02.20-13.20.14:005][  0]LogD3D11RHI:   Driver Version: Unknown (internal:Unknown, unified:Unknown)
[2018.02.20-13.20.14:005][  0]LogD3D11RHI:      Driver Date: Unknown
[2018.02.20-13.20.14:005][  0]LogRHI: Texture pool is 5667 MB (70% of 8096 MB)
[2018.02.20-13.20.14:022][  0]LogD3D11RHI: Async texture creation enabled
[2018.02.20-13.20.14:037][  0]LogD3D11RHI: GPU Timing Frequency: 1000.000000 (Debug: 2 1)
[2018.02.20-13.20.14:123][  0]LogShaderCompilers: Guid format shader working directory is 19 characters bigger than the processId version (../../../../../UNREAL/AI_Behaviour/Intermediate/Shaders/WorkingDirectory/14372/).
[2018.02.20-13.20.14:123][  0]LogShaderCompilers: Cleaned the shader compiler working directory 'C:/Users/Administrator/AppData/Local/Temp/UnrealShaderWorkingDir/51954BCF4D840FB4212C329B4E65D5C7/'.
[2018.02.20-13.20.14:123][  0]LogShaderCompilers: Display: Using Local Shader Compiler.
[2018.02.20-13.20.14:917][  0]LogTemp: Display: Loaded TP AllDesktopTargetPlatform
[2018.02.20-13.20.14:957][  0]LogTemp: Display: Loaded TP MacClientTargetPlatform
[2018.02.20-13.20.15:004][  0]LogTemp: Display: Loaded TP MacNoEditorTargetPlatform
[2018.02.20-13.20.15:041][  0]LogTemp: Display: Loaded TP MacServerTargetPlatform
[2018.02.20-13.20.15:079][  0]LogTemp: Display: Loaded TP MacTargetPlatform
[2018.02.20-13.20.15:117][  0]LogTemp: Display: Loaded TP WindowsClientTargetPlatform
[2018.02.20-13.20.15:156][  0]LogTemp: Display: Loaded TP WindowsNoEditorTargetPlatform
[2018.02.20-13.20.15:197][  0]LogTemp: Display: Loaded TP WindowsServerTargetPlatform
[2018.02.20-13.20.15:229][  0]LogTemp: Display: Loaded TP WindowsTargetPlatform
[2018.02.20-13.20.15:269][  0]LogTemp: Display: Loaded TP Android_ASTCTargetPlatform
[2018.02.20-13.20.15:307][  0]LogTemp: Display: Loaded TP Android_ATCTargetPlatform
[2018.02.20-13.20.15:345][  0]LogTemp: Display: Loaded TP Android_DXTTargetPlatform
[2018.02.20-13.20.15:382][  0]LogTemp: Display: Loaded TP Android_ETC1TargetPlatform
[2018.02.20-13.20.15:420][  0]LogTemp: Display: Loaded TP Android_ETC2TargetPlatform
[2018.02.20-13.20.15:495][  0]LogTemp: Display: Loaded TP Android_MultiTargetPlatform
[2018.02.20-13.20.15:495][  0]LogTemp: Display: Loaded TP Android_PVRTCTargetPlatform
[2018.02.20-13.20.15:532][  0]LogTemp: Display: Loaded TP AndroidTargetPlatform
[2018.02.20-13.20.15:559][  0]LogTemp: Display: Loaded TP HTML5TargetPlatform
[2018.02.20-13.20.15:629][  0]LogTemp: Display: Loaded TP IOSTargetPlatform
[2018.02.20-13.20.15:648][  0]LogTemp: Display: Loaded TP TVOSTargetPlatform
[2018.02.20-13.20.15:685][  0]LogTemp: Display: Loaded TP LinuxClientTargetPlatform
[2018.02.20-13.20.15:724][  0]LogTemp: Display: Loaded TP LinuxNoEditorTargetPlatform
[2018.02.20-13.20.15:764][  0]LogTemp: Display: Loaded TP LinuxServerTargetPlatform
[2018.02.20-13.20.15:801][  0]LogTemp: Display: Loaded TP LinuxTargetPlatform
[2018.02.20-13.20.15:801][  0]LogTargetPlatformManager: Display: Building Assets For Windows
[2018.02.20-13.20.16:116][  0]LogDerivedDataCache: Display: Max Cache Size: 512 MB
[2018.02.20-13.20.16:181][  0]LogDerivedDataCache: Loaded boot cache 0.07s 78MB C:/Users/Administrator/AppData/Local/UnrealEngine/4.18/DerivedDataCache/Boot.ddc.
[2018.02.20-13.20.16:181][  0]LogDerivedDataCache: Display: Loaded Boot cache: C:/Users/Administrator/AppData/Local/UnrealEngine/4.18/DerivedDataCache/Boot.ddc
[2018.02.20-13.20.16:181][  0]LogDerivedDataCache: FDerivedDataBackendGraph:  Pak pak cache file ../../../../../UNREAL/AI_Behaviour/DerivedDataCache/DDC.ddp not found, will not use a pak cache.
[2018.02.20-13.20.16:181][  0]LogDerivedDataCache: Unable to find inner node Pak for hierarchical cache Hierarchy.
[2018.02.20-13.20.16:181][  0]LogDerivedDataCache: FDerivedDataBackendGraph:  CompressedPak pak cache file ../../../../../UNREAL/AI_Behaviour/DerivedDataCache/Compressed.ddp not found, will not use a pak cache.
[2018.02.20-13.20.16:181][  0]LogDerivedDataCache: Unable to find inner node CompressedPak for hierarchical cache Hierarchy.
[2018.02.20-13.20.16:196][  0]LogDerivedDataCache: Display: Pak cache opened for reading ../../../Engine/DerivedDataCache/Compressed.ddp.
[2018.02.20-13.20.16:208][  0]LogDerivedDataCache: Using Local data cache path C:/Users/Administrator/AppData/Local/UnrealEngine/Common/DerivedDataCache: Writable
[2018.02.20-13.20.16:216][  0]LogMaterial: Verifying Global Shaders for PCD3D_SM5
[2018.02.20-13.20.16:217][  0]LogSlate: Using Freetype 2.6.0
[2018.02.20-13.20.16:217][  0]LogSlate: SlateFontCache - WITH_FREETYPE: 1, WITH_HARFBUZZ: 1
[2018.02.20-13.20.16:217][  0]LogSlate: SlateFontCache - WITH_FREETYPE: 1, WITH_HARFBUZZ: 1
[2018.02.20-13.20.16:540][  0]LogInit: Selected Device Profile: [Windows]
[2018.02.20-13.20.16:800][  0]LogSimplygon: Simplygon DLL not present - disabling.
[2018.02.20-13.20.16:829][  0]LogMeshReduction: Using SimplygonSwarm for distributed automatic mesh merging
[2018.02.20-13.20.16:829][  0]LogMeshReduction: Using QuadricMeshReduction for automatic static mesh reduction
[2018.02.20-13.20.16:829][  0]LogMeshReduction: No automatic skeletal mesh reduction module available
[2018.02.20-13.20.16:829][  0]LogMeshReduction: No automatic mesh merging module available
[2018.02.20-13.20.16:829][  0]LogMeshMerging: No automatic mesh merging module available
[2018.02.20-13.20.16:864][  0]LogNetVersion: AI_Behaviour , NetCL: 3709383, EngineNetVer: 2, GameNetVer: 0 (Checksum: 3887751288)
[2018.02.20-13.20.17:006][  0]LogAssetRegistry: FAssetRegistry took 0.0260 seconds to start up
[2018.02.20-13.20.17:449][  0]LogPackageLocalizationCache: Processed 7 localized package path(s) for 2 prioritized culture(s) in 0.091522 seconds
[2018.02.20-13.20.17:453][  0]LogUObjectArray: 35870 objects as part of root set at end of initial load.
[2018.02.20-13.20.17:454][  0]LogUObjectAllocator: 7363696 out of 0 bytes used by permanent object pool.
[2018.02.20-13.20.17:454][  0]LogUObjectArray: CloseDisregardForGC: 0/0 objects in disregard for GC pool
[2018.02.20-13.20.17:487][  0]LogInit: WinSock: version 1.1 (2.2), MaxSocks=32767, MaxUdp=65467
[2018.02.20-13.20.19:659][  0]LogTcpMessaging: Initializing TcpMessaging bridge
[2018.02.20-13.20.19:692][  0]LogUdpMessaging: Initializing bridge on interface 0.0.0.0:0 to multicast group 230.0.0.1:6666.
[2018.02.20-13.20.20:262][  0]LogMaterial: Uniform references updated for custom material expression Custom.
[2018.02.20-13.20.20:576][  0]SourceControl: Source control is disabled
[2018.02.20-13.20.20:576][  0]SourceControl: Source control is disabled
[2018.02.20-13.20.20:615][  0]SourceControl: Source control is disabled
[2018.02.20-13.20.20:655][  0]SourceControl: Source control is disabled
[2018.02.20-13.20.21:255][  0]LogAndroidPermission: UAndroidPermissionCallbackProxy::GetInstance
[2018.02.20-13.20.21:449][  0]LogOcInput: OculusInput pre-init called
[2018.02.20-13.20.21:653][  0]LogEngine: Initializing Engine...
[2018.02.20-13.20.21:655][  0]LogHMD: Failed to initialize OpenVR with code 110
[2018.02.20-13.20.21:849][  0]LogStats: UGameplayTagsManager::ConstructGameplayTagTree: Construct from data asset -  0.000 s
[2018.02.20-13.20.21:849][  0]LogStats: UGameplayTagsManager::ConstructGameplayTagTree: GameplayTagTreeChangedEvent.Broadcast -  0.000 s
[2018.02.20-13.20.21:950][  0]LogAIModule: Creating AISystem for world Untitled
[2018.02.20-13.20.21:958][  0]LogInit: XAudio2 using 'InFocus HDD-4 (NVIDIA High Definition Audio)' : 2 channels at 48 kHz using 16 bits per sample (channel mask 0x3)
[2018.02.20-13.20.21:969][  0]LogInit: FAudioDevice initialized.
[2018.02.20-13.20.22:053][  0]LogDerivedDataCache: Saved boot cache 0.08s 78MB C:/Users/Administrator/AppData/Local/UnrealEngine/4.18/DerivedDataCache/Boot.ddc.
[2018.02.20-13.20.22:068][  0]LogInit: Texture streaming: Enabled
[2018.02.20-13.20.22:133][  0]LogEngineSessionManager: EngineSessionManager initialized
[2018.02.20-13.20.22:230][  0]LogInit: Transaction tracking system initialized
[2018.02.20-13.20.22:453][  0]BlueprintLog: New page: Editor Load
[2018.02.20-13.20.23:078][  0]LocalizationService: Localization service is disabled
[2018.02.20-13.20.23:613][  0]LogConsoleResponse: Display: 
[2018.02.20-13.20.23:756][  0]LogCook: Display: Max memory allowance for cook 16384mb min free memory 0mb
[2018.02.20-13.20.23:756][  0]LogCook: Display: Mobile HDR setting 1
[2018.02.20-13.20.23:756][  0]LogGameplayTags: Display: UGameplayTagsManager::DoneAddingNativeTags. DelegateIsBound: 0
[2018.02.20-13.20.24:611][  0]LogFileCache: Scanning file cache for directory 'D:/UNREAL/AI_Behaviour/Content/' took 0.02s
[2018.02.20-13.20.24:612][  0]SourceControl: Source control is disabled
[2018.02.20-13.20.24:723][  0]LogWindowsTextInputMethodSystem: Display: IME system now deactivated.
[2018.02.20-13.20.24:753][  0]LogSlate: Took 0.000185 seconds to synchronously load lazily loaded font '../../../Engine/Content/Slate/Fonts/Roboto-Regular.ttf' (155K)
[2018.02.20-13.20.31:789][  0]LogWindowsTextInputMethodSystem: Display: IME system now deactivated.
[2018.02.20-13.20.31:794][  0]LogWindowsTextInputMethodSystem: Display: IME system now deactivated.
[2018.02.20-13.20.31:797][  0]Cmd: MAP LOAD FILE="../../../../../UNREAL/AI_Behaviour/Content/ThirdPersonBP/Maps/ThirdPersonExampleMap.umap" TEMPLATE=0 SHOWPROGRESS=1 FEATURELEVEL=3
[2018.02.20-13.20.31:798][  0]LightingResults: New page: Lighting Build
[2018.02.20-13.20.31:838][  0]MapCheck: New page: Map Check
[2018.02.20-13.20.31:838][  0]LightingResults: New page: Lighting Build
[2018.02.20-13.20.32:202][  0]LogAIModule: Creating AISystem for world ThirdPersonExampleMap
[2018.02.20-13.20.32:212][  0]LogEditorServer: Finished looking for orphan Actors (0.000 secs)
[2018.02.20-13.20.32:228][  0]Cmd: MAP CHECKDEP NOCLEARLOG
[2018.02.20-13.20.32:288][  0]MapCheck: Map check complete: 0 Error(s), 0 Warning(s), took 59.701ms to complete.
[2018.02.20-13.20.32:288][  0]LogFileHelpers: Loading map 'ThirdPersonExampleMap' took 0.490
[2018.02.20-13.20.32:405][  0]LogStats: Warning: MetaData mismatch. Did you assign a stat to two groups? New //STATGROUP_Threads//SplashScreenThread///Thread_3868_0///####STATCAT_Advanced#### old //STATGROUP_Threads//SplashScreenThread///Thread_13b8_0///####STATCAT_Advanced####
[2018.02.20-13.20.32:405][  0]LogCollectionManager: Loaded 0 collections in 0.001167 seconds
[2018.02.20-13.20.32:488][  0]LogFileCache: Scanning file cache for directory 'D:/UNREAL/AI_Behaviour/Saved/Collections/' took 0.01s
[2018.02.20-13.20.32:488][  0]LogFileCache: Scanning file cache for directory 'D:/UNREAL/AI_Behaviour/Content/Developers/Administrator/Collections/' took 0.01s
[2018.02.20-13.20.32:488][  0]LogFileCache: Scanning file cache for directory 'D:/UNREAL/AI_Behaviour/Content/Collections/' took 0.01s
[2018.02.20-13.20.32:488][  0]LogCollectionManager: Rebuilt the GUID cache for 0 collections in 0.000000 seconds
[2018.02.20-13.20.32:496][  0]LogContentBrowser: Native class hierarchy populated in 0.0075 seconds. Added 2364 classes and 521 folders.
[2018.02.20-13.20.32:540][  0]LogContentBrowser: Native class hierarchy updated for 'WidgetCarousel' in 0.0005 seconds. Added 0 classes and 0 folders.
[2018.02.20-13.20.32:572][  0]LogContentBrowser: Native class hierarchy updated for 'AddContentDialog' in 0.0004 seconds. Added 0 classes and 0 folders.
[2018.02.20-13.20.32:603][  0]LogContentBrowser: Native class hierarchy updated for 'SceneOutliner' in 0.0005 seconds. Added 1 classes and 2 folders.
[2018.02.20-13.20.32:681][  0]LogSlate: Took 0.000312 seconds to synchronously load lazily loaded font '../../../Engine/Content/Slate/Fonts/Roboto-Bold.ttf' (160K)
[2018.02.20-13.20.32:688][  0]LogSlate: Took 0.000245 seconds to synchronously load lazily loaded font '../../../Engine/Content/Editor/Slate/Fonts/FontAwesome.ttf' (139K)
[2018.02.20-13.20.32:795][  0]LogRenderer: Reallocating scene render targets to support 1152x696 Format 10 NumSamples 1 (Frame:1).
[2018.02.20-13.20.32:944][  0]LogContentBrowser: Native class hierarchy updated for 'HierarchicalLODOutliner' in 0.0005 seconds. Added 1 classes and 2 folders.
[2018.02.20-13.20.32:944][  0]LogLoad: (Engine Initialization) Total time: 21.84 seconds
[2018.02.20-13.20.32:944][  0]LogLoad: (Engine Initialization) Total Blueprint compile time: 0.00 seconds
[2018.02.20-13.20.32:944][  0]LogExternalProfiler: Found external profiler: VSPerf
[2018.02.20-13.20.32:944][  0]LogExternalProfiler: Using external profiler: VSPerf
[2018.02.20-13.20.32:972][  0]LogAssetRegistry: Asset discovery search completed in 15.9887 seconds
[2018.02.20-13.20.32:974][  0]LogCollectionManager: Rebuilt the object cache for 0 collections in 0.000001 seconds (found 0 objects)
[2018.02.20-13.20.32:974][  0]LogCollectionManager: Fixed up redirectors for 0 collections in 0.000130 seconds (updated 0 objects)
[2018.02.20-13.20.32:976][  0]LogContentStreaming: Texture pool size now 1000 MB
[2018.02.20-13.20.33:008][  0]LogSlate: Took 0.000225 seconds to synchronously load lazily loaded font '../../../Engine/Content/Slate/Fonts/Roboto-Light.ttf' (159K)
[2018.02.20-13.20.33:995][106]LogSlate: Took 0.000213 seconds to synchronously load lazily loaded font '../../../Engine/Content/Slate/Fonts/Roboto-Light.ttf' (159K)
[2018.02.20-13.20.35:176][239]LogSlate: Took 0.000192 seconds to synchronously load lazily loaded font '../../../Engine/Content/Slate/Fonts/Roboto-Light.ttf' (159K)
[2018.02.20-13.20.35:337][239]LogSavePackage: Save=119.67ms
[2018.02.20-13.20.35:337][239]LogSavePackage: Moving '../../../../../UNREAL/AI_Behaviour/Saved/ThirdPersonExampleMapFFBA22424DFACD92EF545682A0AF6658.tmp' to '../../../../../UNREAL/AI_Behaviour/Content/ThirdPersonBP/Maps/ThirdPersonExampleMap.umap'
[2018.02.20-13.20.35:339][239]LogSavePackage: Display: Finished SavePackage ../../../../../UNREAL/AI_Behaviour/Content/ThirdPersonBP/Maps/ThirdPersonExampleMap.umap
[2018.02.20-13.20.35:525][239]LogSavePackage: Save=173.16ms
[2018.02.20-13.20.35:525][239]LogSavePackage: Moving '../../../../../UNREAL/AI_Behaviour/Saved/ThirdPersonExampleMap_BuiltData10418FCB43FEF71A2E8FE69B4BFE4573.tmp' to '../../../../../UNREAL/AI_Behaviour/Content/ThirdPersonBP/Maps/ThirdPersonExampleMap_BuiltData.uasset'
[2018.02.20-13.20.35:527][239]LogSavePackage: Display: Finished SavePackage ../../../../../UNREAL/AI_Behaviour/Content/ThirdPersonBP/Maps/ThirdPersonExampleMap_BuiltData.uasset
[2018.02.20-13.20.39:197][639]LogContentBrowser: Native class hierarchy updated for 'BlueprintGraph' in 0.0006 seconds. Added 116 classes and 0 folders.
[2018.02.20-13.20.39:760][639]LogSlate: Took 0.000173 seconds to synchronously load lazily loaded font '../../../Engine/Content/Slate/Fonts/Roboto-Regular.ttf' (155K)
[2018.02.20-13.20.39:817][639]LogSlate: Took 0.000269 seconds to synchronously load lazily loaded font '../../../Engine/Content/Editor/Slate/Fonts/Roboto-BoldCondensed.ttf' (158K)
[2018.02.20-13.20.39:856][640]LogSlate: Took 0.000219 seconds to synchronously load lazily loaded font '../../../Engine/Content/Editor/Slate/Fonts/Roboto-Italic.ttf' (157K)
[2018.02.20-13.20.46:416][380]Cmd: OBJ SAVEPACKAGE PACKAGE="/Game/ThirdPersonBP/DrawHUDBP" FILE="../../../../../UNREAL/AI_Behaviour/Content/ThirdPersonBP/DrawHUDBP.uasset" SILENT=true
[2018.02.20-13.20.46:426][380]LogSavePackage: Save=7.15ms
[2018.02.20-13.20.46:427][380]LogSavePackage: Moving '../../../../../UNREAL/AI_Behaviour/Saved/DrawHUDBP168C48A348686BB8522EF797A9DA398B.tmp' to '../../../../../UNREAL/AI_Behaviour/Content/ThirdPersonBP/DrawHUDBP.uasset'
[2018.02.20-13.20.46:427][380]LogSavePackage: Display: Finished SavePackage ../../../../../UNREAL/AI_Behaviour/Content/ThirdPersonBP/DrawHUDBP.uasset
[2018.02.20-13.20.47:530][508]BlueprintLog: New page: Compile DrawHUDBP
[2018.02.20-13.20.55:110][196]LogTemp: Repeating last play command: Selected Viewport
[2018.02.20-13.20.55:131][196]LogBlueprintUserMessages: Early PlayInEditor Detection: Level '/Game/ThirdPersonBP/Maps/ThirdPersonExampleMap.ThirdPersonExampleMap:PersistentLevel' has LevelScriptBlueprint '/Game/ThirdPersonBP/Maps/ThirdPersonExampleMap.ThirdPersonExampleMap:PersistentLevel.ThirdPersonExampleMap' with GeneratedClass '/Game/ThirdPersonBP/Maps/ThirdPersonExampleMap.ThirdPersonExampleMap_C' with ClassGeneratedBy '/Game/ThirdPersonBP/Maps/ThirdPersonExampleMap.ThirdPersonExampleMap:PersistentLevel.ThirdPersonExampleMap'
[2018.02.20-13.20.55:132][196]LogPlayLevel: PlayLevel: No blueprints needed recompiling
[2018.02.20-13.20.55:132][196]PIE: New page: PIE session: ThirdPersonExampleMap (20 Feb 2018 15:20:55)
[2018.02.20-13.20.55:132][196]LogPlayLevel: Creating play world package: /Game/ThirdPersonBP/Maps/UEDPIE_0_ThirdPersonExampleMap
[2018.02.20-13.20.55:146][196]LogPlayLevel: PIE: StaticDuplicateObject took: (0.013479s)
[2018.02.20-13.20.55:146][196]LogAIModule: Creating AISystem for world ThirdPersonExampleMap
[2018.02.20-13.20.55:146][196]LogPlayLevel: PIE: World Init took: (0.000634s)
[2018.02.20-13.20.55:146][196]LogPlayLevel: PIE: Created PIE world by copying editor world from /Game/ThirdPersonBP/Maps/ThirdPersonExampleMap.ThirdPersonExampleMap to /Game/ThirdPersonBP/Maps/UEDPIE_0_ThirdPersonExampleMap.ThirdPersonExampleMap (0.014401s)
[2018.02.20-13.20.55:167][196]LogInit: XAudio2 using 'InFocus HDD-4 (NVIDIA High Definition Audio)' : 2 channels at 48 kHz using 16 bits per sample (channel mask 0x3)
[2018.02.20-13.20.55:174][196]LogInit: FAudioDevice initialized.
[2018.02.20-13.20.55:215][196]LogLoad: Game class is 'ThirdPersonGameMode_C'
[2018.02.20-13.20.55:219][196]LogWorld: Bringing World /Game/ThirdPersonBP/Maps/UEDPIE_0_ThirdPersonExampleMap.ThirdPersonExampleMap up for play (max tick rate 0) at 2018.02.20-14.20.55
[2018.02.20-13.20.55:219][196]LogWorld: Bringing up level for play took: 0.002198
[2018.02.20-13.20.55:248][196]LogContentBrowser: Native class hierarchy updated for 'MovieSceneCapture' in 0.0004 seconds. Added 11 classes and 0 folders.
[2018.02.20-13.20.55:249][196]PIE: Play in editor start time for /Game/ThirdPersonBP/Maps/UEDPIE_0_ThirdPersonExampleMap -0.778
[2018.02.20-13.20.55:249][196]LogBlueprintUserMessages: Late PlayInEditor Detection: Level '/Game/ThirdPersonBP/Maps/ThirdPersonExampleMap.ThirdPersonExampleMap:PersistentLevel' has LevelScriptBlueprint '/Game/ThirdPersonBP/Maps/ThirdPersonExampleMap.ThirdPersonExampleMap:PersistentLevel.ThirdPersonExampleMap' with GeneratedClass '/Game/ThirdPersonBP/Maps/ThirdPersonExampleMap.ThirdPersonExampleMap_C' with ClassGeneratedBy '/Game/ThirdPersonBP/Maps/ThirdPersonExampleMap.ThirdPersonExampleMap:PersistentLevel.ThirdPersonExampleMap'
[2018.02.20-13.20.58:749][609]LogBlueprintUserMessages: Early EndPlayMap Detection: Level '/Game/ThirdPersonBP/Maps/ThirdPersonExampleMap.ThirdPersonExampleMap:PersistentLevel' has LevelScriptBlueprint '/Game/ThirdPersonBP/Maps/ThirdPersonExampleMap.ThirdPersonExampleMap:PersistentLevel.ThirdPersonExampleMap' with GeneratedClass '/Game/ThirdPersonBP/Maps/ThirdPersonExampleMap.ThirdPersonExampleMap_C' with ClassGeneratedBy '/Game/ThirdPersonBP/Maps/ThirdPersonExampleMap.ThirdPersonExampleMap:PersistentLevel.ThirdPersonExampleMap'
[2018.02.20-13.20.58:783][609]LogBlueprintUserMessages: Late EndPlayMap Detection: Level '/Game/ThirdPersonBP/Maps/ThirdPersonExampleMap.ThirdPersonExampleMap:PersistentLevel' has LevelScriptBlueprint '/Game/ThirdPersonBP/Maps/ThirdPersonExampleMap.ThirdPersonExampleMap:PersistentLevel.ThirdPersonExampleMap' with GeneratedClass '/Game/ThirdPersonBP/Maps/ThirdPersonExampleMap.ThirdPersonExampleMap_C' with ClassGeneratedBy '/Game/ThirdPersonBP/Maps/ThirdPersonExampleMap.ThirdPersonExampleMap:PersistentLevel.ThirdPersonExampleMap'
[2018.02.20-13.20.59:757][718]LogEditorViewport: Clicking on Actor (LMB): StaticMeshActor (Wall7)
[2018.02.20-13.21.04:068][197]LogVSAccessor: Warning: Couldn't access Visual Studio
[2018.02.20-13.21.04:083][197]Candidate modules for hot reload:
[2018.02.20-13.21.04:083][197]  AI_Behaviour
[2018.02.20-13.21.04:083][197]Launching UnrealBuildTool... [D:/EpicGames/UE_4.18/Engine/Binaries/DotNET/UnrealBuildTool.exe AI_Behaviour -ModuleWithSuffix AI_Behaviour 1174 Win64 Development -editorrecompile -canskiplink "D:/UNREAL/AI_Behaviour/AI_Behaviour.uproject" ]
[2018.02.20-13.21.04:089][197]Warning: Starting HotReload took  0.0s.
[2018.02.20-13.21.06:051][421]CompilerResultsLog: New page: Compilation - 20 Feb 2018 15:21:06
[2018.02.20-13.21.06:051][421]CompilerResultsLog: Using 'git status' to determine working set for adaptive non-unity build.
[2018.02.20-13.21.06:051][421]CompilerResultsLog: Compiling game modules for hot reload
[2018.02.20-13.21.06:051][421]CompilerResultsLog: Performing 3 actions (4 in parallel)
[2018.02.20-13.21.06:051][421]CompilerResultsLog: DrawHUD.cpp
[2018.02.20-13.21.06:051][421]CompilerResultsLog: [2/3] Link UE4Editor-AI_Behaviour-1174.dll
[2018.02.20-13.21.06:051][421]CompilerResultsLog: [3/3] Link UE4Editor-AI_Behaviour-1174.lib
[2018.02.20-13.21.06:051][421]CompilerResultsLog:    Creating library D:\UNREAL\AI_Behaviour\Intermediate\Build\Win64\UE4Editor\Development\UE4Editor-AI_Behaviour-1174.suppressed.lib and object D:\UNREAL\AI_Behaviour\Intermediate\Build\Win64\UE4Editor\Development\UE4Editor-AI_Behaviour-1174.suppressed.exp
[2018.02.20-13.21.06:052][421]CompilerResultsLog:    Creating library D:\UNREAL\AI_Behaviour\Intermediate\Build\Win64\UE4Editor\Development\UE4Editor-AI_Behaviour-1174.lib and object D:\UNREAL\AI_Behaviour\Intermediate\Build\Win64\UE4Editor\Development\UE4Editor-AI_Behaviour-1174.exp
[2018.02.20-13.21.06:052][421]CompilerResultsLog: Total build time: 1.76 seconds (Local executor: 1.32 seconds)
[2018.02.20-13.21.06:052][421]LogMainFrame: MainFrame: Module compiling took 1.983 seconds
[2018.02.20-13.21.06:099][421]LogContentBrowser: Native class hierarchy updated for 'AI_Behaviour' in 0.0005 seconds. Added 1 classes and 2 folders.
[2018.02.20-13.21.06:101][421]Display: HotReload successful (1 functions remapped  0 scriptstructs remapped)
[2018.02.20-13.21.06:399][421]LogContentBrowser: Native class hierarchy populated in 0.0082 seconds. Added 2366 classes and 525 folders.
[2018.02.20-13.21.06:399][421]Display: HotReload took  2.3s.
[2018.02.20-13.21.08:057][616]LogTemp: Repeating last play command: Selected Viewport
[2018.02.20-13.21.08:063][616]LogBlueprintUserMessages: Early PlayInEditor Detection: Level '/Game/ThirdPersonBP/Maps/ThirdPersonExampleMap.ThirdPersonExampleMap:PersistentLevel' has LevelScriptBlueprint '/Game/ThirdPersonBP/Maps/ThirdPersonExampleMap.ThirdPersonExampleMap:PersistentLevel.ThirdPersonExampleMap' with GeneratedClass '/Game/ThirdPersonBP/Maps/ThirdPersonExampleMap.ThirdPersonExampleMap_C' with ClassGeneratedBy '/Game/ThirdPersonBP/Maps/ThirdPersonExampleMap.ThirdPersonExampleMap:PersistentLevel.ThirdPersonExampleMap'
[2018.02.20-13.21.08:063][616]LogPlayLevel: PlayLevel: No blueprints needed recompiling
[2018.02.20-13.21.08:064][616]PIE: New page: PIE session: ThirdPersonExampleMap (20 Feb 2018 15:21:08)
[2018.02.20-13.21.08:064][616]LogPlayLevel: Creating play world package: /Game/ThirdPersonBP/Maps/UEDPIE_0_ThirdPersonExampleMap
[2018.02.20-13.21.08:078][616]LogPlayLevel: PIE: StaticDuplicateObject took: (0.014321s)
[2018.02.20-13.21.08:079][616]LogAIModule: Creating AISystem for world ThirdPersonExampleMap
[2018.02.20-13.21.08:079][616]LogPlayLevel: PIE: World Init took: (0.000980s)
[2018.02.20-13.21.08:079][616]LogPlayLevel: PIE: Created PIE world by copying editor world from /Game/ThirdPersonBP/Maps/ThirdPersonExampleMap.ThirdPersonExampleMap to /Game/ThirdPersonBP/Maps/UEDPIE_0_ThirdPersonExampleMap.ThirdPersonExampleMap (0.015665s)
[2018.02.20-13.21.08:125][616]LogInit: XAudio2 using 'InFocus HDD-4 (NVIDIA High Definition Audio)' : 2 channels at 48 kHz using 16 bits per sample (channel mask 0x3)
[2018.02.20-13.21.08:130][616]LogInit: FAudioDevice initialized.
[2018.02.20-13.21.08:159][616]LogLoad: Game class is 'ThirdPersonGameMode_C'
[2018.02.20-13.21.08:161][616]LogWorld: Bringing World /Game/ThirdPersonBP/Maps/UEDPIE_0_ThirdPersonExampleMap.ThirdPersonExampleMap up for play (max tick rate 0) at 2018.02.20-14.21.08
[2018.02.20-13.21.08:161][616]LogWorld: Bringing up level for play took: 0.001326
[2018.02.20-13.21.08:162][616]PIE: Play in editor start time for /Game/ThirdPersonBP/Maps/UEDPIE_0_ThirdPersonExampleMap 0.135
[2018.02.20-13.21.08:162][616]LogBlueprintUserMessages: Late PlayInEditor Detection: Level '/Game/ThirdPersonBP/Maps/ThirdPersonExampleMap.ThirdPersonExampleMap:PersistentLevel' has LevelScriptBlueprint '/Game/ThirdPersonBP/Maps/ThirdPersonExampleMap.ThirdPersonExampleMap:PersistentLevel.ThirdPersonExampleMap' with GeneratedClass '/Game/ThirdPersonBP/Maps/ThirdPersonExampleMap.ThirdPersonExampleMap_C' with ClassGeneratedBy '/Game/ThirdPersonBP/Maps/ThirdPersonExampleMap.ThirdPersonExampleMap:PersistentLevel.ThirdPersonExampleMap'
[2018.02.20-13.21.10:168][854]LogBlueprintUserMessages: Early EndPlayMap Detection: Level '/Game/ThirdPersonBP/Maps/ThirdPersonExampleMap.ThirdPersonExampleMap:PersistentLevel' has LevelScriptBlueprint '/Game/ThirdPersonBP/Maps/ThirdPersonExampleMap.ThirdPersonExampleMap:PersistentLevel.ThirdPersonExampleMap' with GeneratedClass '/Game/ThirdPersonBP/Maps/ThirdPersonExampleMap.ThirdPersonExampleMap_C' with ClassGeneratedBy '/Game/ThirdPersonBP/Maps/ThirdPersonExampleMap.ThirdPersonExampleMap:PersistentLevel.ThirdPersonExampleMap'
[2018.02.20-13.21.10:206][854]LogBlueprintUserMessages: Late EndPlayMap Detection: Level '/Game/ThirdPersonBP/Maps/ThirdPersonExampleMap.ThirdPersonExampleMap:PersistentLevel' has LevelScriptBlueprint '/Game/ThirdPersonBP/Maps/ThirdPersonExampleMap.ThirdPersonExampleMap:PersistentLevel.ThirdPersonExampleMap' with GeneratedClass '/Game/ThirdPersonBP/Maps/ThirdPersonExampleMap.ThirdPersonExampleMap_C' with ClassGeneratedBy '/Game/ThirdPersonBP/Maps/ThirdPersonExampleMap.ThirdPersonExampleMap:PersistentLevel.ThirdPersonExampleMap'
[2018.02.20-13.21.30:760][186]BlueprintLog: New page: Compile DrawHUDBP
[2018.02.20-13.21.31:670][257]Cmd: OBJ SAVEPACKAGE PACKAGE="/Game/ThirdPersonBP/DrawHUDBP" FILE="../../../../../UNREAL/AI_Behaviour/Content/ThirdPersonBP/DrawHUDBP.uasset" SILENT=true
[2018.02.20-13.21.31:678][257]LogSavePackage: Save=6.97ms
[2018.02.20-13.21.31:678][257]LogSavePackage: Moving '../../../../../UNREAL/AI_Behaviour/Saved/DrawHUDBP1B9B4FF64A8DCE210EE3EC81FF8AECEB.tmp' to '../../../../../UNREAL/AI_Behaviour/Content/ThirdPersonBP/DrawHUDBP.uasset'
[2018.02.20-13.21.31:680][257]LogSavePackage: Display: Finished SavePackage ../../../../../UNREAL/AI_Behaviour/Content/ThirdPersonBP/DrawHUDBP.uasset
[2018.02.20-13.21.46:749][907]LogSavePackage: Save=133.39ms
[2018.02.20-13.21.46:749][907]LogSavePackage: Moving '../../../../../UNREAL/AI_Behaviour/Saved/ThirdPersonExampleMap64B56C0F477C1C50E3883E92B9A99D4E.tmp' to '../../../../../UNREAL/AI_Behaviour/Content/ThirdPersonBP/Maps/ThirdPersonExampleMap.umap'
[2018.02.20-13.21.46:751][907]LogSavePackage: Display: Finished SavePackage ../../../../../UNREAL/AI_Behaviour/Content/ThirdPersonBP/Maps/ThirdPersonExampleMap.umap
[2018.02.20-13.21.46:880][907]LogSavePackage: Save=119.61ms
[2018.02.20-13.21.46:880][907]LogSavePackage: Moving '../../../../../UNREAL/AI_Behaviour/Saved/ThirdPersonExampleMap_BuiltData99189C67431C3007980514BE2949C005.tmp' to '../../../../../UNREAL/AI_Behaviour/Content/ThirdPersonBP/Maps/ThirdPersonExampleMap_BuiltData.uasset'
[2018.02.20-13.21.46:882][907]LogSavePackage: Display: Finished SavePackage ../../../../../UNREAL/AI_Behaviour/Content/ThirdPersonBP/Maps/ThirdPersonExampleMap_BuiltData.uasset
[2018.02.20-13.21.48:872][117]LogTemp: Repeating last play command: Selected Viewport
[2018.02.20-13.21.48:877][117]LogBlueprintUserMessages: Early PlayInEditor Detection: Level '/Game/ThirdPersonBP/Maps/ThirdPersonExampleMap.ThirdPersonExampleMap:PersistentLevel' has LevelScriptBlueprint '/Game/ThirdPersonBP/Maps/ThirdPersonExampleMap.ThirdPersonExampleMap:PersistentLevel.ThirdPersonExampleMap' with GeneratedClass '/Game/ThirdPersonBP/Maps/ThirdPersonExampleMap.ThirdPersonExampleMap_C' with ClassGeneratedBy '/Game/ThirdPersonBP/Maps/ThirdPersonExampleMap.ThirdPersonExampleMap:PersistentLevel.ThirdPersonExampleMap'
[2018.02.20-13.21.48:877][117]LogPlayLevel: PlayLevel: No blueprints needed recompiling
[2018.02.20-13.21.48:877][117]PIE: New page: PIE session: ThirdPersonExampleMap (20 Feb 2018 15:21:48)
[2018.02.20-13.21.48:878][117]LogPlayLevel: Creating play world package: /Game/ThirdPersonBP/Maps/UEDPIE_0_ThirdPersonExampleMap
[2018.02.20-13.21.48:891][117]LogPlayLevel: PIE: StaticDuplicateObject took: (0.013807s)
[2018.02.20-13.21.48:892][117]LogAIModule: Creating AISystem for world ThirdPersonExampleMap
[2018.02.20-13.21.48:892][117]LogPlayLevel: PIE: World Init took: (0.000787s)
[2018.02.20-13.21.48:892][117]LogPlayLevel: PIE: Created PIE world by copying editor world from /Game/ThirdPersonBP/Maps/ThirdPersonExampleMap.ThirdPersonExampleMap to /Game/ThirdPersonBP/Maps/UEDPIE_0_ThirdPersonExampleMap.ThirdPersonExampleMap (0.014914s)
[2018.02.20-13.21.48:912][117]LogInit: XAudio2 using 'InFocus HDD-4 (NVIDIA High Definition Audio)' : 2 channels at 48 kHz using 16 bits per sample (channel mask 0x3)
[2018.02.20-13.21.48:918][117]LogInit: FAudioDevice initialized.
[2018.02.20-13.21.48:948][117]LogLoad: Game class is 'ThirdPersonGameMode_C'
[2018.02.20-13.21.48:950][117]LogWorld: Bringing World /Game/ThirdPersonBP/Maps/UEDPIE_0_ThirdPersonExampleMap.ThirdPersonExampleMap up for play (max tick rate 0) at 2018.02.20-14.21.48
[2018.02.20-13.21.48:951][117]LogWorld: Bringing up level for play took: 0.002023
[2018.02.20-13.21.48:952][117]PIE: Play in editor start time for /Game/ThirdPersonBP/Maps/UEDPIE_0_ThirdPersonExampleMap 0.926
[2018.02.20-13.21.48:952][117]LogBlueprintUserMessages: Late PlayInEditor Detection: Level '/Game/ThirdPersonBP/Maps/ThirdPersonExampleMap.ThirdPersonExampleMap:PersistentLevel' has LevelScriptBlueprint '/Game/ThirdPersonBP/Maps/ThirdPersonExampleMap.ThirdPersonExampleMap:PersistentLevel.ThirdPersonExampleMap' with GeneratedClass '/Game/ThirdPersonBP/Maps/ThirdPersonExampleMap.ThirdPersonExampleMap_C' with ClassGeneratedBy '/Game/ThirdPersonBP/Maps/ThirdPersonExampleMap.ThirdPersonExampleMap:PersistentLevel.ThirdPersonExampleMap'
[2018.02.20-13.22.15:358][279]LogBlueprintUserMessages: Early EndPlayMap Detection: Level '/Game/ThirdPersonBP/Maps/ThirdPersonExampleMap.ThirdPersonExampleMap:PersistentLevel' has LevelScriptBlueprint '/Game/ThirdPersonBP/Maps/ThirdPersonExampleMap.ThirdPersonExampleMap:PersistentLevel.ThirdPersonExampleMap' with GeneratedClass '/Game/ThirdPersonBP/Maps/ThirdPersonExampleMap.ThirdPersonExampleMap_C' with ClassGeneratedBy '/Game/ThirdPersonBP/Maps/ThirdPersonExampleMap.ThirdPersonExampleMap:PersistentLevel.ThirdPersonExampleMap'
[2018.02.20-13.22.15:390][279]LogBlueprintUserMessages: Late EndPlayMap Detection: Level '/Game/ThirdPersonBP/Maps/ThirdPersonExampleMap.ThirdPersonExampleMap:PersistentLevel' has LevelScriptBlueprint '/Game/ThirdPersonBP/Maps/ThirdPersonExampleMap.ThirdPersonExampleMap:PersistentLevel.ThirdPersonExampleMap' with GeneratedClass '/Game/ThirdPersonBP/Maps/ThirdPersonExampleMap.ThirdPersonExampleMap_C' with ClassGeneratedBy '/Game/ThirdPersonBP/Maps/ThirdPersonExampleMap.ThirdPersonExampleMap:PersistentLevel.ThirdPersonExampleMap'
[2018.02.20-13.22.58:598][591]LogVSAccessor: Warning: Visual Studio is open but could not be queried - it may be blocked by a modal operation
[2018.02.20-13.23.51:670][869]LogVSAccessor: Warning: Couldn't access Visual Studio
[2018.02.20-13.23.51:683][869]Candidate modules for hot reload:
[2018.02.20-13.23.51:683][869]  AI_Behaviour
[2018.02.20-13.23.51:683][869]Launching UnrealBuildTool... [D:/EpicGames/UE_4.18/Engine/Binaries/DotNET/UnrealBuildTool.exe AI_Behaviour -ModuleWithSuffix AI_Behaviour 8030 Win64 Development -editorrecompile -canskiplink "D:/UNREAL/AI_Behaviour/AI_Behaviour.uproject" ]
[2018.02.20-13.23.51:688][869]Warning: Starting HotReload took  0.0s.
[2018.02.20-13.24.03:598][193]CompilerResultsLog: New page: Compilation - 20 Feb 2018 15:24:03
[2018.02.20-13.24.03:598][193]CompilerResultsLog: Using 'git status' to determine working set for adaptive non-unity build.
[2018.02.20-13.24.03:598][193]CompilerResultsLog: Compiling game modules for hot reload
[2018.02.20-13.24.03:599][193]CompilerResultsLog: Parsing headers for AI_BehaviourEditor
[2018.02.20-13.24.03:599][193]CompilerResultsLog:   Running UnrealHeaderTool "D:\UNREAL\AI_Behaviour\AI_Behaviour.uproject" "D:\UNREAL\AI_Behaviour\Intermediate\Build\Win64\AI_BehaviourEditor\Development\AI_BehaviourEditor.uhtmanifest" -LogCmds="loginit warning, logexit warning, logdatabase error" -Unattended -WarningsAsErrors -installed
[2018.02.20-13.24.03:599][193]CompilerResultsLog: Reflection code generated for AI_BehaviourEditor in 9.7216395 seconds
[2018.02.20-13.24.03:599][193]CompilerResultsLog: Performing 4 actions (4 in parallel)
[2018.02.20-13.24.03:599][193]CompilerResultsLog: DrawHUD.gen.cpp
[2018.02.20-13.24.03:599][193]CompilerResultsLog: DrawHUD.cpp
[2018.02.20-13.24.03:599][193]CompilerResultsLog: [3/4] Link UE4Editor-AI_Behaviour-8030.dll
[2018.02.20-13.24.03:599][193]CompilerResultsLog: [4/4] Link UE4Editor-AI_Behaviour-8030.lib
[2018.02.20-13.24.03:599][193]CompilerResultsLog:    Creating library D:\UNREAL\AI_Behaviour\Intermediate\Build\Win64\UE4Editor\Development\UE4Editor-AI_Behaviour-8030.lib and object D:\UNREAL\AI_Behaviour\Intermediate\Build\Win64\UE4Editor\Development\UE4Editor-AI_Behaviour-8030.exp
[2018.02.20-13.24.03:599][193]CompilerResultsLog:    Creating library D:\UNREAL\AI_Behaviour\Intermediate\Build\Win64\UE4Editor\Development\UE4Editor-AI_Behaviour-8030.suppressed.lib and object D:\UNREAL\AI_Behaviour\Intermediate\Build\Win64\UE4Editor\Development\UE4Editor-AI_Behaviour-8030.suppressed.exp
[2018.02.20-13.24.03:599][193]CompilerResultsLog: Total build time: 11.71 seconds (Local executor: 1.42 seconds)
[2018.02.20-13.24.03:599][193]LogMainFrame: MainFrame: Module compiling took 11.929 seconds
[2018.02.20-13.24.03:644][193]LogContentBrowser: Native class hierarchy updated for 'AI_Behaviour' in 0.0004 seconds. Added 1 classes and 2 folders.
[2018.02.20-13.24.03:646][193]Display: HotReload successful (1 functions remapped  0 scriptstructs remapped)
[2018.02.20-13.24.03:902][193]LogContentBrowser: Native class hierarchy populated in 0.0080 seconds. Added 2366 classes and 525 folders.
[2018.02.20-13.24.03:902][193]Display: HotReload took 12.2s.
[2018.02.20-13.24.05:867][404]LogTemp: Repeating last play command: Selected Viewport
[2018.02.20-13.24.05:876][404]LogBlueprintUserMessages: Early PlayInEditor Detection: Level '/Game/ThirdPersonBP/Maps/ThirdPersonExampleMap.ThirdPersonExampleMap:PersistentLevel' has LevelScriptBlueprint '/Game/ThirdPersonBP/Maps/ThirdPersonExampleMap.ThirdPersonExampleMap:PersistentLevel.ThirdPersonExampleMap' with GeneratedClass '/Game/ThirdPersonBP/Maps/ThirdPersonExampleMap.ThirdPersonExampleMap_C' with ClassGeneratedBy '/Game/ThirdPersonBP/Maps/ThirdPersonExampleMap.ThirdPersonExampleMap:PersistentLevel.ThirdPersonExampleMap'
[2018.02.20-13.24.05:877][404]LogPlayLevel: PlayLevel: No blueprints needed recompiling
[2018.02.20-13.24.05:877][404]PIE: New page: PIE session: ThirdPersonExampleMap (20 Feb 2018 15:24:05)
[2018.02.20-13.24.05:877][404]LogPlayLevel: Creating play world package: /Game/ThirdPersonBP/Maps/UEDPIE_0_ThirdPersonExampleMap
[2018.02.20-13.24.05:891][404]LogPlayLevel: PIE: StaticDuplicateObject took: (0.014396s)
[2018.02.20-13.24.05:892][404]LogAIModule: Creating AISystem for world ThirdPersonExampleMap
[2018.02.20-13.24.05:892][404]LogPlayLevel: PIE: World Init took: (0.001023s)
[2018.02.20-13.24.05:892][404]LogPlayLevel: PIE: Created PIE world by copying editor world from /Game/ThirdPersonBP/Maps/ThirdPersonExampleMap.ThirdPersonExampleMap to /Game/ThirdPersonBP/Maps/UEDPIE_0_ThirdPersonExampleMap.ThirdPersonExampleMap (0.015730s)
[2018.02.20-13.24.05:940][404]LogInit: XAudio2 using 'InFocus HDD-4 (NVIDIA High Definition Audio)' : 2 channels at 48 kHz using 16 bits per sample (channel mask 0x3)
[2018.02.20-13.24.05:946][404]LogInit: FAudioDevice initialized.
[2018.02.20-13.24.05:976][404]LogLoad: Game class is 'ThirdPersonGameMode_C'
[2018.02.20-13.24.05:978][404]LogWorld: Bringing World /Game/ThirdPersonBP/Maps/UEDPIE_0_ThirdPersonExampleMap.ThirdPersonExampleMap up for play (max tick rate 0) at 2018.02.20-14.24.05
[2018.02.20-13.24.05:978][404]LogWorld: Bringing up level for play took: 0.001470
[2018.02.20-13.24.05:979][404]PIE: Play in editor start time for /Game/ThirdPersonBP/Maps/UEDPIE_0_ThirdPersonExampleMap -0.043
[2018.02.20-13.24.05:979][404]LogBlueprintUserMessages: Late PlayInEditor Detection: Level '/Game/ThirdPersonBP/Maps/ThirdPersonExampleMap.ThirdPersonExampleMap:PersistentLevel' has LevelScriptBlueprint '/Game/ThirdPersonBP/Maps/ThirdPersonExampleMap.ThirdPersonExampleMap:PersistentLevel.ThirdPersonExampleMap' with GeneratedClass '/Game/ThirdPersonBP/Maps/ThirdPersonExampleMap.ThirdPersonExampleMap_C' with ClassGeneratedBy '/Game/ThirdPersonBP/Maps/ThirdPersonExampleMap.ThirdPersonExampleMap:PersistentLevel.ThirdPersonExampleMap'
[2018.02.20-13.24.20:553][866]LogBlueprintUserMessages: Early EndPlayMap Detection: Level '/Game/ThirdPersonBP/Maps/ThirdPersonExampleMap.ThirdPersonExampleMap:PersistentLevel' has LevelScriptBlueprint '/Game/ThirdPersonBP/Maps/ThirdPersonExampleMap.ThirdPersonExampleMap:PersistentLevel.ThirdPersonExampleMap' with GeneratedClass '/Game/ThirdPersonBP/Maps/ThirdPersonExampleMap.ThirdPersonExampleMap_C' with ClassGeneratedBy '/Game/ThirdPersonBP/Maps/ThirdPersonExampleMap.ThirdPersonExampleMap:PersistentLevel.ThirdPersonExampleMap'
[2018.02.20-13.24.20:585][866]LogBlueprintUserMessages: Late EndPlayMap Detection: Level '/Game/ThirdPersonBP/Maps/ThirdPersonExampleMap.ThirdPersonExampleMap:PersistentLevel' has LevelScriptBlueprint '/Game/ThirdPersonBP/Maps/ThirdPersonExampleMap.ThirdPersonExampleMap:PersistentLevel.ThirdPersonExampleMap' with GeneratedClass '/Game/ThirdPersonBP/Maps/ThirdPersonExampleMap.ThirdPersonExampleMap_C' with ClassGeneratedBy '/Game/ThirdPersonBP/Maps/ThirdPersonExampleMap.ThirdPersonExampleMap:PersistentLevel.ThirdPersonExampleMap'
[2018.02.20-13.25.00:269][145]LogVSAccessor: Warning: Visual Studio is open but could not be queried - it may be blocked by a modal operation
[2018.02.20-13.25.00:503][146]LogVSAccessor: Warning: Visual Studio is open but could not be queried - it may be blocked by a modal operation
[2018.02.20-13.25.01:289][147]LogVSAccessor: Warning: Visual Studio is open but could not be queried - it may be blocked by a modal operation
[2018.02.20-13.25.56:519][287]LogEditorViewport: Clicking on Actor (LMB): StaticMeshActor (Floor)
[2018.02.20-13.26.54:778][200]Cmd: OBJ SAVEPACKAGE PACKAGE="/Game/ThirdPersonBP/Blueprints/ThirdPersonGameMode" FILE="../../../../../UNREAL/AI_Behaviour/Content/ThirdPersonBP/Blueprints/ThirdPersonGameMode.uasset" SILENT=true
[2018.02.20-13.26.54:786][200]LogSavePackage: Save=5.93ms
[2018.02.20-13.26.54:786][200]LogSavePackage: Moving '../../../../../UNREAL/AI_Behaviour/Saved/ThirdPersonGameMode95A8107E477122BDD2C7688975C57DDE.tmp' to '../../../../../UNREAL/AI_Behaviour/Content/ThirdPersonBP/Blueprints/ThirdPersonGameMode.uasset'
[2018.02.20-13.26.54:788][200]LogSavePackage: Display: Finished SavePackage ../../../../../UNREAL/AI_Behaviour/Content/ThirdPersonBP/Blueprints/ThirdPersonGameMode.uasset
[2018.02.20-13.26.54:818][200]LogWindowsTextInputMethodSystem: Display: IME system now deactivated.
[2018.02.20-13.26.54:985][201]Cmd: QUIT_EDITOR
[2018.02.20-13.26.55:482][201]LogExit: Preparing to exit.
[2018.02.20-13.26.55:847][201]LogDirectoryWatcher: A directory notification for 'D:/UNREAL/AI_Behaviour/Content/' was aborted.
[2018.02.20-13.26.55:868][201]LogExit: Editor shut down
[2018.02.20-13.26.55:871][201]LogExit: Transaction tracking system shut down
[2018.02.20-13.26.55:953][201]LogDirectoryWatcher: A directory notification for '../../../Engine/Content/' was aborted.
[2018.02.20-13.26.55:953][201]LogDirectoryWatcher: A directory notification for '../../../../../UNREAL/AI_Behaviour/Content/' was aborted.
[2018.02.20-13.26.55:953][201]LogDirectoryWatcher: A directory notification for '../../../Engine/Plugins/2D/Paper2D/Content/' was aborted.
[2018.02.20-13.26.55:953][201]LogDirectoryWatcher: A directory notification for '../../../Engine/Plugins/Media/MediaCompositing/Content/' was aborted.
[2018.02.20-13.26.55:953][201]LogDirectoryWatcher: A directory notification for '../../../Engine/Plugins/Runtime/AppleARKit/Content/' was aborted.
[2018.02.20-13.26.55:953][201]LogDirectoryWatcher: A directory notification for '../../../Engine/Plugins/Runtime/Oculus/OculusVR/Content/' was aborted.
[2018.02.20-13.26.55:953][201]LogDirectoryWatcher: A directory notification for '../../../Engine/Plugins/Runtime/Steam/SteamVR/Content/' was aborted.
[2018.02.20-13.26.56:019][201]LogExit: Object subsystem successfully closed.
[2018.02.20-13.26.56:037][201]LogD3D11RHI: Shutdown
[2018.02.20-13.26.56:037][201]LogD3D11RHI: CleanupD3DDevice
[2018.02.20-13.26.56:041][201]LogD3D11RHI: ~FD3D11DynamicRHI
[2018.02.20-13.26.56:050][201]LogModuleManager: Shutting down and abandoning module AI_Behaviour (556)
[2018.02.20-13.26.56:051][201]LogModuleManager: Shutting down and abandoning module MovieSceneCapture (554)
[2018.02.20-13.26.56:051][201]LogModuleManager: Shutting down and abandoning module BlueprintGraph (552)
[2018.02.20-13.26.56:051][201]LogModuleManager: Shutting down and abandoning module HierarchicalLODOutliner (550)
[2018.02.20-13.26.56:051][201]LogModuleManager: Shutting down and abandoning module DesktopPlatform (548)
[2018.02.20-13.26.56:051][201]LogModuleManager: Shutting down and abandoning module SceneOutliner (546)
[2018.02.20-13.26.56:051][201]LogModuleManager: Shutting down and abandoning module AddContentDialog (544)
[2018.02.20-13.26.56:051][201]LogDirectoryWatcher: A directory notification for 'D:/EpicGames/UE_4.18/FeaturePacks/' was aborted.
[2018.02.20-13.26.56:052][201]LogModuleManager: Shutting down and abandoning module WidgetCarousel (543)
[2018.02.20-13.26.56:052][201]LogModuleManager: Shutting down and abandoning module EditorWidgets (540)
[2018.02.20-13.26.56:052][201]LogModuleManager: Shutting down and abandoning module CollectionManager (538)
[2018.02.20-13.26.56:052][201]LogDirectoryWatcher: A directory notification for 'D:/UNREAL/AI_Behaviour/Content/Collections/' was aborted.
[2018.02.20-13.26.56:052][201]LogDirectoryWatcher: A directory notification for 'D:/UNREAL/AI_Behaviour/Content/Developers/Administrator/Collections/' was aborted.
[2018.02.20-13.26.56:052][201]LogDirectoryWatcher: A directory notification for 'D:/UNREAL/AI_Behaviour/Saved/Collections/' was aborted.
[2018.02.20-13.26.56:052][201]LogModuleManager: Shutting down and abandoning module StatsViewer (536)
[2018.02.20-13.26.56:052][201]LogModuleManager: Shutting down and abandoning module FoliageEdit (534)
[2018.02.20-13.26.56:052][201]LogModuleManager: Shutting down and abandoning module LandscapeEditor (532)
[2018.02.20-13.26.56:052][201]LogModuleManager: Shutting down and abandoning module MeshPaintMode (530)
[2018.02.20-13.26.56:052][201]LogModuleManager: Shutting down and abandoning module SceneDepthPickerMode (528)
[2018.02.20-13.26.56:052][201]LogModuleManager: Shutting down and abandoning module ActorPickerMode (526)
[2018.02.20-13.26.56:052][201]LogModuleManager: Shutting down and abandoning module GeometryMode (524)
[2018.02.20-13.26.56:052][201]LogModuleManager: Shutting down and abandoning module TextureAlignMode (522)
[2018.02.20-13.26.56:052][201]LogModuleManager: Shutting down and abandoning module BspMode (520)
[2018.02.20-13.26.56:052][201]LogModuleManager: Shutting down and abandoning module PIEPreviewDeviceProfileSelector (518)
[2018.02.20-13.26.56:052][201]LogModuleManager: Shutting down and abandoning module HardwareSurvey (516)
[2018.02.20-13.26.56:052][201]LogModuleManager: Shutting down and abandoning module SequenceRecorderSections (514)
[2018.02.20-13.26.56:052][201]LogModuleManager: Shutting down and abandoning module AutomationWorker (512)
[2018.02.20-13.26.56:052][201]LogModuleManager: Shutting down and abandoning module MatineeToLevelSequence (510)
[2018.02.20-13.26.56:052][201]LogModuleManager: Shutting down and abandoning module LevelSequenceEditor (508)
[2018.02.20-13.26.56:052][201]LogModuleManager: Shutting down and abandoning module PlacementMode (507)
[2018.02.20-13.26.56:053][201]LogModuleManager: Shutting down and abandoning module WmfMediaFactory (504)
[2018.02.20-13.26.56:053][201]LogModuleManager: Shutting down and abandoning module WmfMediaEditor (502)
[2018.02.20-13.26.56:053][201]LogModuleManager: Shutting down and abandoning module OpenExrWrapper (500)
[2018.02.20-13.26.56:053][201]LogModuleManager: Shutting down and abandoning module ImgMediaFactory (498)
[2018.02.20-13.26.56:053][201]LogModuleManager: Shutting down and abandoning module ImgMediaEditor (496)
[2018.02.20-13.26.56:053][201]LogModuleManager: Shutting down and abandoning module AvfMediaFactory (494)
[2018.02.20-13.26.56:053][201]LogModuleManager: Shutting down and abandoning module AvfMediaEditor (492)
[2018.02.20-13.26.56:053][201]LogModuleManager: Shutting down and abandoning module AndroidMediaFactory (490)
[2018.02.20-13.26.56:053][201]LogModuleManager: Shutting down and abandoning module AndroidMediaEditor (488)
[2018.02.20-13.26.56:053][201]LogModuleManager: Shutting down and abandoning module CharacterAI (486)
[2018.02.20-13.26.56:053][201]LogModuleManager: Shutting down and abandoning module AudioCapture (484)
[2018.02.20-13.26.56:053][201]LogModuleManager: Shutting down and abandoning module SequenceRecorder (483)
[2018.02.20-13.26.56:053][201]LogModuleManager: Shutting down and abandoning module SmartSnapping (480)
[2018.02.20-13.26.56:053][201]LogModuleManager: Shutting down and abandoning module SessionServices (478)
[2018.02.20-13.26.56:053][201]LogModuleManager: Shutting down and abandoning module ViewportSnapping (476)
[2018.02.20-13.26.56:053][201]LogModuleManager: Shutting down and abandoning module ViewportInteraction (474)
[2018.02.20-13.26.56:053][201]LogModuleManager: Shutting down and abandoning module ClothPainter (472)
[2018.02.20-13.26.56:053][201]LogModuleManager: Shutting down and abandoning module SkeletalMeshEditor (471)
[2018.02.20-13.26.56:053][201]LogModuleManager: Shutting down and abandoning module LogVisualizer (468)
[2018.02.20-13.26.56:053][201]LogModuleManager: Shutting down and abandoning module IntroTutorials (466)
[2018.02.20-13.26.56:053][201]LogModuleManager: Shutting down and abandoning module GameProjectGeneration (465)
[2018.02.20-13.26.56:053][201]LogModuleManager: Shutting down and abandoning module IOSPlatformEditor (462)
[2018.02.20-13.26.56:053][201]LogModuleManager: Shutting down and abandoning module HTML5PlatformEditor (460)
[2018.02.20-13.26.56:053][201]LogModuleManager: Shutting down and abandoning module AndroidPlatformEditor (458)
[2018.02.20-13.26.56:053][201]LogModuleManager: Shutting down and abandoning module AndroidDeviceDetection (457)
[2018.02.20-13.26.56:669][201]LogModuleManager: Shutting down and abandoning module WindowsPlatformEditor (454)
[2018.02.20-13.26.56:669][201]LogModuleManager: Shutting down and abandoning module IOSRuntimeSettings (452)
[2018.02.20-13.26.56:669][201]LogModuleManager: Shutting down and abandoning module AndroidRuntimeSettings (450)
[2018.02.20-13.26.56:669][201]LogModuleManager: Shutting down and abandoning module InputBindingEditor (448)
[2018.02.20-13.26.56:669][201]LogModuleManager: Shutting down and abandoning module MergeActors (446)
[2018.02.20-13.26.56:669][201]LogModuleManager: Shutting down and abandoning module SizeMap (444)
[2018.02.20-13.26.56:669][201]LogModuleManager: Shutting down and abandoning module TreeMap (442)
[2018.02.20-13.26.56:669][201]LogModuleManager: Shutting down and abandoning module ReferenceViewer (440)
[2018.02.20-13.26.56:669][201]LogModuleManager: Shutting down and abandoning module LocalizationDashboard (438)
[2018.02.20-13.26.56:669][201]LogModuleManager: Shutting down and abandoning module LocalizationService (437)
[2018.02.20-13.26.56:669][201]LogModuleManager: Shutting down and abandoning module HardwareTargeting (434)
[2018.02.20-13.26.56:669][201]LogModuleManager: Shutting down and abandoning module DeviceProfileEditor (432)
[2018.02.20-13.26.56:669][201]LogModuleManager: Shutting down and abandoning module UndoHistory (430)
[2018.02.20-13.26.56:669][201]LogModuleManager: Shutting down and abandoning module XmlParser (428)
[2018.02.20-13.26.56:669][201]LogModuleManager: Shutting down and abandoning module Blutility (426)
[2018.02.20-13.26.56:669][201]LogModuleManager: Shutting down and abandoning module ProjectSettingsViewer (424)
[2018.02.20-13.26.56:670][201]LogModuleManager: Shutting down and abandoning module ProjectTargetPlatformEditor (423)
[2018.02.20-13.26.56:670][201]LogModuleManager: Shutting down and abandoning module EditorSettingsViewer (420)
[2018.02.20-13.26.56:670][201]LogModuleManager: Shutting down and abandoning module SettingsEditor (418)
[2018.02.20-13.26.56:670][201]LogModuleManager: Shutting down and abandoning module ProjectLauncher (416)
[2018.02.20-13.26.56:670][201]LogModuleManager: Shutting down and abandoning module SessionFrontend (414)
[2018.02.20-13.26.56:670][201]LogModuleManager: Shutting down and abandoning module ProfilerClient (412)
[2018.02.20-13.26.56:670][201]LogModuleManager: Shutting down and abandoning module DeviceManager (410)
[2018.02.20-13.26.56:670][201]LogModuleManager: Shutting down and abandoning module TargetDeviceServices (409)
[2018.02.20-13.26.56:735][201]LogModuleManager: Shutting down and abandoning module AutomationController (406)
[2018.02.20-13.26.56:735][201]LogModuleManager: Shutting down and abandoning module AutomationWindow (404)
[2018.02.20-13.26.56:735][201]LogModuleManager: Shutting down and abandoning module Layers (402)
[2018.02.20-13.26.56:735][201]LogModuleManager: Shutting down and abandoning module ComponentVisualizers (400)
[2018.02.20-13.26.56:735][201]LogModuleManager: Shutting down and abandoning module DetailCustomizations (398)
[2018.02.20-13.26.56:735][201]LogModuleManager: Shutting down and abandoning module PackagesDialog (396)
[2018.02.20-13.26.56:735][201]LogModuleManager: Shutting down and abandoning module Persona (394)
[2018.02.20-13.26.56:735][201]LogModuleManager: Shutting down and abandoning module AdvancedPreviewScene (393)
[2018.02.20-13.26.56:735][201]LogModuleManager: Shutting down and abandoning module AnimGraph (391)
[2018.02.20-13.26.56:735][201]LogModuleManager: Shutting down and abandoning module Kismet (388)
[2018.02.20-13.26.56:740][201]LogModuleManager: Shutting down and abandoning module ClassViewer (386)
[2018.02.20-13.26.56:742][201]LogModuleManager: Shutting down and abandoning module Toolbox (384)
[2018.02.20-13.26.56:742][201]LogModuleManager: Shutting down and abandoning module ModuleUI (382)
[2018.02.20-13.26.56:742][201]LogModuleManager: Shutting down and abandoning module MovieSceneTools (380)
[2018.02.20-13.26.56:742][201]LogModuleManager: Shutting down and abandoning module OutputLog (378)
[2018.02.20-13.26.56:742][201]LogModuleManager: Shutting down and abandoning module GammaUI (376)
[2018.02.20-13.26.56:742][201]LogModuleManager: Shutting down and abandoning module Documentation (374)
[2018.02.20-13.26.56:742][201]LogModuleManager: Shutting down and abandoning module MovieSceneTracks (372)
[2018.02.20-13.26.56:742][201]LogModuleManager: Shutting down and abandoning module MovieScene (370)
[2018.02.20-13.26.56:742][201]LogModuleManager: Shutting down and abandoning module StreamingPauseRendering (368)
[2018.02.20-13.26.56:742][201]LogModuleManager: Shutting down and abandoning module LauncherPlatform (366)
[2018.02.20-13.26.56:742][201]LogModuleManager: Shutting down and abandoning module AnalyticsET (364)
[2018.02.20-13.26.56:742][201]LogModuleManager: Shutting down and abandoning module PortalServices (362)
[2018.02.20-13.26.56:742][201]LogModuleManager: Shutting down and abandoning module PortalRpc (360)
[2018.02.20-13.26.56:742][201]LogModuleManager: Shutting down and abandoning module MessagingRpc (358)
[2018.02.20-13.26.56:742][201]LogModuleManager: Shutting down and abandoning module AIModule (356)
[2018.02.20-13.26.56:742][201]LogModuleManager: Shutting down and abandoning module GameplayDebugger (355)
[2018.02.20-13.26.56:742][201]LogModuleManager: Shutting down and abandoning module AITestSuite (353)
[2018.02.20-13.26.56:742][201]LogModuleManager: Shutting down and abandoning module ProfilerService (350)
[2018.02.20-13.26.56:755][201]LogModuleManager: Shutting down and abandoning module TaskGraph (348)
[2018.02.20-13.26.56:755][201]LogModuleManager: Shutting down and abandoning module SteamVRController (346)
[2018.02.20-13.26.56:755][201]LogModuleManager: Shutting down and abandoning module ProceduralMeshComponentEditor (344)
[2018.02.20-13.26.56:755][201]LogModuleManager: Shutting down and abandoning module ProceduralMeshComponent (342)
[2018.02.20-13.26.56:755][201]LogModuleManager: Shutting down and abandoning module OculusInput (340)
[2018.02.20-13.26.56:755][201]LogModuleManager: Shutting down and abandoning module MobilePatchingUtils (338)
[2018.02.20-13.26.56:755][201]LogModuleManager: Shutting down and abandoning module CustomMeshComponent (336)
[2018.02.20-13.26.56:755][201]LogModuleManager: Shutting down and abandoning module CableComponent (334)
[2018.02.20-13.26.56:755][201]LogModuleManager: Shutting down and abandoning module ArchVisCharacter (332)
[2018.02.20-13.26.56:755][201]LogModuleManager: Shutting down and abandoning module AndroidPermission (330)
[2018.02.20-13.26.56:755][201]LogModuleManager: Shutting down and abandoning module ActorSequence (326)
[2018.02.20-13.26.56:755][201]LogModuleManager: Shutting down and abandoning module MediaPlayerEditor (324)
[2018.02.20-13.26.56:755][201]LogModuleManager: Shutting down and abandoning module MediaCompositingEditor (322)
[2018.02.20-13.26.56:755][201]LogModuleManager: Shutting down and abandoning module MediaCompositing (320)
[2018.02.20-13.26.56:755][201]LogModuleManager: Shutting down and abandoning module HTML5Networking (318)
[2018.02.20-13.26.56:755][201]LogModuleManager: Shutting down and abandoning module AlembicImporter (316)
[2018.02.20-13.26.56:755][201]LogModuleManager: Shutting down and abandoning module AlembicLibrary (315)
[2018.02.20-13.26.56:755][201]LogModuleManager: Shutting down and abandoning module GeometryCache (314)
[2018.02.20-13.26.56:755][201]LogModuleManager: Shutting down and abandoning module GeometryCacheEd (313)
[2018.02.20-13.26.56:755][201]LogModuleManager: Shutting down and abandoning module SpeedTreeImporter (308)
[2018.02.20-13.26.56:755][201]LogModuleManager: Shutting down and abandoning module PluginBrowser (306)
[2018.02.20-13.26.56:756][201]LogModuleManager: Shutting down and abandoning module MobileLauncherProfileWizard (304)
[2018.02.20-13.26.56:756][201]LogModuleManager: Shutting down and abandoning module VisualStudioSourceCodeAccess (302)
[2018.02.20-13.26.56:756][201]LogModuleManager: Shutting down and abandoning module VisualStudioCodeSourceCodeAccess (300)
[2018.02.20-13.26.56:756][201]LogModuleManager: Shutting down and abandoning module UObjectPlugin (298)
[2018.02.20-13.26.56:756][201]LogModuleManager: Shutting down and abandoning module SubversionSourceControl (296)
[2018.02.20-13.26.56:756][201]LogModuleManager: Shutting down and abandoning module PerforceSourceControl (294)
[2018.02.20-13.26.56:756][201]LogModuleManager: Shutting down and abandoning module GitSourceControl (292)
[2018.02.20-13.26.56:756][201]LogModuleManager: Shutting down and abandoning module SourceControl (291)
[2018.02.20-13.26.56:756][201]LogModuleManager: Shutting down and abandoning module LightPropagationVolumeEditor (288)
[2018.02.20-13.26.56:756][201]LogModuleManager: Shutting down and abandoning module PaperTiledImporter (286)
[2018.02.20-13.26.56:756][201]LogModuleManager: Shutting down and abandoning module PaperSpriteSheetImporter (284)
[2018.02.20-13.26.56:756][201]LogModuleManager: Shutting down and abandoning module Paper2DEditor (282)
[2018.02.20-13.26.56:756][201]LogModuleManager: Shutting down and abandoning module MeshPaint (281)
[2018.02.20-13.26.56:756][201]LogModuleManager: Shutting down and abandoning module LevelEditor (279)
[2018.02.20-13.26.56:757][201]LogModuleManager: Shutting down and abandoning module PixelInspectorModule (278)
[2018.02.20-13.26.56:757][201]LogModuleManager: Shutting down and abandoning module MainFrame (276)
[2018.02.20-13.26.56:757][201]LogModuleManager: Shutting down and abandoning module HotReload (275)
[2018.02.20-13.26.56:757][201]LogDirectoryWatcher: A directory notification for 'D:/UNREAL/AI_Behaviour/Binaries/Win64' was aborted.
[2018.02.20-13.26.56:757][201]LogModuleManager: Shutting down and abandoning module RuntimePhysXCooking (268)
[2018.02.20-13.26.56:758][201]LogModuleManager: Shutting down and abandoning module PhysXVehiclesEditor (266)
[2018.02.20-13.26.56:758][201]LogModuleManager: Shutting down and abandoning module PhysXVehicles (264)
[2018.02.20-13.26.56:758][201]LogModuleManager: Shutting down and abandoning module OculusEditor (262)
[2018.02.20-13.26.56:758][201]LogModuleManager: Shutting down and abandoning module LocationServicesBPLibrary (260)
[2018.02.20-13.26.56:758][201]LogModuleManager: Shutting down and abandoning module ImmediatePhysicsEditor (258)
[2018.02.20-13.26.56:758][201]LogModuleManager: Shutting down and abandoning module ImmediatePhysics (256)
[2018.02.20-13.26.56:758][201]LogModuleManager: Shutting down and abandoning module UdpMessaging (254)
[2018.02.20-13.26.56:858][201]LogModuleManager: Shutting down and abandoning module TcpMessaging (252)
[2018.02.20-13.26.56:959][201]LogModuleManager: Shutting down and abandoning module GameplayTagsEditor (250)
[2018.02.20-13.26.56:959][201]LogModuleManager: Shutting down and abandoning module FacialAnimationEditor (248)
[2018.02.20-13.26.56:959][201]LogModuleManager: Shutting down and abandoning module FacialAnimation (246)
[2018.02.20-13.26.56:959][201]LogModuleManager: Shutting down and abandoning module AssetManagerEditor (244)
[2018.02.20-13.26.56:959][201]LogModuleManager: Shutting down and abandoning module GraphEditor (243)
[2018.02.20-13.26.56:959][201]LogModuleManager: Shutting down and abandoning module ContentBrowser (241)
[2018.02.20-13.26.56:960][201]LogModuleManager: Shutting down and abandoning module LightPropagationVolumeRuntime (238)
[2018.02.20-13.26.56:960][201]LogModuleManager: Shutting down and abandoning module Paper2D (236)
[2018.02.20-13.26.56:960][201]LogModuleManager: Shutting down and abandoning module WindowsMoviePlayer (234)
[2018.02.20-13.26.56:960][201]LogModuleManager: Shutting down and abandoning module WmfMedia (232)
[2018.02.20-13.26.56:961][201]LogModuleManager: Shutting down and abandoning module ImgMedia (230)
[2018.02.20-13.26.56:961][201]LogModuleManager: Shutting down and abandoning module PacketHandler (228)
[2018.02.20-13.26.56:962][201]LogModuleManager: Shutting down and abandoning module ClothingSystemEditor (226)
[2018.02.20-13.26.56:962][201]LogModuleManager: Shutting down and abandoning module ClothingSystemRuntime (224)
[2018.02.20-13.26.56:962][201]LogModuleManager: Shutting down and abandoning module MediaAssets (222)
[2018.02.20-13.26.56:962][201]LogModuleManager: Shutting down and abandoning module Media (221)
[2018.02.20-13.26.56:968][201]LogModuleManager: Shutting down and abandoning module Overlay (218)
[2018.02.20-13.26.56:968][201]LogModuleManager: Shutting down and abandoning module OverlayEditor (217)
[2018.02.20-13.26.56:968][201]LogModuleManager: Shutting down and abandoning module VREditor (214)
[2018.02.20-13.26.56:968][201]LogModuleManager: Shutting down and abandoning module StringTableEditor (212)
[2018.02.20-13.26.56:968][201]LogModuleManager: Shutting down and abandoning module GameplayTasksEditor (210)
[2018.02.20-13.26.56:968][201]LogModuleManager: Shutting down and abandoning module BehaviorTreeEditor (208)
[2018.02.20-13.26.56:968][201]LogModuleManager: Shutting down and abandoning module FunctionalTesting (206)
[2018.02.20-13.26.56:968][201]LogModuleManager: Shutting down and abandoning module CollisionAnalyzer (204)
[2018.02.20-13.26.56:968][201]LogModuleManager: Shutting down and abandoning module WorkspaceMenuStructure (203)
[2018.02.20-13.26.56:968][201]LogModuleManager: Shutting down and abandoning module UMG (200)
[2018.02.20-13.26.56:968][201]LogModuleManager: Shutting down and abandoning module UMGEditor (199)
[2018.02.20-13.26.56:968][201]LogModuleManager: Shutting down and abandoning module Sequencer (198)
[2018.02.20-13.26.56:969][201]LogModuleManager: Shutting down and abandoning module MessageLog (195)
[2018.02.20-13.26.56:969][201]LogModuleManager: Shutting down and abandoning module SlateReflector (190)
[2018.02.20-13.26.56:969][201]LogModuleManager: Shutting down and abandoning module Slate (188)
[2018.02.20-13.26.56:969][201]LogModuleManager: Shutting down and abandoning module EditorStyle (186)
[2018.02.20-13.26.56:970][201]LogModuleManager: Shutting down and abandoning module MRMesh (184)
[2018.02.20-13.26.56:970][201]LogModuleManager: Shutting down and abandoning module SourceCodeAccess (182)
[2018.02.20-13.26.56:970][201]LogModuleManager: Shutting down and abandoning module HeadMountedDisplay (180)
[2018.02.20-13.26.56:970][201]LogModuleManager: Shutting down and abandoning module XAudio2 (178)
[2018.02.20-13.26.56:970][201]LogModuleManager: Shutting down and abandoning module Networking (176)
[2018.02.20-13.26.56:970][201]LogModuleManager: Shutting down and abandoning module Core (172)
[2018.02.20-13.26.56:970][201]LogModuleManager: Shutting down and abandoning module LevelSequence (168)
[2018.02.20-13.26.56:970][201]LogModuleManager: Shutting down and abandoning module DirectoryWatcher (166)
[2018.02.20-13.26.56:971][201]LogModuleManager: Shutting down and abandoning module KismetCompiler (164)
[2018.02.20-13.26.56:971][201]LogModuleManager: Shutting down and abandoning module MeshUtilities (162)
[2018.02.20-13.26.56:971][201]LogModuleManager: Shutting down and abandoning module MeshMergeUtilities (161)
[2018.02.20-13.26.56:971][201]LogModuleManager: Shutting down and abandoning module MeshReductionInterface (160)
[2018.02.20-13.26.56:971][201]LogModuleManager: Shutting down and abandoning module SimplygonSwarm (159)
[2018.02.20-13.26.56:971][201]LogModuleManager: Shutting down and abandoning module SimplygonMeshReduction (157)
[2018.02.20-13.26.56:971][201]LogModuleManager: Shutting down and abandoning module QuadricMeshReduction (155)
[2018.02.20-13.26.56:971][201]LogModuleManager: Shutting down and abandoning module MaterialBaking (151)
[2018.02.20-13.26.56:971][201]LogModuleManager: Shutting down and abandoning module DerivedDataCache (148)
[2018.02.20-13.26.57:031][201]LogDerivedDataCache: Shutdown
[2018.02.20-13.26.57:031][201]LogModuleManager: Shutting down and abandoning module TargetPlatform (146)
[2018.02.20-13.26.57:031][201]LogModuleManager: Shutting down and abandoning module VulkanShaderFormat (145)
[2018.02.20-13.26.57:031][201]LogModuleManager: Shutting down and abandoning module ShaderFormatVectorVM (143)
[2018.02.20-13.26.57:031][201]LogModuleManager: Shutting down and abandoning module ShaderFormatOpenGL (141)
[2018.02.20-13.26.57:031][201]LogModuleManager: Shutting down and abandoning module ShaderFormatD3D (139)
[2018.02.20-13.26.57:031][201]LogModuleManager: Shutting down and abandoning module MetalShaderFormat (137)
[2018.02.20-13.26.57:031][201]LogModuleManager: Shutting down and abandoning module TextureFormatUncompressed (135)
[2018.02.20-13.26.57:031][201]LogModuleManager: Shutting down and abandoning module TextureFormatPVR (133)
[2018.02.20-13.26.57:031][201]LogModuleManager: Shutting down and abandoning module TextureFormatDXT (131)
[2018.02.20-13.26.57:031][201]LogModuleManager: Shutting down and abandoning module TextureFormatIntelISPCTexComp (129)
[2018.02.20-13.26.57:031][201]LogModuleManager: Shutting down and abandoning module TextureFormatASTC (127)
[2018.02.20-13.26.57:031][201]LogModuleManager: Shutting down and abandoning module ImageWrapper (126)
[2018.02.20-13.26.57:031][201]LogModuleManager: Shutting down and abandoning module TextureFormatAndroid (123)
[2018.02.20-13.26.57:031][201]LogModuleManager: Shutting down and abandoning module AudioFormatOpus (121)
[2018.02.20-13.26.57:031][201]LogModuleManager: Shutting down and abandoning module AudioFormatOgg (119)
[2018.02.20-13.26.57:031][201]LogModuleManager: Shutting down and abandoning module AudioFormatADPCM (117)
[2018.02.20-13.26.57:031][201]LogModuleManager: Shutting down and abandoning module LinuxTargetPlatform (115)
[2018.02.20-13.26.57:031][201]LogModuleManager: Shutting down and abandoning module LinuxServerTargetPlatform (113)
[2018.02.20-13.26.57:031][201]LogModuleManager: Shutting down and abandoning module LinuxNoEditorTargetPlatform (111)
[2018.02.20-13.26.57:031][201]LogModuleManager: Shutting down and abandoning module LinuxClientTargetPlatform (109)
[2018.02.20-13.26.57:031][201]LogModuleManager: Shutting down and abandoning module TVOSTargetPlatform (107)
[2018.02.20-13.26.57:032][201]LogModuleManager: Shutting down and abandoning module Messaging (105)
[2018.02.20-13.26.57:032][201]LogModuleManager: Shutting down and abandoning module IOSTargetPlatform (103)
[2018.02.20-13.26.57:032][201]LogModuleManager: Shutting down and abandoning module HTML5TargetPlatform (101)
[2018.02.20-13.26.57:032][201]LogModuleManager: Shutting down and abandoning module AndroidTargetPlatform (99)
[2018.02.20-13.26.57:032][201]LogModuleManager: Shutting down and abandoning module Android_PVRTCTargetPlatform (97)
[2018.02.20-13.26.57:032][201]LogModuleManager: Shutting down and abandoning module Android_MultiTargetPlatform (95)
[2018.02.20-13.26.57:032][201]LogModuleManager: Shutting down and abandoning module Android_ETC2TargetPlatform (93)
[2018.02.20-13.26.57:032][201]LogModuleManager: Shutting down and abandoning module Android_ETC1TargetPlatform (91)
[2018.02.20-13.26.57:032][201]LogModuleManager: Shutting down and abandoning module Android_DXTTargetPlatform (89)
[2018.02.20-13.26.57:032][201]LogModuleManager: Shutting down and abandoning module Android_ATCTargetPlatform (87)
[2018.02.20-13.26.57:032][201]LogModuleManager: Shutting down and abandoning module Android_ASTCTargetPlatform (85)
[2018.02.20-13.26.57:032][201]LogModuleManager: Shutting down and abandoning module WindowsTargetPlatform (83)
[2018.02.20-13.26.57:032][201]LogModuleManager: Shutting down and abandoning module WindowsServerTargetPlatform (81)
[2018.02.20-13.26.57:032][201]LogModuleManager: Shutting down and abandoning module WindowsNoEditorTargetPlatform (79)
[2018.02.20-13.26.57:032][201]LogModuleManager: Shutting down and abandoning module WindowsClientTargetPlatform (77)
[2018.02.20-13.26.57:032][201]LogModuleManager: Shutting down and abandoning module MacTargetPlatform (75)
[2018.02.20-13.26.57:032][201]LogModuleManager: Shutting down and abandoning module MacServerTargetPlatform (73)
[2018.02.20-13.26.57:032][201]LogModuleManager: Shutting down and abandoning module MacNoEditorTargetPlatform (71)
[2018.02.20-13.26.57:032][201]LogModuleManager: Shutting down and abandoning module MacClientTargetPlatform (69)
[2018.02.20-13.26.57:032][201]LogModuleManager: Shutting down and abandoning module AllDesktopTargetPlatform (67)
[2018.02.20-13.26.57:032][201]LogModuleManager: Shutting down and abandoning module InputCore (64)
[2018.02.20-13.26.57:032][201]LogModuleManager: Shutting down and abandoning module Settings (62)
[2018.02.20-13.26.57:032][201]LogModuleManager: Shutting down and abandoning module PhysXCooking (60)
[2018.02.20-13.26.57:032][201]LogModuleManager: Shutting down and abandoning module SteamVR (58)
[2018.02.20-13.26.57:032][201]LogModuleManager: Shutting down and abandoning module OculusHMD (56)
[2018.02.20-13.26.57:033][201]LogModuleManager: Shutting down and abandoning module ExampleDeviceProfileSelector (54)
[2018.02.20-13.26.57:033][201]LogModuleManager: Shutting down and abandoning module AppleARKit (52)
[2018.02.20-13.26.57:033][201]LogModuleManager: Shutting down and abandoning module AugmentedReality (51)
[2018.02.20-13.26.57:033][201]LogModuleManager: Shutting down and abandoning module OnlineBlueprintSupport (48)
[2018.02.20-13.26.57:033][201]LogModuleManager: Shutting down and abandoning module OnlineSubsystem (44)
[2018.02.20-13.26.57:033][201]LogModuleManager: Shutting down and abandoning module XMPP (43)
[2018.02.20-13.26.57:033][201]LogModuleManager: Shutting down and abandoning module HTTP (41)
[2018.02.20-13.26.57:033][201]LogHttp: Display: Http module shutting down, but needs to wait on 1 outstanding Http requests:
[2018.02.20-13.26.57:033][201]LogHttp: Display: 	verb=[POST] url=[https://datarouter.ol.epicgames.com/datarouter/api/v1/public/data?SessionID=%7B9C93344C-4B9F-F0FB-FA92-4898D7716AAD%7D&AppID=UEEditor.Rocket.Release&AppVersion=4.18.3-3832480%2B%2B%2BUE4%2BRelease-4.18&UserID=65dc0b2f43c9697eb3588fb3cf94a870%7C9199c58080e3449ba1957d1b52e6e9dc%7C91b33581-f624-4fea-a08b-9f1f41c6ccca&AppEnvironment=datacollector-binary&UploadType=eteventstream] status=Processing
[2018.02.20-13.26.57:059][201]LogModuleManager: Shutting down and abandoning module SSL (40)
[2018.02.20-13.26.57:061][201]LogModuleManager: Shutting down and abandoning module AnimationModifiers (36)
[2018.02.20-13.26.57:061][201]LogModuleManager: Shutting down and abandoning module PropertyEditor (35)
[2018.02.20-13.26.57:061][201]LogModuleManager: Shutting down and abandoning module AudioEditor (32)
[2018.02.20-13.26.57:061][201]LogModuleManager: Shutting down and abandoning module TextureCompressor (30)
[2018.02.20-13.26.57:061][201]LogModuleManager: Shutting down and abandoning module ShaderCore (28)
[2018.02.20-13.26.57:061][201]LogModuleManager: Shutting down and abandoning module Landscape (26)
[2018.02.20-13.26.57:061][201]LogModuleManager: Shutting down and abandoning module SlateRHIRenderer (24)
[2018.02.20-13.26.57:062][201]LogModuleManager: Shutting down and abandoning module OpenGLDrv (22)
[2018.02.20-13.26.57:062][201]LogModuleManager: Shutting down and abandoning module D3D11RHI (20)
[2018.02.20-13.26.57:062][201]LogModuleManager: Shutting down and abandoning module AnimGraphRuntime (18)
[2018.02.20-13.26.57:062][201]LogModuleManager: Shutting down and abandoning module Renderer (16)
[2018.02.20-13.26.57:062][201]LogModuleManager: Shutting down and abandoning module Engine (14)
[2018.02.20-13.26.57:062][201]LogModuleManager: Shutting down and abandoning module CoreUObject (12)
[2018.02.20-13.26.57:062][201]LogModuleManager: Shutting down and abandoning module NetworkFile (10)
[2018.02.20-13.26.57:062][201]LogModuleManager: Shutting down and abandoning module CookedIterativeFile (8)
[2018.02.20-13.26.57:062][201]LogModuleManager: Shutting down and abandoning module StreamingFile (6)
[2018.02.20-13.26.57:062][201]LogModuleManager: Shutting down and abandoning module SandboxFile (4)
[2018.02.20-13.26.57:062][201]LogModuleManager: Shutting down and abandoning module PakFile (2)
[2018.02.20-13.26.57:066][201]LogExit: Exiting.
[2018.02.20-13.26.57:072][201]Log file closed, 02/20/18 14:26:57
