Log file open, 02/06/18 14:05:57
LogWindows: Failed to load 'aqProf.dll' (GetLastError=126)
LogWindows: File 'aqProf.dll' does not exist
LogWindows: Failed to load 'VSPerf140.dll' (GetLastError=126)
LogWindows: File 'VSPerf140.dll' does not exist
LogWindows: Failed to load 'VtuneApi.dll' (GetLastError=126)
LogWindows: File 'VtuneApi.dll' does not exist
LogWindows: Failed to load 'VtuneApi32e.dll' (GetLastError=126)
LogWindows: File 'VtuneApi32e.dll' does not exist
LogInit: Display: Running engine for game: UIAnimation
LogPlatformFile: Not using cached read wrapper
LogInit: Display: RandInit(-1422575836) SRandInit(-1422575836).
LogInit: Read version file with build ID '3709383'
LogInit: Overriding engine version to CL 3832480, compatible CL 3709383
LogInit: Registered custom module enumerator with build ID '3709383'
LogTaskGraph: Started task graph with 5 named threads and 14 total threads with 3 sets of task threads.
LogStats: Stats thread started at 0.265394
LogD3D11RHI: Aftermath initialized
LogModuleManager: Display: Found up-to-date module file ../../../Engine/Plugins/2D/Paper2D/Binaries/Win64/UE4Editor-Paper2D.dll (API version 3709383).
LogModuleManager: Display: Found up-to-date module file ../../../Engine/Plugins/2D/Paper2D/Binaries/Win64/UE4Editor-Paper2DEditor.dll (API version 3709383).
LogModuleManager: Display: Found up-to-date module file ../../../Engine/Plugins/2D/Paper2D/Binaries/Win64/UE4Editor-PaperSpriteSheetImporter.dll (API version 3709383).
LogModuleManager: Display: Found up-to-date module file ../../../Engine/Plugins/2D/Paper2D/Binaries/Win64/UE4Editor-PaperTiledImporter.dll (API version 3709383).
LogModuleManager: Display: Found up-to-date module file ../../../Engine/Plugins/2D/Paper2D/Binaries/Win64/UE4Editor-SmartSnapping.dll (API version 3709383).
LogModuleManager: Display: Found up-to-date module file ../../../Engine/Plugins/Blendables/LightPropagationVolume/Binaries/Win64/UE4Editor-LightPropagationVolumeRuntime.dll (API version 3709383).
LogModuleManager: Display: Found up-to-date module file ../../../Engine/Plugins/Blendables/LightPropagationVolume/Binaries/Win64/UE4Editor-LightPropagationVolumeEditor.dll (API version 3709383).
LogModuleManager: Display: Found up-to-date module file ../../../Engine/Plugins/Developer/GitSourceControl/Binaries/Win64/UE4Editor-GitSourceControl.dll (API version 3709383).
LogModuleManager: Display: Found up-to-date module file ../../../Engine/Plugins/Developer/PerforceSourceControl/Binaries/Win64/UE4Editor-PerforceSourceControl.dll (API version 3709383).
LogModuleManager: Display: Found up-to-date module file ../../../Engine/Plugins/Developer/SubversionSourceControl/Binaries/Win64/UE4Editor-SubversionSourceControl.dll (API version 3709383).
LogModuleManager: Display: Found up-to-date module file ../../../Engine/Plugins/Developer/UObjectPlugin/Binaries/Win64/UE4Editor-UObjectPlugin.dll (API version 3709383).
LogModuleManager: Display: Found up-to-date module file ../../../Engine/Plugins/Developer/VisualStudioCodeSourceCodeAccess/Binaries/Win64/UE4Editor-VisualStudioCodeSourceCodeAccess.dll (API version 3709383).
LogModuleManager: Display: Found up-to-date module file ../../../Engine/Plugins/Developer/VisualStudioSourceCodeAccess/Binaries/Win64/UE4Editor-VisualStudioSourceCodeAccess.dll (API version 3709383).
LogModuleManager: Display: Found up-to-date module file ../../../Engine/Plugins/Editor/AssetManagerEditor/Binaries/Win64/UE4Editor-AssetManagerEditor.dll (API version 3709383).
LogModuleManager: Display: Found up-to-date module file ../../../Engine/Plugins/Editor/AudioCapture/Binaries/Win64/UE4Editor-AudioCapture.dll (API version 3709383).
LogModuleManager: Display: Found up-to-date module file ../../../Engine/Plugins/Editor/FacialAnimation/Binaries/Win64/UE4Editor-FacialAnimation.dll (API version 3709383).
LogModuleManager: Display: Found up-to-date module file ../../../Engine/Plugins/Editor/FacialAnimation/Binaries/Win64/UE4Editor-FacialAnimationEditor.dll (API version 3709383).
LogModuleManager: Display: Found up-to-date module file ../../../Engine/Plugins/Editor/GameplayTagsEditor/Binaries/Win64/UE4Editor-GameplayTagsEditor.dll (API version 3709383).
LogModuleManager: Display: Found up-to-date module file ../../../Engine/Plugins/Editor/MobileLauncherProfileWizard/Binaries/Win64/UE4Editor-MobileLauncherProfileWizard.dll (API version 3709383).
LogModuleManager: Display: Found up-to-date module file ../../../Engine/Plugins/Editor/PluginBrowser/Binaries/Win64/UE4Editor-PluginBrowser.dll (API version 3709383).
LogModuleManager: Display: Found up-to-date module file ../../../Engine/Plugins/Editor/SpeedTreeImporter/Binaries/Win64/UE4Editor-SpeedTreeImporter.dll (API version 3709383).
LogModuleManager: Display: Found up-to-date module file ../../../Engine/Plugins/Experimental/AlembicImporter/Binaries/Win64/UE4Editor-AlembicImporter.dll (API version 3709383).
LogModuleManager: Display: Found up-to-date module file ../../../Engine/Plugins/Experimental/AlembicImporter/Binaries/Win64/UE4Editor-AlembicLibrary.dll (API version 3709383).
LogModuleManager: Display: Found up-to-date module file ../../../Engine/Plugins/Experimental/CharacterAI/Binaries/Win64/UE4Editor-CharacterAI.dll (API version 3709383).
LogModuleManager: Display: Found up-to-date module file ../../../Engine/Plugins/Experimental/HTML5Networking/Binaries/Win64/UE4Editor-HTML5Networking.dll (API version 3709383).
LogModuleManager: Display: Found up-to-date module file ../../../Engine/Plugins/Media/AndroidMedia/Binaries/Win64/UE4Editor-AndroidMediaEditor.dll (API version 3709383).
LogModuleManager: Display: Found up-to-date module file ../../../Engine/Plugins/Media/AndroidMedia/Binaries/Win64/UE4Editor-AndroidMediaFactory.dll (API version 3709383).
LogModuleManager: Display: Found up-to-date module file ../../../Engine/Plugins/Media/AvfMedia/Binaries/Win64/UE4Editor-AvfMediaEditor.dll (API version 3709383).
LogModuleManager: Display: Found up-to-date module file ../../../Engine/Plugins/Media/AvfMedia/Binaries/Win64/UE4Editor-AvfMediaFactory.dll (API version 3709383).
LogModuleManager: Display: Found up-to-date module file ../../../Engine/Plugins/Media/AvfMedia/Binaries/Win64/UE4Editor-AvfMediaFactory.dll (API version 3709383).
LogModuleManager: Display: Found up-to-date module file ../../../Engine/Plugins/Media/ImgMedia/Binaries/Win64/UE4Editor-ImgMedia.dll (API version 3709383).
LogModuleManager: Display: Found up-to-date module file ../../../Engine/Plugins/Media/ImgMedia/Binaries/Win64/UE4Editor-ImgMediaEditor.dll (API version 3709383).
LogModuleManager: Display: Found up-to-date module file ../../../Engine/Plugins/Media/ImgMedia/Binaries/Win64/UE4Editor-ImgMediaFactory.dll (API version 3709383).
LogModuleManager: Display: Found up-to-date module file ../../../Engine/Plugins/Media/ImgMedia/Binaries/Win64/UE4Editor-ImgMediaFactory.dll (API version 3709383).
LogModuleManager: Display: Found up-to-date module file ../../../Engine/Plugins/Media/ImgMedia/Binaries/Win64/UE4Editor-OpenExrWrapper.dll (API version 3709383).
LogModuleManager: Display: Found up-to-date module file ../../../Engine/Plugins/Media/MediaCompositing/Binaries/Win64/UE4Editor-MediaCompositing.dll (API version 3709383).
LogModuleManager: Display: Found up-to-date module file ../../../Engine/Plugins/Media/MediaCompositing/Binaries/Win64/UE4Editor-MediaCompositingEditor.dll (API version 3709383).
LogModuleManager: Display: Found up-to-date module file ../../../Engine/Plugins/Media/MediaPlayerEditor/Binaries/Win64/UE4Editor-MediaPlayerEditor.dll (API version 3709383).
LogModuleManager: Display: Found up-to-date module file ../../../Engine/Plugins/Media/WmfMedia/Binaries/Win64/UE4Editor-WmfMedia.dll (API version 3709383).
LogModuleManager: Display: Found up-to-date module file ../../../Engine/Plugins/Media/WmfMedia/Binaries/Win64/UE4Editor-WmfMediaEditor.dll (API version 3709383).
LogModuleManager: Display: Found up-to-date module file ../../../Engine/Plugins/Media/WmfMedia/Binaries/Win64/UE4Editor-WmfMediaFactory.dll (API version 3709383).
LogModuleManager: Display: Found up-to-date module file ../../../Engine/Plugins/Media/WmfMedia/Binaries/Win64/UE4Editor-WmfMediaFactory.dll (API version 3709383).
LogModuleManager: Display: Found up-to-date module file ../../../Engine/Plugins/Messaging/TcpMessaging/Binaries/Win64/UE4Editor-TcpMessaging.dll (API version 3709383).
LogModuleManager: Display: Found up-to-date module file ../../../Engine/Plugins/Messaging/UdpMessaging/Binaries/Win64/UE4Editor-UdpMessaging.dll (API version 3709383).
LogModuleManager: Display: Found up-to-date module file ../../../Engine/Plugins/MovieScene/ActorSequence/Binaries/Win64/UE4Editor-ActorSequence.dll (API version 3709383).
LogModuleManager: Display: Found up-to-date module file ../../../Engine/Plugins/MovieScene/LevelSequenceEditor/Binaries/Win64/UE4Editor-LevelSequenceEditor.dll (API version 3709383).
LogModuleManager: Display: Found up-to-date module file ../../../Engine/Plugins/MovieScene/MatineeToLevelSequence/Binaries/Win64/UE4Editor-MatineeToLevelSequence.dll (API version 3709383).
LogModuleManager: Display: Found up-to-date module file ../../../Engine/Plugins/Online/OnlineSubsystem/Binaries/Win64/UE4Editor-OnlineSubsystem.dll (API version 3709383).
LogModuleManager: Display: Found up-to-date module file ../../../Engine/Plugins/Runtime/AndroidPermission/Binaries/Win64/UE4Editor-AndroidPermission.dll (API version 3709383).
LogModuleManager: Display: Found up-to-date module file ../../../Engine/Plugins/Online/OnlineSubsystemNull/Binaries/Win64/UE4Editor-OnlineSubsystemNull.dll (API version 3709383).
LogModuleManager: Display: Found up-to-date module file ../../../Engine/Plugins/Online/OnlineSubsystemUtils/Binaries/Win64/UE4Editor-OnlineSubsystemUtils.dll (API version 3709383).
LogModuleManager: Display: Found up-to-date module file ../../../Engine/Plugins/Online/OnlineSubsystemUtils/Binaries/Win64/UE4Editor-OnlineBlueprintSupport.dll (API version 3709383).
LogModuleManager: Display: Found up-to-date module file ../../../Engine/Plugins/Runtime/AndroidDeviceProfileSelector/Binaries/Win64/UE4Editor-AndroidDeviceProfileSelector.dll (API version 3709383).
LogModuleManager: Display: Found up-to-date module file ../../../Engine/Plugins/Runtime/AppleARKit/Binaries/Win64/UE4Editor-AppleARKit.dll (API version 3709383).
LogModuleManager: Display: Found up-to-date module file ../../../Engine/Plugins/Runtime/ArchVisCharacter/Binaries/Win64/UE4Editor-ArchVisCharacter.dll (API version 3709383).
LogModuleManager: Display: Found up-to-date module file ../../../Engine/Plugins/Runtime/CableComponent/Binaries/Win64/UE4Editor-CableComponent.dll (API version 3709383).
LogModuleManager: Display: Found up-to-date module file ../../../Engine/Plugins/Runtime/CustomMeshComponent/Binaries/Win64/UE4Editor-CustomMeshComponent.dll (API version 3709383).
LogModuleManager: Display: Found up-to-date module file ../../../Engine/Plugins/Runtime/ExampleDeviceProfileSelector/Binaries/Win64/UE4Editor-ExampleDeviceProfileSelector.dll (API version 3709383).
LogModuleManager: Display: Found up-to-date module file ../../../Engine/Plugins/Runtime/ImmediatePhysics/Binaries/Win64/UE4Editor-ImmediatePhysics.dll (API version 3709383).
LogModuleManager: Display: Found up-to-date module file ../../../Engine/Plugins/Runtime/ImmediatePhysics/Binaries/Win64/UE4Editor-ImmediatePhysicsEditor.dll (API version 3709383).
LogModuleManager: Display: Found up-to-date module file ../../../Engine/Plugins/Runtime/LocationServicesBPLibrary/Binaries/Win64/UE4Editor-LocationServicesBPLibrary.dll (API version 3709383).
LogModuleManager: Display: Found up-to-date module file ../../../Engine/Plugins/Runtime/MobilePatchingUtils/Binaries/Win64/UE4Editor-MobilePatchingUtils.dll (API version 3709383).
LogModuleManager: Display: Found up-to-date module file ../../../Engine/Plugins/Runtime/Oculus/OculusVR/Binaries/Win64/UE4Editor-OculusHMD.dll (API version 3709383).
LogModuleManager: Display: Found up-to-date module file ../../../Engine/Plugins/Runtime/Oculus/OculusVR/Binaries/Win64/UE4Editor-OculusInput.dll (API version 3709383).
LogModuleManager: Display: Found up-to-date module file ../../../Engine/Plugins/Runtime/Oculus/OculusVR/Binaries/Win64/UE4Editor-OculusEditor.dll (API version 3709383).
LogModuleManager: Display: Found up-to-date module file ../../../Engine/Plugins/Runtime/PhysXVehicles/Binaries/Win64/UE4Editor-PhysXVehicles.dll (API version 3709383).
LogModuleManager: Display: Found up-to-date module file ../../../Engine/Plugins/Runtime/PhysXVehicles/Binaries/Win64/UE4Editor-PhysXVehiclesEditor.dll (API version 3709383).
LogModuleManager: Display: Found up-to-date module file ../../../Engine/Plugins/Runtime/ProceduralMeshComponent/Binaries/Win64/UE4Editor-ProceduralMeshComponent.dll (API version 3709383).
LogModuleManager: Display: Found up-to-date module file ../../../Engine/Plugins/Runtime/ProceduralMeshComponent/Binaries/Win64/UE4Editor-ProceduralMeshComponentEditor.dll (API version 3709383).
LogModuleManager: Display: Found up-to-date module file ../../../Engine/Plugins/Runtime/RuntimePhysXCooking/Binaries/Win64/UE4Editor-RuntimePhysXCooking.dll (API version 3709383).
LogModuleManager: Display: Found up-to-date module file ../../../Engine/Plugins/Runtime/Steam/SteamVR/Binaries/Win64/UE4Editor-SteamVR.dll (API version 3709383).
LogModuleManager: Display: Found up-to-date module file ../../../Engine/Plugins/Runtime/Steam/SteamVR/Binaries/Win64/UE4Editor-SteamVRController.dll (API version 3709383).
LogModuleManager: Display: Found up-to-date module file ../../../Engine/Plugins/Runtime/WindowsMoviePlayer/Binaries/Win64/UE4Editor-WindowsMoviePlayer.dll (API version 3709383).
LogPluginManager: Mounting plugin Paper2D
LogPluginManager: Mounting plugin LightPropagationVolume
LogPluginManager: Mounting plugin CodeLiteSourceCodeAccess
LogPluginManager: Mounting plugin GitSourceControl
LogPluginManager: Mounting plugin KDevelopSourceCodeAccess
LogPluginManager: Mounting plugin NullSourceCodeAccess
LogPluginManager: Mounting plugin PerforceSourceControl
LogPluginManager: Mounting plugin SubversionSourceControl
LogPluginManager: Mounting plugin UObjectPlugin
LogPluginManager: Mounting plugin VisualStudioCodeSourceCodeAccess
LogPluginManager: Mounting plugin VisualStudioSourceCodeAccess
LogPluginManager: Mounting plugin XCodeSourceCodeAccess
LogPluginManager: Mounting plugin AssetManagerEditor
LogPluginManager: Mounting plugin AudioCapture
LogPluginManager: Mounting plugin FacialAnimation
LogPluginManager: Mounting plugin GameplayTagsEditor
LogPluginManager: Mounting plugin MobileLauncherProfileWizard
LogPluginManager: Mounting plugin PluginBrowser
LogPluginManager: Mounting plugin SpeedTreeImporter
LogPluginManager: Mounting plugin AlembicImporter
LogPluginManager: Mounting plugin CharacterAI
LogPluginManager: Mounting plugin HTML5Networking
LogPluginManager: Mounting plugin AndroidMedia
LogPluginManager: Mounting plugin AvfMedia
LogPluginManager: Mounting plugin ImgMedia
LogPluginManager: Mounting plugin MediaCompositing
LogPluginManager: Mounting plugin MediaPlayerEditor
LogPluginManager: Mounting plugin WmfMedia
LogPluginManager: Mounting plugin TcpMessaging
LogPluginManager: Mounting plugin UdpMessaging
LogPluginManager: Mounting plugin ActorSequence
LogPluginManager: Mounting plugin LevelSequenceEditor
LogPluginManager: Mounting plugin MatineeToLevelSequence
LogPluginManager: Mounting plugin OnlineSubsystemGooglePlay
LogPluginManager: Mounting plugin OnlineSubsystemIOS
LogPluginManager: Mounting plugin OnlineSubsystem
LogPluginManager: Mounting plugin OnlineSubsystemNull
LogPluginManager: Mounting plugin OnlineSubsystemUtils
LogPluginManager: Mounting plugin AndroidDeviceProfileSelector
LogPluginManager: Mounting plugin AndroidMoviePlayer
LogPluginManager: Mounting plugin AndroidPermission
LogPluginManager: Mounting plugin AppleARKit
LogPluginManager: Mounting plugin AppleMoviePlayer
LogPluginManager: Mounting plugin ArchVisCharacter
LogPluginManager: Mounting plugin CableComponent
LogPluginManager: Mounting plugin CustomMeshComponent
LogPluginManager: Mounting plugin ExampleDeviceProfileSelector
LogPluginManager: Mounting plugin GoogleCloudMessaging
LogPluginManager: Mounting plugin ImmediatePhysics
LogPluginManager: Mounting plugin IOSDeviceProfileSelector
LogPluginManager: Mounting plugin LinuxDeviceProfileSelector
LogPluginManager: Mounting plugin LocationServicesBPLibrary
LogPluginManager: Mounting plugin MobilePatchingUtils
LogPluginManager: Mounting plugin OculusVR
LogPluginManager: Plugin shader directory ../../../Engine/Plugins/Runtime/Oculus/OculusVR/Shaders found
LogPluginManager: Mapping shader source directory ../../../Engine/Plugins/Runtime/Oculus/OculusVR/Shaders to virtual directory /Plugin/OculusVR
LogPluginManager: Mounting plugin PhysXVehicles
LogPluginManager: Mounting plugin ProceduralMeshComponent
LogPluginManager: Mounting plugin RuntimePhysXCooking
LogPluginManager: Mounting plugin SteamVR
LogPluginManager: Mounting plugin WindowsMoviePlayer
LogInit: Using libcurl 7.47.1
LogInit:  - built for x86_64-pc-win32
LogInit:  - supports SSL with OpenSSL/1.0.2g
LogInit:  - supports HTTP deflate (compression) using libz 1.2.8
LogInit:  - other features:
LogInit:      CURL_VERSION_SSL
LogInit:      CURL_VERSION_LIBZ
LogInit:      CURL_VERSION_IPV6
LogInit:      CURL_VERSION_ASYNCHDNS
LogInit:      CURL_VERSION_LARGEFILE
LogInit:      CURL_VERSION_IDN
LogInit:  CurlRequestOptions (configurable via config and command line):
LogInit:  - bVerifyPeer = false  - Libcurl will NOT verify peer certificate
LogInit:  - bUseHttpProxy = false  - Libcurl will NOT use HTTP proxy
LogInit:  - bDontReuseConnections = false  - Libcurl will reuse connections
LogInit:  - CertBundlePath = nullptr  - Libcurl will use whatever was configured at build time.
LogInit: Build: ++UE4+Release-4.18-CL-3832480
LogInit: Engine Version: 4.18.3-3832480+++UE4+Release-4.18
LogInit: Compatible Engine Version: 4.18.0-3709383+++UE4+Release-4.18
LogInit: Net CL: 3709383
LogDevObjectVersion: Number of dev versions registered: 16
LogDevObjectVersion:   Dev-Blueprints (B0D832E4-1F89-4F0D-ACCF-7EB736FD4AA2): 10
LogDevObjectVersion:   Dev-Build (E1C64328-A22C-4D53-A36C-8E866417BD8C): 0
LogDevObjectVersion:   Dev-Core (375EC13C-06E4-48FB-B500-84F0262A717E): 2
LogDevObjectVersion:   Dev-Editor (E4B068ED-F494-42E9-A231-DA0B2E46BB41): 20
LogDevObjectVersion:   Dev-Framework (CFFC743F-43B0-4480-9391-14DF171D2073): 30
LogDevObjectVersion:   Dev-Mobile (B02B49B5-BB20-44E9-A304-32B752E40360): 0
LogDevObjectVersion:   Dev-Networking (A4E4105C-59A1-49B5-A7C5-40C4547EDFEE): 0
LogDevObjectVersion:   Dev-Online (39C831C9-5AE6-47DC-9A44-9C173E1C8E7C): 0
LogDevObjectVersion:   Dev-Physics (78F01B33-EBEA-4F98-B9B4-84EACCB95AA2): 0
LogDevObjectVersion:   Dev-Platform (6631380F-2D4D-43E0-8009-CF276956A95A): 0
LogDevObjectVersion:   Dev-Rendering (12F88B9F-8875-4AFC-A67C-D90C383ABD29): 20
LogDevObjectVersion:   Dev-Sequencer (7B5AE74C-D270-4C10-A958-57980B212A5A): 4
LogDevObjectVersion:   Dev-VR (D7296918-1DD6-4BDD-9DE2-64A83CC13884): 0
LogDevObjectVersion:   Dev-LoadTimes (C2A15278-BFE7-4AFE-6C17-90FF531DF755): 1
LogDevObjectVersion:   Private-Geometry (6EACA3D4-40EC-4CC1-B786-8BED09428FC5): 1
LogDevObjectVersion:   Dev-AnimPhys (29E575DD-E0A3-4627-9D10-D276232CDCEA): 12
LogInit: Compiled (64-bit): Jan 12 2018 02:04:55
LogInit: Compiled with Visual C++: 19.00.24215.01
LogInit: Build Configuration: Development
LogInit: Branch Name: ++UE4+Release-4.18
LogInit: Command line: -EpicPortal 
LogInit: Base directory: D:/Program Files/Epic Games/UE_4.18/Engine/Binaries/Win64/
LogInit: Installed Engine Build: 1
LogInit: Presizing for max 8388607 objects, including 0 objects not considered by GC, pre-allocating 0 bytes for permanent pool.
LogInit: Object subsystem initialized
[2018.02.06-13.05.59:603][  0]LogInit: Selected Device Profile: [Windows]
[2018.02.06-13.05.59:603][  0]LogInit: Applying CVar settings loaded from the selected device profile: [Windows]
[2018.02.06-13.05.59:636][  0]LogInit: Computer: KRS5-STUD-PC001
[2018.02.06-13.05.59:636][  0]LogInit: User: Administrator
[2018.02.06-13.05.59:636][  0]LogInit: CPU Page size=4096, Cores=4
[2018.02.06-13.05.59:636][  0]LogInit: High frequency timer resolution =3.420548 MHz
[2018.02.06-13.05.59:637][  0]LogMemory: Memory total: Physical=16.0GB (16GB approx)
[2018.02.06-13.05.59:637][  0]LogMemory: Platform Memory Stats for Windows
[2018.02.06-13.05.59:637][  0]LogMemory: Process Physical Memory: 273.70 MB used, 273.70 MB peak
[2018.02.06-13.05.59:637][  0]LogMemory: Process Virtual Memory: 272.22 MB used, 272.22 MB peak
[2018.02.06-13.05.59:637][  0]LogMemory: Physical Memory: 6889.11 MB used,  9462.03 MB free, 16351.14 MB total
[2018.02.06-13.05.59:637][  0]LogMemory: Virtual Memory: 680.22 MB used,  9462.03 MB free, 134217728.00 MB total
[2018.02.06-13.05.59:869][  0]LogInit: Using OS detected language (en-US).
[2018.02.06-13.05.59:869][  0]LogInit: Using OS detected locale (en-US).
[2018.02.06-13.05.59:874][  0]LogTextLocalizationManager: No specific localization for 'en-US' exists, so the 'en' localization will be used.
[2018.02.06-13.06.00:407][  0]LogInit: Setting process to per monitor DPI aware
[2018.02.06-13.06.00:707][  0]LogD3D11RHI: D3D11 adapters:
[2018.02.06-13.06.00:763][  0]LogD3D11RHI:    0. 'NVIDIA GeForce GTX 970' (Feature Level 11_0)
[2018.02.06-13.06.00:763][  0]LogD3D11RHI:       4058/0/8175 MB DedicatedVideo/DedicatedSystem/SharedSystem, Outputs:1, VendorId:0x10de
[2018.02.06-13.06.00:765][  0]LogD3D11RHI:    1. 'Microsoft Basic Render Driver' (Feature Level 11_0)
[2018.02.06-13.06.00:765][  0]LogD3D11RHI:       0/0/8175 MB DedicatedVideo/DedicatedSystem/SharedSystem, Outputs:0, VendorId:0x1414
[2018.02.06-13.06.00:765][  0]LogD3D11RHI: Chosen D3D11 Adapter: 0
[2018.02.06-13.06.00:771][  0]LogD3D11RHI: Creating new Direct3DDevice
[2018.02.06-13.06.00:771][  0]LogD3D11RHI:     GPU DeviceId: 0x13c2 (for the marketing name, search the web for "GPU Device Id")
[2018.02.06-13.06.00:771][  0]LogWindows: EnumDisplayDevices:
[2018.02.06-13.06.00:771][  0]LogWindows:    0. 'NVIDIA GeForce GTX 970' (P:1 D:1)
[2018.02.06-13.06.00:771][  0]LogWindows:    1. 'NVIDIA GeForce GTX 970' (P:0 D:0)
[2018.02.06-13.06.00:771][  0]LogWindows:    2. 'NVIDIA GeForce GTX 970' (P:0 D:0)
[2018.02.06-13.06.00:771][  0]LogWindows:    3. 'NVIDIA GeForce GTX 970' (P:0 D:0)
[2018.02.06-13.06.00:772][  0]LogWindows: DebugString: GetVideoDriverDetailsInvalid PrimaryIsNotTheChoosenAdapter GetVideoDriverDetailsInvalid PrimaryIsNotTheChoosenAdapter GetVideoDriverDetailsInvalid PrimaryIsNotTheChoosenAdapter GetVideoDriverDetailsInvalid PrimaryIsNotTheChoosenAdapter FoundDriverCount:0 
[2018.02.06-13.06.00:772][  0]LogD3D11RHI:     Adapter Name: NVIDIA GeForce GTX 970
[2018.02.06-13.06.00:772][  0]LogD3D11RHI:   Driver Version: Unknown (internal:Unknown, unified:Unknown)
[2018.02.06-13.06.00:772][  0]LogD3D11RHI:      Driver Date: Unknown
[2018.02.06-13.06.00:772][  0]LogRHI: Texture pool is 2840 MB (70% of 4058 MB)
[2018.02.06-13.06.00:804][  0]LogD3D11RHI: Async texture creation enabled
[2018.02.06-13.06.00:837][  0]LogD3D11RHI: GPU Timing Frequency: 1000.000000 (Debug: 2 1)
[2018.02.06-13.06.00:880][  0]LogShaderCompilers: Guid format shader working directory is 19 characters bigger than the processId version (../../../../../../UNREAL/UIAnimation/Intermediate/Shaders/WorkingDirectory/852/).
[2018.02.06-13.06.00:880][  0]LogShaderCompilers: Cleaned the shader compiler working directory 'C:/Users/Administrator/AppData/Local/Temp/UnrealShaderWorkingDir/2D2EE6A44A0E3C90CA20C480FFE06BB8/'.
[2018.02.06-13.06.00:880][  0]LogShaderCompilers: Display: Using Local Shader Compiler.
[2018.02.06-13.06.01:924][  0]LogTemp: Display: Loaded TP AllDesktopTargetPlatform
[2018.02.06-13.06.01:977][  0]LogTemp: Display: Loaded TP MacClientTargetPlatform
[2018.02.06-13.06.02:030][  0]LogTemp: Display: Loaded TP MacNoEditorTargetPlatform
[2018.02.06-13.06.02:078][  0]LogTemp: Display: Loaded TP MacServerTargetPlatform
[2018.02.06-13.06.02:126][  0]LogTemp: Display: Loaded TP MacTargetPlatform
[2018.02.06-13.06.02:178][  0]LogTemp: Display: Loaded TP WindowsClientTargetPlatform
[2018.02.06-13.06.02:225][  0]LogTemp: Display: Loaded TP WindowsNoEditorTargetPlatform
[2018.02.06-13.06.02:272][  0]LogTemp: Display: Loaded TP WindowsServerTargetPlatform
[2018.02.06-13.06.02:314][  0]LogTemp: Display: Loaded TP WindowsTargetPlatform
[2018.02.06-13.06.02:363][  0]LogTemp: Display: Loaded TP Android_ASTCTargetPlatform
[2018.02.06-13.06.02:413][  0]LogTemp: Display: Loaded TP Android_ATCTargetPlatform
[2018.02.06-13.06.02:458][  0]LogTemp: Display: Loaded TP Android_DXTTargetPlatform
[2018.02.06-13.06.02:506][  0]LogTemp: Display: Loaded TP Android_ETC1TargetPlatform
[2018.02.06-13.06.02:552][  0]LogTemp: Display: Loaded TP Android_ETC2TargetPlatform
[2018.02.06-13.06.02:645][  0]LogTemp: Display: Loaded TP Android_MultiTargetPlatform
[2018.02.06-13.06.02:645][  0]LogTemp: Display: Loaded TP Android_PVRTCTargetPlatform
[2018.02.06-13.06.02:692][  0]LogTemp: Display: Loaded TP AndroidTargetPlatform
[2018.02.06-13.06.02:727][  0]LogTemp: Display: Loaded TP HTML5TargetPlatform
[2018.02.06-13.06.02:811][  0]LogTemp: Display: Loaded TP IOSTargetPlatform
[2018.02.06-13.06.02:835][  0]LogTemp: Display: Loaded TP TVOSTargetPlatform
[2018.02.06-13.06.02:883][  0]LogTemp: Display: Loaded TP LinuxClientTargetPlatform
[2018.02.06-13.06.02:930][  0]LogTemp: Display: Loaded TP LinuxNoEditorTargetPlatform
[2018.02.06-13.06.02:976][  0]LogTemp: Display: Loaded TP LinuxServerTargetPlatform
[2018.02.06-13.06.03:028][  0]LogTemp: Display: Loaded TP LinuxTargetPlatform
[2018.02.06-13.06.03:028][  0]LogTargetPlatformManager: Display: Building Assets For Windows
[2018.02.06-13.06.03:428][  0]LogDerivedDataCache: Display: Max Cache Size: 512 MB
[2018.02.06-13.06.03:505][  0]LogDerivedDataCache: Loaded boot cache 0.08s 69MB C:/Users/Administrator/AppData/Local/UnrealEngine/4.18/DerivedDataCache/Boot.ddc.
[2018.02.06-13.06.03:505][  0]LogDerivedDataCache: Display: Loaded Boot cache: C:/Users/Administrator/AppData/Local/UnrealEngine/4.18/DerivedDataCache/Boot.ddc
[2018.02.06-13.06.03:505][  0]LogDerivedDataCache: FDerivedDataBackendGraph:  Pak pak cache file ../../../../../../UNREAL/UIAnimation/DerivedDataCache/DDC.ddp not found, will not use a pak cache.
[2018.02.06-13.06.03:505][  0]LogDerivedDataCache: Unable to find inner node Pak for hierarchical cache Hierarchy.
[2018.02.06-13.06.03:505][  0]LogDerivedDataCache: FDerivedDataBackendGraph:  CompressedPak pak cache file ../../../../../../UNREAL/UIAnimation/DerivedDataCache/Compressed.ddp not found, will not use a pak cache.
[2018.02.06-13.06.03:505][  0]LogDerivedDataCache: Unable to find inner node CompressedPak for hierarchical cache Hierarchy.
[2018.02.06-13.06.03:521][  0]LogDerivedDataCache: Display: Pak cache opened for reading ../../../Engine/DerivedDataCache/Compressed.ddp.
[2018.02.06-13.06.03:533][  0]LogDerivedDataCache: Using Local data cache path C:/Users/Administrator/AppData/Local/UnrealEngine/Common/DerivedDataCache: Writable
[2018.02.06-13.06.03:544][  0]LogMaterial: Verifying Global Shaders for PCD3D_SM5
[2018.02.06-13.06.03:544][  0]LogSlate: Using Freetype 2.6.0
[2018.02.06-13.06.03:545][  0]LogSlate: SlateFontCache - WITH_FREETYPE: 1, WITH_HARFBUZZ: 1
[2018.02.06-13.06.03:545][  0]LogSlate: SlateFontCache - WITH_FREETYPE: 1, WITH_HARFBUZZ: 1
[2018.02.06-13.06.03:955][  0]LogInit: Selected Device Profile: [Windows]
[2018.02.06-13.06.04:270][  0]LogSimplygon: Simplygon DLL not present - disabling.
[2018.02.06-13.06.04:306][  0]LogMeshReduction: Using SimplygonSwarm for distributed automatic mesh merging
[2018.02.06-13.06.04:306][  0]LogMeshReduction: Using QuadricMeshReduction for automatic static mesh reduction
[2018.02.06-13.06.04:306][  0]LogMeshReduction: No automatic skeletal mesh reduction module available
[2018.02.06-13.06.04:306][  0]LogMeshReduction: No automatic mesh merging module available
[2018.02.06-13.06.04:306][  0]LogMeshMerging: No automatic mesh merging module available
[2018.02.06-13.06.04:334][  0]LogNetVersion: UIAnimation , NetCL: 3709383, EngineNetVer: 2, GameNetVer: 0 (Checksum: 2970794345)
[2018.02.06-13.06.04:493][  0]LogAssetRegistry: FAssetRegistry took 0.0262 seconds to start up
[2018.02.06-13.06.05:906][  0]LogPackageLocalizationCache: Processed 7 localized package path(s) for 2 prioritized culture(s) in 0.994866 seconds
[2018.02.06-13.06.05:912][  0]LogUObjectArray: 35870 objects as part of root set at end of initial load.
[2018.02.06-13.06.05:912][  0]LogUObjectAllocator: 7363696 out of 0 bytes used by permanent object pool.
[2018.02.06-13.06.05:912][  0]LogUObjectArray: CloseDisregardForGC: 0/0 objects in disregard for GC pool
[2018.02.06-13.06.05:958][  0]LogInit: WinSock: version 1.1 (2.2), MaxSocks=32767, MaxUdp=65467
[2018.02.06-13.06.08:624][  0]LogTcpMessaging: Initializing TcpMessaging bridge
[2018.02.06-13.06.08:663][  0]LogUdpMessaging: Initializing bridge on interface 0.0.0.0:0 to multicast group 230.0.0.1:6666.
[2018.02.06-13.06.09:316][  0]LogMaterial: Uniform references updated for custom material expression Custom.
[2018.02.06-13.06.09:369][  0]LogMaterial: Missing cached shader map for material AmbientOcclusion, compiling. 
[2018.02.06-13.06.09:398][  0]LogMaterial: Missing cached shader map for material CustomDepthWorldUnits, compiling. 
[2018.02.06-13.06.09:409][  0]LogMaterial: Missing cached shader map for material SceneDepthWorldUnits, compiling. 
[2018.02.06-13.06.09:420][  0]LogMaterial: Missing cached shader map for material PreTonemapHDRColor, compiling. 
[2018.02.06-13.06.09:434][  0]LogMaterial: Missing cached shader map for material PostTonemapHDRColor, compiling. 
[2018.02.06-13.06.09:900][  0]SourceControl: Source control is disabled
[2018.02.06-13.06.09:901][  0]SourceControl: Source control is disabled
[2018.02.06-13.06.09:995][  0]SourceControl: Source control is disabled
[2018.02.06-13.06.10:071][  0]SourceControl: Source control is disabled
[2018.02.06-13.06.10:882][  0]LogMaterial: Missing cached shader map for material DefaultMediaPlaneMaterial, compiling. 
[2018.02.06-13.06.11:326][  0]LogAndroidPermission: UAndroidPermissionCallbackProxy::GetInstance
[2018.02.06-13.06.11:863][  0]LogOcInput: OculusInput pre-init called
[2018.02.06-13.06.12:162][  0]LogMaterial: Missing cached shader map for material HighResScreenshot, compiling. 
[2018.02.06-13.06.12:177][  0]LogMaterial: Missing cached shader map for material HighResScreenshotMask, compiling. 
[2018.02.06-13.06.12:197][  0]LogMaterial: Missing cached shader map for material HighResScreenshotCaptureRegion, compiling. 
[2018.02.06-13.06.12:259][  0]LogEngine: Initializing Engine...
[2018.02.06-13.06.12:263][  0]LogHMD: Failed to initialize OpenVR with code 110
[2018.02.06-13.06.12:271][  0]LogMaterial: Missing cached shader map for material WireframeMaterial, compiling. Is special engine material.
[2018.02.06-13.06.12:662][  0]LogMaterial: Missing cached shader map for material LevelColorationLitMaterial, compiling. Is special engine material.
[2018.02.06-13.06.13:693][  0]LogMaterial: Missing cached shader map for material LevelColorationUnlitMaterial, compiling. Is special engine material.
[2018.02.06-13.06.13:992][  0]LogMaterial: Missing cached shader map for material MAT_LevelColorationLitLightmapUV, compiling. Is special engine material.
[2018.02.06-13.06.14:991][  0]LogMaterial: Missing cached shader map for material ShadedLevelColorationLitMaterial, compiling. Is special engine material.
[2018.02.06-13.06.15:983][  0]LogMaterial: Missing cached shader map for material ShadedLevelColorationUnlitMateri, compiling. Is special engine material.
[2018.02.06-13.06.16:282][  0]LogMaterial: Missing cached shader map for material VertexColorMaterial, compiling. 
[2018.02.06-13.06.16:438][  0]LogMaterial: Missing cached shader map for material VertexColorViewMode_ColorOnly, compiling. 
[2018.02.06-13.06.16:471][  0]LogMaterial: Missing cached shader map for material VertexColorViewMode_AlphaAsColor, compiling. 
[2018.02.06-13.06.16:501][  0]LogMaterial: Missing cached shader map for material VertexColorViewMode_RedOnly, compiling. 
[2018.02.06-13.06.16:528][  0]LogMaterial: Missing cached shader map for material VertexColorViewMode_GreenOnly, compiling. 
[2018.02.06-13.06.16:558][  0]LogMaterial: Missing cached shader map for material VertexColorViewMode_BlueOnly, compiling. 
[2018.02.06-13.06.16:587][  0]LogMaterial: Missing cached shader map for material RemoveSurfaceMaterial, compiling. 
[2018.02.06-13.06.16:600][  0]LogMaterial: Missing cached shader map for material DebugMeshMaterial, compiling. 
[2018.02.06-13.06.16:630][  0]LogMaterial: Missing cached shader map for material M_InvalidLightmapSettings, compiling. 
[2018.02.06-13.06.16:693][  0]LogMaterial: Missing cached shader map for material GizmoMaterial, compiling. 
[2018.02.06-13.06.16:725][  0]LogMaterial: Missing cached shader map for material PhAT_JointLimitMaterial, compiling. 
[2018.02.06-13.06.16:769][  0]LogMaterial: Missing cached shader map for material GeomMaterial, compiling. 
[2018.02.06-13.06.16:791][  0]LogMaterial: Missing cached shader map for material EditorBrushMaterial, compiling. 
[2018.02.06-13.06.16:819][  0]LogMaterial: Missing cached shader map for material BoneWeightMaterial, compiling. 
[2018.02.06-13.06.16:988][  0]LogMaterial: Missing cached shader map for material ClothMaterial, compiling. 
[2018.02.06-13.06.17:014][  0]LogMaterial: Missing cached shader map for material ClothMaterial_WF, compiling. 
[2018.02.06-13.06.17:053][  0]LogMaterial: Missing cached shader map for material DebugEditorMaterial, compiling. 
[2018.02.06-13.06.17:081][  0]LogMaterial: Missing cached shader map for material PreviewShadowIndicatorMaterial, compiling. 
[2018.02.06-13.06.17:242][  0]LogStats: UGameplayTagsManager::ConstructGameplayTagTree: Construct from data asset -  0.000 s
[2018.02.06-13.06.17:242][  0]LogStats: UGameplayTagsManager::ConstructGameplayTagTree: GameplayTagTreeChangedEvent.Broadcast -  0.000 s
[2018.02.06-13.06.17:465][  0]LogAIModule: Creating AISystem for world Untitled
[2018.02.06-13.06.17:505][  0]LogInit: XAudio2 using 'EPSON PJ-4 (NVIDIA High Definition Audio)' : 2 channels at 48 kHz using 16 bits per sample (channel mask 0x3)
[2018.02.06-13.06.17:541][  0]LogInit: FAudioDevice initialized.
[2018.02.06-13.06.17:632][  0]LogDerivedDataCache: Saved boot cache 0.09s 72MB C:/Users/Administrator/AppData/Local/UnrealEngine/4.18/DerivedDataCache/Boot.ddc.
[2018.02.06-13.06.17:651][  0]LogInit: Texture streaming: Enabled
[2018.02.06-13.06.17:811][  0]LogEngineSessionManager: EngineSessionManager initialized
[2018.02.06-13.06.18:078][  0]LogInit: Transaction tracking system initialized
[2018.02.06-13.06.18:583][  0]BlueprintLog: New page: Editor Load
[2018.02.06-13.06.20:028][  0]LocalizationService: Localization service is disabled
[2018.02.06-13.06.21:236][  0]LogConsoleResponse: Display: 
[2018.02.06-13.06.21:293][  0]LogMaterial: Missing cached shader map for material Cross_Mat, compiling. 
[2018.02.06-13.06.21:338][  0]LogMaterial: Missing cached shader map for material PhAT_BoneSelectedMaterial, compiling. 
[2018.02.06-13.06.21:363][  0]LogMaterial: Missing cached shader map for material PhAT_ElemSelectedMaterial, compiling. 
[2018.02.06-13.06.21:388][  0]LogMaterial: Missing cached shader map for material PhAT_NoCollisionMaterial, compiling. 
[2018.02.06-13.06.21:411][  0]LogMaterial: Missing cached shader map for material PhAT_UnselectedMaterial, compiling. 
[2018.02.06-13.06.21:438][  0]LogMaterial: Missing cached shader map for material Tick_Mat, compiling. 
[2018.02.06-13.06.21:473][  0]LogMaterial: Missing cached shader map for material WidgetGridVertexColorMaterial_Ma, compiling. 
[2018.02.06-13.06.21:499][  0]LogMaterial: Missing cached shader map for material WidgetMaterial, compiling. 
[2018.02.06-13.06.21:524][  0]LogMaterial: Missing cached shader map for material WidgetMaterial_Current, compiling. 
[2018.02.06-13.06.21:554][  0]LogMaterial: Missing cached shader map for material WidgetMaterial_X, compiling. 
[2018.02.06-13.06.21:579][  0]LogMaterial: Missing cached shader map for material WidgetMaterial_Y, compiling. 
[2018.02.06-13.06.21:601][  0]LogMaterial: Missing cached shader map for material WidgetMaterial_Z, compiling. 
[2018.02.06-13.06.21:623][  0]LogMaterial: Missing cached shader map for material WidgetVertexColorMaterial, compiling. 
[2018.02.06-13.06.21:702][  0]LogMaterial: Missing cached shader map for material LevelGridMaterial, compiling. 
[2018.02.06-13.06.21:777][  0]LogMaterial: Missing cached shader map for material BlinkingCaret, compiling. 
[2018.02.06-13.06.21:839][  0]LogMaterial: Missing cached shader map for material M_StreamingPause, compiling. 
[2018.02.06-13.06.21:961][  0]LogCook: Display: Max memory allowance for cook 16384mb min free memory 0mb
[2018.02.06-13.06.21:961][  0]LogCook: Display: Mobile HDR setting 1
[2018.02.06-13.06.21:961][  0]LogGameplayTags: Display: UGameplayTagsManager::DoneAddingNativeTags. DelegateIsBound: 0
[2018.02.06-13.06.22:206][  0]LogFileCache: Scanning file cache for directory 'D:/UNREAL/UIAnimation/Content/' took 0.03s
[2018.02.06-13.06.23:855][  0]SourceControl: Source control is disabled
[2018.02.06-13.06.23:855][  0]Cmd: MAP LOAD FILE="../../../../../../UNREAL/UIAnimation/Content/ThirdPersonBP/Maps/ThirdPersonExampleMap.umap" TEMPLATE=0 SHOWPROGRESS=1 FEATURELEVEL=3
[2018.02.06-13.06.23:856][  0]LightingResults: New page: Lighting Build
[2018.02.06-13.06.23:919][  0]MapCheck: New page: Map Check
[2018.02.06-13.06.23:919][  0]LightingResults: New page: Lighting Build
[2018.02.06-13.06.25:343][  0]LogLinker: Warning: Can't find file '/Game/ThirdPersonBP/Maps/ThirdPersonExampleMap_BuiltData'
[2018.02.06-13.06.25:353][  0]LogLinker: Warning: Can't find file for asset '/Game/ThirdPersonBP/Maps/ThirdPersonExampleMap_BuiltData' while loading ../../../../../../UNREAL/UIAnimation/Content/ThirdPersonBP/Maps/ThirdPersonExampleMap.umap.
[2018.02.06-13.06.25:367][  0]LoadErrors: Error: /Game/ThirdPersonBP/Maps/ThirdPersonExampleMap : Can't find file for asset. /Game/ThirdPersonBP/Maps/ThirdPersonExampleMap_BuiltData
[2018.02.06-13.06.25:409][  0]LogLinker: Warning: Can't find file '/Game/ThirdPersonBP/Maps/ThirdPersonExampleMap_BuiltData'
[2018.02.06-13.06.25:409][  0]LogLinker: Warning: Can't find file for asset '/Game/ThirdPersonBP/Maps/ThirdPersonExampleMap_BuiltData' while loading ../../../../../../UNREAL/UIAnimation/Content/ThirdPersonBP/Maps/ThirdPersonExampleMap.umap.
[2018.02.06-13.06.25:409][  0]LoadErrors: Error: /Game/ThirdPersonBP/Maps/ThirdPersonExampleMap : Can't find file for asset. /Game/ThirdPersonBP/Maps/ThirdPersonExampleMap_BuiltData
[2018.02.06-13.06.25:413][  0]LogLinker: Warning: Can't find file '/Game/ThirdPersonBP/Maps/ThirdPersonExampleMap_BuiltData'
[2018.02.06-13.06.25:413][  0]LogLinker: Warning: Can't find file for asset '/Game/ThirdPersonBP/Maps/ThirdPersonExampleMap_BuiltData' while loading NULL.
[2018.02.06-13.06.25:414][  0]LogLinker: Warning: Can't find file '/Game/ThirdPersonBP/Maps/ThirdPersonExampleMap_BuiltData'
[2018.02.06-13.06.25:414][  0]LogLinker: Warning: Can't find file for asset '/Game/ThirdPersonBP/Maps/ThirdPersonExampleMap_BuiltData' while loading NULL.
[2018.02.06-13.06.25:446][  0]LogLinker: Warning: Can't find file '/Game/ThirdPersonBP/Maps/ThirdPersonExampleMap_BuiltData'
[2018.02.06-13.06.25:446][  0]LoadErrors: Failed to load /Game/ThirdPersonBP/Maps/ThirdPersonExampleMap_BuiltData.ThirdPersonExampleMap_BuiltData Referenced by PersistentLevel
[2018.02.06-13.06.25:446][  0]LogLinker: Warning: Can't find file for asset '/Game/ThirdPersonBP/Maps/ThirdPersonExampleMap_BuiltData' while loading NULL.
[2018.02.06-13.06.25:446][  0]LoadErrors: Failed to load /Game/ThirdPersonBP/Maps/ThirdPersonExampleMap_BuiltData.ThirdPersonExampleMap_BuiltData Referenced by PersistentLevel
[2018.02.06-13.06.26:382][  0]LogMaterial: Missing cached shader map for material M_Sky_Panning_Clouds2, compiling. 
[2018.02.06-13.06.26:486][  0]LogMaterial: Missing cached shader map for material M_UE4Man_Body, compiling. 
[2018.02.06-13.06.26:689][  0]LogMaterial: Missing cached shader map for material M_UE4Man_Body, compiling. 
[2018.02.06-13.06.26:913][  0]LogMaterial: Missing cached shader map for material RampMaterial, compiling. 
[2018.02.06-13.06.26:989][  0]LogMaterial: Missing cached shader map for material CubeMaterial, compiling. 
[2018.02.06-13.06.27:106][  0]LogAIModule: Creating AISystem for world ThirdPersonExampleMap
[2018.02.06-13.06.27:874][  0]LogEditorServer: Finished looking for orphan Actors (0.000 secs)
[2018.02.06-13.06.27:923][  0]Cmd: MAP CHECKDEP NOCLEARLOG
[2018.02.06-13.06.28:004][  0]MapCheck: Map check complete: 0 Error(s), 0 Warning(s), took 81.114ms to complete.
[2018.02.06-13.06.28:004][  0]LogFileHelpers: Loading map 'ThirdPersonExampleMap' took 4.149
[2018.02.06-13.06.28:131][  0]LogWindowsTextInputMethodSystem: Display: IME system now deactivated.
[2018.02.06-13.06.29:356][  0]LogCollectionManager: Loaded 0 collections in 0.001616 seconds
[2018.02.06-13.06.29:609][  0]LogFileCache: Scanning file cache for directory 'D:/UNREAL/UIAnimation/Saved/Collections/' took 0.01s
[2018.02.06-13.06.29:609][  0]LogFileCache: Scanning file cache for directory 'D:/UNREAL/UIAnimation/Content/Developers/Administrator/Collections/' took 0.01s
[2018.02.06-13.06.29:609][  0]LogFileCache: Scanning file cache for directory 'D:/UNREAL/UIAnimation/Content/Collections/' took 0.01s
[2018.02.06-13.06.29:609][  0]LogCollectionManager: Rebuilt the GUID cache for 0 collections in 0.000001 seconds
[2018.02.06-13.06.29:647][  0]LogContentBrowser: Native class hierarchy populated in 0.0359 seconds. Added 2363 classes and 519 folders.
[2018.02.06-13.06.29:895][  0]LogContentBrowser: Native class hierarchy updated for 'WidgetCarousel' in 0.0004 seconds. Added 0 classes and 0 folders.
[2018.02.06-13.06.30:144][  0]LogContentBrowser: Native class hierarchy updated for 'AddContentDialog' in 0.0003 seconds. Added 0 classes and 0 folders.
[2018.02.06-13.06.30:291][  0]LogContentBrowser: Native class hierarchy updated for 'SceneOutliner' in 0.0005 seconds. Added 1 classes and 2 folders.
[2018.02.06-13.06.30:968][  0]LogSlate: Took 0.000296 seconds to synchronously load lazily loaded font '../../../Engine/Content/Slate/Fonts/Roboto-Regular.ttf' (155K)
[2018.02.06-13.06.30:971][  0]LogSlate: Took 0.000293 seconds to synchronously load lazily loaded font '../../../Engine/Content/Slate/Fonts/Roboto-Bold.ttf' (160K)
[2018.02.06-13.06.31:078][  0]LogSlate: Took 0.014265 seconds to synchronously load lazily loaded font '../../../Engine/Content/Editor/Slate/Fonts/FontAwesome.ttf' (139K)
[2018.02.06-13.06.31:586][  0]LogMaterial: Missing cached shader map for material LevelGridMaterial2, compiling. 
[2018.02.06-13.06.31:821][  0]LogRenderer: Reallocating scene render targets to support 1208x576 Format 10 NumSamples 1 (Frame:1).
[2018.02.06-13.06.33:003][  0]LogContentBrowser: Native class hierarchy updated for 'HierarchicalLODOutliner' in 0.0004 seconds. Added 1 classes and 2 folders.
[2018.02.06-13.06.33:003][  0]LogLoad: (Engine Initialization) Total time: 37.37 seconds
[2018.02.06-13.06.33:003][  0]LogLoad: (Engine Initialization) Total Blueprint compile time: 0.00 seconds
[2018.02.06-13.06.33:004][  0]LogExternalProfiler: No external profilers were discovered.  External profiling features will not be available.
[2018.02.06-13.06.33:102][  0]LogContentStreaming: Texture pool size now 1000 MB
[2018.02.06-13.06.33:354][  0]LogSlate: Took 0.018891 seconds to synchronously load lazily loaded font '../../../Engine/Content/Slate/Fonts/Roboto-Light.ttf' (159K)
[2018.02.06-13.06.33:721][  2]LogAssetRegistry: Asset discovery search completed in 29.2479 seconds
[2018.02.06-13.06.33:724][  2]LogCollectionManager: Rebuilt the object cache for 0 collections in 0.000001 seconds (found 0 objects)
[2018.02.06-13.06.33:724][  2]LogCollectionManager: Fixed up redirectors for 0 collections in 0.000093 seconds (updated 0 objects)
[2018.02.06-13.06.34:072][  5]LogSlate: Took 0.000352 seconds to synchronously load lazily loaded font '../../../Engine/Content/Slate/Fonts/Roboto-Light.ttf' (159K)
[2018.02.06-13.06.56:520][ 40]LogRenderer: Reallocating scene render targets to support 1208x584 Format 10 NumSamples 1 (Frame:23).
[2018.02.06-13.06.56:583][ 41]LogRenderer: Reallocating scene render targets to support 1208x600 Format 10 NumSamples 1 (Frame:25).
[2018.02.06-13.06.56:653][ 42]LogRenderer: Reallocating scene render targets to support 1208x612 Format 10 NumSamples 1 (Frame:27).
[2018.02.06-13.06.56:718][ 43]LogRenderer: Reallocating scene render targets to support 1208x624 Format 10 NumSamples 1 (Frame:29).
[2018.02.06-13.06.56:802][ 44]LogRenderer: Reallocating scene render targets to support 1208x636 Format 10 NumSamples 1 (Frame:31).
[2018.02.06-13.06.56:864][ 45]LogRenderer: Reallocating scene render targets to support 1208x656 Format 10 NumSamples 1 (Frame:33).
[2018.02.06-13.06.56:932][ 46]LogRenderer: Reallocating scene render targets to support 1208x660 Format 10 NumSamples 1 (Frame:35).
[2018.02.06-13.06.59:674][298]LogTemp: Repeating last play command: Selected Viewport
[2018.02.06-13.06.59:844][298]LogBlueprintUserMessages: Early PlayInEditor Detection: Level '/Game/ThirdPersonBP/Maps/ThirdPersonExampleMap.ThirdPersonExampleMap:PersistentLevel' has LevelScriptBlueprint '/Game/ThirdPersonBP/Maps/ThirdPersonExampleMap.ThirdPersonExampleMap:PersistentLevel.ThirdPersonExampleMap' with GeneratedClass '/Game/ThirdPersonBP/Maps/ThirdPersonExampleMap.ThirdPersonExampleMap_C' with ClassGeneratedBy '/Game/ThirdPersonBP/Maps/ThirdPersonExampleMap.ThirdPersonExampleMap:PersistentLevel.ThirdPersonExampleMap'
[2018.02.06-13.06.59:848][298]LogPlayLevel: PlayLevel: No blueprints needed recompiling
[2018.02.06-13.06.59:937][298]PIE: New page: PIE session: ThirdPersonExampleMap (Feb 6, 2018, 3:06:59 PM)
[2018.02.06-13.06.59:937][298]LogPlayLevel: Creating play world package: /Game/ThirdPersonBP/Maps/UEDPIE_0_ThirdPersonExampleMap
[2018.02.06-13.07.00:061][298]LogPlayLevel: PIE: StaticDuplicateObject took: (0.124354s)
[2018.02.06-13.07.00:062][298]LogAIModule: Creating AISystem for world ThirdPersonExampleMap
[2018.02.06-13.07.00:063][298]LogPlayLevel: PIE: World Init took: (0.001234s)
[2018.02.06-13.07.00:063][298]LogPlayLevel: PIE: Created PIE world by copying editor world from /Game/ThirdPersonBP/Maps/ThirdPersonExampleMap.ThirdPersonExampleMap to /Game/ThirdPersonBP/Maps/UEDPIE_0_ThirdPersonExampleMap.ThirdPersonExampleMap (0.125936s)
[2018.02.06-13.07.00:147][298]LogInit: XAudio2 using 'EPSON PJ-4 (NVIDIA High Definition Audio)' : 2 channels at 48 kHz using 16 bits per sample (channel mask 0x3)
[2018.02.06-13.07.00:161][298]LogInit: FAudioDevice initialized.
[2018.02.06-13.07.00:266][298]LogLoad: Game class is 'ThirdPersonGameMode_C'
[2018.02.06-13.07.00:371][298]LogWorld: Bringing World /Game/ThirdPersonBP/Maps/UEDPIE_0_ThirdPersonExampleMap.ThirdPersonExampleMap up for play (max tick rate 0) at 2018.02.06-14.07.00
[2018.02.06-13.07.00:458][298]LogWorld: Bringing up level for play took: 0.103411
[2018.02.06-13.07.00:747][298]LogContentBrowser: Native class hierarchy updated for 'MovieSceneCapture' in 0.0005 seconds. Added 11 classes and 0 folders.
[2018.02.06-13.07.00:832][298]PIE: Play in editor start time for /Game/ThirdPersonBP/Maps/UEDPIE_0_ThirdPersonExampleMap 0.44
[2018.02.06-13.07.00:832][298]LogBlueprintUserMessages: Late PlayInEditor Detection: Level '/Game/ThirdPersonBP/Maps/ThirdPersonExampleMap.ThirdPersonExampleMap:PersistentLevel' has LevelScriptBlueprint '/Game/ThirdPersonBP/Maps/ThirdPersonExampleMap.ThirdPersonExampleMap:PersistentLevel.ThirdPersonExampleMap' with GeneratedClass '/Game/ThirdPersonBP/Maps/ThirdPersonExampleMap.ThirdPersonExampleMap_C' with ClassGeneratedBy '/Game/ThirdPersonBP/Maps/ThirdPersonExampleMap.ThirdPersonExampleMap:PersistentLevel.ThirdPersonExampleMap'
[2018.02.06-13.07.13:964][433]LogBlueprintUserMessages: Early EndPlayMap Detection: Level '/Game/ThirdPersonBP/Maps/ThirdPersonExampleMap.ThirdPersonExampleMap:PersistentLevel' has LevelScriptBlueprint '/Game/ThirdPersonBP/Maps/ThirdPersonExampleMap.ThirdPersonExampleMap:PersistentLevel.ThirdPersonExampleMap' with GeneratedClass '/Game/ThirdPersonBP/Maps/ThirdPersonExampleMap.ThirdPersonExampleMap_C' with ClassGeneratedBy '/Game/ThirdPersonBP/Maps/ThirdPersonExampleMap.ThirdPersonExampleMap:PersistentLevel.ThirdPersonExampleMap'
[2018.02.06-13.07.14:123][433]LogBlueprintUserMessages: Late EndPlayMap Detection: Level '/Game/ThirdPersonBP/Maps/ThirdPersonExampleMap.ThirdPersonExampleMap:PersistentLevel' has LevelScriptBlueprint '/Game/ThirdPersonBP/Maps/ThirdPersonExampleMap.ThirdPersonExampleMap:PersistentLevel.ThirdPersonExampleMap' with GeneratedClass '/Game/ThirdPersonBP/Maps/ThirdPersonExampleMap.ThirdPersonExampleMap_C' with ClassGeneratedBy '/Game/ThirdPersonBP/Maps/ThirdPersonExampleMap.ThirdPersonExampleMap:PersistentLevel.ThirdPersonExampleMap'
[2018.02.06-13.07.23:899][300]MapCheck: New page: Map Check
[2018.02.06-13.07.24:004][300]LightingResults: New page: Lighting Build - Feb 6, 2018, 3:07:24 PM
[2018.02.06-13.07.24:194][300]LogSwarmInterface: [OpenConnection] Registering TCP channel ...
[2018.02.06-13.07.24:391][300]LogSwarmInterface: [OpenConnection] Connecting to agent ...
[2018.02.06-13.07.24:410][300]LogSwarmInterface: [TryOpenConnection] Testing the Agent
[2018.02.06-13.07.25:568][300]LogSwarmInterface: [TryOpenConnection] Opening Connection to Agent
[2018.02.06-13.07.25:568][300]LogSwarmInterface: [TryOpenConnection] Local Process ID is 852
[2018.02.06-13.07.27:757][300]LogStaticLightingSystem: Running Lightmass w/ ImmediateImport mode ENABLED
[2018.02.06-13.07.27:757][300]LogStaticLightingSystem: Running Lightmass w/ ImmediateProcess mode ENABLED
[2018.02.06-13.07.27:757][300]LogStaticLightingSystem: Running Lightmass w/ Sorting mode ENABLED
[2018.02.06-13.07.27:757][300]LogStaticLightingSystem: Running Lightmass w/ Mapping paddings ENABLED
[2018.02.06-13.07.27:757][300]LogStaticLightingSystem: Running Lightmass w/ Mapping debug paddings DISABLED
[2018.02.06-13.07.28:061][300]LogEditorBuildUtils: Build time 0:04
[2018.02.06-13.07.28:120][300]LogMaterial: Missing cached shader map for material FLightmassMaterialRenderer MaterialInstanceDynamic_0, compiling. 
[2018.02.06-13.07.28:130][300]LogMaterial: Missing cached shader map for material FLightmassMaterialRenderer MaterialInstanceDynamic_0, compiling. 
[2018.02.06-13.07.28:167][301]LogMaterial: Missing cached shader map for material FLightmassMaterialRenderer RampMaterial, compiling. 
[2018.02.06-13.07.28:177][301]LogMaterial: Missing cached shader map for material FLightmassMaterialRenderer RampMaterial, compiling. 
[2018.02.06-13.07.28:203][302]LogMaterial: Missing cached shader map for material FLightmassMaterialRenderer CubeMaterial, compiling. 
[2018.02.06-13.07.28:212][302]LogMaterial: Missing cached shader map for material FLightmassMaterialRenderer CubeMaterial, compiling. 
[2018.02.06-13.07.28:243][303]LogMaterial: Missing cached shader map for material FLightmassMaterialRenderer WorldGridMaterial, compiling. Is special engine material.
[2018.02.06-13.07.28:255][303]LogMaterial: Missing cached shader map for material FLightmassMaterialRenderer WorldGridMaterial, compiling. Is special engine material.
