Log file open, 02/06/18 13:06:15
LogWindows: Failed to load 'aqProf.dll' (GetLastError=126)
LogWindows: File 'aqProf.dll' does not exist
LogWindows: Failed to load 'VSPerf140.dll' (GetLastError=126)
LogWindows: File 'VSPerf140.dll' does not exist
LogWindows: Failed to load 'VtuneApi.dll' (GetLastError=126)
LogWindows: File 'VtuneApi.dll' does not exist
LogWindows: Failed to load 'VtuneApi32e.dll' (GetLastError=126)
LogWindows: File 'VtuneApi32e.dll' does not exist
LogInit: Display: Running engine for game: UIAnimation
LogPlatformFile: Not using cached read wrapper
LogInit: Display: RandInit(-460657204) SRandInit(-460657204).
LogInit: Read version file with build ID '3709383'
LogInit: Overriding engine version to CL 3832480, compatible CL 3709383
LogInit: Registered custom module enumerator with build ID '3709383'
LogTaskGraph: Started task graph with 5 named threads and 14 total threads with 3 sets of task threads.
LogStats: Stats thread started at 0.270314
LogD3D11RHI: Aftermath initialized
LogModuleManager: Display: Found up-to-date module file ../../../Engine/Plugins/2D/Paper2D/Binaries/Win64/UE4Editor-Paper2D.dll (API version 3709383).
LogModuleManager: Display: Found up-to-date module file ../../../Engine/Plugins/2D/Paper2D/Binaries/Win64/UE4Editor-Paper2DEditor.dll (API version 3709383).
LogModuleManager: Display: Found up-to-date module file ../../../Engine/Plugins/2D/Paper2D/Binaries/Win64/UE4Editor-PaperSpriteSheetImporter.dll (API version 3709383).
LogModuleManager: Display: Found up-to-date module file ../../../Engine/Plugins/2D/Paper2D/Binaries/Win64/UE4Editor-PaperTiledImporter.dll (API version 3709383).
LogModuleManager: Display: Found up-to-date module file ../../../Engine/Plugins/2D/Paper2D/Binaries/Win64/UE4Editor-SmartSnapping.dll (API version 3709383).
LogModuleManager: Display: Found up-to-date module file ../../../Engine/Plugins/Blendables/LightPropagationVolume/Binaries/Win64/UE4Editor-LightPropagationVolumeRuntime.dll (API version 3709383).
LogModuleManager: Display: Found up-to-date module file ../../../Engine/Plugins/Blendables/LightPropagationVolume/Binaries/Win64/UE4Editor-LightPropagationVolumeEditor.dll (API version 3709383).
LogModuleManager: Display: Found up-to-date module file ../../../Engine/Plugins/Developer/GitSourceControl/Binaries/Win64/UE4Editor-GitSourceControl.dll (API version 3709383).
LogModuleManager: Display: Found up-to-date module file ../../../Engine/Plugins/Developer/PerforceSourceControl/Binaries/Win64/UE4Editor-PerforceSourceControl.dll (API version 3709383).
LogModuleManager: Display: Found up-to-date module file ../../../Engine/Plugins/Developer/SubversionSourceControl/Binaries/Win64/UE4Editor-SubversionSourceControl.dll (API version 3709383).
LogModuleManager: Display: Found up-to-date module file ../../../Engine/Plugins/Developer/UObjectPlugin/Binaries/Win64/UE4Editor-UObjectPlugin.dll (API version 3709383).
LogModuleManager: Display: Found up-to-date module file ../../../Engine/Plugins/Developer/VisualStudioCodeSourceCodeAccess/Binaries/Win64/UE4Editor-VisualStudioCodeSourceCodeAccess.dll (API version 3709383).
LogModuleManager: Display: Found up-to-date module file ../../../Engine/Plugins/Developer/VisualStudioSourceCodeAccess/Binaries/Win64/UE4Editor-VisualStudioSourceCodeAccess.dll (API version 3709383).
LogModuleManager: Display: Found up-to-date module file ../../../Engine/Plugins/Editor/AssetManagerEditor/Binaries/Win64/UE4Editor-AssetManagerEditor.dll (API version 3709383).
LogModuleManager: Display: Found up-to-date module file ../../../Engine/Plugins/Editor/AudioCapture/Binaries/Win64/UE4Editor-AudioCapture.dll (API version 3709383).
LogModuleManager: Display: Found up-to-date module file ../../../Engine/Plugins/Editor/FacialAnimation/Binaries/Win64/UE4Editor-FacialAnimation.dll (API version 3709383).
LogModuleManager: Display: Found up-to-date module file ../../../Engine/Plugins/Editor/FacialAnimation/Binaries/Win64/UE4Editor-FacialAnimationEditor.dll (API version 3709383).
LogModuleManager: Display: Found up-to-date module file ../../../Engine/Plugins/Editor/GameplayTagsEditor/Binaries/Win64/UE4Editor-GameplayTagsEditor.dll (API version 3709383).
LogModuleManager: Display: Found up-to-date module file ../../../Engine/Plugins/Editor/MobileLauncherProfileWizard/Binaries/Win64/UE4Editor-MobileLauncherProfileWizard.dll (API version 3709383).
LogModuleManager: Display: Found up-to-date module file ../../../Engine/Plugins/Editor/PluginBrowser/Binaries/Win64/UE4Editor-PluginBrowser.dll (API version 3709383).
LogModuleManager: Display: Found up-to-date module file ../../../Engine/Plugins/Editor/SpeedTreeImporter/Binaries/Win64/UE4Editor-SpeedTreeImporter.dll (API version 3709383).
LogModuleManager: Display: Found up-to-date module file ../../../Engine/Plugins/Experimental/AlembicImporter/Binaries/Win64/UE4Editor-AlembicImporter.dll (API version 3709383).
LogModuleManager: Display: Found up-to-date module file ../../../Engine/Plugins/Experimental/AlembicImporter/Binaries/Win64/UE4Editor-AlembicLibrary.dll (API version 3709383).
LogModuleManager: Display: Found up-to-date module file ../../../Engine/Plugins/Experimental/CharacterAI/Binaries/Win64/UE4Editor-CharacterAI.dll (API version 3709383).
LogModuleManager: Display: Found up-to-date module file ../../../Engine/Plugins/Experimental/HTML5Networking/Binaries/Win64/UE4Editor-HTML5Networking.dll (API version 3709383).
LogModuleManager: Display: Found up-to-date module file ../../../Engine/Plugins/Media/AndroidMedia/Binaries/Win64/UE4Editor-AndroidMediaEditor.dll (API version 3709383).
LogModuleManager: Display: Found up-to-date module file ../../../Engine/Plugins/Media/AndroidMedia/Binaries/Win64/UE4Editor-AndroidMediaFactory.dll (API version 3709383).
LogModuleManager: Display: Found up-to-date module file ../../../Engine/Plugins/Media/AvfMedia/Binaries/Win64/UE4Editor-AvfMediaEditor.dll (API version 3709383).
LogModuleManager: Display: Found up-to-date module file ../../../Engine/Plugins/Media/AvfMedia/Binaries/Win64/UE4Editor-AvfMediaFactory.dll (API version 3709383).
LogModuleManager: Display: Found up-to-date module file ../../../Engine/Plugins/Media/AvfMedia/Binaries/Win64/UE4Editor-AvfMediaFactory.dll (API version 3709383).
LogModuleManager: Display: Found up-to-date module file ../../../Engine/Plugins/Media/ImgMedia/Binaries/Win64/UE4Editor-ImgMedia.dll (API version 3709383).
LogModuleManager: Display: Found up-to-date module file ../../../Engine/Plugins/Media/ImgMedia/Binaries/Win64/UE4Editor-ImgMediaEditor.dll (API version 3709383).
LogModuleManager: Display: Found up-to-date module file ../../../Engine/Plugins/Media/ImgMedia/Binaries/Win64/UE4Editor-ImgMediaFactory.dll (API version 3709383).
LogModuleManager: Display: Found up-to-date module file ../../../Engine/Plugins/Media/ImgMedia/Binaries/Win64/UE4Editor-ImgMediaFactory.dll (API version 3709383).
LogModuleManager: Display: Found up-to-date module file ../../../Engine/Plugins/Media/ImgMedia/Binaries/Win64/UE4Editor-OpenExrWrapper.dll (API version 3709383).
LogModuleManager: Display: Found up-to-date module file ../../../Engine/Plugins/Media/MediaCompositing/Binaries/Win64/UE4Editor-MediaCompositing.dll (API version 3709383).
LogModuleManager: Display: Found up-to-date module file ../../../Engine/Plugins/Media/MediaCompositing/Binaries/Win64/UE4Editor-MediaCompositingEditor.dll (API version 3709383).
LogModuleManager: Display: Found up-to-date module file ../../../Engine/Plugins/Media/MediaPlayerEditor/Binaries/Win64/UE4Editor-MediaPlayerEditor.dll (API version 3709383).
LogModuleManager: Display: Found up-to-date module file ../../../Engine/Plugins/Media/WmfMedia/Binaries/Win64/UE4Editor-WmfMedia.dll (API version 3709383).
LogModuleManager: Display: Found up-to-date module file ../../../Engine/Plugins/Media/WmfMedia/Binaries/Win64/UE4Editor-WmfMediaEditor.dll (API version 3709383).
LogModuleManager: Display: Found up-to-date module file ../../../Engine/Plugins/Media/WmfMedia/Binaries/Win64/UE4Editor-WmfMediaFactory.dll (API version 3709383).
LogModuleManager: Display: Found up-to-date module file ../../../Engine/Plugins/Media/WmfMedia/Binaries/Win64/UE4Editor-WmfMediaFactory.dll (API version 3709383).
LogModuleManager: Display: Found up-to-date module file ../../../Engine/Plugins/Messaging/TcpMessaging/Binaries/Win64/UE4Editor-TcpMessaging.dll (API version 3709383).
LogModuleManager: Display: Found up-to-date module file ../../../Engine/Plugins/Messaging/UdpMessaging/Binaries/Win64/UE4Editor-UdpMessaging.dll (API version 3709383).
LogModuleManager: Display: Found up-to-date module file ../../../Engine/Plugins/MovieScene/ActorSequence/Binaries/Win64/UE4Editor-ActorSequence.dll (API version 3709383).
LogModuleManager: Display: Found up-to-date module file ../../../Engine/Plugins/MovieScene/LevelSequenceEditor/Binaries/Win64/UE4Editor-LevelSequenceEditor.dll (API version 3709383).
LogModuleManager: Display: Found up-to-date module file ../../../Engine/Plugins/MovieScene/MatineeToLevelSequence/Binaries/Win64/UE4Editor-MatineeToLevelSequence.dll (API version 3709383).
LogModuleManager: Display: Found up-to-date module file ../../../Engine/Plugins/Online/OnlineSubsystem/Binaries/Win64/UE4Editor-OnlineSubsystem.dll (API version 3709383).
LogModuleManager: Display: Found up-to-date module file ../../../Engine/Plugins/Runtime/AndroidPermission/Binaries/Win64/UE4Editor-AndroidPermission.dll (API version 3709383).
LogModuleManager: Display: Found up-to-date module file ../../../Engine/Plugins/Online/OnlineSubsystemNull/Binaries/Win64/UE4Editor-OnlineSubsystemNull.dll (API version 3709383).
LogModuleManager: Display: Found up-to-date module file ../../../Engine/Plugins/Online/OnlineSubsystemUtils/Binaries/Win64/UE4Editor-OnlineSubsystemUtils.dll (API version 3709383).
LogModuleManager: Display: Found up-to-date module file ../../../Engine/Plugins/Online/OnlineSubsystemUtils/Binaries/Win64/UE4Editor-OnlineBlueprintSupport.dll (API version 3709383).
LogModuleManager: Display: Found up-to-date module file ../../../Engine/Plugins/Runtime/AndroidDeviceProfileSelector/Binaries/Win64/UE4Editor-AndroidDeviceProfileSelector.dll (API version 3709383).
LogModuleManager: Display: Found up-to-date module file ../../../Engine/Plugins/Runtime/AppleARKit/Binaries/Win64/UE4Editor-AppleARKit.dll (API version 3709383).
LogModuleManager: Display: Found up-to-date module file ../../../Engine/Plugins/Runtime/ArchVisCharacter/Binaries/Win64/UE4Editor-ArchVisCharacter.dll (API version 3709383).
LogModuleManager: Display: Found up-to-date module file ../../../Engine/Plugins/Runtime/CableComponent/Binaries/Win64/UE4Editor-CableComponent.dll (API version 3709383).
LogModuleManager: Display: Found up-to-date module file ../../../Engine/Plugins/Runtime/CustomMeshComponent/Binaries/Win64/UE4Editor-CustomMeshComponent.dll (API version 3709383).
LogModuleManager: Display: Found up-to-date module file ../../../Engine/Plugins/Runtime/ExampleDeviceProfileSelector/Binaries/Win64/UE4Editor-ExampleDeviceProfileSelector.dll (API version 3709383).
LogModuleManager: Display: Found up-to-date module file ../../../Engine/Plugins/Runtime/ImmediatePhysics/Binaries/Win64/UE4Editor-ImmediatePhysics.dll (API version 3709383).
LogModuleManager: Display: Found up-to-date module file ../../../Engine/Plugins/Runtime/ImmediatePhysics/Binaries/Win64/UE4Editor-ImmediatePhysicsEditor.dll (API version 3709383).
LogModuleManager: Display: Found up-to-date module file ../../../Engine/Plugins/Runtime/LocationServicesBPLibrary/Binaries/Win64/UE4Editor-LocationServicesBPLibrary.dll (API version 3709383).
LogModuleManager: Display: Found up-to-date module file ../../../Engine/Plugins/Runtime/MobilePatchingUtils/Binaries/Win64/UE4Editor-MobilePatchingUtils.dll (API version 3709383).
LogModuleManager: Display: Found up-to-date module file ../../../Engine/Plugins/Runtime/Oculus/OculusVR/Binaries/Win64/UE4Editor-OculusHMD.dll (API version 3709383).
LogModuleManager: Display: Found up-to-date module file ../../../Engine/Plugins/Runtime/Oculus/OculusVR/Binaries/Win64/UE4Editor-OculusInput.dll (API version 3709383).
LogModuleManager: Display: Found up-to-date module file ../../../Engine/Plugins/Runtime/Oculus/OculusVR/Binaries/Win64/UE4Editor-OculusEditor.dll (API version 3709383).
LogModuleManager: Display: Found up-to-date module file ../../../Engine/Plugins/Runtime/PhysXVehicles/Binaries/Win64/UE4Editor-PhysXVehicles.dll (API version 3709383).
LogModuleManager: Display: Found up-to-date module file ../../../Engine/Plugins/Runtime/PhysXVehicles/Binaries/Win64/UE4Editor-PhysXVehiclesEditor.dll (API version 3709383).
LogModuleManager: Display: Found up-to-date module file ../../../Engine/Plugins/Runtime/ProceduralMeshComponent/Binaries/Win64/UE4Editor-ProceduralMeshComponent.dll (API version 3709383).
LogModuleManager: Display: Found up-to-date module file ../../../Engine/Plugins/Runtime/ProceduralMeshComponent/Binaries/Win64/UE4Editor-ProceduralMeshComponentEditor.dll (API version 3709383).
LogModuleManager: Display: Found up-to-date module file ../../../Engine/Plugins/Runtime/RuntimePhysXCooking/Binaries/Win64/UE4Editor-RuntimePhysXCooking.dll (API version 3709383).
LogModuleManager: Display: Found up-to-date module file ../../../Engine/Plugins/Runtime/Steam/SteamVR/Binaries/Win64/UE4Editor-SteamVR.dll (API version 3709383).
LogModuleManager: Display: Found up-to-date module file ../../../Engine/Plugins/Runtime/Steam/SteamVR/Binaries/Win64/UE4Editor-SteamVRController.dll (API version 3709383).
LogModuleManager: Display: Found up-to-date module file ../../../Engine/Plugins/Runtime/WindowsMoviePlayer/Binaries/Win64/UE4Editor-WindowsMoviePlayer.dll (API version 3709383).
LogPluginManager: Mounting plugin Paper2D
LogPluginManager: Mounting plugin LightPropagationVolume
LogPluginManager: Mounting plugin CodeLiteSourceCodeAccess
LogPluginManager: Mounting plugin GitSourceControl
LogPluginManager: Mounting plugin KDevelopSourceCodeAccess
LogPluginManager: Mounting plugin NullSourceCodeAccess
LogPluginManager: Mounting plugin PerforceSourceControl
LogPluginManager: Mounting plugin SubversionSourceControl
LogPluginManager: Mounting plugin UObjectPlugin
LogPluginManager: Mounting plugin VisualStudioCodeSourceCodeAccess
LogPluginManager: Mounting plugin VisualStudioSourceCodeAccess
LogPluginManager: Mounting plugin XCodeSourceCodeAccess
LogPluginManager: Mounting plugin AssetManagerEditor
LogPluginManager: Mounting plugin AudioCapture
LogPluginManager: Mounting plugin FacialAnimation
LogPluginManager: Mounting plugin GameplayTagsEditor
LogPluginManager: Mounting plugin MobileLauncherProfileWizard
LogPluginManager: Mounting plugin PluginBrowser
LogPluginManager: Mounting plugin SpeedTreeImporter
LogPluginManager: Mounting plugin AlembicImporter
LogPluginManager: Mounting plugin CharacterAI
LogPluginManager: Mounting plugin HTML5Networking
LogPluginManager: Mounting plugin AndroidMedia
LogPluginManager: Mounting plugin AvfMedia
LogPluginManager: Mounting plugin ImgMedia
LogPluginManager: Mounting plugin MediaCompositing
LogPluginManager: Mounting plugin MediaPlayerEditor
LogPluginManager: Mounting plugin WmfMedia
LogPluginManager: Mounting plugin TcpMessaging
LogPluginManager: Mounting plugin UdpMessaging
LogPluginManager: Mounting plugin ActorSequence
LogPluginManager: Mounting plugin LevelSequenceEditor
LogPluginManager: Mounting plugin MatineeToLevelSequence
LogPluginManager: Mounting plugin OnlineSubsystemGooglePlay
LogPluginManager: Mounting plugin OnlineSubsystemIOS
LogPluginManager: Mounting plugin OnlineSubsystem
LogPluginManager: Mounting plugin OnlineSubsystemNull
LogPluginManager: Mounting plugin OnlineSubsystemUtils
LogPluginManager: Mounting plugin AndroidDeviceProfileSelector
LogPluginManager: Mounting plugin AndroidMoviePlayer
LogPluginManager: Mounting plugin AndroidPermission
LogPluginManager: Mounting plugin AppleARKit
LogPluginManager: Mounting plugin AppleMoviePlayer
LogPluginManager: Mounting plugin ArchVisCharacter
LogPluginManager: Mounting plugin CableComponent
LogPluginManager: Mounting plugin CustomMeshComponent
LogPluginManager: Mounting plugin ExampleDeviceProfileSelector
LogPluginManager: Mounting plugin GoogleCloudMessaging
LogPluginManager: Mounting plugin ImmediatePhysics
LogPluginManager: Mounting plugin IOSDeviceProfileSelector
LogPluginManager: Mounting plugin LinuxDeviceProfileSelector
LogPluginManager: Mounting plugin LocationServicesBPLibrary
LogPluginManager: Mounting plugin MobilePatchingUtils
LogPluginManager: Mounting plugin OculusVR
LogPluginManager: Plugin shader directory ../../../Engine/Plugins/Runtime/Oculus/OculusVR/Shaders found
LogPluginManager: Mapping shader source directory ../../../Engine/Plugins/Runtime/Oculus/OculusVR/Shaders to virtual directory /Plugin/OculusVR
LogPluginManager: Mounting plugin PhysXVehicles
LogPluginManager: Mounting plugin ProceduralMeshComponent
LogPluginManager: Mounting plugin RuntimePhysXCooking
LogPluginManager: Mounting plugin SteamVR
LogPluginManager: Mounting plugin WindowsMoviePlayer
LogInit: Using libcurl 7.47.1
LogInit:  - built for x86_64-pc-win32
LogInit:  - supports SSL with OpenSSL/1.0.2g
LogInit:  - supports HTTP deflate (compression) using libz 1.2.8
LogInit:  - other features:
LogInit:      CURL_VERSION_SSL
LogInit:      CURL_VERSION_LIBZ
LogInit:      CURL_VERSION_IPV6
LogInit:      CURL_VERSION_ASYNCHDNS
LogInit:      CURL_VERSION_LARGEFILE
LogInit:      CURL_VERSION_IDN
LogInit:  CurlRequestOptions (configurable via config and command line):
LogInit:  - bVerifyPeer = false  - Libcurl will NOT verify peer certificate
LogInit:  - bUseHttpProxy = false  - Libcurl will NOT use HTTP proxy
LogInit:  - bDontReuseConnections = false  - Libcurl will reuse connections
LogInit:  - CertBundlePath = nullptr  - Libcurl will use whatever was configured at build time.
LogInit: Build: ++UE4+Release-4.18-CL-3832480
LogInit: Engine Version: 4.18.3-3832480+++UE4+Release-4.18
LogInit: Compatible Engine Version: 4.18.0-3709383+++UE4+Release-4.18
LogInit: Net CL: 3709383
LogDevObjectVersion: Number of dev versions registered: 16
LogDevObjectVersion:   Dev-Blueprints (B0D832E4-1F89-4F0D-ACCF-7EB736FD4AA2): 10
LogDevObjectVersion:   Dev-Build (E1C64328-A22C-4D53-A36C-8E866417BD8C): 0
LogDevObjectVersion:   Dev-Core (375EC13C-06E4-48FB-B500-84F0262A717E): 2
LogDevObjectVersion:   Dev-Editor (E4B068ED-F494-42E9-A231-DA0B2E46BB41): 20
LogDevObjectVersion:   Dev-Framework (CFFC743F-43B0-4480-9391-14DF171D2073): 30
LogDevObjectVersion:   Dev-Mobile (B02B49B5-BB20-44E9-A304-32B752E40360): 0
LogDevObjectVersion:   Dev-Networking (A4E4105C-59A1-49B5-A7C5-40C4547EDFEE): 0
LogDevObjectVersion:   Dev-Online (39C831C9-5AE6-47DC-9A44-9C173E1C8E7C): 0
LogDevObjectVersion:   Dev-Physics (78F01B33-EBEA-4F98-B9B4-84EACCB95AA2): 0
LogDevObjectVersion:   Dev-Platform (6631380F-2D4D-43E0-8009-CF276956A95A): 0
LogDevObjectVersion:   Dev-Rendering (12F88B9F-8875-4AFC-A67C-D90C383ABD29): 20
LogDevObjectVersion:   Dev-Sequencer (7B5AE74C-D270-4C10-A958-57980B212A5A): 4
LogDevObjectVersion:   Dev-VR (D7296918-1DD6-4BDD-9DE2-64A83CC13884): 0
LogDevObjectVersion:   Dev-LoadTimes (C2A15278-BFE7-4AFE-6C17-90FF531DF755): 1
LogDevObjectVersion:   Private-Geometry (6EACA3D4-40EC-4CC1-B786-8BED09428FC5): 1
LogDevObjectVersion:   Dev-AnimPhys (29E575DD-E0A3-4627-9D10-D276232CDCEA): 12
LogInit: Compiled (64-bit): Jan 12 2018 02:04:55
LogInit: Compiled with Visual C++: 19.00.24215.01
LogInit: Build Configuration: Development
LogInit: Branch Name: ++UE4+Release-4.18
LogInit: Command line:  
LogInit: Base directory: C:/Program Files/Epic Games/UE_4.18/Engine/Binaries/Win64/
LogInit: Installed Engine Build: 1
LogInit: Presizing for max 8388607 objects, including 0 objects not considered by GC, pre-allocating 0 bytes for permanent pool.
LogInit: Object subsystem initialized
[2018.02.06-12.06.18:017][  0]LogInit: Selected Device Profile: [Windows]
[2018.02.06-12.06.18:017][  0]LogInit: Applying CVar settings loaded from the selected device profile: [Windows]
[2018.02.06-12.06.18:030][  0]LogInit: Computer: MININT-BGCOGT6
[2018.02.06-12.06.18:030][  0]LogInit: User: Administrator
[2018.02.06-12.06.18:030][  0]LogInit: CPU Page size=4096, Cores=4
[2018.02.06-12.06.18:030][  0]LogInit: High frequency timer resolution =2.533202 MHz
[2018.02.06-12.06.18:030][  0]LogMemory: Memory total: Physical=16.0GB (16GB approx)
[2018.02.06-12.06.18:030][  0]LogMemory: Platform Memory Stats for Windows
[2018.02.06-12.06.18:030][  0]LogMemory: Process Physical Memory: 273.41 MB used, 273.41 MB peak
[2018.02.06-12.06.18:030][  0]LogMemory: Process Virtual Memory: 272.06 MB used, 272.06 MB peak
[2018.02.06-12.06.18:030][  0]LogMemory: Physical Memory: 6913.11 MB used,  9419.99 MB free, 16333.10 MB total
[2018.02.06-12.06.18:031][  0]LogMemory: Virtual Memory: 680.28 MB used,  9419.99 MB free, 134217728.00 MB total
[2018.02.06-12.06.18:295][  0]LogInit: Using OS detected language (en-US).
[2018.02.06-12.06.18:295][  0]LogInit: Using OS detected locale (en-US).
[2018.02.06-12.06.18:300][  0]LogTextLocalizationManager: No specific localization for 'en-US' exists, so the 'en' localization will be used.
[2018.02.06-12.06.18:873][  0]LogInit: Setting process to per monitor DPI aware
[2018.02.06-12.06.19:274][  0]LogD3D11RHI: D3D11 adapters:
[2018.02.06-12.06.19:337][  0]LogD3D11RHI:    0. 'NVIDIA GeForce GTX 980M' (Feature Level 11_0)
[2018.02.06-12.06.19:337][  0]LogD3D11RHI:       4061/0/8166 MB DedicatedVideo/DedicatedSystem/SharedSystem, Outputs:1, VendorId:0x10de
[2018.02.06-12.06.19:340][  0]LogD3D11RHI:    1. 'Microsoft Basic Render Driver' (Feature Level 11_0)
[2018.02.06-12.06.19:340][  0]LogD3D11RHI:       0/0/8166 MB DedicatedVideo/DedicatedSystem/SharedSystem, Outputs:0, VendorId:0x1414
[2018.02.06-12.06.19:340][  0]LogD3D11RHI: Chosen D3D11 Adapter: 0
[2018.02.06-12.06.19:353][  0]LogD3D11RHI: Creating new Direct3DDevice
[2018.02.06-12.06.19:353][  0]LogD3D11RHI:     GPU DeviceId: 0x13d7 (for the marketing name, search the web for "GPU Device Id")
[2018.02.06-12.06.19:353][  0]LogWindows: EnumDisplayDevices:
[2018.02.06-12.06.19:353][  0]LogWindows:    0. 'NVIDIA GeForce GTX 980M' (P:1 D:1)
[2018.02.06-12.06.19:353][  0]LogWindows:    1. 'NVIDIA GeForce GTX 980M' (P:0 D:0)
[2018.02.06-12.06.19:354][  0]LogWindows:    2. 'NVIDIA GeForce GTX 980M' (P:0 D:0)
[2018.02.06-12.06.19:354][  0]LogWindows:    3. 'NVIDIA GeForce GTX 980M' (P:0 D:0)
[2018.02.06-12.06.19:354][  0]LogWindows: DebugString: GetVideoDriverDetailsInvalid PrimaryIsNotTheChoosenAdapter GetVideoDriverDetailsInvalid PrimaryIsNotTheChoosenAdapter GetVideoDriverDetailsInvalid PrimaryIsNotTheChoosenAdapter GetVideoDriverDetailsInvalid PrimaryIsNotTheChoosenAdapter FoundDriverCount:0 
[2018.02.06-12.06.19:354][  0]LogD3D11RHI:     Adapter Name: NVIDIA GeForce GTX 980M
[2018.02.06-12.06.19:354][  0]LogD3D11RHI:   Driver Version: Unknown (internal:Unknown, unified:Unknown)
[2018.02.06-12.06.19:354][  0]LogD3D11RHI:      Driver Date: Unknown
[2018.02.06-12.06.19:354][  0]LogRHI: Texture pool is 2843 MB (70% of 4061 MB)
[2018.02.06-12.06.19:392][  0]LogD3D11RHI: Async texture creation enabled
[2018.02.06-12.06.19:407][  0]LogD3D11RHI: GPU Timing Frequency: 1000.000000 (Debug: 2 1)
[2018.02.06-12.06.19:449][  0]LogShaderCompilers: Guid format shader working directory is 33 characters bigger than the processId version (D:/UNREAL/UIAnimation/Intermediate/Shaders/WorkingDirectory/9524/).
[2018.02.06-12.06.19:450][  0]LogShaderCompilers: Cleaned the shader compiler working directory 'C:/Users/Administrator/AppData/Local/Temp/UnrealShaderWorkingDir/33C3AF01412C9EF3FDA19BB4293B4176/'.
[2018.02.06-12.06.19:450][  0]LogShaderCompilers: Display: Using Local Shader Compiler.
[2018.02.06-12.06.20:981][  0]LogTemp: Display: Loaded TP AllDesktopTargetPlatform
[2018.02.06-12.06.21:075][  0]LogTemp: Display: Loaded TP MacClientTargetPlatform
[2018.02.06-12.06.21:159][  0]LogTemp: Display: Loaded TP MacNoEditorTargetPlatform
[2018.02.06-12.06.21:249][  0]LogTemp: Display: Loaded TP MacServerTargetPlatform
[2018.02.06-12.06.21:341][  0]LogTemp: Display: Loaded TP MacTargetPlatform
[2018.02.06-12.06.21:428][  0]LogTemp: Display: Loaded TP WindowsClientTargetPlatform
[2018.02.06-12.06.21:521][  0]LogTemp: Display: Loaded TP WindowsNoEditorTargetPlatform
[2018.02.06-12.06.21:613][  0]LogTemp: Display: Loaded TP WindowsServerTargetPlatform
[2018.02.06-12.06.21:686][  0]LogTemp: Display: Loaded TP WindowsTargetPlatform
[2018.02.06-12.06.21:774][  0]LogTemp: Display: Loaded TP Android_ASTCTargetPlatform
[2018.02.06-12.06.21:845][  0]LogTemp: Display: Loaded TP Android_ATCTargetPlatform
[2018.02.06-12.06.21:920][  0]LogTemp: Display: Loaded TP Android_DXTTargetPlatform
[2018.02.06-12.06.22:014][  0]LogTemp: Display: Loaded TP Android_ETC1TargetPlatform
[2018.02.06-12.06.22:115][  0]LogTemp: Display: Loaded TP Android_ETC2TargetPlatform
[2018.02.06-12.06.22:287][  0]LogTemp: Display: Loaded TP Android_MultiTargetPlatform
[2018.02.06-12.06.22:287][  0]LogTemp: Display: Loaded TP Android_PVRTCTargetPlatform
[2018.02.06-12.06.22:370][  0]LogTemp: Display: Loaded TP AndroidTargetPlatform
[2018.02.06-12.06.22:444][  0]LogTemp: Display: Loaded TP HTML5TargetPlatform
[2018.02.06-12.06.22:589][  0]LogTemp: Display: Loaded TP IOSTargetPlatform
[2018.02.06-12.06.22:635][  0]LogTemp: Display: Loaded TP TVOSTargetPlatform
[2018.02.06-12.06.22:719][  0]LogTemp: Display: Loaded TP LinuxClientTargetPlatform
[2018.02.06-12.06.22:803][  0]LogTemp: Display: Loaded TP LinuxNoEditorTargetPlatform
[2018.02.06-12.06.22:892][  0]LogTemp: Display: Loaded TP LinuxServerTargetPlatform
[2018.02.06-12.06.22:977][  0]LogTemp: Display: Loaded TP LinuxTargetPlatform
[2018.02.06-12.06.22:977][  0]LogTargetPlatformManager: Display: Building Assets For Windows
[2018.02.06-12.06.23:712][  0]LogDerivedDataCache: Display: Max Cache Size: 512 MB
[2018.02.06-12.06.23:811][  0]LogDerivedDataCache: Loaded boot cache 0.10s 78MB C:/Users/Administrator/AppData/Local/UnrealEngine/4.18/DerivedDataCache/Boot.ddc.
[2018.02.06-12.06.23:812][  0]LogDerivedDataCache: Display: Loaded Boot cache: C:/Users/Administrator/AppData/Local/UnrealEngine/4.18/DerivedDataCache/Boot.ddc
[2018.02.06-12.06.23:812][  0]LogDerivedDataCache: FDerivedDataBackendGraph:  Pak pak cache file D:/UNREAL/UIAnimation/DerivedDataCache/DDC.ddp not found, will not use a pak cache.
[2018.02.06-12.06.23:812][  0]LogDerivedDataCache: Unable to find inner node Pak for hierarchical cache Hierarchy.
[2018.02.06-12.06.23:812][  0]LogDerivedDataCache: FDerivedDataBackendGraph:  CompressedPak pak cache file D:/UNREAL/UIAnimation/DerivedDataCache/Compressed.ddp not found, will not use a pak cache.
[2018.02.06-12.06.23:812][  0]LogDerivedDataCache: Unable to find inner node CompressedPak for hierarchical cache Hierarchy.
[2018.02.06-12.06.23:837][  0]LogDerivedDataCache: Display: Pak cache opened for reading ../../../Engine/DerivedDataCache/Compressed.ddp.
[2018.02.06-12.06.23:851][  0]LogDerivedDataCache: Using Local data cache path C:/Users/Administrator/AppData/Local/UnrealEngine/Common/DerivedDataCache: Writable
[2018.02.06-12.06.23:867][  0]LogMaterial: Verifying Global Shaders for PCD3D_SM5
[2018.02.06-12.06.23:868][  0]LogSlate: Using Freetype 2.6.0
[2018.02.06-12.06.23:869][  0]LogSlate: SlateFontCache - WITH_FREETYPE: 1, WITH_HARFBUZZ: 1
[2018.02.06-12.06.23:869][  0]LogSlate: SlateFontCache - WITH_FREETYPE: 1, WITH_HARFBUZZ: 1
[2018.02.06-12.06.24:466][  0]LogInit: Selected Device Profile: [Windows]
[2018.02.06-12.06.24:976][  0]LogSimplygon: Simplygon DLL not present - disabling.
[2018.02.06-12.06.25:049][  0]LogMeshReduction: Using SimplygonSwarm for distributed automatic mesh merging
[2018.02.06-12.06.25:049][  0]LogMeshReduction: Using QuadricMeshReduction for automatic static mesh reduction
[2018.02.06-12.06.25:049][  0]LogMeshReduction: No automatic skeletal mesh reduction module available
[2018.02.06-12.06.25:049][  0]LogMeshReduction: No automatic mesh merging module available
[2018.02.06-12.06.25:049][  0]LogMeshMerging: No automatic mesh merging module available
[2018.02.06-12.06.25:090][  0]LogNetVersion: UIAnimation , NetCL: 3709383, EngineNetVer: 2, GameNetVer: 0 (Checksum: 2970794345)
[2018.02.06-12.06.25:344][  0]LogAssetRegistry: FAssetRegistry took 0.0299 seconds to start up
[2018.02.06-12.06.26:331][  0]LogPackageLocalizationCache: Processed 7 localized package path(s) for 2 prioritized culture(s) in 0.131873 seconds
[2018.02.06-12.06.26:340][  0]LogUObjectArray: 35870 objects as part of root set at end of initial load.
[2018.02.06-12.06.26:340][  0]LogUObjectAllocator: 7363696 out of 0 bytes used by permanent object pool.
[2018.02.06-12.06.26:340][  0]LogUObjectArray: CloseDisregardForGC: 0/0 objects in disregard for GC pool
[2018.02.06-12.06.26:428][  0]LogInit: WinSock: version 1.1 (2.2), MaxSocks=32767, MaxUdp=65467
[2018.02.06-12.06.30:843][  0]LogTcpMessaging: Initializing TcpMessaging bridge
[2018.02.06-12.06.30:908][  0]LogUdpMessaging: Initializing bridge on interface 0.0.0.0:0 to multicast group 230.0.0.1:6666.
[2018.02.06-12.06.32:012][  0]LogMaterial: Uniform references updated for custom material expression Custom.
[2018.02.06-12.06.32:790][  0]SourceControl: Source control is disabled
[2018.02.06-12.06.32:790][  0]SourceControl: Source control is disabled
[2018.02.06-12.06.32:881][  0]SourceControl: Source control is disabled
[2018.02.06-12.06.32:969][  0]SourceControl: Source control is disabled
[2018.02.06-12.06.34:330][  0]LogAndroidPermission: UAndroidPermissionCallbackProxy::GetInstance
[2018.02.06-12.06.34:790][  0]LogOcInput: OculusInput pre-init called
[2018.02.06-12.06.35:304][  0]LogEngine: Initializing Engine...
[2018.02.06-12.06.35:307][  0]LogHMD: Failed to initialize OpenVR with code 110
[2018.02.06-12.06.35:629][  0]LogStats: UGameplayTagsManager::ConstructGameplayTagTree: Construct from data asset -  0.000 s
[2018.02.06-12.06.35:629][  0]LogStats: UGameplayTagsManager::ConstructGameplayTagTree: GameplayTagTreeChangedEvent.Broadcast -  0.000 s
[2018.02.06-12.06.35:805][  0]LogAIModule: Creating AISystem for world Untitled
[2018.02.06-12.06.35:816][  0]LogInit: XAudio2 using 'Speakers (Realtek High Definition Audio)' : 2 channels at 48 kHz using 32 bits per sample (channel mask 0x3)
[2018.02.06-12.06.35:843][  0]LogInit: FAudioDevice initialized.
[2018.02.06-12.06.35:944][  0]LogDerivedDataCache: Saved boot cache 0.10s 78MB C:/Users/Administrator/AppData/Local/UnrealEngine/4.18/DerivedDataCache/Boot.ddc.
[2018.02.06-12.06.35:966][  0]LogInit: Texture streaming: Enabled
[2018.02.06-12.06.36:138][  0]LogEngineSessionManager: EngineSessionManager initialized
[2018.02.06-12.06.36:366][  0]LogInit: Transaction tracking system initialized
[2018.02.06-12.06.36:926][  0]BlueprintLog: New page: Editor Load
[2018.02.06-12.06.38:446][  0]LocalizationService: Localization service is disabled
[2018.02.06-12.06.39:701][  0]LogConsoleResponse: Display: 
[2018.02.06-12.06.40:051][  0]LogCook: Display: Max memory allowance for cook 16384mb min free memory 0mb
[2018.02.06-12.06.40:051][  0]LogCook: Display: Mobile HDR setting 1
[2018.02.06-12.06.40:051][  0]LogGameplayTags: Display: UGameplayTagsManager::DoneAddingNativeTags. DelegateIsBound: 0
[2018.02.06-12.06.40:829][  0]LogFileCache: Scanning file cache for directory 'D:/UNREAL/UIAnimation/Content/' took 0.01s
[2018.02.06-12.06.42:072][  0]SourceControl: Source control is disabled
[2018.02.06-12.06.42:072][  0]Cmd: MAP LOAD FILE="D:/UNREAL/UIAnimation/Content/ThirdPersonBP/Maps/ThirdPersonExampleMap.umap" TEMPLATE=0 SHOWPROGRESS=1 FEATURELEVEL=3
[2018.02.06-12.06.42:073][  0]LightingResults: New page: Lighting Build
[2018.02.06-12.06.42:145][  0]MapCheck: New page: Map Check
[2018.02.06-12.06.42:145][  0]LightingResults: New page: Lighting Build
[2018.02.06-12.06.42:872][  0]LogAIModule: Creating AISystem for world ThirdPersonExampleMap
[2018.02.06-12.06.42:891][  0]LogEditorServer: Finished looking for orphan Actors (0.000 secs)
[2018.02.06-12.06.42:910][  0]Cmd: MAP CHECKDEP NOCLEARLOG
[2018.02.06-12.06.42:996][  0]MapCheck: Map check complete: 0 Error(s), 0 Warning(s), took 85.598ms to complete.
[2018.02.06-12.06.42:996][  0]LogFileHelpers: Loading map 'ThirdPersonExampleMap' took 0.924
[2018.02.06-12.06.43:061][  0]LogWindowsTextInputMethodSystem: Display: IME system now deactivated.
[2018.02.06-12.06.43:188][  0]LogCollectionManager: Loaded 0 collections in 0.002769 seconds
[2018.02.06-12.06.43:299][  0]LogFileCache: Scanning file cache for directory 'D:/UNREAL/UIAnimation/Saved/Collections/' took 0.01s
[2018.02.06-12.06.43:299][  0]LogFileCache: Scanning file cache for directory 'D:/UNREAL/UIAnimation/Content/Developers/Administrator/Collections/' took 0.01s
[2018.02.06-12.06.43:299][  0]LogFileCache: Scanning file cache for directory 'D:/UNREAL/UIAnimation/Content/Collections/' took 0.01s
[2018.02.06-12.06.43:299][  0]LogCollectionManager: Rebuilt the GUID cache for 0 collections in 0.000000 seconds
[2018.02.06-12.06.43:313][  0]LogContentBrowser: Native class hierarchy populated in 0.0137 seconds. Added 2363 classes and 519 folders.
[2018.02.06-12.06.43:429][  0]LogContentBrowser: Native class hierarchy updated for 'WidgetCarousel' in 0.0002 seconds. Added 0 classes and 0 folders.
[2018.02.06-12.06.43:475][  0]LogContentBrowser: Native class hierarchy updated for 'AddContentDialog' in 0.0003 seconds. Added 0 classes and 0 folders.
[2018.02.06-12.06.43:546][  0]LogContentBrowser: Native class hierarchy updated for 'SceneOutliner' in 0.0004 seconds. Added 1 classes and 2 folders.
[2018.02.06-12.06.43:659][  0]LogSlate: Took 0.000441 seconds to synchronously load lazily loaded font '../../../Engine/Content/Slate/Fonts/Roboto-Regular.ttf' (155K)
[2018.02.06-12.06.43:662][  0]LogSlate: Took 0.000433 seconds to synchronously load lazily loaded font '../../../Engine/Content/Slate/Fonts/Roboto-Bold.ttf' (160K)
[2018.02.06-12.06.43:671][  0]LogSlate: Took 0.000484 seconds to synchronously load lazily loaded font '../../../Engine/Content/Editor/Slate/Fonts/FontAwesome.ttf' (139K)
[2018.02.06-12.06.43:832][  0]LogRenderer: Reallocating scene render targets to support 748x380 Format 10 NumSamples 1 (Frame:1).
[2018.02.06-12.06.44:055][  0]LogContentBrowser: Native class hierarchy updated for 'HierarchicalLODOutliner' in 0.0004 seconds. Added 1 classes and 2 folders.
[2018.02.06-12.06.44:055][  0]LogLoad: (Engine Initialization) Total time: 29.49 seconds
[2018.02.06-12.06.44:055][  0]LogLoad: (Engine Initialization) Total Blueprint compile time: 0.00 seconds
[2018.02.06-12.06.44:055][  0]LogExternalProfiler: No external profilers were discovered.  External profiling features will not be available.
[2018.02.06-12.06.44:092][  0]LogContentStreaming: Texture pool size now 1000 MB
[2018.02.06-12.06.44:121][  0]LogSlate: Took 0.000391 seconds to synchronously load lazily loaded font '../../../Engine/Content/Slate/Fonts/Roboto-Light.ttf' (159K)
[2018.02.06-12.06.44:156][  1]LogAssetRegistry: Asset discovery search completed in 18.8345 seconds
[2018.02.06-12.06.44:159][  1]LogCollectionManager: Rebuilt the object cache for 0 collections in 0.000001 seconds (found 0 objects)
[2018.02.06-12.06.44:159][  1]LogCollectionManager: Fixed up redirectors for 0 collections in 0.000113 seconds (updated 0 objects)
[2018.02.06-12.07.42:319][337]LogSlate: Took 0.000293 seconds to synchronously load lazily loaded font '../../../Engine/Content/Slate/Fonts/Roboto-Light.ttf' (159K)
[2018.02.06-12.07.42:847][337]LogContentBrowser: Native class hierarchy updated for 'BlueprintGraph' in 0.0011 seconds. Added 116 classes and 0 folders.
[2018.02.06-12.07.43:894][337]LogSlate: Took 0.000358 seconds to synchronously load lazily loaded font '../../../Engine/Content/Slate/Fonts/Roboto-Light.ttf' (159K)
[2018.02.06-12.07.43:895][337]LogSlate: Took 0.000395 seconds to synchronously load lazily loaded font '../../../Engine/Content/Editor/Slate/Fonts/Roboto-BoldCondensed.ttf' (158K)
[2018.02.06-12.07.47:010][491]LogSlate: Took 0.000342 seconds to synchronously load lazily loaded font '../../../Engine/Content/Editor/Slate/Fonts/Roboto-Italic.ttf' (157K)
[2018.02.06-12.07.53:700][878]LogTemp: Repeating last play command: Selected Viewport
[2018.02.06-12.07.53:740][878]LogBlueprintUserMessages: Early PlayInEditor Detection: Level '/Game/ThirdPersonBP/Maps/ThirdPersonExampleMap.ThirdPersonExampleMap:PersistentLevel' has LevelScriptBlueprint '/Game/ThirdPersonBP/Maps/ThirdPersonExampleMap.ThirdPersonExampleMap:PersistentLevel.ThirdPersonExampleMap' with GeneratedClass '/Game/ThirdPersonBP/Maps/ThirdPersonExampleMap.ThirdPersonExampleMap_C' with ClassGeneratedBy '/Game/ThirdPersonBP/Maps/ThirdPersonExampleMap.ThirdPersonExampleMap:PersistentLevel.ThirdPersonExampleMap'
[2018.02.06-12.07.53:740][878]LogPlayLevel: PlayLevel: No blueprints needed recompiling
[2018.02.06-12.07.53:741][878]PIE: New page: PIE session: ThirdPersonExampleMap (Feb 6, 2018, 2:07:53 PM)
[2018.02.06-12.07.53:741][878]LogPlayLevel: Creating play world package: /Game/ThirdPersonBP/Maps/UEDPIE_0_ThirdPersonExampleMap
[2018.02.06-12.07.53:772][878]LogPlayLevel: PIE: StaticDuplicateObject took: (0.030557s)
[2018.02.06-12.07.53:773][878]LogAIModule: Creating AISystem for world ThirdPersonExampleMap
[2018.02.06-12.07.53:773][878]LogPlayLevel: PIE: World Init took: (0.001212s)
[2018.02.06-12.07.53:773][878]LogPlayLevel: PIE: Created PIE world by copying editor world from /Game/ThirdPersonBP/Maps/ThirdPersonExampleMap.ThirdPersonExampleMap to /Game/ThirdPersonBP/Maps/UEDPIE_0_ThirdPersonExampleMap.ThirdPersonExampleMap (0.032163s)
[2018.02.06-12.07.53:807][878]LogInit: XAudio2 using 'Speakers (Realtek High Definition Audio)' : 2 channels at 48 kHz using 32 bits per sample (channel mask 0x3)
[2018.02.06-12.07.53:821][878]LogInit: FAudioDevice initialized.
[2018.02.06-12.07.53:868][878]LogLoad: Game class is 'ThirdPersonGameMode_C'
[2018.02.06-12.07.53:871][878]LogWorld: Bringing World /Game/ThirdPersonBP/Maps/UEDPIE_0_ThirdPersonExampleMap.ThirdPersonExampleMap up for play (max tick rate 60) at 2018.02.06-13.07.53
[2018.02.06-12.07.53:871][878]LogWorld: Bringing up level for play took: 0.003019
[2018.02.06-12.07.53:947][878]LogContentBrowser: Native class hierarchy updated for 'MovieSceneCapture' in 0.0005 seconds. Added 11 classes and 0 folders.
[2018.02.06-12.07.53:949][878]PIE: Play in editor start time for /Game/ThirdPersonBP/Maps/UEDPIE_0_ThirdPersonExampleMap 0.034
[2018.02.06-12.07.53:949][878]LogBlueprintUserMessages: Late PlayInEditor Detection: Level '/Game/ThirdPersonBP/Maps/ThirdPersonExampleMap.ThirdPersonExampleMap:PersistentLevel' has LevelScriptBlueprint '/Game/ThirdPersonBP/Maps/ThirdPersonExampleMap.ThirdPersonExampleMap:PersistentLevel.ThirdPersonExampleMap' with GeneratedClass '/Game/ThirdPersonBP/Maps/ThirdPersonExampleMap.ThirdPersonExampleMap_C' with ClassGeneratedBy '/Game/ThirdPersonBP/Maps/ThirdPersonExampleMap.ThirdPersonExampleMap:PersistentLevel.ThirdPersonExampleMap'
[2018.02.06-12.08.22:738][501]LogBlueprintUserMessages: Early EndPlayMap Detection: Level '/Game/ThirdPersonBP/Maps/ThirdPersonExampleMap.ThirdPersonExampleMap:PersistentLevel' has LevelScriptBlueprint '/Game/ThirdPersonBP/Maps/ThirdPersonExampleMap.ThirdPersonExampleMap:PersistentLevel.ThirdPersonExampleMap' with GeneratedClass '/Game/ThirdPersonBP/Maps/ThirdPersonExampleMap.ThirdPersonExampleMap_C' with ClassGeneratedBy '/Game/ThirdPersonBP/Maps/ThirdPersonExampleMap.ThirdPersonExampleMap:PersistentLevel.ThirdPersonExampleMap'
[2018.02.06-12.08.22:777][501]LogBlueprintUserMessages: Late EndPlayMap Detection: Level '/Game/ThirdPersonBP/Maps/ThirdPersonExampleMap.ThirdPersonExampleMap:PersistentLevel' has LevelScriptBlueprint '/Game/ThirdPersonBP/Maps/ThirdPersonExampleMap.ThirdPersonExampleMap:PersistentLevel.ThirdPersonExampleMap' with GeneratedClass '/Game/ThirdPersonBP/Maps/ThirdPersonExampleMap.ThirdPersonExampleMap_C' with ClassGeneratedBy '/Game/ThirdPersonBP/Maps/ThirdPersonExampleMap.ThirdPersonExampleMap:PersistentLevel.ThirdPersonExampleMap'
[2018.02.06-12.08.36:138][250]LogTemp: Repeating last play command: Selected Viewport
[2018.02.06-12.08.36:152][250]LogBlueprintUserMessages: Early PlayInEditor Detection: Level '/Game/ThirdPersonBP/Maps/ThirdPersonExampleMap.ThirdPersonExampleMap:PersistentLevel' has LevelScriptBlueprint '/Game/ThirdPersonBP/Maps/ThirdPersonExampleMap.ThirdPersonExampleMap:PersistentLevel.ThirdPersonExampleMap' with GeneratedClass '/Game/ThirdPersonBP/Maps/ThirdPersonExampleMap.ThirdPersonExampleMap_C' with ClassGeneratedBy '/Game/ThirdPersonBP/Maps/ThirdPersonExampleMap.ThirdPersonExampleMap:PersistentLevel.ThirdPersonExampleMap'
[2018.02.06-12.08.36:152][250]LogPlayLevel: PlayLevel: No blueprints needed recompiling
[2018.02.06-12.08.36:153][250]PIE: New page: PIE session: ThirdPersonExampleMap (Feb 6, 2018, 2:08:36 PM)
[2018.02.06-12.08.36:153][250]LogPlayLevel: Creating play world package: /Game/ThirdPersonBP/Maps/UEDPIE_0_ThirdPersonExampleMap
[2018.02.06-12.08.36:174][250]LogPlayLevel: PIE: StaticDuplicateObject took: (0.021200s)
[2018.02.06-12.08.36:175][250]LogAIModule: Creating AISystem for world ThirdPersonExampleMap
[2018.02.06-12.08.36:175][250]LogPlayLevel: PIE: World Init took: (0.001233s)
[2018.02.06-12.08.36:175][250]LogPlayLevel: PIE: Created PIE world by copying editor world from /Game/ThirdPersonBP/Maps/ThirdPersonExampleMap.ThirdPersonExampleMap to /Game/ThirdPersonBP/Maps/UEDPIE_0_ThirdPersonExampleMap.ThirdPersonExampleMap (0.022859s)
[2018.02.06-12.08.36:206][250]LogInit: XAudio2 using 'Speakers (Realtek High Definition Audio)' : 2 channels at 48 kHz using 32 bits per sample (channel mask 0x3)
[2018.02.06-12.08.36:226][250]LogInit: FAudioDevice initialized.
[2018.02.06-12.08.36:262][250]LogLoad: Game class is 'ThirdPersonGameMode_C'
[2018.02.06-12.08.36:265][250]LogWorld: Bringing World /Game/ThirdPersonBP/Maps/UEDPIE_0_ThirdPersonExampleMap.ThirdPersonExampleMap up for play (max tick rate 60) at 2018.02.06-13.08.36
[2018.02.06-12.08.36:266][250]LogWorld: Bringing up level for play took: 0.002936
[2018.02.06-12.08.36:269][250]PIE: Play in editor start time for /Game/ThirdPersonBP/Maps/UEDPIE_0_ThirdPersonExampleMap 0.354
[2018.02.06-12.08.36:269][250]LogBlueprintUserMessages: Late PlayInEditor Detection: Level '/Game/ThirdPersonBP/Maps/ThirdPersonExampleMap.ThirdPersonExampleMap:PersistentLevel' has LevelScriptBlueprint '/Game/ThirdPersonBP/Maps/ThirdPersonExampleMap.ThirdPersonExampleMap:PersistentLevel.ThirdPersonExampleMap' with GeneratedClass '/Game/ThirdPersonBP/Maps/ThirdPersonExampleMap.ThirdPersonExampleMap_C' with ClassGeneratedBy '/Game/ThirdPersonBP/Maps/ThirdPersonExampleMap.ThirdPersonExampleMap:PersistentLevel.ThirdPersonExampleMap'
[2018.02.06-12.08.42:334][601]LogBlueprintUserMessages: Early EndPlayMap Detection: Level '/Game/ThirdPersonBP/Maps/ThirdPersonExampleMap.ThirdPersonExampleMap:PersistentLevel' has LevelScriptBlueprint '/Game/ThirdPersonBP/Maps/ThirdPersonExampleMap.ThirdPersonExampleMap:PersistentLevel.ThirdPersonExampleMap' with GeneratedClass '/Game/ThirdPersonBP/Maps/ThirdPersonExampleMap.ThirdPersonExampleMap_C' with ClassGeneratedBy '/Game/ThirdPersonBP/Maps/ThirdPersonExampleMap.ThirdPersonExampleMap:PersistentLevel.ThirdPersonExampleMap'
[2018.02.06-12.08.42:372][601]LogBlueprintUserMessages: Late EndPlayMap Detection: Level '/Game/ThirdPersonBP/Maps/ThirdPersonExampleMap.ThirdPersonExampleMap:PersistentLevel' has LevelScriptBlueprint '/Game/ThirdPersonBP/Maps/ThirdPersonExampleMap.ThirdPersonExampleMap:PersistentLevel.ThirdPersonExampleMap' with GeneratedClass '/Game/ThirdPersonBP/Maps/ThirdPersonExampleMap.ThirdPersonExampleMap_C' with ClassGeneratedBy '/Game/ThirdPersonBP/Maps/ThirdPersonExampleMap.ThirdPersonExampleMap:PersistentLevel.ThirdPersonExampleMap'
[2018.02.06-12.09.18:781][275]Cmd: OBJ SAVEPACKAGE PACKAGE="/Game/ThirdPersonBP/Blueprints/TestWidget" FILE="D:/UNREAL/UIAnimation/Content/ThirdPersonBP/Blueprints/TestWidget.uasset" SILENT=true
[2018.02.06-12.09.18:835][275]LogSavePackage: Save=50.25ms
[2018.02.06-12.09.18:835][275]LogSavePackage: Moving 'D:/UNREAL/UIAnimation/Saved/TestWidgetAA680ADE46E617BBF84C878F33561F4C.tmp' to 'D:/UNREAL/UIAnimation/Content/ThirdPersonBP/Blueprints/TestWidget.uasset'
[2018.02.06-12.09.18:837][275]LogSavePackage: Display: Finished SavePackage D:/UNREAL/UIAnimation/Content/ThirdPersonBP/Blueprints/TestWidget.uasset
[2018.02.06-12.09.19:278][293]BlueprintLog: New page: Compile TestWidget
[2018.02.06-12.09.23:547][498]LogTemp: Repeating last play command: Selected Viewport
[2018.02.06-12.09.23:566][498]LogBlueprintUserMessages: Early PlayInEditor Detection: Level '/Game/ThirdPersonBP/Maps/ThirdPersonExampleMap.ThirdPersonExampleMap:PersistentLevel' has LevelScriptBlueprint '/Game/ThirdPersonBP/Maps/ThirdPersonExampleMap.ThirdPersonExampleMap:PersistentLevel.ThirdPersonExampleMap' with GeneratedClass '/Game/ThirdPersonBP/Maps/ThirdPersonExampleMap.ThirdPersonExampleMap_C' with ClassGeneratedBy '/Game/ThirdPersonBP/Maps/ThirdPersonExampleMap.ThirdPersonExampleMap:PersistentLevel.ThirdPersonExampleMap'
[2018.02.06-12.09.23:566][498]LogPlayLevel: PlayLevel: No blueprints needed recompiling
[2018.02.06-12.09.23:567][498]PIE: New page: PIE session: ThirdPersonExampleMap (Feb 6, 2018, 2:09:23 PM)
[2018.02.06-12.09.23:567][498]LogPlayLevel: Creating play world package: /Game/ThirdPersonBP/Maps/UEDPIE_0_ThirdPersonExampleMap
[2018.02.06-12.09.23:586][498]LogPlayLevel: PIE: StaticDuplicateObject took: (0.019642s)
[2018.02.06-12.09.23:587][498]LogAIModule: Creating AISystem for world ThirdPersonExampleMap
[2018.02.06-12.09.23:587][498]LogPlayLevel: PIE: World Init took: (0.000984s)
[2018.02.06-12.09.23:588][498]LogPlayLevel: PIE: Created PIE world by copying editor world from /Game/ThirdPersonBP/Maps/ThirdPersonExampleMap.ThirdPersonExampleMap to /Game/ThirdPersonBP/Maps/UEDPIE_0_ThirdPersonExampleMap.ThirdPersonExampleMap (0.021002s)
[2018.02.06-12.09.23:618][498]LogInit: XAudio2 using 'Speakers (Realtek High Definition Audio)' : 2 channels at 48 kHz using 32 bits per sample (channel mask 0x3)
[2018.02.06-12.09.23:646][498]LogInit: FAudioDevice initialized.
[2018.02.06-12.09.23:686][498]LogLoad: Game class is 'ThirdPersonGameMode_C'
[2018.02.06-12.09.23:689][498]LogWorld: Bringing World /Game/ThirdPersonBP/Maps/UEDPIE_0_ThirdPersonExampleMap.ThirdPersonExampleMap up for play (max tick rate 60) at 2018.02.06-13.09.23
[2018.02.06-12.09.23:690][498]LogWorld: Bringing up level for play took: 0.003244
[2018.02.06-12.09.23:692][498]PIE: Play in editor start time for /Game/ThirdPersonBP/Maps/UEDPIE_0_ThirdPersonExampleMap -0.223
[2018.02.06-12.09.23:693][498]LogBlueprintUserMessages: Late PlayInEditor Detection: Level '/Game/ThirdPersonBP/Maps/ThirdPersonExampleMap.ThirdPersonExampleMap:PersistentLevel' has LevelScriptBlueprint '/Game/ThirdPersonBP/Maps/ThirdPersonExampleMap.ThirdPersonExampleMap:PersistentLevel.ThirdPersonExampleMap' with GeneratedClass '/Game/ThirdPersonBP/Maps/ThirdPersonExampleMap.ThirdPersonExampleMap_C' with ClassGeneratedBy '/Game/ThirdPersonBP/Maps/ThirdPersonExampleMap.ThirdPersonExampleMap:PersistentLevel.ThirdPersonExampleMap'
[2018.02.06-12.09.37:277][268]LogBlueprintUserMessages: Early EndPlayMap Detection: Level '/Game/ThirdPersonBP/Maps/ThirdPersonExampleMap.ThirdPersonExampleMap:PersistentLevel' has LevelScriptBlueprint '/Game/ThirdPersonBP/Maps/ThirdPersonExampleMap.ThirdPersonExampleMap:PersistentLevel.ThirdPersonExampleMap' with GeneratedClass '/Game/ThirdPersonBP/Maps/ThirdPersonExampleMap.ThirdPersonExampleMap_C' with ClassGeneratedBy '/Game/ThirdPersonBP/Maps/ThirdPersonExampleMap.ThirdPersonExampleMap:PersistentLevel.ThirdPersonExampleMap'
[2018.02.06-12.09.37:312][268]LogBlueprintUserMessages: Late EndPlayMap Detection: Level '/Game/ThirdPersonBP/Maps/ThirdPersonExampleMap.ThirdPersonExampleMap:PersistentLevel' has LevelScriptBlueprint '/Game/ThirdPersonBP/Maps/ThirdPersonExampleMap.ThirdPersonExampleMap:PersistentLevel.ThirdPersonExampleMap' with GeneratedClass '/Game/ThirdPersonBP/Maps/ThirdPersonExampleMap.ThirdPersonExampleMap_C' with ClassGeneratedBy '/Game/ThirdPersonBP/Maps/ThirdPersonExampleMap.ThirdPersonExampleMap:PersistentLevel.ThirdPersonExampleMap'
[2018.02.06-12.11.38:287][925]Cmd: OBJ SAVEPACKAGE PACKAGE="/Game/ThirdPersonBP/Blueprints/TestWidget" FILE="D:/UNREAL/UIAnimation/Content/ThirdPersonBP/Blueprints/TestWidget.uasset" SILENT=true
[2018.02.06-12.11.38:336][925]LogSavePackage: Save=44.99ms
[2018.02.06-12.11.38:336][925]LogSavePackage: Moving 'D:/UNREAL/UIAnimation/Saved/TestWidget359EE2D541801A6233EE85B1EB9882E3.tmp' to 'D:/UNREAL/UIAnimation/Content/ThirdPersonBP/Blueprints/TestWidget.uasset'
[2018.02.06-12.11.38:337][925]LogSavePackage: Display: Finished SavePackage D:/UNREAL/UIAnimation/Content/ThirdPersonBP/Blueprints/TestWidget.uasset
[2018.02.06-12.11.39:442][989]BlueprintLog: New page: Compile TestWidget
[2018.02.06-12.11.47:055][310]LogSavePackage: Save=257.80ms
[2018.02.06-12.11.47:055][310]LogSavePackage: Moving 'D:/UNREAL/UIAnimation/Saved/ThirdPersonExampleMap0D186A8E4584410C8D783B8250C9718A.tmp' to 'D:/UNREAL/UIAnimation/Content/ThirdPersonBP/Maps/ThirdPersonExampleMap.umap'
[2018.02.06-12.11.47:058][310]LogSavePackage: Display: Finished SavePackage D:/UNREAL/UIAnimation/Content/ThirdPersonBP/Maps/ThirdPersonExampleMap.umap
[2018.02.06-12.11.47:080][310]Cmd: OBJ SAVEPACKAGE PACKAGE="/Game/ThirdPersonBP/Maps/ThirdPersonExampleMap_BuiltData" FILE="D:/UNREAL/UIAnimation/Content/ThirdPersonBP/Maps/ThirdPersonExampleMap_BuiltData.uasset" SILENT=true
[2018.02.06-12.11.47:329][310]LogSavePackage: Save=243.75ms
[2018.02.06-12.11.47:329][310]LogSavePackage: Moving 'D:/UNREAL/UIAnimation/Saved/ThirdPersonExampleMap_BuiltData4AC927A54930FF5853474DA45DA8E3FC.tmp' to 'D:/UNREAL/UIAnimation/Content/ThirdPersonBP/Maps/ThirdPersonExampleMap_BuiltData.uasset'
[2018.02.06-12.11.47:331][310]LogSavePackage: Display: Finished SavePackage D:/UNREAL/UIAnimation/Content/ThirdPersonBP/Maps/ThirdPersonExampleMap_BuiltData.uasset
[2018.02.06-12.11.51:236][537]LogTemp: Repeating last play command: Selected Viewport
[2018.02.06-12.11.51:255][537]LogBlueprintUserMessages: Early PlayInEditor Detection: Level '/Game/ThirdPersonBP/Maps/ThirdPersonExampleMap.ThirdPersonExampleMap:PersistentLevel' has LevelScriptBlueprint '/Game/ThirdPersonBP/Maps/ThirdPersonExampleMap.ThirdPersonExampleMap:PersistentLevel.ThirdPersonExampleMap' with GeneratedClass '/Game/ThirdPersonBP/Maps/ThirdPersonExampleMap.ThirdPersonExampleMap_C' with ClassGeneratedBy '/Game/ThirdPersonBP/Maps/ThirdPersonExampleMap.ThirdPersonExampleMap:PersistentLevel.ThirdPersonExampleMap'
[2018.02.06-12.11.51:255][537]LogPlayLevel: PlayLevel: No blueprints needed recompiling
[2018.02.06-12.11.51:256][537]PIE: New page: PIE session: ThirdPersonExampleMap (Feb 6, 2018, 2:11:51 PM)
[2018.02.06-12.11.51:256][537]LogPlayLevel: Creating play world package: /Game/ThirdPersonBP/Maps/UEDPIE_0_ThirdPersonExampleMap
[2018.02.06-12.11.51:275][537]LogPlayLevel: PIE: StaticDuplicateObject took: (0.019501s)
[2018.02.06-12.11.51:276][537]LogAIModule: Creating AISystem for world ThirdPersonExampleMap
[2018.02.06-12.11.51:276][537]LogPlayLevel: PIE: World Init took: (0.000917s)
[2018.02.06-12.11.51:276][537]LogPlayLevel: PIE: Created PIE world by copying editor world from /Game/ThirdPersonBP/Maps/ThirdPersonExampleMap.ThirdPersonExampleMap to /Game/ThirdPersonBP/Maps/UEDPIE_0_ThirdPersonExampleMap.ThirdPersonExampleMap (0.020785s)
[2018.02.06-12.11.51:304][537]LogInit: XAudio2 using 'Speakers (Realtek High Definition Audio)' : 2 channels at 48 kHz using 32 bits per sample (channel mask 0x3)
[2018.02.06-12.11.51:321][537]LogInit: FAudioDevice initialized.
[2018.02.06-12.11.51:355][537]LogLoad: Game class is 'ThirdPersonGameMode_C'
[2018.02.06-12.11.51:358][537]LogWorld: Bringing World /Game/ThirdPersonBP/Maps/UEDPIE_0_ThirdPersonExampleMap.ThirdPersonExampleMap up for play (max tick rate 60) at 2018.02.06-13.11.51
[2018.02.06-12.11.51:359][537]LogWorld: Bringing up level for play took: 0.002886
[2018.02.06-12.11.51:362][537]PIE: Play in editor start time for /Game/ThirdPersonBP/Maps/UEDPIE_0_ThirdPersonExampleMap -0.554
[2018.02.06-12.11.51:362][537]LogBlueprintUserMessages: Late PlayInEditor Detection: Level '/Game/ThirdPersonBP/Maps/ThirdPersonExampleMap.ThirdPersonExampleMap:PersistentLevel' has LevelScriptBlueprint '/Game/ThirdPersonBP/Maps/ThirdPersonExampleMap.ThirdPersonExampleMap:PersistentLevel.ThirdPersonExampleMap' with GeneratedClass '/Game/ThirdPersonBP/Maps/ThirdPersonExampleMap.ThirdPersonExampleMap_C' with ClassGeneratedBy '/Game/ThirdPersonBP/Maps/ThirdPersonExampleMap.ThirdPersonExampleMap:PersistentLevel.ThirdPersonExampleMap'
[2018.02.06-12.12.14:204][852]LogBlueprintUserMessages: Early EndPlayMap Detection: Level '/Game/ThirdPersonBP/Maps/ThirdPersonExampleMap.ThirdPersonExampleMap:PersistentLevel' has LevelScriptBlueprint '/Game/ThirdPersonBP/Maps/ThirdPersonExampleMap.ThirdPersonExampleMap:PersistentLevel.ThirdPersonExampleMap' with GeneratedClass '/Game/ThirdPersonBP/Maps/ThirdPersonExampleMap.ThirdPersonExampleMap_C' with ClassGeneratedBy '/Game/ThirdPersonBP/Maps/ThirdPersonExampleMap.ThirdPersonExampleMap:PersistentLevel.ThirdPersonExampleMap'
[2018.02.06-12.12.14:242][852]LogBlueprintUserMessages: Late EndPlayMap Detection: Level '/Game/ThirdPersonBP/Maps/ThirdPersonExampleMap.ThirdPersonExampleMap:PersistentLevel' has LevelScriptBlueprint '/Game/ThirdPersonBP/Maps/ThirdPersonExampleMap.ThirdPersonExampleMap:PersistentLevel.ThirdPersonExampleMap' with GeneratedClass '/Game/ThirdPersonBP/Maps/ThirdPersonExampleMap.ThirdPersonExampleMap_C' with ClassGeneratedBy '/Game/ThirdPersonBP/Maps/ThirdPersonExampleMap.ThirdPersonExampleMap:PersistentLevel.ThirdPersonExampleMap'
[2018.02.06-12.12.16:592][970]LogSavePackage: Save=252.69ms
[2018.02.06-12.12.16:592][970]LogSavePackage: Moving 'D:/UNREAL/UIAnimation/Saved/ThirdPersonExampleMapAD11BEB44A60A436A0E10595A4AFCD9B.tmp' to 'D:/UNREAL/UIAnimation/Content/ThirdPersonBP/Maps/ThirdPersonExampleMap.umap'
[2018.02.06-12.12.16:595][970]LogSavePackage: Display: Finished SavePackage D:/UNREAL/UIAnimation/Content/ThirdPersonBP/Maps/ThirdPersonExampleMap.umap
[2018.02.06-12.12.16:615][970]Cmd: OBJ SAVEPACKAGE PACKAGE="/Game/ThirdPersonBP/Maps/ThirdPersonExampleMap_BuiltData" FILE="D:/UNREAL/UIAnimation/Content/ThirdPersonBP/Maps/ThirdPersonExampleMap_BuiltData.uasset" SILENT=true
[2018.02.06-12.12.16:781][970]LogSavePackage: Save=163.45ms
[2018.02.06-12.12.16:781][970]LogSavePackage: Moving 'D:/UNREAL/UIAnimation/Saved/ThirdPersonExampleMap_BuiltData0F6CBE92476291A007EB1796B8B174F7.tmp' to 'D:/UNREAL/UIAnimation/Content/ThirdPersonBP/Maps/ThirdPersonExampleMap_BuiltData.uasset'
[2018.02.06-12.12.16:783][970]LogSavePackage: Display: Finished SavePackage D:/UNREAL/UIAnimation/Content/ThirdPersonBP/Maps/ThirdPersonExampleMap_BuiltData.uasset
